[2024-12-25T13:11:04.372+0000] {processor.py:186} INFO - Started process (PID=120) to work on /home/airflow/.local/lib/python3.12/site-packages/airflow/example_dags/example_latest_only.py
[2024-12-25T13:11:04.373+0000] {processor.py:914} INFO - Processing file /home/airflow/.local/lib/python3.12/site-packages/airflow/example_dags/example_latest_only.py for tasks to queue
[2024-12-25T13:11:04.375+0000] {logging_mixin.py:190} INFO - [2024-12-25T13:11:04.374+0000] {dagbag.py:588} INFO - Filling up the DagBag from /home/airflow/.local/lib/python3.12/site-packages/airflow/example_dags/example_latest_only.py
[2024-12-25T13:11:04.380+0000] {processor.py:925} INFO - DAG(s) 'latest_only' retrieved from /home/airflow/.local/lib/python3.12/site-packages/airflow/example_dags/example_latest_only.py
[2024-12-25T13:11:04.468+0000] {logging_mixin.py:190} INFO - [2024-12-25T13:11:04.467+0000] {override.py:1911} INFO - Created Permission View: can edit on DAG:latest_only
[2024-12-25T13:11:04.477+0000] {logging_mixin.py:190} INFO - [2024-12-25T13:11:04.477+0000] {override.py:1911} INFO - Created Permission View: can read on DAG:latest_only
[2024-12-25T13:11:04.483+0000] {logging_mixin.py:190} INFO - [2024-12-25T13:11:04.483+0000] {override.py:1911} INFO - Created Permission View: can delete on DAG:latest_only
[2024-12-25T13:11:04.491+0000] {logging_mixin.py:190} INFO - [2024-12-25T13:11:04.491+0000] {override.py:1911} INFO - Created Permission View: can create on DAG Run:latest_only
[2024-12-25T13:11:04.497+0000] {logging_mixin.py:190} INFO - [2024-12-25T13:11:04.497+0000] {override.py:1911} INFO - Created Permission View: menu access on DAG Run:latest_only
[2024-12-25T13:11:04.503+0000] {logging_mixin.py:190} INFO - [2024-12-25T13:11:04.503+0000] {override.py:1911} INFO - Created Permission View: can read on DAG Run:latest_only
[2024-12-25T13:11:04.509+0000] {logging_mixin.py:190} INFO - [2024-12-25T13:11:04.509+0000] {override.py:1911} INFO - Created Permission View: can delete on DAG Run:latest_only
[2024-12-25T13:11:04.510+0000] {logging_mixin.py:190} INFO - [2024-12-25T13:11:04.509+0000] {dag.py:3239} INFO - Sync 1 DAGs
[2024-12-25T13:11:04.524+0000] {logging_mixin.py:190} INFO - [2024-12-25T13:11:04.523+0000] {dag.py:3262} INFO - Creating ORM DAG for latest_only
[2024-12-25T13:11:04.533+0000] {logging_mixin.py:190} INFO - [2024-12-25T13:11:04.532+0000] {dag.py:4180} INFO - Setting next_dagrun for latest_only to 2024-12-25 08:00:00+00:00, run_after=2024-12-25 12:00:00+00:00
[2024-12-25T13:11:04.549+0000] {processor.py:208} INFO - Processing /home/airflow/.local/lib/python3.12/site-packages/airflow/example_dags/example_latest_only.py took 0.182 seconds
[2024-12-25T13:11:34.613+0000] {processor.py:186} INFO - Started process (PID=184) to work on /home/airflow/.local/lib/python3.12/site-packages/airflow/example_dags/example_latest_only.py
[2024-12-25T13:11:34.614+0000] {processor.py:914} INFO - Processing file /home/airflow/.local/lib/python3.12/site-packages/airflow/example_dags/example_latest_only.py for tasks to queue
[2024-12-25T13:11:34.615+0000] {logging_mixin.py:190} INFO - [2024-12-25T13:11:34.615+0000] {dagbag.py:588} INFO - Filling up the DagBag from /home/airflow/.local/lib/python3.12/site-packages/airflow/example_dags/example_latest_only.py
[2024-12-25T13:11:34.622+0000] {processor.py:925} INFO - DAG(s) 'latest_only' retrieved from /home/airflow/.local/lib/python3.12/site-packages/airflow/example_dags/example_latest_only.py
[2024-12-25T13:11:34.636+0000] {logging_mixin.py:190} INFO - [2024-12-25T13:11:34.636+0000] {dag.py:3239} INFO - Sync 1 DAGs
[2024-12-25T13:11:34.654+0000] {logging_mixin.py:190} INFO - [2024-12-25T13:11:34.654+0000] {dag.py:4180} INFO - Setting next_dagrun for latest_only to 2024-12-25 08:00:00+00:00, run_after=2024-12-25 12:00:00+00:00
[2024-12-25T13:11:34.671+0000] {processor.py:208} INFO - Processing /home/airflow/.local/lib/python3.12/site-packages/airflow/example_dags/example_latest_only.py took 0.062 seconds
[2024-12-25T13:28:52.143+0000] {processor.py:186} INFO - Started process (PID=119) to work on /home/airflow/.local/lib/python3.12/site-packages/airflow/example_dags/example_latest_only.py
[2024-12-25T13:28:52.144+0000] {processor.py:914} INFO - Processing file /home/airflow/.local/lib/python3.12/site-packages/airflow/example_dags/example_latest_only.py for tasks to queue
[2024-12-25T13:28:52.146+0000] {logging_mixin.py:190} INFO - [2024-12-25T13:28:52.146+0000] {dagbag.py:588} INFO - Filling up the DagBag from /home/airflow/.local/lib/python3.12/site-packages/airflow/example_dags/example_latest_only.py
[2024-12-25T13:28:52.153+0000] {processor.py:925} INFO - DAG(s) 'latest_only' retrieved from /home/airflow/.local/lib/python3.12/site-packages/airflow/example_dags/example_latest_only.py
[2024-12-25T13:28:52.169+0000] {logging_mixin.py:190} INFO - [2024-12-25T13:28:52.169+0000] {dag.py:3239} INFO - Sync 1 DAGs
[2024-12-25T13:28:52.190+0000] {logging_mixin.py:190} INFO - [2024-12-25T13:28:52.190+0000] {dag.py:4180} INFO - Setting next_dagrun for latest_only to 2024-12-25 08:00:00+00:00, run_after=2024-12-25 12:00:00+00:00
[2024-12-25T13:28:52.206+0000] {processor.py:208} INFO - Processing /home/airflow/.local/lib/python3.12/site-packages/airflow/example_dags/example_latest_only.py took 0.068 seconds
[2024-12-25T13:29:23.044+0000] {processor.py:186} INFO - Started process (PID=183) to work on /home/airflow/.local/lib/python3.12/site-packages/airflow/example_dags/example_latest_only.py
[2024-12-25T13:29:23.045+0000] {processor.py:914} INFO - Processing file /home/airflow/.local/lib/python3.12/site-packages/airflow/example_dags/example_latest_only.py for tasks to queue
[2024-12-25T13:29:23.047+0000] {logging_mixin.py:190} INFO - [2024-12-25T13:29:23.046+0000] {dagbag.py:588} INFO - Filling up the DagBag from /home/airflow/.local/lib/python3.12/site-packages/airflow/example_dags/example_latest_only.py
[2024-12-25T13:29:23.052+0000] {processor.py:925} INFO - DAG(s) 'latest_only' retrieved from /home/airflow/.local/lib/python3.12/site-packages/airflow/example_dags/example_latest_only.py
[2024-12-25T13:29:23.068+0000] {logging_mixin.py:190} INFO - [2024-12-25T13:29:23.068+0000] {dag.py:3239} INFO - Sync 1 DAGs
[2024-12-25T13:29:23.088+0000] {logging_mixin.py:190} INFO - [2024-12-25T13:29:23.087+0000] {dag.py:4180} INFO - Setting next_dagrun for latest_only to 2024-12-25 08:00:00+00:00, run_after=2024-12-25 12:00:00+00:00
[2024-12-25T13:29:23.104+0000] {processor.py:208} INFO - Processing /home/airflow/.local/lib/python3.12/site-packages/airflow/example_dags/example_latest_only.py took 0.066 seconds
[2024-12-25T13:29:53.389+0000] {processor.py:186} INFO - Started process (PID=247) to work on /home/airflow/.local/lib/python3.12/site-packages/airflow/example_dags/example_latest_only.py
[2024-12-25T13:29:53.390+0000] {processor.py:914} INFO - Processing file /home/airflow/.local/lib/python3.12/site-packages/airflow/example_dags/example_latest_only.py for tasks to queue
[2024-12-25T13:29:53.392+0000] {logging_mixin.py:190} INFO - [2024-12-25T13:29:53.391+0000] {dagbag.py:588} INFO - Filling up the DagBag from /home/airflow/.local/lib/python3.12/site-packages/airflow/example_dags/example_latest_only.py
[2024-12-25T13:29:53.398+0000] {processor.py:925} INFO - DAG(s) 'latest_only' retrieved from /home/airflow/.local/lib/python3.12/site-packages/airflow/example_dags/example_latest_only.py
[2024-12-25T13:29:53.414+0000] {logging_mixin.py:190} INFO - [2024-12-25T13:29:53.413+0000] {dag.py:3239} INFO - Sync 1 DAGs
[2024-12-25T13:29:53.433+0000] {logging_mixin.py:190} INFO - [2024-12-25T13:29:53.433+0000] {dag.py:4180} INFO - Setting next_dagrun for latest_only to 2024-12-25 08:00:00+00:00, run_after=2024-12-25 12:00:00+00:00
[2024-12-25T13:29:53.453+0000] {processor.py:208} INFO - Processing /home/airflow/.local/lib/python3.12/site-packages/airflow/example_dags/example_latest_only.py took 0.068 seconds
[2024-12-25T13:30:24.564+0000] {processor.py:186} INFO - Started process (PID=311) to work on /home/airflow/.local/lib/python3.12/site-packages/airflow/example_dags/example_latest_only.py
[2024-12-25T13:30:24.566+0000] {processor.py:914} INFO - Processing file /home/airflow/.local/lib/python3.12/site-packages/airflow/example_dags/example_latest_only.py for tasks to queue
[2024-12-25T13:30:24.568+0000] {logging_mixin.py:190} INFO - [2024-12-25T13:30:24.568+0000] {dagbag.py:588} INFO - Filling up the DagBag from /home/airflow/.local/lib/python3.12/site-packages/airflow/example_dags/example_latest_only.py
[2024-12-25T13:30:24.574+0000] {processor.py:925} INFO - DAG(s) 'latest_only' retrieved from /home/airflow/.local/lib/python3.12/site-packages/airflow/example_dags/example_latest_only.py
[2024-12-25T13:30:24.589+0000] {logging_mixin.py:190} INFO - [2024-12-25T13:30:24.589+0000] {dag.py:3239} INFO - Sync 1 DAGs
[2024-12-25T13:30:24.609+0000] {logging_mixin.py:190} INFO - [2024-12-25T13:30:24.609+0000] {dag.py:4180} INFO - Setting next_dagrun for latest_only to 2024-12-25 08:00:00+00:00, run_after=2024-12-25 12:00:00+00:00
[2024-12-25T13:30:24.626+0000] {processor.py:208} INFO - Processing /home/airflow/.local/lib/python3.12/site-packages/airflow/example_dags/example_latest_only.py took 0.066 seconds
[2024-12-25T13:33:38.434+0000] {processor.py:186} INFO - Started process (PID=113) to work on /home/airflow/.local/lib/python3.12/site-packages/airflow/example_dags/example_latest_only.py
[2024-12-25T13:33:38.435+0000] {processor.py:914} INFO - Processing file /home/airflow/.local/lib/python3.12/site-packages/airflow/example_dags/example_latest_only.py for tasks to queue
[2024-12-25T13:33:38.436+0000] {logging_mixin.py:190} INFO - [2024-12-25T13:33:38.436+0000] {dagbag.py:588} INFO - Filling up the DagBag from /home/airflow/.local/lib/python3.12/site-packages/airflow/example_dags/example_latest_only.py
[2024-12-25T13:33:38.442+0000] {processor.py:925} INFO - DAG(s) 'latest_only' retrieved from /home/airflow/.local/lib/python3.12/site-packages/airflow/example_dags/example_latest_only.py
[2024-12-25T13:33:38.456+0000] {logging_mixin.py:190} INFO - [2024-12-25T13:33:38.456+0000] {dag.py:3239} INFO - Sync 1 DAGs
[2024-12-25T13:33:38.474+0000] {logging_mixin.py:190} INFO - [2024-12-25T13:33:38.474+0000] {dag.py:4180} INFO - Setting next_dagrun for latest_only to 2024-12-25 08:00:00+00:00, run_after=2024-12-25 12:00:00+00:00
[2024-12-25T13:33:38.490+0000] {processor.py:208} INFO - Processing /home/airflow/.local/lib/python3.12/site-packages/airflow/example_dags/example_latest_only.py took 0.061 seconds
[2024-12-25T13:34:08.846+0000] {processor.py:186} INFO - Started process (PID=177) to work on /home/airflow/.local/lib/python3.12/site-packages/airflow/example_dags/example_latest_only.py
[2024-12-25T13:34:08.847+0000] {processor.py:914} INFO - Processing file /home/airflow/.local/lib/python3.12/site-packages/airflow/example_dags/example_latest_only.py for tasks to queue
[2024-12-25T13:34:08.849+0000] {logging_mixin.py:190} INFO - [2024-12-25T13:34:08.849+0000] {dagbag.py:588} INFO - Filling up the DagBag from /home/airflow/.local/lib/python3.12/site-packages/airflow/example_dags/example_latest_only.py
[2024-12-25T13:34:08.855+0000] {processor.py:925} INFO - DAG(s) 'latest_only' retrieved from /home/airflow/.local/lib/python3.12/site-packages/airflow/example_dags/example_latest_only.py
[2024-12-25T13:34:08.871+0000] {logging_mixin.py:190} INFO - [2024-12-25T13:34:08.870+0000] {dag.py:3239} INFO - Sync 1 DAGs
[2024-12-25T13:34:08.889+0000] {logging_mixin.py:190} INFO - [2024-12-25T13:34:08.889+0000] {dag.py:4180} INFO - Setting next_dagrun for latest_only to 2024-12-25 08:00:00+00:00, run_after=2024-12-25 12:00:00+00:00
[2024-12-25T13:34:08.904+0000] {processor.py:208} INFO - Processing /home/airflow/.local/lib/python3.12/site-packages/airflow/example_dags/example_latest_only.py took 0.062 seconds
