[2024-12-25T13:10:57.195+0000] {processor.py:186} INFO - Started process (PID=76) to work on /home/airflow/.local/lib/python3.12/site-packages/airflow/example_dags/example_xcomargs.py
[2024-12-25T13:10:57.196+0000] {processor.py:914} INFO - Processing file /home/airflow/.local/lib/python3.12/site-packages/airflow/example_dags/example_xcomargs.py for tasks to queue
[2024-12-25T13:10:57.198+0000] {logging_mixin.py:190} INFO - [2024-12-25T13:10:57.197+0000] {dagbag.py:588} INFO - Filling up the DagBag from /home/airflow/.local/lib/python3.12/site-packages/airflow/example_dags/example_xcomargs.py
[2024-12-25T13:10:57.211+0000] {processor.py:925} INFO - DAG(s) 'example_xcom_args_with_operators', 'example_xcom_args' retrieved from /home/airflow/.local/lib/python3.12/site-packages/airflow/example_dags/example_xcomargs.py
[2024-12-25T13:10:57.319+0000] {logging_mixin.py:190} INFO - [2024-12-25T13:10:57.319+0000] {override.py:1911} INFO - Created Permission View: can edit on DAG:example_xcom_args_with_operators
[2024-12-25T13:10:57.329+0000] {logging_mixin.py:190} INFO - [2024-12-25T13:10:57.329+0000] {override.py:1911} INFO - Created Permission View: can read on DAG:example_xcom_args_with_operators
[2024-12-25T13:10:57.335+0000] {logging_mixin.py:190} INFO - [2024-12-25T13:10:57.335+0000] {override.py:1911} INFO - Created Permission View: can delete on DAG:example_xcom_args_with_operators
[2024-12-25T13:10:57.345+0000] {logging_mixin.py:190} INFO - [2024-12-25T13:10:57.345+0000] {override.py:1911} INFO - Created Permission View: can create on DAG Run:example_xcom_args_with_operators
[2024-12-25T13:10:57.351+0000] {logging_mixin.py:190} INFO - [2024-12-25T13:10:57.351+0000] {override.py:1911} INFO - Created Permission View: menu access on DAG Run:example_xcom_args_with_operators
[2024-12-25T13:10:57.357+0000] {logging_mixin.py:190} INFO - [2024-12-25T13:10:57.357+0000] {override.py:1911} INFO - Created Permission View: can read on DAG Run:example_xcom_args_with_operators
[2024-12-25T13:10:57.363+0000] {logging_mixin.py:190} INFO - [2024-12-25T13:10:57.363+0000] {override.py:1911} INFO - Created Permission View: can delete on DAG Run:example_xcom_args_with_operators
[2024-12-25T13:10:57.377+0000] {logging_mixin.py:190} INFO - [2024-12-25T13:10:57.377+0000] {override.py:1911} INFO - Created Permission View: can edit on DAG:example_xcom_args
[2024-12-25T13:10:57.383+0000] {logging_mixin.py:190} INFO - [2024-12-25T13:10:57.383+0000] {override.py:1911} INFO - Created Permission View: can read on DAG:example_xcom_args
[2024-12-25T13:10:57.389+0000] {logging_mixin.py:190} INFO - [2024-12-25T13:10:57.389+0000] {override.py:1911} INFO - Created Permission View: can delete on DAG:example_xcom_args
[2024-12-25T13:10:57.397+0000] {logging_mixin.py:190} INFO - [2024-12-25T13:10:57.397+0000] {override.py:1911} INFO - Created Permission View: can create on DAG Run:example_xcom_args
[2024-12-25T13:10:57.405+0000] {logging_mixin.py:190} INFO - [2024-12-25T13:10:57.405+0000] {override.py:1911} INFO - Created Permission View: menu access on DAG Run:example_xcom_args
[2024-12-25T13:10:57.413+0000] {logging_mixin.py:190} INFO - [2024-12-25T13:10:57.413+0000] {override.py:1911} INFO - Created Permission View: can read on DAG Run:example_xcom_args
[2024-12-25T13:10:57.419+0000] {logging_mixin.py:190} INFO - [2024-12-25T13:10:57.419+0000] {override.py:1911} INFO - Created Permission View: can delete on DAG Run:example_xcom_args
[2024-12-25T13:10:57.419+0000] {logging_mixin.py:190} INFO - [2024-12-25T13:10:57.419+0000] {dag.py:3239} INFO - Sync 2 DAGs
[2024-12-25T13:10:57.432+0000] {logging_mixin.py:190} INFO - [2024-12-25T13:10:57.432+0000] {dag.py:3262} INFO - Creating ORM DAG for example_xcom_args
[2024-12-25T13:10:57.433+0000] {logging_mixin.py:190} INFO - [2024-12-25T13:10:57.432+0000] {dag.py:3262} INFO - Creating ORM DAG for example_xcom_args_with_operators
[2024-12-25T13:10:57.433+0000] {logging_mixin.py:190} INFO - [2024-12-25T13:10:57.433+0000] {dag.py:4180} INFO - Setting next_dagrun for example_xcom_args to None, run_after=None
[2024-12-25T13:10:57.433+0000] {logging_mixin.py:190} INFO - [2024-12-25T13:10:57.433+0000] {dag.py:4180} INFO - Setting next_dagrun for example_xcom_args_with_operators to None, run_after=None
[2024-12-25T13:10:57.449+0000] {processor.py:208} INFO - Processing /home/airflow/.local/lib/python3.12/site-packages/airflow/example_dags/example_xcomargs.py took 0.259 seconds
[2024-12-25T13:11:28.045+0000] {processor.py:186} INFO - Started process (PID=139) to work on /home/airflow/.local/lib/python3.12/site-packages/airflow/example_dags/example_xcomargs.py
[2024-12-25T13:11:28.046+0000] {processor.py:914} INFO - Processing file /home/airflow/.local/lib/python3.12/site-packages/airflow/example_dags/example_xcomargs.py for tasks to queue
[2024-12-25T13:11:28.048+0000] {logging_mixin.py:190} INFO - [2024-12-25T13:11:28.048+0000] {dagbag.py:588} INFO - Filling up the DagBag from /home/airflow/.local/lib/python3.12/site-packages/airflow/example_dags/example_xcomargs.py
[2024-12-25T13:11:28.057+0000] {processor.py:925} INFO - DAG(s) 'example_xcom_args', 'example_xcom_args_with_operators' retrieved from /home/airflow/.local/lib/python3.12/site-packages/airflow/example_dags/example_xcomargs.py
[2024-12-25T13:11:28.078+0000] {logging_mixin.py:190} INFO - [2024-12-25T13:11:28.078+0000] {dag.py:3239} INFO - Sync 2 DAGs
[2024-12-25T13:11:28.094+0000] {logging_mixin.py:190} INFO - [2024-12-25T13:11:28.093+0000] {dag.py:4180} INFO - Setting next_dagrun for example_xcom_args to None, run_after=None
[2024-12-25T13:11:28.097+0000] {logging_mixin.py:190} INFO - [2024-12-25T13:11:28.097+0000] {dag.py:4180} INFO - Setting next_dagrun for example_xcom_args_with_operators to None, run_after=None
[2024-12-25T13:11:28.111+0000] {processor.py:208} INFO - Processing /home/airflow/.local/lib/python3.12/site-packages/airflow/example_dags/example_xcomargs.py took 0.071 seconds
[2024-12-25T13:28:47.558+0000] {processor.py:186} INFO - Started process (PID=75) to work on /home/airflow/.local/lib/python3.12/site-packages/airflow/example_dags/example_xcomargs.py
[2024-12-25T13:28:47.558+0000] {processor.py:914} INFO - Processing file /home/airflow/.local/lib/python3.12/site-packages/airflow/example_dags/example_xcomargs.py for tasks to queue
[2024-12-25T13:28:47.560+0000] {logging_mixin.py:190} INFO - [2024-12-25T13:28:47.560+0000] {dagbag.py:588} INFO - Filling up the DagBag from /home/airflow/.local/lib/python3.12/site-packages/airflow/example_dags/example_xcomargs.py
[2024-12-25T13:28:47.570+0000] {processor.py:925} INFO - DAG(s) 'example_xcom_args_with_operators', 'example_xcom_args' retrieved from /home/airflow/.local/lib/python3.12/site-packages/airflow/example_dags/example_xcomargs.py
[2024-12-25T13:28:47.597+0000] {logging_mixin.py:190} INFO - [2024-12-25T13:28:47.596+0000] {dag.py:3239} INFO - Sync 2 DAGs
[2024-12-25T13:28:47.611+0000] {logging_mixin.py:190} INFO - [2024-12-25T13:28:47.611+0000] {dag.py:4180} INFO - Setting next_dagrun for example_xcom_args to None, run_after=None
[2024-12-25T13:28:47.614+0000] {logging_mixin.py:190} INFO - [2024-12-25T13:28:47.614+0000] {dag.py:4180} INFO - Setting next_dagrun for example_xcom_args_with_operators to None, run_after=None
[2024-12-25T13:28:47.632+0000] {processor.py:208} INFO - Processing /home/airflow/.local/lib/python3.12/site-packages/airflow/example_dags/example_xcomargs.py took 0.079 seconds
[2024-12-25T13:29:17.858+0000] {processor.py:186} INFO - Started process (PID=138) to work on /home/airflow/.local/lib/python3.12/site-packages/airflow/example_dags/example_xcomargs.py
[2024-12-25T13:29:17.859+0000] {processor.py:914} INFO - Processing file /home/airflow/.local/lib/python3.12/site-packages/airflow/example_dags/example_xcomargs.py for tasks to queue
[2024-12-25T13:29:17.861+0000] {logging_mixin.py:190} INFO - [2024-12-25T13:29:17.860+0000] {dagbag.py:588} INFO - Filling up the DagBag from /home/airflow/.local/lib/python3.12/site-packages/airflow/example_dags/example_xcomargs.py
[2024-12-25T13:29:17.870+0000] {processor.py:925} INFO - DAG(s) 'example_xcom_args_with_operators', 'example_xcom_args' retrieved from /home/airflow/.local/lib/python3.12/site-packages/airflow/example_dags/example_xcomargs.py
[2024-12-25T13:29:17.891+0000] {logging_mixin.py:190} INFO - [2024-12-25T13:29:17.890+0000] {dag.py:3239} INFO - Sync 2 DAGs
[2024-12-25T13:29:17.904+0000] {logging_mixin.py:190} INFO - [2024-12-25T13:29:17.903+0000] {dag.py:4180} INFO - Setting next_dagrun for example_xcom_args to None, run_after=None
[2024-12-25T13:29:17.907+0000] {logging_mixin.py:190} INFO - [2024-12-25T13:29:17.907+0000] {dag.py:4180} INFO - Setting next_dagrun for example_xcom_args_with_operators to None, run_after=None
[2024-12-25T13:29:17.926+0000] {processor.py:208} INFO - Processing /home/airflow/.local/lib/python3.12/site-packages/airflow/example_dags/example_xcomargs.py took 0.073 seconds
[2024-12-25T13:29:48.686+0000] {processor.py:186} INFO - Started process (PID=202) to work on /home/airflow/.local/lib/python3.12/site-packages/airflow/example_dags/example_xcomargs.py
[2024-12-25T13:29:48.687+0000] {processor.py:914} INFO - Processing file /home/airflow/.local/lib/python3.12/site-packages/airflow/example_dags/example_xcomargs.py for tasks to queue
[2024-12-25T13:29:48.689+0000] {logging_mixin.py:190} INFO - [2024-12-25T13:29:48.688+0000] {dagbag.py:588} INFO - Filling up the DagBag from /home/airflow/.local/lib/python3.12/site-packages/airflow/example_dags/example_xcomargs.py
[2024-12-25T13:29:48.697+0000] {processor.py:925} INFO - DAG(s) 'example_xcom_args_with_operators', 'example_xcom_args' retrieved from /home/airflow/.local/lib/python3.12/site-packages/airflow/example_dags/example_xcomargs.py
[2024-12-25T13:29:48.716+0000] {logging_mixin.py:190} INFO - [2024-12-25T13:29:48.716+0000] {dag.py:3239} INFO - Sync 2 DAGs
[2024-12-25T13:29:48.729+0000] {logging_mixin.py:190} INFO - [2024-12-25T13:29:48.729+0000] {dag.py:4180} INFO - Setting next_dagrun for example_xcom_args to None, run_after=None
[2024-12-25T13:29:48.732+0000] {logging_mixin.py:190} INFO - [2024-12-25T13:29:48.732+0000] {dag.py:4180} INFO - Setting next_dagrun for example_xcom_args_with_operators to None, run_after=None
[2024-12-25T13:29:48.746+0000] {processor.py:208} INFO - Processing /home/airflow/.local/lib/python3.12/site-packages/airflow/example_dags/example_xcomargs.py took 0.065 seconds
[2024-12-25T13:30:19.060+0000] {processor.py:186} INFO - Started process (PID=266) to work on /home/airflow/.local/lib/python3.12/site-packages/airflow/example_dags/example_xcomargs.py
[2024-12-25T13:30:19.061+0000] {processor.py:914} INFO - Processing file /home/airflow/.local/lib/python3.12/site-packages/airflow/example_dags/example_xcomargs.py for tasks to queue
[2024-12-25T13:30:19.062+0000] {logging_mixin.py:190} INFO - [2024-12-25T13:30:19.062+0000] {dagbag.py:588} INFO - Filling up the DagBag from /home/airflow/.local/lib/python3.12/site-packages/airflow/example_dags/example_xcomargs.py
[2024-12-25T13:30:19.071+0000] {processor.py:925} INFO - DAG(s) 'example_xcom_args', 'example_xcom_args_with_operators' retrieved from /home/airflow/.local/lib/python3.12/site-packages/airflow/example_dags/example_xcomargs.py
[2024-12-25T13:30:19.090+0000] {logging_mixin.py:190} INFO - [2024-12-25T13:30:19.090+0000] {dag.py:3239} INFO - Sync 2 DAGs
[2024-12-25T13:30:19.103+0000] {logging_mixin.py:190} INFO - [2024-12-25T13:30:19.103+0000] {dag.py:4180} INFO - Setting next_dagrun for example_xcom_args to None, run_after=None
[2024-12-25T13:30:19.106+0000] {logging_mixin.py:190} INFO - [2024-12-25T13:30:19.106+0000] {dag.py:4180} INFO - Setting next_dagrun for example_xcom_args_with_operators to None, run_after=None
[2024-12-25T13:30:19.119+0000] {processor.py:208} INFO - Processing /home/airflow/.local/lib/python3.12/site-packages/airflow/example_dags/example_xcomargs.py took 0.064 seconds
[2024-12-25T13:33:34.741+0000] {processor.py:186} INFO - Started process (PID=63) to work on /home/airflow/.local/lib/python3.12/site-packages/airflow/example_dags/example_xcomargs.py
[2024-12-25T13:33:34.743+0000] {processor.py:914} INFO - Processing file /home/airflow/.local/lib/python3.12/site-packages/airflow/example_dags/example_xcomargs.py for tasks to queue
[2024-12-25T13:33:34.744+0000] {logging_mixin.py:190} INFO - [2024-12-25T13:33:34.744+0000] {dagbag.py:588} INFO - Filling up the DagBag from /home/airflow/.local/lib/python3.12/site-packages/airflow/example_dags/example_xcomargs.py
[2024-12-25T13:33:34.753+0000] {processor.py:925} INFO - DAG(s) 'example_xcom_args', 'example_xcom_args_with_operators' retrieved from /home/airflow/.local/lib/python3.12/site-packages/airflow/example_dags/example_xcomargs.py
[2024-12-25T13:33:34.780+0000] {logging_mixin.py:190} INFO - [2024-12-25T13:33:34.780+0000] {dag.py:3239} INFO - Sync 2 DAGs
[2024-12-25T13:33:34.793+0000] {logging_mixin.py:190} INFO - [2024-12-25T13:33:34.792+0000] {dag.py:4180} INFO - Setting next_dagrun for example_xcom_args to None, run_after=None
[2024-12-25T13:33:34.796+0000] {logging_mixin.py:190} INFO - [2024-12-25T13:33:34.796+0000] {dag.py:4180} INFO - Setting next_dagrun for example_xcom_args_with_operators to None, run_after=None
[2024-12-25T13:33:34.811+0000] {processor.py:208} INFO - Processing /home/airflow/.local/lib/python3.12/site-packages/airflow/example_dags/example_xcomargs.py took 0.074 seconds
[2024-12-25T13:34:05.210+0000] {processor.py:186} INFO - Started process (PID=126) to work on /home/airflow/.local/lib/python3.12/site-packages/airflow/example_dags/example_xcomargs.py
[2024-12-25T13:34:05.212+0000] {processor.py:914} INFO - Processing file /home/airflow/.local/lib/python3.12/site-packages/airflow/example_dags/example_xcomargs.py for tasks to queue
[2024-12-25T13:34:05.213+0000] {logging_mixin.py:190} INFO - [2024-12-25T13:34:05.213+0000] {dagbag.py:588} INFO - Filling up the DagBag from /home/airflow/.local/lib/python3.12/site-packages/airflow/example_dags/example_xcomargs.py
[2024-12-25T13:34:05.221+0000] {processor.py:925} INFO - DAG(s) 'example_xcom_args', 'example_xcom_args_with_operators' retrieved from /home/airflow/.local/lib/python3.12/site-packages/airflow/example_dags/example_xcomargs.py
[2024-12-25T13:34:05.241+0000] {logging_mixin.py:190} INFO - [2024-12-25T13:34:05.240+0000] {dag.py:3239} INFO - Sync 2 DAGs
[2024-12-25T13:34:05.252+0000] {logging_mixin.py:190} INFO - [2024-12-25T13:34:05.252+0000] {dag.py:4180} INFO - Setting next_dagrun for example_xcom_args to None, run_after=None
[2024-12-25T13:34:05.255+0000] {logging_mixin.py:190} INFO - [2024-12-25T13:34:05.255+0000] {dag.py:4180} INFO - Setting next_dagrun for example_xcom_args_with_operators to None, run_after=None
[2024-12-25T13:34:05.270+0000] {processor.py:208} INFO - Processing /home/airflow/.local/lib/python3.12/site-packages/airflow/example_dags/example_xcomargs.py took 0.064 seconds
