[2024-12-25T13:10:56.314+0000] {processor.py:186} INFO - Started process (PID=64) to work on /home/airflow/.local/lib/python3.12/site-packages/airflow/example_dags/example_branch_python_dop_operator_3.py
[2024-12-25T13:10:56.314+0000] {processor.py:914} INFO - Processing file /home/airflow/.local/lib/python3.12/site-packages/airflow/example_dags/example_branch_python_dop_operator_3.py for tasks to queue
[2024-12-25T13:10:56.316+0000] {logging_mixin.py:190} INFO - [2024-12-25T13:10:56.315+0000] {dagbag.py:588} INFO - Filling up the DagBag from /home/airflow/.local/lib/python3.12/site-packages/airflow/example_dags/example_branch_python_dop_operator_3.py
[2024-12-25T13:10:56.326+0000] {processor.py:925} INFO - DAG(s) 'example_branch_dop_operator_v3' retrieved from /home/airflow/.local/lib/python3.12/site-packages/airflow/example_dags/example_branch_python_dop_operator_3.py
[2024-12-25T13:10:56.432+0000] {logging_mixin.py:190} INFO - [2024-12-25T13:10:56.431+0000] {override.py:1911} INFO - Created Permission View: can edit on DAG:example_branch_dop_operator_v3
[2024-12-25T13:10:56.444+0000] {logging_mixin.py:190} INFO - [2024-12-25T13:10:56.443+0000] {override.py:1911} INFO - Created Permission View: can read on DAG:example_branch_dop_operator_v3
[2024-12-25T13:10:56.450+0000] {logging_mixin.py:190} INFO - [2024-12-25T13:10:56.449+0000] {override.py:1911} INFO - Created Permission View: can delete on DAG:example_branch_dop_operator_v3
[2024-12-25T13:10:56.458+0000] {logging_mixin.py:190} INFO - [2024-12-25T13:10:56.457+0000] {override.py:1911} INFO - Created Permission View: can create on DAG Run:example_branch_dop_operator_v3
[2024-12-25T13:10:56.464+0000] {logging_mixin.py:190} INFO - [2024-12-25T13:10:56.463+0000] {override.py:1911} INFO - Created Permission View: menu access on DAG Run:example_branch_dop_operator_v3
[2024-12-25T13:10:56.470+0000] {logging_mixin.py:190} INFO - [2024-12-25T13:10:56.469+0000] {override.py:1911} INFO - Created Permission View: can read on DAG Run:example_branch_dop_operator_v3
[2024-12-25T13:10:56.476+0000] {logging_mixin.py:190} INFO - [2024-12-25T13:10:56.475+0000] {override.py:1911} INFO - Created Permission View: can delete on DAG Run:example_branch_dop_operator_v3
[2024-12-25T13:10:56.476+0000] {logging_mixin.py:190} INFO - [2024-12-25T13:10:56.476+0000] {dag.py:3239} INFO - Sync 1 DAGs
[2024-12-25T13:10:56.486+0000] {logging_mixin.py:190} INFO - [2024-12-25T13:10:56.486+0000] {dag.py:3262} INFO - Creating ORM DAG for example_branch_dop_operator_v3
[2024-12-25T13:10:56.497+0000] {logging_mixin.py:190} INFO - [2024-12-25T13:10:56.496+0000] {dag.py:4180} INFO - Setting next_dagrun for example_branch_dop_operator_v3 to 2024-12-25 13:09:00+00:00, run_after=2024-12-25 13:10:00+00:00
[2024-12-25T13:10:56.509+0000] {processor.py:208} INFO - Processing /home/airflow/.local/lib/python3.12/site-packages/airflow/example_dags/example_branch_python_dop_operator_3.py took 0.200 seconds
[2024-12-25T13:11:26.801+0000] {processor.py:186} INFO - Started process (PID=134) to work on /home/airflow/.local/lib/python3.12/site-packages/airflow/example_dags/example_branch_python_dop_operator_3.py
[2024-12-25T13:11:26.802+0000] {processor.py:914} INFO - Processing file /home/airflow/.local/lib/python3.12/site-packages/airflow/example_dags/example_branch_python_dop_operator_3.py for tasks to queue
[2024-12-25T13:11:26.804+0000] {logging_mixin.py:190} INFO - [2024-12-25T13:11:26.804+0000] {dagbag.py:588} INFO - Filling up the DagBag from /home/airflow/.local/lib/python3.12/site-packages/airflow/example_dags/example_branch_python_dop_operator_3.py
[2024-12-25T13:11:26.812+0000] {processor.py:925} INFO - DAG(s) 'example_branch_dop_operator_v3' retrieved from /home/airflow/.local/lib/python3.12/site-packages/airflow/example_dags/example_branch_python_dop_operator_3.py
[2024-12-25T13:11:26.828+0000] {logging_mixin.py:190} INFO - [2024-12-25T13:11:26.828+0000] {dag.py:3239} INFO - Sync 1 DAGs
[2024-12-25T13:11:26.853+0000] {logging_mixin.py:190} INFO - [2024-12-25T13:11:26.853+0000] {dag.py:4180} INFO - Setting next_dagrun for example_branch_dop_operator_v3 to 2024-12-25 13:10:00+00:00, run_after=2024-12-25 13:11:00+00:00
[2024-12-25T13:11:26.873+0000] {processor.py:208} INFO - Processing /home/airflow/.local/lib/python3.12/site-packages/airflow/example_dags/example_branch_python_dop_operator_3.py took 0.077 seconds
[2024-12-25T13:28:47.113+0000] {processor.py:186} INFO - Started process (PID=69) to work on /home/airflow/.local/lib/python3.12/site-packages/airflow/example_dags/example_branch_python_dop_operator_3.py
[2024-12-25T13:28:47.114+0000] {processor.py:914} INFO - Processing file /home/airflow/.local/lib/python3.12/site-packages/airflow/example_dags/example_branch_python_dop_operator_3.py for tasks to queue
[2024-12-25T13:28:47.116+0000] {logging_mixin.py:190} INFO - [2024-12-25T13:28:47.115+0000] {dagbag.py:588} INFO - Filling up the DagBag from /home/airflow/.local/lib/python3.12/site-packages/airflow/example_dags/example_branch_python_dop_operator_3.py
[2024-12-25T13:28:47.126+0000] {processor.py:925} INFO - DAG(s) 'example_branch_dop_operator_v3' retrieved from /home/airflow/.local/lib/python3.12/site-packages/airflow/example_dags/example_branch_python_dop_operator_3.py
[2024-12-25T13:28:47.154+0000] {logging_mixin.py:190} INFO - [2024-12-25T13:28:47.154+0000] {dag.py:3239} INFO - Sync 1 DAGs
[2024-12-25T13:28:47.182+0000] {logging_mixin.py:190} INFO - [2024-12-25T13:28:47.182+0000] {dag.py:4180} INFO - Setting next_dagrun for example_branch_dop_operator_v3 to 2024-12-25 13:27:00+00:00, run_after=2024-12-25 13:28:00+00:00
[2024-12-25T13:28:47.202+0000] {processor.py:208} INFO - Processing /home/airflow/.local/lib/python3.12/site-packages/airflow/example_dags/example_branch_python_dop_operator_3.py took 0.094 seconds
[2024-12-25T13:29:17.540+0000] {processor.py:186} INFO - Started process (PID=133) to work on /home/airflow/.local/lib/python3.12/site-packages/airflow/example_dags/example_branch_python_dop_operator_3.py
[2024-12-25T13:29:17.542+0000] {processor.py:914} INFO - Processing file /home/airflow/.local/lib/python3.12/site-packages/airflow/example_dags/example_branch_python_dop_operator_3.py for tasks to queue
[2024-12-25T13:29:17.545+0000] {logging_mixin.py:190} INFO - [2024-12-25T13:29:17.544+0000] {dagbag.py:588} INFO - Filling up the DagBag from /home/airflow/.local/lib/python3.12/site-packages/airflow/example_dags/example_branch_python_dop_operator_3.py
[2024-12-25T13:29:17.554+0000] {processor.py:925} INFO - DAG(s) 'example_branch_dop_operator_v3' retrieved from /home/airflow/.local/lib/python3.12/site-packages/airflow/example_dags/example_branch_python_dop_operator_3.py
[2024-12-25T13:29:17.572+0000] {logging_mixin.py:190} INFO - [2024-12-25T13:29:17.572+0000] {dag.py:3239} INFO - Sync 1 DAGs
[2024-12-25T13:29:17.595+0000] {logging_mixin.py:190} INFO - [2024-12-25T13:29:17.595+0000] {dag.py:4180} INFO - Setting next_dagrun for example_branch_dop_operator_v3 to 2024-12-25 13:28:00+00:00, run_after=2024-12-25 13:29:00+00:00
[2024-12-25T13:29:17.612+0000] {processor.py:208} INFO - Processing /home/airflow/.local/lib/python3.12/site-packages/airflow/example_dags/example_branch_python_dop_operator_3.py took 0.077 seconds
[2024-12-25T13:29:48.398+0000] {processor.py:186} INFO - Started process (PID=197) to work on /home/airflow/.local/lib/python3.12/site-packages/airflow/example_dags/example_branch_python_dop_operator_3.py
[2024-12-25T13:29:48.400+0000] {processor.py:914} INFO - Processing file /home/airflow/.local/lib/python3.12/site-packages/airflow/example_dags/example_branch_python_dop_operator_3.py for tasks to queue
[2024-12-25T13:29:48.402+0000] {logging_mixin.py:190} INFO - [2024-12-25T13:29:48.402+0000] {dagbag.py:588} INFO - Filling up the DagBag from /home/airflow/.local/lib/python3.12/site-packages/airflow/example_dags/example_branch_python_dop_operator_3.py
[2024-12-25T13:29:48.411+0000] {processor.py:925} INFO - DAG(s) 'example_branch_dop_operator_v3' retrieved from /home/airflow/.local/lib/python3.12/site-packages/airflow/example_dags/example_branch_python_dop_operator_3.py
[2024-12-25T13:29:48.426+0000] {logging_mixin.py:190} INFO - [2024-12-25T13:29:48.426+0000] {dag.py:3239} INFO - Sync 1 DAGs
[2024-12-25T13:29:48.451+0000] {logging_mixin.py:190} INFO - [2024-12-25T13:29:48.451+0000] {dag.py:4180} INFO - Setting next_dagrun for example_branch_dop_operator_v3 to 2024-12-25 13:28:00+00:00, run_after=2024-12-25 13:29:00+00:00
[2024-12-25T13:29:48.468+0000] {processor.py:208} INFO - Processing /home/airflow/.local/lib/python3.12/site-packages/airflow/example_dags/example_branch_python_dop_operator_3.py took 0.075 seconds
[2024-12-25T13:30:18.772+0000] {processor.py:186} INFO - Started process (PID=261) to work on /home/airflow/.local/lib/python3.12/site-packages/airflow/example_dags/example_branch_python_dop_operator_3.py
[2024-12-25T13:30:18.773+0000] {processor.py:914} INFO - Processing file /home/airflow/.local/lib/python3.12/site-packages/airflow/example_dags/example_branch_python_dop_operator_3.py for tasks to queue
[2024-12-25T13:30:18.776+0000] {logging_mixin.py:190} INFO - [2024-12-25T13:30:18.776+0000] {dagbag.py:588} INFO - Filling up the DagBag from /home/airflow/.local/lib/python3.12/site-packages/airflow/example_dags/example_branch_python_dop_operator_3.py
[2024-12-25T13:30:18.785+0000] {processor.py:925} INFO - DAG(s) 'example_branch_dop_operator_v3' retrieved from /home/airflow/.local/lib/python3.12/site-packages/airflow/example_dags/example_branch_python_dop_operator_3.py
[2024-12-25T13:30:18.802+0000] {logging_mixin.py:190} INFO - [2024-12-25T13:30:18.802+0000] {dag.py:3239} INFO - Sync 1 DAGs
[2024-12-25T13:30:18.827+0000] {logging_mixin.py:190} INFO - [2024-12-25T13:30:18.827+0000] {dag.py:4180} INFO - Setting next_dagrun for example_branch_dop_operator_v3 to 2024-12-25 13:29:00+00:00, run_after=2024-12-25 13:30:00+00:00
[2024-12-25T13:30:18.846+0000] {processor.py:208} INFO - Processing /home/airflow/.local/lib/python3.12/site-packages/airflow/example_dags/example_branch_python_dop_operator_3.py took 0.079 seconds
[2024-12-25T13:33:34.342+0000] {processor.py:186} INFO - Started process (PID=57) to work on /home/airflow/.local/lib/python3.12/site-packages/airflow/example_dags/example_branch_python_dop_operator_3.py
[2024-12-25T13:33:34.345+0000] {processor.py:914} INFO - Processing file /home/airflow/.local/lib/python3.12/site-packages/airflow/example_dags/example_branch_python_dop_operator_3.py for tasks to queue
[2024-12-25T13:33:34.347+0000] {logging_mixin.py:190} INFO - [2024-12-25T13:33:34.347+0000] {dagbag.py:588} INFO - Filling up the DagBag from /home/airflow/.local/lib/python3.12/site-packages/airflow/example_dags/example_branch_python_dop_operator_3.py
[2024-12-25T13:33:34.356+0000] {processor.py:925} INFO - DAG(s) 'example_branch_dop_operator_v3' retrieved from /home/airflow/.local/lib/python3.12/site-packages/airflow/example_dags/example_branch_python_dop_operator_3.py
[2024-12-25T13:33:34.377+0000] {logging_mixin.py:190} INFO - [2024-12-25T13:33:34.377+0000] {dag.py:3239} INFO - Sync 1 DAGs
[2024-12-25T13:33:34.400+0000] {logging_mixin.py:190} INFO - [2024-12-25T13:33:34.400+0000] {dag.py:4180} INFO - Setting next_dagrun for example_branch_dop_operator_v3 to 2024-12-25 13:32:00+00:00, run_after=2024-12-25 13:33:00+00:00
[2024-12-25T13:33:34.417+0000] {processor.py:208} INFO - Processing /home/airflow/.local/lib/python3.12/site-packages/airflow/example_dags/example_branch_python_dop_operator_3.py took 0.080 seconds
[2024-12-25T13:34:04.875+0000] {processor.py:186} INFO - Started process (PID=121) to work on /home/airflow/.local/lib/python3.12/site-packages/airflow/example_dags/example_branch_python_dop_operator_3.py
[2024-12-25T13:34:04.877+0000] {processor.py:914} INFO - Processing file /home/airflow/.local/lib/python3.12/site-packages/airflow/example_dags/example_branch_python_dop_operator_3.py for tasks to queue
[2024-12-25T13:34:04.879+0000] {logging_mixin.py:190} INFO - [2024-12-25T13:34:04.878+0000] {dagbag.py:588} INFO - Filling up the DagBag from /home/airflow/.local/lib/python3.12/site-packages/airflow/example_dags/example_branch_python_dop_operator_3.py
[2024-12-25T13:34:04.887+0000] {processor.py:925} INFO - DAG(s) 'example_branch_dop_operator_v3' retrieved from /home/airflow/.local/lib/python3.12/site-packages/airflow/example_dags/example_branch_python_dop_operator_3.py
[2024-12-25T13:34:04.901+0000] {logging_mixin.py:190} INFO - [2024-12-25T13:34:04.901+0000] {dag.py:3239} INFO - Sync 1 DAGs
[2024-12-25T13:34:04.922+0000] {logging_mixin.py:190} INFO - [2024-12-25T13:34:04.922+0000] {dag.py:4180} INFO - Setting next_dagrun for example_branch_dop_operator_v3 to 2024-12-25 13:33:00+00:00, run_after=2024-12-25 13:34:00+00:00
[2024-12-25T13:34:04.937+0000] {processor.py:208} INFO - Processing /home/airflow/.local/lib/python3.12/site-packages/airflow/example_dags/example_branch_python_dop_operator_3.py took 0.067 seconds
