[2024-12-25T13:11:03.052+0000] {processor.py:186} INFO - Started process (PID=111) to work on /home/airflow/.local/lib/python3.12/site-packages/airflow/example_dags/example_skip_dag.py
[2024-12-25T13:11:03.053+0000] {processor.py:914} INFO - Processing file /home/airflow/.local/lib/python3.12/site-packages/airflow/example_dags/example_skip_dag.py for tasks to queue
[2024-12-25T13:11:03.055+0000] {logging_mixin.py:190} INFO - [2024-12-25T13:11:03.054+0000] {dagbag.py:588} INFO - Filling up the DagBag from /home/airflow/.local/lib/python3.12/site-packages/airflow/example_dags/example_skip_dag.py
[2024-12-25T13:11:03.062+0000] {processor.py:925} INFO - DAG(s) 'example_skip_dag' retrieved from /home/airflow/.local/lib/python3.12/site-packages/airflow/example_dags/example_skip_dag.py
[2024-12-25T13:11:03.161+0000] {logging_mixin.py:190} INFO - [2024-12-25T13:11:03.160+0000] {override.py:1911} INFO - Created Permission View: can edit on DAG:example_skip_dag
[2024-12-25T13:11:03.168+0000] {logging_mixin.py:190} INFO - [2024-12-25T13:11:03.168+0000] {override.py:1911} INFO - Created Permission View: can read on DAG:example_skip_dag
[2024-12-25T13:11:03.174+0000] {logging_mixin.py:190} INFO - [2024-12-25T13:11:03.174+0000] {override.py:1911} INFO - Created Permission View: can delete on DAG:example_skip_dag
[2024-12-25T13:11:03.180+0000] {logging_mixin.py:190} INFO - [2024-12-25T13:11:03.180+0000] {override.py:1911} INFO - Created Permission View: can create on DAG Run:example_skip_dag
[2024-12-25T13:11:03.186+0000] {logging_mixin.py:190} INFO - [2024-12-25T13:11:03.186+0000] {override.py:1911} INFO - Created Permission View: menu access on DAG Run:example_skip_dag
[2024-12-25T13:11:03.192+0000] {logging_mixin.py:190} INFO - [2024-12-25T13:11:03.192+0000] {override.py:1911} INFO - Created Permission View: can read on DAG Run:example_skip_dag
[2024-12-25T13:11:03.198+0000] {logging_mixin.py:190} INFO - [2024-12-25T13:11:03.198+0000] {override.py:1911} INFO - Created Permission View: can delete on DAG Run:example_skip_dag
[2024-12-25T13:11:03.199+0000] {logging_mixin.py:190} INFO - [2024-12-25T13:11:03.198+0000] {dag.py:3239} INFO - Sync 1 DAGs
[2024-12-25T13:11:03.210+0000] {logging_mixin.py:190} INFO - [2024-12-25T13:11:03.210+0000] {dag.py:3262} INFO - Creating ORM DAG for example_skip_dag
[2024-12-25T13:11:03.219+0000] {logging_mixin.py:190} INFO - [2024-12-25T13:11:03.219+0000] {dag.py:4180} INFO - Setting next_dagrun for example_skip_dag to 2024-12-24 00:00:00+00:00, run_after=2024-12-25 00:00:00+00:00
[2024-12-25T13:11:03.231+0000] {processor.py:208} INFO - Processing /home/airflow/.local/lib/python3.12/site-packages/airflow/example_dags/example_skip_dag.py took 0.184 seconds
[2024-12-25T13:11:33.910+0000] {processor.py:186} INFO - Started process (PID=175) to work on /home/airflow/.local/lib/python3.12/site-packages/airflow/example_dags/example_skip_dag.py
[2024-12-25T13:11:33.912+0000] {processor.py:914} INFO - Processing file /home/airflow/.local/lib/python3.12/site-packages/airflow/example_dags/example_skip_dag.py for tasks to queue
[2024-12-25T13:11:33.914+0000] {logging_mixin.py:190} INFO - [2024-12-25T13:11:33.914+0000] {dagbag.py:588} INFO - Filling up the DagBag from /home/airflow/.local/lib/python3.12/site-packages/airflow/example_dags/example_skip_dag.py
[2024-12-25T13:11:33.921+0000] {processor.py:925} INFO - DAG(s) 'example_skip_dag' retrieved from /home/airflow/.local/lib/python3.12/site-packages/airflow/example_dags/example_skip_dag.py
[2024-12-25T13:11:33.939+0000] {logging_mixin.py:190} INFO - [2024-12-25T13:11:33.939+0000] {dag.py:3239} INFO - Sync 1 DAGs
[2024-12-25T13:11:33.960+0000] {logging_mixin.py:190} INFO - [2024-12-25T13:11:33.959+0000] {dag.py:4180} INFO - Setting next_dagrun for example_skip_dag to 2024-12-24 00:00:00+00:00, run_after=2024-12-25 00:00:00+00:00
[2024-12-25T13:11:33.979+0000] {processor.py:208} INFO - Processing /home/airflow/.local/lib/python3.12/site-packages/airflow/example_dags/example_skip_dag.py took 0.074 seconds
[2024-12-25T13:28:51.415+0000] {processor.py:186} INFO - Started process (PID=110) to work on /home/airflow/.local/lib/python3.12/site-packages/airflow/example_dags/example_skip_dag.py
[2024-12-25T13:28:51.415+0000] {processor.py:914} INFO - Processing file /home/airflow/.local/lib/python3.12/site-packages/airflow/example_dags/example_skip_dag.py for tasks to queue
[2024-12-25T13:28:51.418+0000] {logging_mixin.py:190} INFO - [2024-12-25T13:28:51.417+0000] {dagbag.py:588} INFO - Filling up the DagBag from /home/airflow/.local/lib/python3.12/site-packages/airflow/example_dags/example_skip_dag.py
[2024-12-25T13:28:51.424+0000] {processor.py:925} INFO - DAG(s) 'example_skip_dag' retrieved from /home/airflow/.local/lib/python3.12/site-packages/airflow/example_dags/example_skip_dag.py
[2024-12-25T13:28:51.442+0000] {logging_mixin.py:190} INFO - [2024-12-25T13:28:51.442+0000] {dag.py:3239} INFO - Sync 1 DAGs
[2024-12-25T13:28:51.461+0000] {logging_mixin.py:190} INFO - [2024-12-25T13:28:51.461+0000] {dag.py:4180} INFO - Setting next_dagrun for example_skip_dag to 2024-12-24 00:00:00+00:00, run_after=2024-12-25 00:00:00+00:00
[2024-12-25T13:28:51.479+0000] {processor.py:208} INFO - Processing /home/airflow/.local/lib/python3.12/site-packages/airflow/example_dags/example_skip_dag.py took 0.069 seconds
[2024-12-25T13:29:21.811+0000] {processor.py:186} INFO - Started process (PID=173) to work on /home/airflow/.local/lib/python3.12/site-packages/airflow/example_dags/example_skip_dag.py
[2024-12-25T13:29:21.813+0000] {processor.py:914} INFO - Processing file /home/airflow/.local/lib/python3.12/site-packages/airflow/example_dags/example_skip_dag.py for tasks to queue
[2024-12-25T13:29:21.815+0000] {logging_mixin.py:190} INFO - [2024-12-25T13:29:21.815+0000] {dagbag.py:588} INFO - Filling up the DagBag from /home/airflow/.local/lib/python3.12/site-packages/airflow/example_dags/example_skip_dag.py
[2024-12-25T13:29:21.821+0000] {processor.py:925} INFO - DAG(s) 'example_skip_dag' retrieved from /home/airflow/.local/lib/python3.12/site-packages/airflow/example_dags/example_skip_dag.py
[2024-12-25T13:29:21.838+0000] {logging_mixin.py:190} INFO - [2024-12-25T13:29:21.838+0000] {dag.py:3239} INFO - Sync 1 DAGs
[2024-12-25T13:29:21.859+0000] {logging_mixin.py:190} INFO - [2024-12-25T13:29:21.859+0000] {dag.py:4180} INFO - Setting next_dagrun for example_skip_dag to 2024-12-24 00:00:00+00:00, run_after=2024-12-25 00:00:00+00:00
[2024-12-25T13:29:21.879+0000] {processor.py:208} INFO - Processing /home/airflow/.local/lib/python3.12/site-packages/airflow/example_dags/example_skip_dag.py took 0.072 seconds
[2024-12-25T13:29:52.099+0000] {processor.py:186} INFO - Started process (PID=236) to work on /home/airflow/.local/lib/python3.12/site-packages/airflow/example_dags/example_skip_dag.py
[2024-12-25T13:29:52.100+0000] {processor.py:914} INFO - Processing file /home/airflow/.local/lib/python3.12/site-packages/airflow/example_dags/example_skip_dag.py for tasks to queue
[2024-12-25T13:29:52.101+0000] {logging_mixin.py:190} INFO - [2024-12-25T13:29:52.101+0000] {dagbag.py:588} INFO - Filling up the DagBag from /home/airflow/.local/lib/python3.12/site-packages/airflow/example_dags/example_skip_dag.py
[2024-12-25T13:29:52.109+0000] {processor.py:925} INFO - DAG(s) 'example_skip_dag' retrieved from /home/airflow/.local/lib/python3.12/site-packages/airflow/example_dags/example_skip_dag.py
[2024-12-25T13:29:52.126+0000] {logging_mixin.py:190} INFO - [2024-12-25T13:29:52.126+0000] {dag.py:3239} INFO - Sync 1 DAGs
[2024-12-25T13:29:52.147+0000] {logging_mixin.py:190} INFO - [2024-12-25T13:29:52.147+0000] {dag.py:4180} INFO - Setting next_dagrun for example_skip_dag to 2024-12-24 00:00:00+00:00, run_after=2024-12-25 00:00:00+00:00
[2024-12-25T13:29:52.164+0000] {processor.py:208} INFO - Processing /home/airflow/.local/lib/python3.12/site-packages/airflow/example_dags/example_skip_dag.py took 0.070 seconds
[2024-12-25T13:30:23.501+0000] {processor.py:186} INFO - Started process (PID=300) to work on /home/airflow/.local/lib/python3.12/site-packages/airflow/example_dags/example_skip_dag.py
[2024-12-25T13:30:23.502+0000] {processor.py:914} INFO - Processing file /home/airflow/.local/lib/python3.12/site-packages/airflow/example_dags/example_skip_dag.py for tasks to queue
[2024-12-25T13:30:23.503+0000] {logging_mixin.py:190} INFO - [2024-12-25T13:30:23.503+0000] {dagbag.py:588} INFO - Filling up the DagBag from /home/airflow/.local/lib/python3.12/site-packages/airflow/example_dags/example_skip_dag.py
[2024-12-25T13:30:23.510+0000] {processor.py:925} INFO - DAG(s) 'example_skip_dag' retrieved from /home/airflow/.local/lib/python3.12/site-packages/airflow/example_dags/example_skip_dag.py
[2024-12-25T13:30:23.528+0000] {logging_mixin.py:190} INFO - [2024-12-25T13:30:23.527+0000] {dag.py:3239} INFO - Sync 1 DAGs
[2024-12-25T13:30:23.547+0000] {logging_mixin.py:190} INFO - [2024-12-25T13:30:23.547+0000] {dag.py:4180} INFO - Setting next_dagrun for example_skip_dag to 2024-12-24 00:00:00+00:00, run_after=2024-12-25 00:00:00+00:00
[2024-12-25T13:30:23.562+0000] {processor.py:208} INFO - Processing /home/airflow/.local/lib/python3.12/site-packages/airflow/example_dags/example_skip_dag.py took 0.066 seconds
[2024-12-25T13:33:37.651+0000] {processor.py:186} INFO - Started process (PID=104) to work on /home/airflow/.local/lib/python3.12/site-packages/airflow/example_dags/example_skip_dag.py
[2024-12-25T13:33:37.653+0000] {processor.py:914} INFO - Processing file /home/airflow/.local/lib/python3.12/site-packages/airflow/example_dags/example_skip_dag.py for tasks to queue
[2024-12-25T13:33:37.655+0000] {logging_mixin.py:190} INFO - [2024-12-25T13:33:37.654+0000] {dagbag.py:588} INFO - Filling up the DagBag from /home/airflow/.local/lib/python3.12/site-packages/airflow/example_dags/example_skip_dag.py
[2024-12-25T13:33:37.661+0000] {processor.py:925} INFO - DAG(s) 'example_skip_dag' retrieved from /home/airflow/.local/lib/python3.12/site-packages/airflow/example_dags/example_skip_dag.py
[2024-12-25T13:33:37.678+0000] {logging_mixin.py:190} INFO - [2024-12-25T13:33:37.678+0000] {dag.py:3239} INFO - Sync 1 DAGs
[2024-12-25T13:33:37.695+0000] {logging_mixin.py:190} INFO - [2024-12-25T13:33:37.695+0000] {dag.py:4180} INFO - Setting next_dagrun for example_skip_dag to 2024-12-24 00:00:00+00:00, run_after=2024-12-25 00:00:00+00:00
[2024-12-25T13:33:37.712+0000] {processor.py:208} INFO - Processing /home/airflow/.local/lib/python3.12/site-packages/airflow/example_dags/example_skip_dag.py took 0.065 seconds
[2024-12-25T13:34:07.925+0000] {processor.py:186} INFO - Started process (PID=167) to work on /home/airflow/.local/lib/python3.12/site-packages/airflow/example_dags/example_skip_dag.py
[2024-12-25T13:34:07.927+0000] {processor.py:914} INFO - Processing file /home/airflow/.local/lib/python3.12/site-packages/airflow/example_dags/example_skip_dag.py for tasks to queue
[2024-12-25T13:34:07.929+0000] {logging_mixin.py:190} INFO - [2024-12-25T13:34:07.929+0000] {dagbag.py:588} INFO - Filling up the DagBag from /home/airflow/.local/lib/python3.12/site-packages/airflow/example_dags/example_skip_dag.py
[2024-12-25T13:34:07.935+0000] {processor.py:925} INFO - DAG(s) 'example_skip_dag' retrieved from /home/airflow/.local/lib/python3.12/site-packages/airflow/example_dags/example_skip_dag.py
[2024-12-25T13:34:07.953+0000] {logging_mixin.py:190} INFO - [2024-12-25T13:34:07.952+0000] {dag.py:3239} INFO - Sync 1 DAGs
[2024-12-25T13:34:07.970+0000] {logging_mixin.py:190} INFO - [2024-12-25T13:34:07.970+0000] {dag.py:4180} INFO - Setting next_dagrun for example_skip_dag to 2024-12-24 00:00:00+00:00, run_after=2024-12-25 00:00:00+00:00
[2024-12-25T13:34:07.985+0000] {processor.py:208} INFO - Processing /home/airflow/.local/lib/python3.12/site-packages/airflow/example_dags/example_skip_dag.py took 0.064 seconds
