[2024-12-25T13:10:56.547+0000] {processor.py:186} INFO - Started process (PID=66) to work on /home/airflow/.local/lib/python3.12/site-packages/airflow/example_dags/example_kubernetes_executor.py
[2024-12-25T13:10:56.548+0000] {processor.py:914} INFO - Processing file /home/airflow/.local/lib/python3.12/site-packages/airflow/example_dags/example_kubernetes_executor.py for tasks to queue
[2024-12-25T13:10:56.550+0000] {logging_mixin.py:190} INFO - [2024-12-25T13:10:56.550+0000] {dagbag.py:588} INFO - Filling up the DagBag from /home/airflow/.local/lib/python3.12/site-packages/airflow/example_dags/example_kubernetes_executor.py
[2024-12-25T13:10:56.564+0000] {processor.py:925} INFO - DAG(s) 'example_kubernetes_executor' retrieved from /home/airflow/.local/lib/python3.12/site-packages/airflow/example_dags/example_kubernetes_executor.py
[2024-12-25T13:10:56.676+0000] {logging_mixin.py:190} INFO - [2024-12-25T13:10:56.675+0000] {override.py:1911} INFO - Created Permission View: can edit on DAG:example_kubernetes_executor
[2024-12-25T13:10:56.685+0000] {logging_mixin.py:190} INFO - [2024-12-25T13:10:56.685+0000] {override.py:1911} INFO - Created Permission View: can read on DAG:example_kubernetes_executor
[2024-12-25T13:10:56.691+0000] {logging_mixin.py:190} INFO - [2024-12-25T13:10:56.691+0000] {override.py:1911} INFO - Created Permission View: can delete on DAG:example_kubernetes_executor
[2024-12-25T13:10:56.699+0000] {logging_mixin.py:190} INFO - [2024-12-25T13:10:56.699+0000] {override.py:1911} INFO - Created Permission View: can create on DAG Run:example_kubernetes_executor
[2024-12-25T13:10:56.705+0000] {logging_mixin.py:190} INFO - [2024-12-25T13:10:56.705+0000] {override.py:1911} INFO - Created Permission View: menu access on DAG Run:example_kubernetes_executor
[2024-12-25T13:10:56.711+0000] {logging_mixin.py:190} INFO - [2024-12-25T13:10:56.711+0000] {override.py:1911} INFO - Created Permission View: can read on DAG Run:example_kubernetes_executor
[2024-12-25T13:10:56.717+0000] {logging_mixin.py:190} INFO - [2024-12-25T13:10:56.717+0000] {override.py:1911} INFO - Created Permission View: can delete on DAG Run:example_kubernetes_executor
[2024-12-25T13:10:56.718+0000] {logging_mixin.py:190} INFO - [2024-12-25T13:10:56.717+0000] {dag.py:3239} INFO - Sync 1 DAGs
[2024-12-25T13:10:56.729+0000] {logging_mixin.py:190} INFO - [2024-12-25T13:10:56.728+0000] {dag.py:3262} INFO - Creating ORM DAG for example_kubernetes_executor
[2024-12-25T13:10:56.729+0000] {logging_mixin.py:190} INFO - [2024-12-25T13:10:56.729+0000] {dag.py:4180} INFO - Setting next_dagrun for example_kubernetes_executor to None, run_after=None
[2024-12-25T13:10:56.743+0000] {processor.py:208} INFO - Processing /home/airflow/.local/lib/python3.12/site-packages/airflow/example_dags/example_kubernetes_executor.py took 0.200 seconds
[2024-12-25T13:11:26.917+0000] {processor.py:186} INFO - Started process (PID=136) to work on /home/airflow/.local/lib/python3.12/site-packages/airflow/example_dags/example_kubernetes_executor.py
[2024-12-25T13:11:26.918+0000] {processor.py:914} INFO - Processing file /home/airflow/.local/lib/python3.12/site-packages/airflow/example_dags/example_kubernetes_executor.py for tasks to queue
[2024-12-25T13:11:26.920+0000] {logging_mixin.py:190} INFO - [2024-12-25T13:11:26.919+0000] {dagbag.py:588} INFO - Filling up the DagBag from /home/airflow/.local/lib/python3.12/site-packages/airflow/example_dags/example_kubernetes_executor.py
[2024-12-25T13:11:26.933+0000] {processor.py:925} INFO - DAG(s) 'example_kubernetes_executor' retrieved from /home/airflow/.local/lib/python3.12/site-packages/airflow/example_dags/example_kubernetes_executor.py
[2024-12-25T13:11:26.959+0000] {logging_mixin.py:190} INFO - [2024-12-25T13:11:26.959+0000] {dag.py:3239} INFO - Sync 1 DAGs
[2024-12-25T13:11:26.976+0000] {logging_mixin.py:190} INFO - [2024-12-25T13:11:26.975+0000] {dag.py:4180} INFO - Setting next_dagrun for example_kubernetes_executor to None, run_after=None
[2024-12-25T13:11:26.994+0000] {processor.py:208} INFO - Processing /home/airflow/.local/lib/python3.12/site-packages/airflow/example_dags/example_kubernetes_executor.py took 0.083 seconds
[2024-12-25T13:28:47.256+0000] {processor.py:186} INFO - Started process (PID=71) to work on /home/airflow/.local/lib/python3.12/site-packages/airflow/example_dags/example_kubernetes_executor.py
[2024-12-25T13:28:47.257+0000] {processor.py:914} INFO - Processing file /home/airflow/.local/lib/python3.12/site-packages/airflow/example_dags/example_kubernetes_executor.py for tasks to queue
[2024-12-25T13:28:47.258+0000] {logging_mixin.py:190} INFO - [2024-12-25T13:28:47.258+0000] {dagbag.py:588} INFO - Filling up the DagBag from /home/airflow/.local/lib/python3.12/site-packages/airflow/example_dags/example_kubernetes_executor.py
[2024-12-25T13:28:47.274+0000] {processor.py:925} INFO - DAG(s) 'example_kubernetes_executor' retrieved from /home/airflow/.local/lib/python3.12/site-packages/airflow/example_dags/example_kubernetes_executor.py
[2024-12-25T13:28:47.305+0000] {logging_mixin.py:190} INFO - [2024-12-25T13:28:47.305+0000] {dag.py:3239} INFO - Sync 1 DAGs
[2024-12-25T13:28:47.318+0000] {logging_mixin.py:190} INFO - [2024-12-25T13:28:47.318+0000] {dag.py:4180} INFO - Setting next_dagrun for example_kubernetes_executor to None, run_after=None
[2024-12-25T13:28:47.336+0000] {processor.py:208} INFO - Processing /home/airflow/.local/lib/python3.12/site-packages/airflow/example_dags/example_kubernetes_executor.py took 0.085 seconds
[2024-12-25T13:29:17.651+0000] {processor.py:186} INFO - Started process (PID=135) to work on /home/airflow/.local/lib/python3.12/site-packages/airflow/example_dags/example_kubernetes_executor.py
[2024-12-25T13:29:17.652+0000] {processor.py:914} INFO - Processing file /home/airflow/.local/lib/python3.12/site-packages/airflow/example_dags/example_kubernetes_executor.py for tasks to queue
[2024-12-25T13:29:17.653+0000] {logging_mixin.py:190} INFO - [2024-12-25T13:29:17.653+0000] {dagbag.py:588} INFO - Filling up the DagBag from /home/airflow/.local/lib/python3.12/site-packages/airflow/example_dags/example_kubernetes_executor.py
[2024-12-25T13:29:17.665+0000] {processor.py:925} INFO - DAG(s) 'example_kubernetes_executor' retrieved from /home/airflow/.local/lib/python3.12/site-packages/airflow/example_dags/example_kubernetes_executor.py
[2024-12-25T13:29:17.686+0000] {logging_mixin.py:190} INFO - [2024-12-25T13:29:17.686+0000] {dag.py:3239} INFO - Sync 1 DAGs
[2024-12-25T13:29:17.699+0000] {logging_mixin.py:190} INFO - [2024-12-25T13:29:17.698+0000] {dag.py:4180} INFO - Setting next_dagrun for example_kubernetes_executor to None, run_after=None
[2024-12-25T13:29:17.726+0000] {processor.py:208} INFO - Processing /home/airflow/.local/lib/python3.12/site-packages/airflow/example_dags/example_kubernetes_executor.py took 0.080 seconds
[2024-12-25T13:29:48.505+0000] {processor.py:186} INFO - Started process (PID=199) to work on /home/airflow/.local/lib/python3.12/site-packages/airflow/example_dags/example_kubernetes_executor.py
[2024-12-25T13:29:48.505+0000] {processor.py:914} INFO - Processing file /home/airflow/.local/lib/python3.12/site-packages/airflow/example_dags/example_kubernetes_executor.py for tasks to queue
[2024-12-25T13:29:48.507+0000] {logging_mixin.py:190} INFO - [2024-12-25T13:29:48.507+0000] {dagbag.py:588} INFO - Filling up the DagBag from /home/airflow/.local/lib/python3.12/site-packages/airflow/example_dags/example_kubernetes_executor.py
[2024-12-25T13:29:48.519+0000] {processor.py:925} INFO - DAG(s) 'example_kubernetes_executor' retrieved from /home/airflow/.local/lib/python3.12/site-packages/airflow/example_dags/example_kubernetes_executor.py
[2024-12-25T13:29:48.538+0000] {logging_mixin.py:190} INFO - [2024-12-25T13:29:48.538+0000] {dag.py:3239} INFO - Sync 1 DAGs
[2024-12-25T13:29:48.550+0000] {logging_mixin.py:190} INFO - [2024-12-25T13:29:48.550+0000] {dag.py:4180} INFO - Setting next_dagrun for example_kubernetes_executor to None, run_after=None
[2024-12-25T13:29:48.566+0000] {processor.py:208} INFO - Processing /home/airflow/.local/lib/python3.12/site-packages/airflow/example_dags/example_kubernetes_executor.py took 0.066 seconds
[2024-12-25T13:30:18.883+0000] {processor.py:186} INFO - Started process (PID=263) to work on /home/airflow/.local/lib/python3.12/site-packages/airflow/example_dags/example_kubernetes_executor.py
[2024-12-25T13:30:18.884+0000] {processor.py:914} INFO - Processing file /home/airflow/.local/lib/python3.12/site-packages/airflow/example_dags/example_kubernetes_executor.py for tasks to queue
[2024-12-25T13:30:18.885+0000] {logging_mixin.py:190} INFO - [2024-12-25T13:30:18.885+0000] {dagbag.py:588} INFO - Filling up the DagBag from /home/airflow/.local/lib/python3.12/site-packages/airflow/example_dags/example_kubernetes_executor.py
[2024-12-25T13:30:18.897+0000] {processor.py:925} INFO - DAG(s) 'example_kubernetes_executor' retrieved from /home/airflow/.local/lib/python3.12/site-packages/airflow/example_dags/example_kubernetes_executor.py
[2024-12-25T13:30:18.916+0000] {logging_mixin.py:190} INFO - [2024-12-25T13:30:18.916+0000] {dag.py:3239} INFO - Sync 1 DAGs
[2024-12-25T13:30:18.928+0000] {logging_mixin.py:190} INFO - [2024-12-25T13:30:18.927+0000] {dag.py:4180} INFO - Setting next_dagrun for example_kubernetes_executor to None, run_after=None
[2024-12-25T13:30:18.943+0000] {processor.py:208} INFO - Processing /home/airflow/.local/lib/python3.12/site-packages/airflow/example_dags/example_kubernetes_executor.py took 0.065 seconds
[2024-12-25T13:33:34.457+0000] {processor.py:186} INFO - Started process (PID=59) to work on /home/airflow/.local/lib/python3.12/site-packages/airflow/example_dags/example_kubernetes_executor.py
[2024-12-25T13:33:34.458+0000] {processor.py:914} INFO - Processing file /home/airflow/.local/lib/python3.12/site-packages/airflow/example_dags/example_kubernetes_executor.py for tasks to queue
[2024-12-25T13:33:34.460+0000] {logging_mixin.py:190} INFO - [2024-12-25T13:33:34.460+0000] {dagbag.py:588} INFO - Filling up the DagBag from /home/airflow/.local/lib/python3.12/site-packages/airflow/example_dags/example_kubernetes_executor.py
[2024-12-25T13:33:34.472+0000] {processor.py:925} INFO - DAG(s) 'example_kubernetes_executor' retrieved from /home/airflow/.local/lib/python3.12/site-packages/airflow/example_dags/example_kubernetes_executor.py
[2024-12-25T13:33:34.499+0000] {logging_mixin.py:190} INFO - [2024-12-25T13:33:34.498+0000] {dag.py:3239} INFO - Sync 1 DAGs
[2024-12-25T13:33:34.511+0000] {logging_mixin.py:190} INFO - [2024-12-25T13:33:34.511+0000] {dag.py:4180} INFO - Setting next_dagrun for example_kubernetes_executor to None, run_after=None
[2024-12-25T13:33:34.531+0000] {processor.py:208} INFO - Processing /home/airflow/.local/lib/python3.12/site-packages/airflow/example_dags/example_kubernetes_executor.py took 0.080 seconds
[2024-12-25T13:34:04.971+0000] {processor.py:186} INFO - Started process (PID=123) to work on /home/airflow/.local/lib/python3.12/site-packages/airflow/example_dags/example_kubernetes_executor.py
[2024-12-25T13:34:04.971+0000] {processor.py:914} INFO - Processing file /home/airflow/.local/lib/python3.12/site-packages/airflow/example_dags/example_kubernetes_executor.py for tasks to queue
[2024-12-25T13:34:04.973+0000] {logging_mixin.py:190} INFO - [2024-12-25T13:34:04.973+0000] {dagbag.py:588} INFO - Filling up the DagBag from /home/airflow/.local/lib/python3.12/site-packages/airflow/example_dags/example_kubernetes_executor.py
[2024-12-25T13:34:04.984+0000] {processor.py:925} INFO - DAG(s) 'example_kubernetes_executor' retrieved from /home/airflow/.local/lib/python3.12/site-packages/airflow/example_dags/example_kubernetes_executor.py
[2024-12-25T13:34:05.003+0000] {logging_mixin.py:190} INFO - [2024-12-25T13:34:05.002+0000] {dag.py:3239} INFO - Sync 1 DAGs
[2024-12-25T13:34:05.014+0000] {logging_mixin.py:190} INFO - [2024-12-25T13:34:05.014+0000] {dag.py:4180} INFO - Setting next_dagrun for example_kubernetes_executor to None, run_after=None
[2024-12-25T13:34:05.029+0000] {processor.py:208} INFO - Processing /home/airflow/.local/lib/python3.12/site-packages/airflow/example_dags/example_kubernetes_executor.py took 0.063 seconds
