[2024-12-25T13:11:04.148+0000] {processor.py:186} INFO - Started process (PID=118) to work on /home/airflow/.local/lib/python3.12/site-packages/airflow/example_dags/example_bash_operator.py
[2024-12-25T13:11:04.149+0000] {processor.py:914} INFO - Processing file /home/airflow/.local/lib/python3.12/site-packages/airflow/example_dags/example_bash_operator.py for tasks to queue
[2024-12-25T13:11:04.152+0000] {logging_mixin.py:190} INFO - [2024-12-25T13:11:04.152+0000] {dagbag.py:588} INFO - Filling up the DagBag from /home/airflow/.local/lib/python3.12/site-packages/airflow/example_dags/example_bash_operator.py
[2024-12-25T13:11:04.166+0000] {processor.py:925} INFO - DAG(s) 'example_bash_operator' retrieved from /home/airflow/.local/lib/python3.12/site-packages/airflow/example_dags/example_bash_operator.py
[2024-12-25T13:11:04.267+0000] {logging_mixin.py:190} INFO - [2024-12-25T13:11:04.267+0000] {override.py:1911} INFO - Created Permission View: can edit on DAG:example_bash_operator
[2024-12-25T13:11:04.275+0000] {logging_mixin.py:190} INFO - [2024-12-25T13:11:04.275+0000] {override.py:1911} INFO - Created Permission View: can read on DAG:example_bash_operator
[2024-12-25T13:11:04.281+0000] {logging_mixin.py:190} INFO - [2024-12-25T13:11:04.281+0000] {override.py:1911} INFO - Created Permission View: can delete on DAG:example_bash_operator
[2024-12-25T13:11:04.289+0000] {logging_mixin.py:190} INFO - [2024-12-25T13:11:04.289+0000] {override.py:1911} INFO - Created Permission View: can create on DAG Run:example_bash_operator
[2024-12-25T13:11:04.295+0000] {logging_mixin.py:190} INFO - [2024-12-25T13:11:04.295+0000] {override.py:1911} INFO - Created Permission View: menu access on DAG Run:example_bash_operator
[2024-12-25T13:11:04.301+0000] {logging_mixin.py:190} INFO - [2024-12-25T13:11:04.301+0000] {override.py:1911} INFO - Created Permission View: can read on DAG Run:example_bash_operator
[2024-12-25T13:11:04.307+0000] {logging_mixin.py:190} INFO - [2024-12-25T13:11:04.307+0000] {override.py:1911} INFO - Created Permission View: can delete on DAG Run:example_bash_operator
[2024-12-25T13:11:04.307+0000] {logging_mixin.py:190} INFO - [2024-12-25T13:11:04.307+0000] {dag.py:3239} INFO - Sync 1 DAGs
[2024-12-25T13:11:04.320+0000] {logging_mixin.py:190} INFO - [2024-12-25T13:11:04.320+0000] {dag.py:3262} INFO - Creating ORM DAG for example_bash_operator
[2024-12-25T13:11:04.330+0000] {logging_mixin.py:190} INFO - [2024-12-25T13:11:04.330+0000] {dag.py:4180} INFO - Setting next_dagrun for example_bash_operator to 2024-12-24 00:00:00+00:00, run_after=2024-12-25 00:00:00+00:00
[2024-12-25T13:11:04.344+0000] {processor.py:208} INFO - Processing /home/airflow/.local/lib/python3.12/site-packages/airflow/example_dags/example_bash_operator.py took 0.201 seconds
[2024-12-25T13:11:34.516+0000] {processor.py:186} INFO - Started process (PID=182) to work on /home/airflow/.local/lib/python3.12/site-packages/airflow/example_dags/example_bash_operator.py
[2024-12-25T13:11:34.517+0000] {processor.py:914} INFO - Processing file /home/airflow/.local/lib/python3.12/site-packages/airflow/example_dags/example_bash_operator.py for tasks to queue
[2024-12-25T13:11:34.518+0000] {logging_mixin.py:190} INFO - [2024-12-25T13:11:34.518+0000] {dagbag.py:588} INFO - Filling up the DagBag from /home/airflow/.local/lib/python3.12/site-packages/airflow/example_dags/example_bash_operator.py
[2024-12-25T13:11:34.529+0000] {processor.py:925} INFO - DAG(s) 'example_bash_operator' retrieved from /home/airflow/.local/lib/python3.12/site-packages/airflow/example_dags/example_bash_operator.py
[2024-12-25T13:11:34.551+0000] {logging_mixin.py:190} INFO - [2024-12-25T13:11:34.550+0000] {dag.py:3239} INFO - Sync 1 DAGs
[2024-12-25T13:11:34.570+0000] {logging_mixin.py:190} INFO - [2024-12-25T13:11:34.570+0000] {dag.py:4180} INFO - Setting next_dagrun for example_bash_operator to 2024-12-24 00:00:00+00:00, run_after=2024-12-25 00:00:00+00:00
[2024-12-25T13:11:34.587+0000] {processor.py:208} INFO - Processing /home/airflow/.local/lib/python3.12/site-packages/airflow/example_dags/example_bash_operator.py took 0.076 seconds
[2024-12-25T13:28:52.040+0000] {processor.py:186} INFO - Started process (PID=117) to work on /home/airflow/.local/lib/python3.12/site-packages/airflow/example_dags/example_bash_operator.py
[2024-12-25T13:28:52.041+0000] {processor.py:914} INFO - Processing file /home/airflow/.local/lib/python3.12/site-packages/airflow/example_dags/example_bash_operator.py for tasks to queue
[2024-12-25T13:28:52.043+0000] {logging_mixin.py:190} INFO - [2024-12-25T13:28:52.043+0000] {dagbag.py:588} INFO - Filling up the DagBag from /home/airflow/.local/lib/python3.12/site-packages/airflow/example_dags/example_bash_operator.py
[2024-12-25T13:28:52.055+0000] {processor.py:925} INFO - DAG(s) 'example_bash_operator' retrieved from /home/airflow/.local/lib/python3.12/site-packages/airflow/example_dags/example_bash_operator.py
[2024-12-25T13:28:52.078+0000] {logging_mixin.py:190} INFO - [2024-12-25T13:28:52.077+0000] {dag.py:3239} INFO - Sync 1 DAGs
[2024-12-25T13:28:52.100+0000] {logging_mixin.py:190} INFO - [2024-12-25T13:28:52.100+0000] {dag.py:4180} INFO - Setting next_dagrun for example_bash_operator to 2024-12-24 00:00:00+00:00, run_after=2024-12-25 00:00:00+00:00
[2024-12-25T13:28:52.116+0000] {processor.py:208} INFO - Processing /home/airflow/.local/lib/python3.12/site-packages/airflow/example_dags/example_bash_operator.py took 0.081 seconds
[2024-12-25T13:29:22.959+0000] {processor.py:186} INFO - Started process (PID=181) to work on /home/airflow/.local/lib/python3.12/site-packages/airflow/example_dags/example_bash_operator.py
[2024-12-25T13:29:22.959+0000] {processor.py:914} INFO - Processing file /home/airflow/.local/lib/python3.12/site-packages/airflow/example_dags/example_bash_operator.py for tasks to queue
[2024-12-25T13:29:22.961+0000] {logging_mixin.py:190} INFO - [2024-12-25T13:29:22.961+0000] {dagbag.py:588} INFO - Filling up the DagBag from /home/airflow/.local/lib/python3.12/site-packages/airflow/example_dags/example_bash_operator.py
[2024-12-25T13:29:22.972+0000] {processor.py:925} INFO - DAG(s) 'example_bash_operator' retrieved from /home/airflow/.local/lib/python3.12/site-packages/airflow/example_dags/example_bash_operator.py
[2024-12-25T13:29:22.996+0000] {logging_mixin.py:190} INFO - [2024-12-25T13:29:22.996+0000] {dag.py:3239} INFO - Sync 1 DAGs
[2024-12-25T13:29:23.018+0000] {logging_mixin.py:190} INFO - [2024-12-25T13:29:23.018+0000] {dag.py:4180} INFO - Setting next_dagrun for example_bash_operator to 2024-12-24 00:00:00+00:00, run_after=2024-12-25 00:00:00+00:00
[2024-12-25T13:29:23.032+0000] {processor.py:208} INFO - Processing /home/airflow/.local/lib/python3.12/site-packages/airflow/example_dags/example_bash_operator.py took 0.078 seconds
[2024-12-25T13:29:53.237+0000] {processor.py:186} INFO - Started process (PID=245) to work on /home/airflow/.local/lib/python3.12/site-packages/airflow/example_dags/example_bash_operator.py
[2024-12-25T13:29:53.239+0000] {processor.py:914} INFO - Processing file /home/airflow/.local/lib/python3.12/site-packages/airflow/example_dags/example_bash_operator.py for tasks to queue
[2024-12-25T13:29:53.241+0000] {logging_mixin.py:190} INFO - [2024-12-25T13:29:53.241+0000] {dagbag.py:588} INFO - Filling up the DagBag from /home/airflow/.local/lib/python3.12/site-packages/airflow/example_dags/example_bash_operator.py
[2024-12-25T13:29:53.251+0000] {processor.py:925} INFO - DAG(s) 'example_bash_operator' retrieved from /home/airflow/.local/lib/python3.12/site-packages/airflow/example_dags/example_bash_operator.py
[2024-12-25T13:29:53.273+0000] {logging_mixin.py:190} INFO - [2024-12-25T13:29:53.273+0000] {dag.py:3239} INFO - Sync 1 DAGs
[2024-12-25T13:29:53.292+0000] {logging_mixin.py:190} INFO - [2024-12-25T13:29:53.292+0000] {dag.py:4180} INFO - Setting next_dagrun for example_bash_operator to 2024-12-24 00:00:00+00:00, run_after=2024-12-25 00:00:00+00:00
[2024-12-25T13:29:53.310+0000] {processor.py:208} INFO - Processing /home/airflow/.local/lib/python3.12/site-packages/airflow/example_dags/example_bash_operator.py took 0.078 seconds
[2024-12-25T13:30:24.467+0000] {processor.py:186} INFO - Started process (PID=309) to work on /home/airflow/.local/lib/python3.12/site-packages/airflow/example_dags/example_bash_operator.py
[2024-12-25T13:30:24.468+0000] {processor.py:914} INFO - Processing file /home/airflow/.local/lib/python3.12/site-packages/airflow/example_dags/example_bash_operator.py for tasks to queue
[2024-12-25T13:30:24.469+0000] {logging_mixin.py:190} INFO - [2024-12-25T13:30:24.469+0000] {dagbag.py:588} INFO - Filling up the DagBag from /home/airflow/.local/lib/python3.12/site-packages/airflow/example_dags/example_bash_operator.py
[2024-12-25T13:30:24.481+0000] {processor.py:925} INFO - DAG(s) 'example_bash_operator' retrieved from /home/airflow/.local/lib/python3.12/site-packages/airflow/example_dags/example_bash_operator.py
[2024-12-25T13:30:24.503+0000] {logging_mixin.py:190} INFO - [2024-12-25T13:30:24.503+0000] {dag.py:3239} INFO - Sync 1 DAGs
[2024-12-25T13:30:24.524+0000] {logging_mixin.py:190} INFO - [2024-12-25T13:30:24.524+0000] {dag.py:4180} INFO - Setting next_dagrun for example_bash_operator to 2024-12-24 00:00:00+00:00, run_after=2024-12-25 00:00:00+00:00
[2024-12-25T13:30:24.539+0000] {processor.py:208} INFO - Processing /home/airflow/.local/lib/python3.12/site-packages/airflow/example_dags/example_bash_operator.py took 0.077 seconds
[2024-12-25T13:33:38.332+0000] {processor.py:186} INFO - Started process (PID=111) to work on /home/airflow/.local/lib/python3.12/site-packages/airflow/example_dags/example_bash_operator.py
[2024-12-25T13:33:38.332+0000] {processor.py:914} INFO - Processing file /home/airflow/.local/lib/python3.12/site-packages/airflow/example_dags/example_bash_operator.py for tasks to queue
[2024-12-25T13:33:38.334+0000] {logging_mixin.py:190} INFO - [2024-12-25T13:33:38.334+0000] {dagbag.py:588} INFO - Filling up the DagBag from /home/airflow/.local/lib/python3.12/site-packages/airflow/example_dags/example_bash_operator.py
[2024-12-25T13:33:38.344+0000] {processor.py:925} INFO - DAG(s) 'example_bash_operator' retrieved from /home/airflow/.local/lib/python3.12/site-packages/airflow/example_dags/example_bash_operator.py
[2024-12-25T13:33:38.366+0000] {logging_mixin.py:190} INFO - [2024-12-25T13:33:38.365+0000] {dag.py:3239} INFO - Sync 1 DAGs
[2024-12-25T13:33:38.385+0000] {logging_mixin.py:190} INFO - [2024-12-25T13:33:38.385+0000] {dag.py:4180} INFO - Setting next_dagrun for example_bash_operator to 2024-12-24 00:00:00+00:00, run_after=2024-12-25 00:00:00+00:00
[2024-12-25T13:33:38.400+0000] {processor.py:208} INFO - Processing /home/airflow/.local/lib/python3.12/site-packages/airflow/example_dags/example_bash_operator.py took 0.073 seconds
[2024-12-25T13:34:08.747+0000] {processor.py:186} INFO - Started process (PID=175) to work on /home/airflow/.local/lib/python3.12/site-packages/airflow/example_dags/example_bash_operator.py
[2024-12-25T13:34:08.747+0000] {processor.py:914} INFO - Processing file /home/airflow/.local/lib/python3.12/site-packages/airflow/example_dags/example_bash_operator.py for tasks to queue
[2024-12-25T13:34:08.749+0000] {logging_mixin.py:190} INFO - [2024-12-25T13:34:08.749+0000] {dagbag.py:588} INFO - Filling up the DagBag from /home/airflow/.local/lib/python3.12/site-packages/airflow/example_dags/example_bash_operator.py
[2024-12-25T13:34:08.760+0000] {processor.py:925} INFO - DAG(s) 'example_bash_operator' retrieved from /home/airflow/.local/lib/python3.12/site-packages/airflow/example_dags/example_bash_operator.py
[2024-12-25T13:34:08.783+0000] {logging_mixin.py:190} INFO - [2024-12-25T13:34:08.783+0000] {dag.py:3239} INFO - Sync 1 DAGs
[2024-12-25T13:34:08.803+0000] {logging_mixin.py:190} INFO - [2024-12-25T13:34:08.803+0000] {dag.py:4180} INFO - Setting next_dagrun for example_bash_operator to 2024-12-24 00:00:00+00:00, run_after=2024-12-25 00:00:00+00:00
[2024-12-25T13:34:08.822+0000] {processor.py:208} INFO - Processing /home/airflow/.local/lib/python3.12/site-packages/airflow/example_dags/example_bash_operator.py took 0.080 seconds
