[2024-12-25T13:11:01.190+0000] {processor.py:186} INFO - Started process (PID=97) to work on /home/airflow/.local/lib/python3.12/site-packages/airflow/example_dags/example_python_operator.py
[2024-12-25T13:11:01.191+0000] {processor.py:914} INFO - Processing file /home/airflow/.local/lib/python3.12/site-packages/airflow/example_dags/example_python_operator.py for tasks to queue
[2024-12-25T13:11:01.193+0000] {logging_mixin.py:190} INFO - [2024-12-25T13:11:01.193+0000] {dagbag.py:588} INFO - Filling up the DagBag from /home/airflow/.local/lib/python3.12/site-packages/airflow/example_dags/example_python_operator.py
[2024-12-25T13:11:01.207+0000] {processor.py:925} INFO - DAG(s) 'example_python_operator' retrieved from /home/airflow/.local/lib/python3.12/site-packages/airflow/example_dags/example_python_operator.py
[2024-12-25T13:11:01.307+0000] {logging_mixin.py:190} INFO - [2024-12-25T13:11:01.306+0000] {override.py:1911} INFO - Created Permission View: can edit on DAG:example_python_operator
[2024-12-25T13:11:01.317+0000] {logging_mixin.py:190} INFO - [2024-12-25T13:11:01.316+0000] {override.py:1911} INFO - Created Permission View: can read on DAG:example_python_operator
[2024-12-25T13:11:01.322+0000] {logging_mixin.py:190} INFO - [2024-12-25T13:11:01.322+0000] {override.py:1911} INFO - Created Permission View: can delete on DAG:example_python_operator
[2024-12-25T13:11:01.334+0000] {logging_mixin.py:190} INFO - [2024-12-25T13:11:01.334+0000] {override.py:1911} INFO - Created Permission View: can create on DAG Run:example_python_operator
[2024-12-25T13:11:01.340+0000] {logging_mixin.py:190} INFO - [2024-12-25T13:11:01.340+0000] {override.py:1911} INFO - Created Permission View: menu access on DAG Run:example_python_operator
[2024-12-25T13:11:01.346+0000] {logging_mixin.py:190} INFO - [2024-12-25T13:11:01.346+0000] {override.py:1911} INFO - Created Permission View: can read on DAG Run:example_python_operator
[2024-12-25T13:11:01.352+0000] {logging_mixin.py:190} INFO - [2024-12-25T13:11:01.352+0000] {override.py:1911} INFO - Created Permission View: can delete on DAG Run:example_python_operator
[2024-12-25T13:11:01.353+0000] {logging_mixin.py:190} INFO - [2024-12-25T13:11:01.352+0000] {dag.py:3239} INFO - Sync 1 DAGs
[2024-12-25T13:11:01.369+0000] {logging_mixin.py:190} INFO - [2024-12-25T13:11:01.368+0000] {dag.py:3262} INFO - Creating ORM DAG for example_python_operator
[2024-12-25T13:11:01.370+0000] {logging_mixin.py:190} INFO - [2024-12-25T13:11:01.370+0000] {dag.py:4180} INFO - Setting next_dagrun for example_python_operator to None, run_after=None
[2024-12-25T13:11:01.388+0000] {processor.py:208} INFO - Processing /home/airflow/.local/lib/python3.12/site-packages/airflow/example_dags/example_python_operator.py took 0.204 seconds
[2024-12-25T13:11:31.950+0000] {processor.py:186} INFO - Started process (PID=161) to work on /home/airflow/.local/lib/python3.12/site-packages/airflow/example_dags/example_python_operator.py
[2024-12-25T13:11:31.952+0000] {processor.py:914} INFO - Processing file /home/airflow/.local/lib/python3.12/site-packages/airflow/example_dags/example_python_operator.py for tasks to queue
[2024-12-25T13:11:31.954+0000] {logging_mixin.py:190} INFO - [2024-12-25T13:11:31.953+0000] {dagbag.py:588} INFO - Filling up the DagBag from /home/airflow/.local/lib/python3.12/site-packages/airflow/example_dags/example_python_operator.py
[2024-12-25T13:11:31.965+0000] {processor.py:925} INFO - DAG(s) 'example_python_operator' retrieved from /home/airflow/.local/lib/python3.12/site-packages/airflow/example_dags/example_python_operator.py
[2024-12-25T13:11:31.983+0000] {logging_mixin.py:190} INFO - [2024-12-25T13:11:31.983+0000] {dag.py:3239} INFO - Sync 1 DAGs
[2024-12-25T13:11:31.994+0000] {logging_mixin.py:190} INFO - [2024-12-25T13:11:31.994+0000] {dag.py:4180} INFO - Setting next_dagrun for example_python_operator to None, run_after=None
[2024-12-25T13:11:32.010+0000] {processor.py:208} INFO - Processing /home/airflow/.local/lib/python3.12/site-packages/airflow/example_dags/example_python_operator.py took 0.066 seconds
[2024-12-25T13:28:50.213+0000] {processor.py:186} INFO - Started process (PID=96) to work on /home/airflow/.local/lib/python3.12/site-packages/airflow/example_dags/example_python_operator.py
[2024-12-25T13:28:50.214+0000] {processor.py:914} INFO - Processing file /home/airflow/.local/lib/python3.12/site-packages/airflow/example_dags/example_python_operator.py for tasks to queue
[2024-12-25T13:28:50.216+0000] {logging_mixin.py:190} INFO - [2024-12-25T13:28:50.215+0000] {dagbag.py:588} INFO - Filling up the DagBag from /home/airflow/.local/lib/python3.12/site-packages/airflow/example_dags/example_python_operator.py
[2024-12-25T13:28:50.226+0000] {processor.py:925} INFO - DAG(s) 'example_python_operator' retrieved from /home/airflow/.local/lib/python3.12/site-packages/airflow/example_dags/example_python_operator.py
[2024-12-25T13:28:50.318+0000] {logging_mixin.py:190} INFO - [2024-12-25T13:28:50.318+0000] {dag.py:3239} INFO - Sync 1 DAGs
[2024-12-25T13:28:50.328+0000] {logging_mixin.py:190} INFO - [2024-12-25T13:28:50.328+0000] {dag.py:4180} INFO - Setting next_dagrun for example_python_operator to None, run_after=None
[2024-12-25T13:28:50.353+0000] {processor.py:208} INFO - Processing /home/airflow/.local/lib/python3.12/site-packages/airflow/example_dags/example_python_operator.py took 0.144 seconds
[2024-12-25T13:29:20.885+0000] {processor.py:186} INFO - Started process (PID=160) to work on /home/airflow/.local/lib/python3.12/site-packages/airflow/example_dags/example_python_operator.py
[2024-12-25T13:29:20.886+0000] {processor.py:914} INFO - Processing file /home/airflow/.local/lib/python3.12/site-packages/airflow/example_dags/example_python_operator.py for tasks to queue
[2024-12-25T13:29:20.888+0000] {logging_mixin.py:190} INFO - [2024-12-25T13:29:20.887+0000] {dagbag.py:588} INFO - Filling up the DagBag from /home/airflow/.local/lib/python3.12/site-packages/airflow/example_dags/example_python_operator.py
[2024-12-25T13:29:20.898+0000] {processor.py:925} INFO - DAG(s) 'example_python_operator' retrieved from /home/airflow/.local/lib/python3.12/site-packages/airflow/example_dags/example_python_operator.py
[2024-12-25T13:29:20.916+0000] {logging_mixin.py:190} INFO - [2024-12-25T13:29:20.916+0000] {dag.py:3239} INFO - Sync 1 DAGs
[2024-12-25T13:29:20.928+0000] {logging_mixin.py:190} INFO - [2024-12-25T13:29:20.927+0000] {dag.py:4180} INFO - Setting next_dagrun for example_python_operator to None, run_after=None
[2024-12-25T13:29:20.945+0000] {processor.py:208} INFO - Processing /home/airflow/.local/lib/python3.12/site-packages/airflow/example_dags/example_python_operator.py took 0.065 seconds
[2024-12-25T13:29:51.537+0000] {processor.py:186} INFO - Started process (PID=224) to work on /home/airflow/.local/lib/python3.12/site-packages/airflow/example_dags/example_python_operator.py
[2024-12-25T13:29:51.538+0000] {processor.py:914} INFO - Processing file /home/airflow/.local/lib/python3.12/site-packages/airflow/example_dags/example_python_operator.py for tasks to queue
[2024-12-25T13:29:51.540+0000] {logging_mixin.py:190} INFO - [2024-12-25T13:29:51.539+0000] {dagbag.py:588} INFO - Filling up the DagBag from /home/airflow/.local/lib/python3.12/site-packages/airflow/example_dags/example_python_operator.py
[2024-12-25T13:29:51.550+0000] {processor.py:925} INFO - DAG(s) 'example_python_operator' retrieved from /home/airflow/.local/lib/python3.12/site-packages/airflow/example_dags/example_python_operator.py
[2024-12-25T13:29:51.567+0000] {logging_mixin.py:190} INFO - [2024-12-25T13:29:51.566+0000] {dag.py:3239} INFO - Sync 1 DAGs
[2024-12-25T13:29:51.578+0000] {logging_mixin.py:190} INFO - [2024-12-25T13:29:51.578+0000] {dag.py:4180} INFO - Setting next_dagrun for example_python_operator to None, run_after=None
[2024-12-25T13:29:51.594+0000] {processor.py:208} INFO - Processing /home/airflow/.local/lib/python3.12/site-packages/airflow/example_dags/example_python_operator.py took 0.062 seconds
[2024-12-25T13:30:22.896+0000] {processor.py:186} INFO - Started process (PID=288) to work on /home/airflow/.local/lib/python3.12/site-packages/airflow/example_dags/example_python_operator.py
[2024-12-25T13:30:22.897+0000] {processor.py:914} INFO - Processing file /home/airflow/.local/lib/python3.12/site-packages/airflow/example_dags/example_python_operator.py for tasks to queue
[2024-12-25T13:30:22.899+0000] {logging_mixin.py:190} INFO - [2024-12-25T13:30:22.899+0000] {dagbag.py:588} INFO - Filling up the DagBag from /home/airflow/.local/lib/python3.12/site-packages/airflow/example_dags/example_python_operator.py
[2024-12-25T13:30:22.910+0000] {processor.py:925} INFO - DAG(s) 'example_python_operator' retrieved from /home/airflow/.local/lib/python3.12/site-packages/airflow/example_dags/example_python_operator.py
[2024-12-25T13:30:22.931+0000] {logging_mixin.py:190} INFO - [2024-12-25T13:30:22.930+0000] {dag.py:3239} INFO - Sync 1 DAGs
[2024-12-25T13:30:22.944+0000] {logging_mixin.py:190} INFO - [2024-12-25T13:30:22.944+0000] {dag.py:4180} INFO - Setting next_dagrun for example_python_operator to None, run_after=None
[2024-12-25T13:30:22.959+0000] {processor.py:208} INFO - Processing /home/airflow/.local/lib/python3.12/site-packages/airflow/example_dags/example_python_operator.py took 0.068 seconds
[2024-12-25T13:33:36.612+0000] {processor.py:186} INFO - Started process (PID=90) to work on /home/airflow/.local/lib/python3.12/site-packages/airflow/example_dags/example_python_operator.py
[2024-12-25T13:33:36.613+0000] {processor.py:914} INFO - Processing file /home/airflow/.local/lib/python3.12/site-packages/airflow/example_dags/example_python_operator.py for tasks to queue
[2024-12-25T13:33:36.614+0000] {logging_mixin.py:190} INFO - [2024-12-25T13:33:36.614+0000] {dagbag.py:588} INFO - Filling up the DagBag from /home/airflow/.local/lib/python3.12/site-packages/airflow/example_dags/example_python_operator.py
[2024-12-25T13:33:36.625+0000] {processor.py:925} INFO - DAG(s) 'example_python_operator' retrieved from /home/airflow/.local/lib/python3.12/site-packages/airflow/example_dags/example_python_operator.py
[2024-12-25T13:33:36.718+0000] {logging_mixin.py:190} INFO - [2024-12-25T13:33:36.717+0000] {dag.py:3239} INFO - Sync 1 DAGs
[2024-12-25T13:33:36.728+0000] {logging_mixin.py:190} INFO - [2024-12-25T13:33:36.728+0000] {dag.py:4180} INFO - Setting next_dagrun for example_python_operator to None, run_after=None
[2024-12-25T13:33:36.745+0000] {processor.py:208} INFO - Processing /home/airflow/.local/lib/python3.12/site-packages/airflow/example_dags/example_python_operator.py took 0.138 seconds
[2024-12-25T13:34:07.267+0000] {processor.py:186} INFO - Started process (PID=154) to work on /home/airflow/.local/lib/python3.12/site-packages/airflow/example_dags/example_python_operator.py
[2024-12-25T13:34:07.268+0000] {processor.py:914} INFO - Processing file /home/airflow/.local/lib/python3.12/site-packages/airflow/example_dags/example_python_operator.py for tasks to queue
[2024-12-25T13:34:07.269+0000] {logging_mixin.py:190} INFO - [2024-12-25T13:34:07.269+0000] {dagbag.py:588} INFO - Filling up the DagBag from /home/airflow/.local/lib/python3.12/site-packages/airflow/example_dags/example_python_operator.py
[2024-12-25T13:34:07.279+0000] {processor.py:925} INFO - DAG(s) 'example_python_operator' retrieved from /home/airflow/.local/lib/python3.12/site-packages/airflow/example_dags/example_python_operator.py
[2024-12-25T13:34:07.296+0000] {logging_mixin.py:190} INFO - [2024-12-25T13:34:07.295+0000] {dag.py:3239} INFO - Sync 1 DAGs
[2024-12-25T13:34:07.308+0000] {logging_mixin.py:190} INFO - [2024-12-25T13:34:07.308+0000] {dag.py:4180} INFO - Setting next_dagrun for example_python_operator to None, run_after=None
[2024-12-25T13:34:07.323+0000] {processor.py:208} INFO - Processing /home/airflow/.local/lib/python3.12/site-packages/airflow/example_dags/example_python_operator.py took 0.061 seconds
