[2024-12-25T13:11:03.023+0000] {processor.py:186} INFO - Started process (PID=110) to work on /home/airflow/.local/lib/python3.12/site-packages/airflow/example_dags/example_inlet_event_extra.py
[2024-12-25T13:11:03.024+0000] {processor.py:914} INFO - Processing file /home/airflow/.local/lib/python3.12/site-packages/airflow/example_dags/example_inlet_event_extra.py for tasks to queue
[2024-12-25T13:11:03.026+0000] {logging_mixin.py:190} INFO - [2024-12-25T13:11:03.025+0000] {dagbag.py:588} INFO - Filling up the DagBag from /home/airflow/.local/lib/python3.12/site-packages/airflow/example_dags/example_inlet_event_extra.py
[2024-12-25T13:11:03.534+0000] {processor.py:925} INFO - DAG(s) 'read_dataset_event', 'read_dataset_event_from_classic' retrieved from /home/airflow/.local/lib/python3.12/site-packages/airflow/example_dags/example_inlet_event_extra.py
[2024-12-25T13:11:03.619+0000] {logging_mixin.py:190} INFO - [2024-12-25T13:11:03.619+0000] {override.py:1911} INFO - Created Permission View: can edit on DAG:read_dataset_event
[2024-12-25T13:11:03.629+0000] {logging_mixin.py:190} INFO - [2024-12-25T13:11:03.629+0000] {override.py:1911} INFO - Created Permission View: can read on DAG:read_dataset_event
[2024-12-25T13:11:03.635+0000] {logging_mixin.py:190} INFO - [2024-12-25T13:11:03.635+0000] {override.py:1911} INFO - Created Permission View: can delete on DAG:read_dataset_event
[2024-12-25T13:11:03.643+0000] {logging_mixin.py:190} INFO - [2024-12-25T13:11:03.643+0000] {override.py:1911} INFO - Created Permission View: can create on DAG Run:read_dataset_event
[2024-12-25T13:11:03.649+0000] {logging_mixin.py:190} INFO - [2024-12-25T13:11:03.649+0000] {override.py:1911} INFO - Created Permission View: menu access on DAG Run:read_dataset_event
[2024-12-25T13:11:03.655+0000] {logging_mixin.py:190} INFO - [2024-12-25T13:11:03.655+0000] {override.py:1911} INFO - Created Permission View: can read on DAG Run:read_dataset_event
[2024-12-25T13:11:03.663+0000] {logging_mixin.py:190} INFO - [2024-12-25T13:11:03.663+0000] {override.py:1911} INFO - Created Permission View: can delete on DAG Run:read_dataset_event
[2024-12-25T13:11:03.675+0000] {logging_mixin.py:190} INFO - [2024-12-25T13:11:03.675+0000] {override.py:1911} INFO - Created Permission View: can edit on DAG:read_dataset_event_from_classic
[2024-12-25T13:11:03.681+0000] {logging_mixin.py:190} INFO - [2024-12-25T13:11:03.681+0000] {override.py:1911} INFO - Created Permission View: can read on DAG:read_dataset_event_from_classic
[2024-12-25T13:11:03.687+0000] {logging_mixin.py:190} INFO - [2024-12-25T13:11:03.687+0000] {override.py:1911} INFO - Created Permission View: can delete on DAG:read_dataset_event_from_classic
[2024-12-25T13:11:03.695+0000] {logging_mixin.py:190} INFO - [2024-12-25T13:11:03.695+0000] {override.py:1911} INFO - Created Permission View: can create on DAG Run:read_dataset_event_from_classic
[2024-12-25T13:11:03.701+0000] {logging_mixin.py:190} INFO - [2024-12-25T13:11:03.701+0000] {override.py:1911} INFO - Created Permission View: menu access on DAG Run:read_dataset_event_from_classic
[2024-12-25T13:11:03.707+0000] {logging_mixin.py:190} INFO - [2024-12-25T13:11:03.707+0000] {override.py:1911} INFO - Created Permission View: can read on DAG Run:read_dataset_event_from_classic
[2024-12-25T13:11:03.713+0000] {logging_mixin.py:190} INFO - [2024-12-25T13:11:03.713+0000] {override.py:1911} INFO - Created Permission View: can delete on DAG Run:read_dataset_event_from_classic
[2024-12-25T13:11:03.714+0000] {logging_mixin.py:190} INFO - [2024-12-25T13:11:03.713+0000] {dag.py:3239} INFO - Sync 2 DAGs
[2024-12-25T13:11:03.726+0000] {logging_mixin.py:190} INFO - [2024-12-25T13:11:03.725+0000] {dag.py:3262} INFO - Creating ORM DAG for read_dataset_event_from_classic
[2024-12-25T13:11:03.726+0000] {logging_mixin.py:190} INFO - [2024-12-25T13:11:03.726+0000] {dag.py:3262} INFO - Creating ORM DAG for read_dataset_event
[2024-12-25T13:11:03.735+0000] {logging_mixin.py:190} INFO - [2024-12-25T13:11:03.735+0000] {dag.py:4180} INFO - Setting next_dagrun for read_dataset_event to 2024-12-24 00:00:00+00:00, run_after=2024-12-25 00:00:00+00:00
[2024-12-25T13:11:03.737+0000] {logging_mixin.py:190} INFO - [2024-12-25T13:11:03.737+0000] {dag.py:4180} INFO - Setting next_dagrun for read_dataset_event_from_classic to 2024-12-24 00:00:00+00:00, run_after=2024-12-25 00:00:00+00:00
[2024-12-25T13:11:03.753+0000] {processor.py:208} INFO - Processing /home/airflow/.local/lib/python3.12/site-packages/airflow/example_dags/example_inlet_event_extra.py took 0.735 seconds
[2024-12-25T13:11:33.861+0000] {processor.py:186} INFO - Started process (PID=174) to work on /home/airflow/.local/lib/python3.12/site-packages/airflow/example_dags/example_inlet_event_extra.py
[2024-12-25T13:11:33.863+0000] {processor.py:914} INFO - Processing file /home/airflow/.local/lib/python3.12/site-packages/airflow/example_dags/example_inlet_event_extra.py for tasks to queue
[2024-12-25T13:11:33.865+0000] {logging_mixin.py:190} INFO - [2024-12-25T13:11:33.865+0000] {dagbag.py:588} INFO - Filling up the DagBag from /home/airflow/.local/lib/python3.12/site-packages/airflow/example_dags/example_inlet_event_extra.py
[2024-12-25T13:11:34.369+0000] {processor.py:925} INFO - DAG(s) 'read_dataset_event_from_classic', 'read_dataset_event' retrieved from /home/airflow/.local/lib/python3.12/site-packages/airflow/example_dags/example_inlet_event_extra.py
[2024-12-25T13:11:34.385+0000] {logging_mixin.py:190} INFO - [2024-12-25T13:11:34.385+0000] {dag.py:3239} INFO - Sync 2 DAGs
[2024-12-25T13:11:34.406+0000] {logging_mixin.py:190} INFO - [2024-12-25T13:11:34.406+0000] {dag.py:4180} INFO - Setting next_dagrun for read_dataset_event to 2024-12-24 00:00:00+00:00, run_after=2024-12-25 00:00:00+00:00
[2024-12-25T13:11:34.411+0000] {logging_mixin.py:190} INFO - [2024-12-25T13:11:34.411+0000] {dag.py:4180} INFO - Setting next_dagrun for read_dataset_event_from_classic to 2024-12-24 00:00:00+00:00, run_after=2024-12-25 00:00:00+00:00
[2024-12-25T13:11:34.427+0000] {processor.py:208} INFO - Processing /home/airflow/.local/lib/python3.12/site-packages/airflow/example_dags/example_inlet_event_extra.py took 0.572 seconds
[2024-12-25T13:28:51.306+0000] {processor.py:186} INFO - Started process (PID=109) to work on /home/airflow/.local/lib/python3.12/site-packages/airflow/example_dags/example_inlet_event_extra.py
[2024-12-25T13:28:51.306+0000] {processor.py:914} INFO - Processing file /home/airflow/.local/lib/python3.12/site-packages/airflow/example_dags/example_inlet_event_extra.py for tasks to queue
[2024-12-25T13:28:51.308+0000] {logging_mixin.py:190} INFO - [2024-12-25T13:28:51.308+0000] {dagbag.py:588} INFO - Filling up the DagBag from /home/airflow/.local/lib/python3.12/site-packages/airflow/example_dags/example_inlet_event_extra.py
[2024-12-25T13:28:51.838+0000] {processor.py:925} INFO - DAG(s) 'read_dataset_event_from_classic', 'read_dataset_event' retrieved from /home/airflow/.local/lib/python3.12/site-packages/airflow/example_dags/example_inlet_event_extra.py
[2024-12-25T13:28:51.856+0000] {logging_mixin.py:190} INFO - [2024-12-25T13:28:51.856+0000] {dag.py:3239} INFO - Sync 2 DAGs
[2024-12-25T13:28:51.879+0000] {logging_mixin.py:190} INFO - [2024-12-25T13:28:51.878+0000] {dag.py:4180} INFO - Setting next_dagrun for read_dataset_event to 2024-12-24 00:00:00+00:00, run_after=2024-12-25 00:00:00+00:00
[2024-12-25T13:28:51.884+0000] {logging_mixin.py:190} INFO - [2024-12-25T13:28:51.883+0000] {dag.py:4180} INFO - Setting next_dagrun for read_dataset_event_from_classic to 2024-12-24 00:00:00+00:00, run_after=2024-12-25 00:00:00+00:00
[2024-12-25T13:28:51.895+0000] {processor.py:208} INFO - Processing /home/airflow/.local/lib/python3.12/site-packages/airflow/example_dags/example_inlet_event_extra.py took 0.594 seconds
[2024-12-25T13:29:22.115+0000] {processor.py:186} INFO - Started process (PID=176) to work on /home/airflow/.local/lib/python3.12/site-packages/airflow/example_dags/example_inlet_event_extra.py
[2024-12-25T13:29:22.116+0000] {processor.py:914} INFO - Processing file /home/airflow/.local/lib/python3.12/site-packages/airflow/example_dags/example_inlet_event_extra.py for tasks to queue
[2024-12-25T13:29:22.118+0000] {logging_mixin.py:190} INFO - [2024-12-25T13:29:22.117+0000] {dagbag.py:588} INFO - Filling up the DagBag from /home/airflow/.local/lib/python3.12/site-packages/airflow/example_dags/example_inlet_event_extra.py
[2024-12-25T13:29:22.623+0000] {processor.py:925} INFO - DAG(s) 'read_dataset_event_from_classic', 'read_dataset_event' retrieved from /home/airflow/.local/lib/python3.12/site-packages/airflow/example_dags/example_inlet_event_extra.py
[2024-12-25T13:29:22.638+0000] {logging_mixin.py:190} INFO - [2024-12-25T13:29:22.638+0000] {dag.py:3239} INFO - Sync 2 DAGs
[2024-12-25T13:29:22.658+0000] {logging_mixin.py:190} INFO - [2024-12-25T13:29:22.658+0000] {dag.py:4180} INFO - Setting next_dagrun for read_dataset_event to 2024-12-24 00:00:00+00:00, run_after=2024-12-25 00:00:00+00:00
[2024-12-25T13:29:22.662+0000] {logging_mixin.py:190} INFO - [2024-12-25T13:29:22.662+0000] {dag.py:4180} INFO - Setting next_dagrun for read_dataset_event_from_classic to 2024-12-24 00:00:00+00:00, run_after=2024-12-25 00:00:00+00:00
[2024-12-25T13:29:22.682+0000] {processor.py:208} INFO - Processing /home/airflow/.local/lib/python3.12/site-packages/airflow/example_dags/example_inlet_event_extra.py took 0.572 seconds
[2024-12-25T13:29:52.797+0000] {processor.py:186} INFO - Started process (PID=240) to work on /home/airflow/.local/lib/python3.12/site-packages/airflow/example_dags/example_inlet_event_extra.py
[2024-12-25T13:29:52.799+0000] {processor.py:914} INFO - Processing file /home/airflow/.local/lib/python3.12/site-packages/airflow/example_dags/example_inlet_event_extra.py for tasks to queue
[2024-12-25T13:29:52.801+0000] {logging_mixin.py:190} INFO - [2024-12-25T13:29:52.801+0000] {dagbag.py:588} INFO - Filling up the DagBag from /home/airflow/.local/lib/python3.12/site-packages/airflow/example_dags/example_inlet_event_extra.py
[2024-12-25T13:29:53.301+0000] {processor.py:925} INFO - DAG(s) 'read_dataset_event', 'read_dataset_event_from_classic' retrieved from /home/airflow/.local/lib/python3.12/site-packages/airflow/example_dags/example_inlet_event_extra.py
[2024-12-25T13:29:53.318+0000] {logging_mixin.py:190} INFO - [2024-12-25T13:29:53.318+0000] {dag.py:3239} INFO - Sync 2 DAGs
[2024-12-25T13:29:53.339+0000] {logging_mixin.py:190} INFO - [2024-12-25T13:29:53.339+0000] {dag.py:4180} INFO - Setting next_dagrun for read_dataset_event to 2024-12-24 00:00:00+00:00, run_after=2024-12-25 00:00:00+00:00
[2024-12-25T13:29:53.343+0000] {logging_mixin.py:190} INFO - [2024-12-25T13:29:53.343+0000] {dag.py:4180} INFO - Setting next_dagrun for read_dataset_event_from_classic to 2024-12-24 00:00:00+00:00, run_after=2024-12-25 00:00:00+00:00
[2024-12-25T13:29:53.355+0000] {processor.py:208} INFO - Processing /home/airflow/.local/lib/python3.12/site-packages/airflow/example_dags/example_inlet_event_extra.py took 0.563 seconds
[2024-12-25T13:30:23.679+0000] {processor.py:186} INFO - Started process (PID=304) to work on /home/airflow/.local/lib/python3.12/site-packages/airflow/example_dags/example_inlet_event_extra.py
[2024-12-25T13:30:23.681+0000] {processor.py:914} INFO - Processing file /home/airflow/.local/lib/python3.12/site-packages/airflow/example_dags/example_inlet_event_extra.py for tasks to queue
[2024-12-25T13:30:23.683+0000] {logging_mixin.py:190} INFO - [2024-12-25T13:30:23.682+0000] {dagbag.py:588} INFO - Filling up the DagBag from /home/airflow/.local/lib/python3.12/site-packages/airflow/example_dags/example_inlet_event_extra.py
[2024-12-25T13:30:24.210+0000] {processor.py:925} INFO - DAG(s) 'read_dataset_event', 'read_dataset_event_from_classic' retrieved from /home/airflow/.local/lib/python3.12/site-packages/airflow/example_dags/example_inlet_event_extra.py
[2024-12-25T13:30:24.226+0000] {logging_mixin.py:190} INFO - [2024-12-25T13:30:24.226+0000] {dag.py:3239} INFO - Sync 2 DAGs
[2024-12-25T13:30:24.247+0000] {logging_mixin.py:190} INFO - [2024-12-25T13:30:24.247+0000] {dag.py:4180} INFO - Setting next_dagrun for read_dataset_event to 2024-12-24 00:00:00+00:00, run_after=2024-12-25 00:00:00+00:00
[2024-12-25T13:30:24.251+0000] {logging_mixin.py:190} INFO - [2024-12-25T13:30:24.251+0000] {dag.py:4180} INFO - Setting next_dagrun for read_dataset_event_from_classic to 2024-12-24 00:00:00+00:00, run_after=2024-12-25 00:00:00+00:00
[2024-12-25T13:30:24.267+0000] {processor.py:208} INFO - Processing /home/airflow/.local/lib/python3.12/site-packages/airflow/example_dags/example_inlet_event_extra.py took 0.592 seconds
[2024-12-25T13:33:37.502+0000] {processor.py:186} INFO - Started process (PID=103) to work on /home/airflow/.local/lib/python3.12/site-packages/airflow/example_dags/example_inlet_event_extra.py
[2024-12-25T13:33:37.502+0000] {processor.py:914} INFO - Processing file /home/airflow/.local/lib/python3.12/site-packages/airflow/example_dags/example_inlet_event_extra.py for tasks to queue
[2024-12-25T13:33:37.504+0000] {logging_mixin.py:190} INFO - [2024-12-25T13:33:37.504+0000] {dagbag.py:588} INFO - Filling up the DagBag from /home/airflow/.local/lib/python3.12/site-packages/airflow/example_dags/example_inlet_event_extra.py
[2024-12-25T13:33:38.001+0000] {processor.py:925} INFO - DAG(s) 'read_dataset_event', 'read_dataset_event_from_classic' retrieved from /home/airflow/.local/lib/python3.12/site-packages/airflow/example_dags/example_inlet_event_extra.py
[2024-12-25T13:33:38.017+0000] {logging_mixin.py:190} INFO - [2024-12-25T13:33:38.016+0000] {dag.py:3239} INFO - Sync 2 DAGs
[2024-12-25T13:33:38.036+0000] {logging_mixin.py:190} INFO - [2024-12-25T13:33:38.036+0000] {dag.py:4180} INFO - Setting next_dagrun for read_dataset_event to 2024-12-24 00:00:00+00:00, run_after=2024-12-25 00:00:00+00:00
[2024-12-25T13:33:38.040+0000] {logging_mixin.py:190} INFO - [2024-12-25T13:33:38.040+0000] {dag.py:4180} INFO - Setting next_dagrun for read_dataset_event_from_classic to 2024-12-24 00:00:00+00:00, run_after=2024-12-25 00:00:00+00:00
[2024-12-25T13:33:38.055+0000] {processor.py:208} INFO - Processing /home/airflow/.local/lib/python3.12/site-packages/airflow/example_dags/example_inlet_event_extra.py took 0.557 seconds
[2024-12-25T13:34:08.096+0000] {processor.py:186} INFO - Started process (PID=169) to work on /home/airflow/.local/lib/python3.12/site-packages/airflow/example_dags/example_inlet_event_extra.py
[2024-12-25T13:34:08.098+0000] {processor.py:914} INFO - Processing file /home/airflow/.local/lib/python3.12/site-packages/airflow/example_dags/example_inlet_event_extra.py for tasks to queue
[2024-12-25T13:34:08.100+0000] {logging_mixin.py:190} INFO - [2024-12-25T13:34:08.099+0000] {dagbag.py:588} INFO - Filling up the DagBag from /home/airflow/.local/lib/python3.12/site-packages/airflow/example_dags/example_inlet_event_extra.py
[2024-12-25T13:34:08.598+0000] {processor.py:925} INFO - DAG(s) 'read_dataset_event', 'read_dataset_event_from_classic' retrieved from /home/airflow/.local/lib/python3.12/site-packages/airflow/example_dags/example_inlet_event_extra.py
[2024-12-25T13:34:08.614+0000] {logging_mixin.py:190} INFO - [2024-12-25T13:34:08.614+0000] {dag.py:3239} INFO - Sync 2 DAGs
[2024-12-25T13:34:08.635+0000] {logging_mixin.py:190} INFO - [2024-12-25T13:34:08.635+0000] {dag.py:4180} INFO - Setting next_dagrun for read_dataset_event to 2024-12-24 00:00:00+00:00, run_after=2024-12-25 00:00:00+00:00
[2024-12-25T13:34:08.640+0000] {logging_mixin.py:190} INFO - [2024-12-25T13:34:08.639+0000] {dag.py:4180} INFO - Setting next_dagrun for read_dataset_event_from_classic to 2024-12-24 00:00:00+00:00, run_after=2024-12-25 00:00:00+00:00
[2024-12-25T13:34:08.654+0000] {processor.py:208} INFO - Processing /home/airflow/.local/lib/python3.12/site-packages/airflow/example_dags/example_inlet_event_extra.py took 0.562 seconds
