[2024-12-25T13:10:57.684+0000] {processor.py:186} INFO - Started process (PID=78) to work on /home/airflow/.local/lib/python3.12/site-packages/airflow/example_dags/example_display_name.py
[2024-12-25T13:10:57.684+0000] {processor.py:914} INFO - Processing file /home/airflow/.local/lib/python3.12/site-packages/airflow/example_dags/example_display_name.py for tasks to queue
[2024-12-25T13:10:57.686+0000] {logging_mixin.py:190} INFO - [2024-12-25T13:10:57.686+0000] {dagbag.py:588} INFO - Filling up the DagBag from /home/airflow/.local/lib/python3.12/site-packages/airflow/example_dags/example_display_name.py
[2024-12-25T13:10:57.693+0000] {processor.py:925} INFO - DAG(s) 'example_display_name' retrieved from /home/airflow/.local/lib/python3.12/site-packages/airflow/example_dags/example_display_name.py
[2024-12-25T13:10:57.796+0000] {logging_mixin.py:190} INFO - [2024-12-25T13:10:57.795+0000] {override.py:1911} INFO - Created Permission View: can edit on DAG:example_display_name
[2024-12-25T13:10:57.805+0000] {logging_mixin.py:190} INFO - [2024-12-25T13:10:57.805+0000] {override.py:1911} INFO - Created Permission View: can read on DAG:example_display_name
[2024-12-25T13:10:57.811+0000] {logging_mixin.py:190} INFO - [2024-12-25T13:10:57.811+0000] {override.py:1911} INFO - Created Permission View: can delete on DAG:example_display_name
[2024-12-25T13:10:57.819+0000] {logging_mixin.py:190} INFO - [2024-12-25T13:10:57.819+0000] {override.py:1911} INFO - Created Permission View: can create on DAG Run:example_display_name
[2024-12-25T13:10:57.825+0000] {logging_mixin.py:190} INFO - [2024-12-25T13:10:57.825+0000] {override.py:1911} INFO - Created Permission View: menu access on DAG Run:example_display_name
[2024-12-25T13:10:57.831+0000] {logging_mixin.py:190} INFO - [2024-12-25T13:10:57.831+0000] {override.py:1911} INFO - Created Permission View: can read on DAG Run:example_display_name
[2024-12-25T13:10:57.837+0000] {logging_mixin.py:190} INFO - [2024-12-25T13:10:57.837+0000] {override.py:1911} INFO - Created Permission View: can delete on DAG Run:example_display_name
[2024-12-25T13:10:57.837+0000] {logging_mixin.py:190} INFO - [2024-12-25T13:10:57.837+0000] {dag.py:3239} INFO - Sync 1 DAGs
[2024-12-25T13:10:57.848+0000] {logging_mixin.py:190} INFO - [2024-12-25T13:10:57.848+0000] {dag.py:3262} INFO - Creating ORM DAG for example_display_name
[2024-12-25T13:10:57.848+0000] {logging_mixin.py:190} INFO - [2024-12-25T13:10:57.848+0000] {dag.py:4180} INFO - Setting next_dagrun for example_display_name to None, run_after=None
[2024-12-25T13:10:57.862+0000] {processor.py:208} INFO - Processing /home/airflow/.local/lib/python3.12/site-packages/airflow/example_dags/example_display_name.py took 0.183 seconds
[2024-12-25T13:11:28.219+0000] {processor.py:186} INFO - Started process (PID=141) to work on /home/airflow/.local/lib/python3.12/site-packages/airflow/example_dags/example_display_name.py
[2024-12-25T13:11:28.221+0000] {processor.py:914} INFO - Processing file /home/airflow/.local/lib/python3.12/site-packages/airflow/example_dags/example_display_name.py for tasks to queue
[2024-12-25T13:11:28.223+0000] {logging_mixin.py:190} INFO - [2024-12-25T13:11:28.222+0000] {dagbag.py:588} INFO - Filling up the DagBag from /home/airflow/.local/lib/python3.12/site-packages/airflow/example_dags/example_display_name.py
[2024-12-25T13:11:28.230+0000] {processor.py:925} INFO - DAG(s) 'example_display_name' retrieved from /home/airflow/.local/lib/python3.12/site-packages/airflow/example_dags/example_display_name.py
[2024-12-25T13:11:28.247+0000] {logging_mixin.py:190} INFO - [2024-12-25T13:11:28.247+0000] {dag.py:3239} INFO - Sync 1 DAGs
[2024-12-25T13:11:28.260+0000] {logging_mixin.py:190} INFO - [2024-12-25T13:11:28.260+0000] {dag.py:4180} INFO - Setting next_dagrun for example_display_name to None, run_after=None
[2024-12-25T13:11:28.277+0000] {processor.py:208} INFO - Processing /home/airflow/.local/lib/python3.12/site-packages/airflow/example_dags/example_display_name.py took 0.063 seconds
[2024-12-25T13:28:47.761+0000] {processor.py:186} INFO - Started process (PID=77) to work on /home/airflow/.local/lib/python3.12/site-packages/airflow/example_dags/example_display_name.py
[2024-12-25T13:28:47.763+0000] {processor.py:914} INFO - Processing file /home/airflow/.local/lib/python3.12/site-packages/airflow/example_dags/example_display_name.py for tasks to queue
[2024-12-25T13:28:47.765+0000] {logging_mixin.py:190} INFO - [2024-12-25T13:28:47.765+0000] {dagbag.py:588} INFO - Filling up the DagBag from /home/airflow/.local/lib/python3.12/site-packages/airflow/example_dags/example_display_name.py
[2024-12-25T13:28:47.773+0000] {processor.py:925} INFO - DAG(s) 'example_display_name' retrieved from /home/airflow/.local/lib/python3.12/site-packages/airflow/example_dags/example_display_name.py
[2024-12-25T13:28:47.798+0000] {logging_mixin.py:190} INFO - [2024-12-25T13:28:47.797+0000] {dag.py:3239} INFO - Sync 1 DAGs
[2024-12-25T13:28:47.811+0000] {logging_mixin.py:190} INFO - [2024-12-25T13:28:47.811+0000] {dag.py:4180} INFO - Setting next_dagrun for example_display_name to None, run_after=None
[2024-12-25T13:28:47.827+0000] {processor.py:208} INFO - Processing /home/airflow/.local/lib/python3.12/site-packages/airflow/example_dags/example_display_name.py took 0.071 seconds
[2024-12-25T13:29:17.955+0000] {processor.py:186} INFO - Started process (PID=140) to work on /home/airflow/.local/lib/python3.12/site-packages/airflow/example_dags/example_display_name.py
[2024-12-25T13:29:17.955+0000] {processor.py:914} INFO - Processing file /home/airflow/.local/lib/python3.12/site-packages/airflow/example_dags/example_display_name.py for tasks to queue
[2024-12-25T13:29:17.957+0000] {logging_mixin.py:190} INFO - [2024-12-25T13:29:17.957+0000] {dagbag.py:588} INFO - Filling up the DagBag from /home/airflow/.local/lib/python3.12/site-packages/airflow/example_dags/example_display_name.py
[2024-12-25T13:29:17.964+0000] {processor.py:925} INFO - DAG(s) 'example_display_name' retrieved from /home/airflow/.local/lib/python3.12/site-packages/airflow/example_dags/example_display_name.py
[2024-12-25T13:29:17.981+0000] {logging_mixin.py:190} INFO - [2024-12-25T13:29:17.981+0000] {dag.py:3239} INFO - Sync 1 DAGs
[2024-12-25T13:29:17.995+0000] {logging_mixin.py:190} INFO - [2024-12-25T13:29:17.995+0000] {dag.py:4180} INFO - Setting next_dagrun for example_display_name to None, run_after=None
[2024-12-25T13:29:18.013+0000] {processor.py:208} INFO - Processing /home/airflow/.local/lib/python3.12/site-packages/airflow/example_dags/example_display_name.py took 0.063 seconds
[2024-12-25T13:29:48.777+0000] {processor.py:186} INFO - Started process (PID=204) to work on /home/airflow/.local/lib/python3.12/site-packages/airflow/example_dags/example_display_name.py
[2024-12-25T13:29:48.778+0000] {processor.py:914} INFO - Processing file /home/airflow/.local/lib/python3.12/site-packages/airflow/example_dags/example_display_name.py for tasks to queue
[2024-12-25T13:29:48.779+0000] {logging_mixin.py:190} INFO - [2024-12-25T13:29:48.779+0000] {dagbag.py:588} INFO - Filling up the DagBag from /home/airflow/.local/lib/python3.12/site-packages/airflow/example_dags/example_display_name.py
[2024-12-25T13:29:48.785+0000] {processor.py:925} INFO - DAG(s) 'example_display_name' retrieved from /home/airflow/.local/lib/python3.12/site-packages/airflow/example_dags/example_display_name.py
[2024-12-25T13:29:48.802+0000] {logging_mixin.py:190} INFO - [2024-12-25T13:29:48.802+0000] {dag.py:3239} INFO - Sync 1 DAGs
[2024-12-25T13:29:48.815+0000] {logging_mixin.py:190} INFO - [2024-12-25T13:29:48.815+0000] {dag.py:4180} INFO - Setting next_dagrun for example_display_name to None, run_after=None
[2024-12-25T13:29:48.832+0000] {processor.py:208} INFO - Processing /home/airflow/.local/lib/python3.12/site-packages/airflow/example_dags/example_display_name.py took 0.061 seconds
[2024-12-25T13:30:19.215+0000] {processor.py:186} INFO - Started process (PID=268) to work on /home/airflow/.local/lib/python3.12/site-packages/airflow/example_dags/example_display_name.py
[2024-12-25T13:30:19.217+0000] {processor.py:914} INFO - Processing file /home/airflow/.local/lib/python3.12/site-packages/airflow/example_dags/example_display_name.py for tasks to queue
[2024-12-25T13:30:19.219+0000] {logging_mixin.py:190} INFO - [2024-12-25T13:30:19.218+0000] {dagbag.py:588} INFO - Filling up the DagBag from /home/airflow/.local/lib/python3.12/site-packages/airflow/example_dags/example_display_name.py
[2024-12-25T13:30:19.225+0000] {processor.py:925} INFO - DAG(s) 'example_display_name' retrieved from /home/airflow/.local/lib/python3.12/site-packages/airflow/example_dags/example_display_name.py
[2024-12-25T13:30:19.241+0000] {logging_mixin.py:190} INFO - [2024-12-25T13:30:19.241+0000] {dag.py:3239} INFO - Sync 1 DAGs
[2024-12-25T13:30:19.253+0000] {logging_mixin.py:190} INFO - [2024-12-25T13:30:19.253+0000] {dag.py:4180} INFO - Setting next_dagrun for example_display_name to None, run_after=None
[2024-12-25T13:30:19.269+0000] {processor.py:208} INFO - Processing /home/airflow/.local/lib/python3.12/site-packages/airflow/example_dags/example_display_name.py took 0.059 seconds
[2024-12-25T13:33:34.922+0000] {processor.py:186} INFO - Started process (PID=65) to work on /home/airflow/.local/lib/python3.12/site-packages/airflow/example_dags/example_display_name.py
[2024-12-25T13:33:34.924+0000] {processor.py:914} INFO - Processing file /home/airflow/.local/lib/python3.12/site-packages/airflow/example_dags/example_display_name.py for tasks to queue
[2024-12-25T13:33:34.926+0000] {logging_mixin.py:190} INFO - [2024-12-25T13:33:34.926+0000] {dagbag.py:588} INFO - Filling up the DagBag from /home/airflow/.local/lib/python3.12/site-packages/airflow/example_dags/example_display_name.py
[2024-12-25T13:33:34.932+0000] {processor.py:925} INFO - DAG(s) 'example_display_name' retrieved from /home/airflow/.local/lib/python3.12/site-packages/airflow/example_dags/example_display_name.py
[2024-12-25T13:33:34.955+0000] {logging_mixin.py:190} INFO - [2024-12-25T13:33:34.955+0000] {dag.py:3239} INFO - Sync 1 DAGs
[2024-12-25T13:33:34.967+0000] {logging_mixin.py:190} INFO - [2024-12-25T13:33:34.966+0000] {dag.py:4180} INFO - Setting next_dagrun for example_display_name to None, run_after=None
[2024-12-25T13:33:34.983+0000] {processor.py:208} INFO - Processing /home/airflow/.local/lib/python3.12/site-packages/airflow/example_dags/example_display_name.py took 0.065 seconds
[2024-12-25T13:34:05.294+0000] {processor.py:186} INFO - Started process (PID=128) to work on /home/airflow/.local/lib/python3.12/site-packages/airflow/example_dags/example_display_name.py
[2024-12-25T13:34:05.294+0000] {processor.py:914} INFO - Processing file /home/airflow/.local/lib/python3.12/site-packages/airflow/example_dags/example_display_name.py for tasks to queue
[2024-12-25T13:34:05.296+0000] {logging_mixin.py:190} INFO - [2024-12-25T13:34:05.296+0000] {dagbag.py:588} INFO - Filling up the DagBag from /home/airflow/.local/lib/python3.12/site-packages/airflow/example_dags/example_display_name.py
[2024-12-25T13:34:05.302+0000] {processor.py:925} INFO - DAG(s) 'example_display_name' retrieved from /home/airflow/.local/lib/python3.12/site-packages/airflow/example_dags/example_display_name.py
[2024-12-25T13:34:05.317+0000] {logging_mixin.py:190} INFO - [2024-12-25T13:34:05.317+0000] {dag.py:3239} INFO - Sync 1 DAGs
[2024-12-25T13:34:05.328+0000] {logging_mixin.py:190} INFO - [2024-12-25T13:34:05.328+0000] {dag.py:4180} INFO - Setting next_dagrun for example_display_name to None, run_after=None
[2024-12-25T13:34:05.343+0000] {processor.py:208} INFO - Processing /home/airflow/.local/lib/python3.12/site-packages/airflow/example_dags/example_display_name.py took 0.054 seconds
