[2024-12-25T13:11:02.814+0000] {processor.py:186} INFO - Started process (PID=108) to work on /home/airflow/.local/lib/python3.12/site-packages/airflow/example_dags/example_xcom.py
[2024-12-25T13:11:02.814+0000] {processor.py:914} INFO - Processing file /home/airflow/.local/lib/python3.12/site-packages/airflow/example_dags/example_xcom.py for tasks to queue
[2024-12-25T13:11:02.816+0000] {logging_mixin.py:190} INFO - [2024-12-25T13:11:02.816+0000] {dagbag.py:588} INFO - Filling up the DagBag from /home/airflow/.local/lib/python3.12/site-packages/airflow/example_dags/example_xcom.py
[2024-12-25T13:11:02.824+0000] {processor.py:925} INFO - DAG(s) 'example_xcom' retrieved from /home/airflow/.local/lib/python3.12/site-packages/airflow/example_dags/example_xcom.py
[2024-12-25T13:11:02.919+0000] {logging_mixin.py:190} INFO - [2024-12-25T13:11:02.918+0000] {override.py:1911} INFO - Created Permission View: can edit on DAG:example_xcom
[2024-12-25T13:11:02.928+0000] {logging_mixin.py:190} INFO - [2024-12-25T13:11:02.928+0000] {override.py:1911} INFO - Created Permission View: can read on DAG:example_xcom
[2024-12-25T13:11:02.934+0000] {logging_mixin.py:190} INFO - [2024-12-25T13:11:02.934+0000] {override.py:1911} INFO - Created Permission View: can delete on DAG:example_xcom
[2024-12-25T13:11:02.942+0000] {logging_mixin.py:190} INFO - [2024-12-25T13:11:02.942+0000] {override.py:1911} INFO - Created Permission View: can create on DAG Run:example_xcom
[2024-12-25T13:11:02.948+0000] {logging_mixin.py:190} INFO - [2024-12-25T13:11:02.948+0000] {override.py:1911} INFO - Created Permission View: menu access on DAG Run:example_xcom
[2024-12-25T13:11:02.956+0000] {logging_mixin.py:190} INFO - [2024-12-25T13:11:02.956+0000] {override.py:1911} INFO - Created Permission View: can read on DAG Run:example_xcom
[2024-12-25T13:11:02.962+0000] {logging_mixin.py:190} INFO - [2024-12-25T13:11:02.962+0000] {override.py:1911} INFO - Created Permission View: can delete on DAG Run:example_xcom
[2024-12-25T13:11:02.962+0000] {logging_mixin.py:190} INFO - [2024-12-25T13:11:02.962+0000] {dag.py:3239} INFO - Sync 1 DAGs
[2024-12-25T13:11:02.975+0000] {logging_mixin.py:190} INFO - [2024-12-25T13:11:02.975+0000] {dag.py:3262} INFO - Creating ORM DAG for example_xcom
[2024-12-25T13:11:02.983+0000] {logging_mixin.py:190} INFO - [2024-12-25T13:11:02.983+0000] {dag.py:4180} INFO - Setting next_dagrun for example_xcom to 2021-01-01 00:00:00+00:00, run_after=2021-01-01 00:00:00+00:00
[2024-12-25T13:11:02.995+0000] {processor.py:208} INFO - Processing /home/airflow/.local/lib/python3.12/site-packages/airflow/example_dags/example_xcom.py took 0.186 seconds
[2024-12-25T13:11:33.632+0000] {processor.py:186} INFO - Started process (PID=172) to work on /home/airflow/.local/lib/python3.12/site-packages/airflow/example_dags/example_xcom.py
[2024-12-25T13:11:33.634+0000] {processor.py:914} INFO - Processing file /home/airflow/.local/lib/python3.12/site-packages/airflow/example_dags/example_xcom.py for tasks to queue
[2024-12-25T13:11:33.637+0000] {logging_mixin.py:190} INFO - [2024-12-25T13:11:33.636+0000] {dagbag.py:588} INFO - Filling up the DagBag from /home/airflow/.local/lib/python3.12/site-packages/airflow/example_dags/example_xcom.py
[2024-12-25T13:11:33.646+0000] {processor.py:925} INFO - DAG(s) 'example_xcom' retrieved from /home/airflow/.local/lib/python3.12/site-packages/airflow/example_dags/example_xcom.py
[2024-12-25T13:11:33.668+0000] {logging_mixin.py:190} INFO - [2024-12-25T13:11:33.668+0000] {dag.py:3239} INFO - Sync 1 DAGs
[2024-12-25T13:11:33.691+0000] {logging_mixin.py:190} INFO - [2024-12-25T13:11:33.691+0000] {dag.py:4180} INFO - Setting next_dagrun for example_xcom to 2021-01-01 00:00:00+00:00, run_after=2021-01-01 00:00:00+00:00
[2024-12-25T13:11:33.716+0000] {processor.py:208} INFO - Processing /home/airflow/.local/lib/python3.12/site-packages/airflow/example_dags/example_xcom.py took 0.090 seconds
[2024-12-25T13:28:51.164+0000] {processor.py:186} INFO - Started process (PID=107) to work on /home/airflow/.local/lib/python3.12/site-packages/airflow/example_dags/example_xcom.py
[2024-12-25T13:28:51.164+0000] {processor.py:914} INFO - Processing file /home/airflow/.local/lib/python3.12/site-packages/airflow/example_dags/example_xcom.py for tasks to queue
[2024-12-25T13:28:51.166+0000] {logging_mixin.py:190} INFO - [2024-12-25T13:28:51.166+0000] {dagbag.py:588} INFO - Filling up the DagBag from /home/airflow/.local/lib/python3.12/site-packages/airflow/example_dags/example_xcom.py
[2024-12-25T13:28:51.174+0000] {processor.py:925} INFO - DAG(s) 'example_xcom' retrieved from /home/airflow/.local/lib/python3.12/site-packages/airflow/example_dags/example_xcom.py
[2024-12-25T13:28:51.191+0000] {logging_mixin.py:190} INFO - [2024-12-25T13:28:51.191+0000] {dag.py:3239} INFO - Sync 1 DAGs
[2024-12-25T13:28:51.210+0000] {logging_mixin.py:190} INFO - [2024-12-25T13:28:51.210+0000] {dag.py:4180} INFO - Setting next_dagrun for example_xcom to 2021-01-01 00:00:00+00:00, run_after=2021-01-01 00:00:00+00:00
[2024-12-25T13:28:51.226+0000] {processor.py:208} INFO - Processing /home/airflow/.local/lib/python3.12/site-packages/airflow/example_dags/example_xcom.py took 0.068 seconds
[2024-12-25T13:29:21.639+0000] {processor.py:186} INFO - Started process (PID=171) to work on /home/airflow/.local/lib/python3.12/site-packages/airflow/example_dags/example_xcom.py
[2024-12-25T13:29:21.639+0000] {processor.py:914} INFO - Processing file /home/airflow/.local/lib/python3.12/site-packages/airflow/example_dags/example_xcom.py for tasks to queue
[2024-12-25T13:29:21.641+0000] {logging_mixin.py:190} INFO - [2024-12-25T13:29:21.641+0000] {dagbag.py:588} INFO - Filling up the DagBag from /home/airflow/.local/lib/python3.12/site-packages/airflow/example_dags/example_xcom.py
[2024-12-25T13:29:21.649+0000] {processor.py:925} INFO - DAG(s) 'example_xcom' retrieved from /home/airflow/.local/lib/python3.12/site-packages/airflow/example_dags/example_xcom.py
[2024-12-25T13:29:21.666+0000] {logging_mixin.py:190} INFO - [2024-12-25T13:29:21.665+0000] {dag.py:3239} INFO - Sync 1 DAGs
[2024-12-25T13:29:21.683+0000] {logging_mixin.py:190} INFO - [2024-12-25T13:29:21.683+0000] {dag.py:4180} INFO - Setting next_dagrun for example_xcom to 2021-01-01 00:00:00+00:00, run_after=2021-01-01 00:00:00+00:00
[2024-12-25T13:29:21.699+0000] {processor.py:208} INFO - Processing /home/airflow/.local/lib/python3.12/site-packages/airflow/example_dags/example_xcom.py took 0.065 seconds
[2024-12-25T13:29:52.009+0000] {processor.py:186} INFO - Started process (PID=234) to work on /home/airflow/.local/lib/python3.12/site-packages/airflow/example_dags/example_xcom.py
[2024-12-25T13:29:52.010+0000] {processor.py:914} INFO - Processing file /home/airflow/.local/lib/python3.12/site-packages/airflow/example_dags/example_xcom.py for tasks to queue
[2024-12-25T13:29:52.012+0000] {logging_mixin.py:190} INFO - [2024-12-25T13:29:52.011+0000] {dagbag.py:588} INFO - Filling up the DagBag from /home/airflow/.local/lib/python3.12/site-packages/airflow/example_dags/example_xcom.py
[2024-12-25T13:29:52.019+0000] {processor.py:925} INFO - DAG(s) 'example_xcom' retrieved from /home/airflow/.local/lib/python3.12/site-packages/airflow/example_dags/example_xcom.py
[2024-12-25T13:29:52.036+0000] {logging_mixin.py:190} INFO - [2024-12-25T13:29:52.036+0000] {dag.py:3239} INFO - Sync 1 DAGs
[2024-12-25T13:29:52.056+0000] {logging_mixin.py:190} INFO - [2024-12-25T13:29:52.055+0000] {dag.py:4180} INFO - Setting next_dagrun for example_xcom to 2021-01-01 00:00:00+00:00, run_after=2021-01-01 00:00:00+00:00
[2024-12-25T13:29:52.072+0000] {processor.py:208} INFO - Processing /home/airflow/.local/lib/python3.12/site-packages/airflow/example_dags/example_xcom.py took 0.067 seconds
[2024-12-25T13:30:23.408+0000] {processor.py:186} INFO - Started process (PID=298) to work on /home/airflow/.local/lib/python3.12/site-packages/airflow/example_dags/example_xcom.py
[2024-12-25T13:30:23.409+0000] {processor.py:914} INFO - Processing file /home/airflow/.local/lib/python3.12/site-packages/airflow/example_dags/example_xcom.py for tasks to queue
[2024-12-25T13:30:23.411+0000] {logging_mixin.py:190} INFO - [2024-12-25T13:30:23.411+0000] {dagbag.py:588} INFO - Filling up the DagBag from /home/airflow/.local/lib/python3.12/site-packages/airflow/example_dags/example_xcom.py
[2024-12-25T13:30:23.420+0000] {processor.py:925} INFO - DAG(s) 'example_xcom' retrieved from /home/airflow/.local/lib/python3.12/site-packages/airflow/example_dags/example_xcom.py
[2024-12-25T13:30:23.438+0000] {logging_mixin.py:190} INFO - [2024-12-25T13:30:23.438+0000] {dag.py:3239} INFO - Sync 1 DAGs
[2024-12-25T13:30:23.459+0000] {logging_mixin.py:190} INFO - [2024-12-25T13:30:23.459+0000] {dag.py:4180} INFO - Setting next_dagrun for example_xcom to 2021-01-01 00:00:00+00:00, run_after=2021-01-01 00:00:00+00:00
[2024-12-25T13:30:23.475+0000] {processor.py:208} INFO - Processing /home/airflow/.local/lib/python3.12/site-packages/airflow/example_dags/example_xcom.py took 0.072 seconds
[2024-12-25T13:33:37.417+0000] {processor.py:186} INFO - Started process (PID=101) to work on /home/airflow/.local/lib/python3.12/site-packages/airflow/example_dags/example_xcom.py
[2024-12-25T13:33:37.417+0000] {processor.py:914} INFO - Processing file /home/airflow/.local/lib/python3.12/site-packages/airflow/example_dags/example_xcom.py for tasks to queue
[2024-12-25T13:33:37.419+0000] {logging_mixin.py:190} INFO - [2024-12-25T13:33:37.419+0000] {dagbag.py:588} INFO - Filling up the DagBag from /home/airflow/.local/lib/python3.12/site-packages/airflow/example_dags/example_xcom.py
[2024-12-25T13:33:37.427+0000] {processor.py:925} INFO - DAG(s) 'example_xcom' retrieved from /home/airflow/.local/lib/python3.12/site-packages/airflow/example_dags/example_xcom.py
[2024-12-25T13:33:37.443+0000] {logging_mixin.py:190} INFO - [2024-12-25T13:33:37.443+0000] {dag.py:3239} INFO - Sync 1 DAGs
[2024-12-25T13:33:37.461+0000] {logging_mixin.py:190} INFO - [2024-12-25T13:33:37.461+0000] {dag.py:4180} INFO - Setting next_dagrun for example_xcom to 2021-01-01 00:00:00+00:00, run_after=2021-01-01 00:00:00+00:00
[2024-12-25T13:33:37.477+0000] {processor.py:208} INFO - Processing /home/airflow/.local/lib/python3.12/site-packages/airflow/example_dags/example_xcom.py took 0.065 seconds
[2024-12-25T13:34:07.754+0000] {processor.py:186} INFO - Started process (PID=165) to work on /home/airflow/.local/lib/python3.12/site-packages/airflow/example_dags/example_xcom.py
[2024-12-25T13:34:07.754+0000] {processor.py:914} INFO - Processing file /home/airflow/.local/lib/python3.12/site-packages/airflow/example_dags/example_xcom.py for tasks to queue
[2024-12-25T13:34:07.756+0000] {logging_mixin.py:190} INFO - [2024-12-25T13:34:07.756+0000] {dagbag.py:588} INFO - Filling up the DagBag from /home/airflow/.local/lib/python3.12/site-packages/airflow/example_dags/example_xcom.py
[2024-12-25T13:34:07.764+0000] {processor.py:925} INFO - DAG(s) 'example_xcom' retrieved from /home/airflow/.local/lib/python3.12/site-packages/airflow/example_dags/example_xcom.py
[2024-12-25T13:34:07.782+0000] {logging_mixin.py:190} INFO - [2024-12-25T13:34:07.782+0000] {dag.py:3239} INFO - Sync 1 DAGs
[2024-12-25T13:34:07.801+0000] {logging_mixin.py:190} INFO - [2024-12-25T13:34:07.801+0000] {dag.py:4180} INFO - Setting next_dagrun for example_xcom to 2021-01-01 00:00:00+00:00, run_after=2021-01-01 00:00:00+00:00
[2024-12-25T13:34:07.817+0000] {processor.py:208} INFO - Processing /home/airflow/.local/lib/python3.12/site-packages/airflow/example_dags/example_xcom.py took 0.070 seconds
