[2024-12-25T13:10:58.556+0000] {processor.py:186} INFO - Started process (PID=82) to work on /home/airflow/.local/lib/python3.12/site-packages/airflow/example_dags/example_nested_branch_dag.py
[2024-12-25T13:10:58.557+0000] {processor.py:914} INFO - Processing file /home/airflow/.local/lib/python3.12/site-packages/airflow/example_dags/example_nested_branch_dag.py for tasks to queue
[2024-12-25T13:10:58.560+0000] {logging_mixin.py:190} INFO - [2024-12-25T13:10:58.559+0000] {dagbag.py:588} INFO - Filling up the DagBag from /home/airflow/.local/lib/python3.12/site-packages/airflow/example_dags/example_nested_branch_dag.py
[2024-12-25T13:10:58.576+0000] {processor.py:925} INFO - DAG(s) 'example_nested_branch_dag' retrieved from /home/airflow/.local/lib/python3.12/site-packages/airflow/example_dags/example_nested_branch_dag.py
[2024-12-25T13:10:58.700+0000] {logging_mixin.py:190} INFO - [2024-12-25T13:10:58.699+0000] {override.py:1911} INFO - Created Permission View: can edit on DAG:example_nested_branch_dag
[2024-12-25T13:10:58.711+0000] {logging_mixin.py:190} INFO - [2024-12-25T13:10:58.711+0000] {override.py:1911} INFO - Created Permission View: can read on DAG:example_nested_branch_dag
[2024-12-25T13:10:58.720+0000] {logging_mixin.py:190} INFO - [2024-12-25T13:10:58.719+0000] {override.py:1911} INFO - Created Permission View: can delete on DAG:example_nested_branch_dag
[2024-12-25T13:10:58.729+0000] {logging_mixin.py:190} INFO - [2024-12-25T13:10:58.729+0000] {override.py:1911} INFO - Created Permission View: can create on DAG Run:example_nested_branch_dag
[2024-12-25T13:10:58.737+0000] {logging_mixin.py:190} INFO - [2024-12-25T13:10:58.737+0000] {override.py:1911} INFO - Created Permission View: menu access on DAG Run:example_nested_branch_dag
[2024-12-25T13:10:58.745+0000] {logging_mixin.py:190} INFO - [2024-12-25T13:10:58.745+0000] {override.py:1911} INFO - Created Permission View: can read on DAG Run:example_nested_branch_dag
[2024-12-25T13:10:58.753+0000] {logging_mixin.py:190} INFO - [2024-12-25T13:10:58.753+0000] {override.py:1911} INFO - Created Permission View: can delete on DAG Run:example_nested_branch_dag
[2024-12-25T13:10:58.754+0000] {logging_mixin.py:190} INFO - [2024-12-25T13:10:58.754+0000] {dag.py:3239} INFO - Sync 1 DAGs
[2024-12-25T13:10:58.770+0000] {logging_mixin.py:190} INFO - [2024-12-25T13:10:58.770+0000] {dag.py:3262} INFO - Creating ORM DAG for example_nested_branch_dag
[2024-12-25T13:10:58.784+0000] {logging_mixin.py:190} INFO - [2024-12-25T13:10:58.783+0000] {dag.py:4180} INFO - Setting next_dagrun for example_nested_branch_dag to 2024-12-24 00:00:00+00:00, run_after=2024-12-25 00:00:00+00:00
[2024-12-25T13:10:58.803+0000] {processor.py:208} INFO - Processing /home/airflow/.local/lib/python3.12/site-packages/airflow/example_dags/example_nested_branch_dag.py took 0.254 seconds
[2024-12-25T13:11:29.523+0000] {processor.py:186} INFO - Started process (PID=146) to work on /home/airflow/.local/lib/python3.12/site-packages/airflow/example_dags/example_nested_branch_dag.py
[2024-12-25T13:11:29.524+0000] {processor.py:914} INFO - Processing file /home/airflow/.local/lib/python3.12/site-packages/airflow/example_dags/example_nested_branch_dag.py for tasks to queue
[2024-12-25T13:11:29.526+0000] {logging_mixin.py:190} INFO - [2024-12-25T13:11:29.526+0000] {dagbag.py:588} INFO - Filling up the DagBag from /home/airflow/.local/lib/python3.12/site-packages/airflow/example_dags/example_nested_branch_dag.py
[2024-12-25T13:11:29.535+0000] {processor.py:925} INFO - DAG(s) 'example_nested_branch_dag' retrieved from /home/airflow/.local/lib/python3.12/site-packages/airflow/example_dags/example_nested_branch_dag.py
[2024-12-25T13:11:29.552+0000] {logging_mixin.py:190} INFO - [2024-12-25T13:11:29.552+0000] {dag.py:3239} INFO - Sync 1 DAGs
[2024-12-25T13:11:29.571+0000] {logging_mixin.py:190} INFO - [2024-12-25T13:11:29.571+0000] {dag.py:4180} INFO - Setting next_dagrun for example_nested_branch_dag to 2024-12-24 00:00:00+00:00, run_after=2024-12-25 00:00:00+00:00
[2024-12-25T13:11:29.589+0000] {processor.py:208} INFO - Processing /home/airflow/.local/lib/python3.12/site-packages/airflow/example_dags/example_nested_branch_dag.py took 0.071 seconds
[2024-12-25T13:28:48.186+0000] {processor.py:186} INFO - Started process (PID=81) to work on /home/airflow/.local/lib/python3.12/site-packages/airflow/example_dags/example_nested_branch_dag.py
[2024-12-25T13:28:48.188+0000] {processor.py:914} INFO - Processing file /home/airflow/.local/lib/python3.12/site-packages/airflow/example_dags/example_nested_branch_dag.py for tasks to queue
[2024-12-25T13:28:48.190+0000] {logging_mixin.py:190} INFO - [2024-12-25T13:28:48.190+0000] {dagbag.py:588} INFO - Filling up the DagBag from /home/airflow/.local/lib/python3.12/site-packages/airflow/example_dags/example_nested_branch_dag.py
[2024-12-25T13:28:48.201+0000] {processor.py:925} INFO - DAG(s) 'example_nested_branch_dag' retrieved from /home/airflow/.local/lib/python3.12/site-packages/airflow/example_dags/example_nested_branch_dag.py
[2024-12-25T13:28:48.228+0000] {logging_mixin.py:190} INFO - [2024-12-25T13:28:48.228+0000] {dag.py:3239} INFO - Sync 1 DAGs
[2024-12-25T13:28:48.251+0000] {logging_mixin.py:190} INFO - [2024-12-25T13:28:48.251+0000] {dag.py:4180} INFO - Setting next_dagrun for example_nested_branch_dag to 2024-12-24 00:00:00+00:00, run_after=2024-12-25 00:00:00+00:00
[2024-12-25T13:28:48.271+0000] {processor.py:208} INFO - Processing /home/airflow/.local/lib/python3.12/site-packages/airflow/example_dags/example_nested_branch_dag.py took 0.090 seconds
[2024-12-25T13:29:19.266+0000] {processor.py:186} INFO - Started process (PID=145) to work on /home/airflow/.local/lib/python3.12/site-packages/airflow/example_dags/example_nested_branch_dag.py
[2024-12-25T13:29:19.268+0000] {processor.py:914} INFO - Processing file /home/airflow/.local/lib/python3.12/site-packages/airflow/example_dags/example_nested_branch_dag.py for tasks to queue
[2024-12-25T13:29:19.270+0000] {logging_mixin.py:190} INFO - [2024-12-25T13:29:19.269+0000] {dagbag.py:588} INFO - Filling up the DagBag from /home/airflow/.local/lib/python3.12/site-packages/airflow/example_dags/example_nested_branch_dag.py
[2024-12-25T13:29:19.280+0000] {processor.py:925} INFO - DAG(s) 'example_nested_branch_dag' retrieved from /home/airflow/.local/lib/python3.12/site-packages/airflow/example_dags/example_nested_branch_dag.py
[2024-12-25T13:29:19.299+0000] {logging_mixin.py:190} INFO - [2024-12-25T13:29:19.298+0000] {dag.py:3239} INFO - Sync 1 DAGs
[2024-12-25T13:29:19.320+0000] {logging_mixin.py:190} INFO - [2024-12-25T13:29:19.320+0000] {dag.py:4180} INFO - Setting next_dagrun for example_nested_branch_dag to 2024-12-24 00:00:00+00:00, run_after=2024-12-25 00:00:00+00:00
[2024-12-25T13:29:19.348+0000] {processor.py:208} INFO - Processing /home/airflow/.local/lib/python3.12/site-packages/airflow/example_dags/example_nested_branch_dag.py took 0.088 seconds
[2024-12-25T13:29:50.066+0000] {processor.py:186} INFO - Started process (PID=209) to work on /home/airflow/.local/lib/python3.12/site-packages/airflow/example_dags/example_nested_branch_dag.py
[2024-12-25T13:29:50.067+0000] {processor.py:914} INFO - Processing file /home/airflow/.local/lib/python3.12/site-packages/airflow/example_dags/example_nested_branch_dag.py for tasks to queue
[2024-12-25T13:29:50.070+0000] {logging_mixin.py:190} INFO - [2024-12-25T13:29:50.070+0000] {dagbag.py:588} INFO - Filling up the DagBag from /home/airflow/.local/lib/python3.12/site-packages/airflow/example_dags/example_nested_branch_dag.py
[2024-12-25T13:29:50.081+0000] {processor.py:925} INFO - DAG(s) 'example_nested_branch_dag' retrieved from /home/airflow/.local/lib/python3.12/site-packages/airflow/example_dags/example_nested_branch_dag.py
[2024-12-25T13:29:50.100+0000] {logging_mixin.py:190} INFO - [2024-12-25T13:29:50.100+0000] {dag.py:3239} INFO - Sync 1 DAGs
[2024-12-25T13:29:50.121+0000] {logging_mixin.py:190} INFO - [2024-12-25T13:29:50.120+0000] {dag.py:4180} INFO - Setting next_dagrun for example_nested_branch_dag to 2024-12-24 00:00:00+00:00, run_after=2024-12-25 00:00:00+00:00
[2024-12-25T13:29:50.136+0000] {processor.py:208} INFO - Processing /home/airflow/.local/lib/python3.12/site-packages/airflow/example_dags/example_nested_branch_dag.py took 0.076 seconds
[2024-12-25T13:30:20.313+0000] {processor.py:186} INFO - Started process (PID=272) to work on /home/airflow/.local/lib/python3.12/site-packages/airflow/example_dags/example_nested_branch_dag.py
[2024-12-25T13:30:20.314+0000] {processor.py:914} INFO - Processing file /home/airflow/.local/lib/python3.12/site-packages/airflow/example_dags/example_nested_branch_dag.py for tasks to queue
[2024-12-25T13:30:20.315+0000] {logging_mixin.py:190} INFO - [2024-12-25T13:30:20.315+0000] {dagbag.py:588} INFO - Filling up the DagBag from /home/airflow/.local/lib/python3.12/site-packages/airflow/example_dags/example_nested_branch_dag.py
[2024-12-25T13:30:20.325+0000] {processor.py:925} INFO - DAG(s) 'example_nested_branch_dag' retrieved from /home/airflow/.local/lib/python3.12/site-packages/airflow/example_dags/example_nested_branch_dag.py
[2024-12-25T13:30:20.341+0000] {logging_mixin.py:190} INFO - [2024-12-25T13:30:20.341+0000] {dag.py:3239} INFO - Sync 1 DAGs
[2024-12-25T13:30:20.361+0000] {logging_mixin.py:190} INFO - [2024-12-25T13:30:20.361+0000] {dag.py:4180} INFO - Setting next_dagrun for example_nested_branch_dag to 2024-12-24 00:00:00+00:00, run_after=2024-12-25 00:00:00+00:00
[2024-12-25T13:30:20.379+0000] {processor.py:208} INFO - Processing /home/airflow/.local/lib/python3.12/site-packages/airflow/example_dags/example_nested_branch_dag.py took 0.070 seconds
[2024-12-25T13:33:35.270+0000] {processor.py:186} INFO - Started process (PID=69) to work on /home/airflow/.local/lib/python3.12/site-packages/airflow/example_dags/example_nested_branch_dag.py
[2024-12-25T13:33:35.272+0000] {processor.py:914} INFO - Processing file /home/airflow/.local/lib/python3.12/site-packages/airflow/example_dags/example_nested_branch_dag.py for tasks to queue
[2024-12-25T13:33:35.274+0000] {logging_mixin.py:190} INFO - [2024-12-25T13:33:35.274+0000] {dagbag.py:588} INFO - Filling up the DagBag from /home/airflow/.local/lib/python3.12/site-packages/airflow/example_dags/example_nested_branch_dag.py
[2024-12-25T13:33:35.287+0000] {processor.py:925} INFO - DAG(s) 'example_nested_branch_dag' retrieved from /home/airflow/.local/lib/python3.12/site-packages/airflow/example_dags/example_nested_branch_dag.py
[2024-12-25T13:33:35.312+0000] {logging_mixin.py:190} INFO - [2024-12-25T13:33:35.311+0000] {dag.py:3239} INFO - Sync 1 DAGs
[2024-12-25T13:33:35.331+0000] {logging_mixin.py:190} INFO - [2024-12-25T13:33:35.331+0000] {dag.py:4180} INFO - Setting next_dagrun for example_nested_branch_dag to 2024-12-24 00:00:00+00:00, run_after=2024-12-25 00:00:00+00:00
[2024-12-25T13:33:35.346+0000] {processor.py:208} INFO - Processing /home/airflow/.local/lib/python3.12/site-packages/airflow/example_dags/example_nested_branch_dag.py took 0.080 seconds
[2024-12-25T13:34:06.038+0000] {processor.py:186} INFO - Started process (PID=139) to work on /home/airflow/.local/lib/python3.12/site-packages/airflow/example_dags/example_nested_branch_dag.py
[2024-12-25T13:34:06.038+0000] {processor.py:914} INFO - Processing file /home/airflow/.local/lib/python3.12/site-packages/airflow/example_dags/example_nested_branch_dag.py for tasks to queue
[2024-12-25T13:34:06.040+0000] {logging_mixin.py:190} INFO - [2024-12-25T13:34:06.040+0000] {dagbag.py:588} INFO - Filling up the DagBag from /home/airflow/.local/lib/python3.12/site-packages/airflow/example_dags/example_nested_branch_dag.py
[2024-12-25T13:34:06.050+0000] {processor.py:925} INFO - DAG(s) 'example_nested_branch_dag' retrieved from /home/airflow/.local/lib/python3.12/site-packages/airflow/example_dags/example_nested_branch_dag.py
[2024-12-25T13:34:06.066+0000] {logging_mixin.py:190} INFO - [2024-12-25T13:34:06.066+0000] {dag.py:3239} INFO - Sync 1 DAGs
[2024-12-25T13:34:06.085+0000] {logging_mixin.py:190} INFO - [2024-12-25T13:34:06.085+0000] {dag.py:4180} INFO - Setting next_dagrun for example_nested_branch_dag to 2024-12-24 00:00:00+00:00, run_after=2024-12-25 00:00:00+00:00
[2024-12-25T13:34:06.102+0000] {processor.py:208} INFO - Processing /home/airflow/.local/lib/python3.12/site-packages/airflow/example_dags/example_nested_branch_dag.py took 0.069 seconds
