[2024-12-25T13:10:58.726+0000] {processor.py:186} INFO - Started process (PID=83) to work on /home/airflow/.local/lib/python3.12/site-packages/airflow/example_dags/example_bash_decorator.py
[2024-12-25T13:10:58.727+0000] {processor.py:914} INFO - Processing file /home/airflow/.local/lib/python3.12/site-packages/airflow/example_dags/example_bash_decorator.py for tasks to queue
[2024-12-25T13:10:58.729+0000] {logging_mixin.py:190} INFO - [2024-12-25T13:10:58.729+0000] {dagbag.py:588} INFO - Filling up the DagBag from /home/airflow/.local/lib/python3.12/site-packages/airflow/example_dags/example_bash_decorator.py
[2024-12-25T13:10:58.755+0000] {processor.py:925} INFO - DAG(s) 'example_bash_decorator' retrieved from /home/airflow/.local/lib/python3.12/site-packages/airflow/example_dags/example_bash_decorator.py
[2024-12-25T13:10:58.877+0000] {logging_mixin.py:190} INFO - [2024-12-25T13:10:58.877+0000] {override.py:1911} INFO - Created Permission View: can edit on DAG:example_bash_decorator
[2024-12-25T13:10:58.889+0000] {logging_mixin.py:190} INFO - [2024-12-25T13:10:58.889+0000] {override.py:1911} INFO - Created Permission View: can read on DAG:example_bash_decorator
[2024-12-25T13:10:58.897+0000] {logging_mixin.py:190} INFO - [2024-12-25T13:10:58.897+0000] {override.py:1911} INFO - Created Permission View: can delete on DAG:example_bash_decorator
[2024-12-25T13:10:58.907+0000] {logging_mixin.py:190} INFO - [2024-12-25T13:10:58.907+0000] {override.py:1911} INFO - Created Permission View: can create on DAG Run:example_bash_decorator
[2024-12-25T13:10:58.915+0000] {logging_mixin.py:190} INFO - [2024-12-25T13:10:58.915+0000] {override.py:1911} INFO - Created Permission View: menu access on DAG Run:example_bash_decorator
[2024-12-25T13:10:58.921+0000] {logging_mixin.py:190} INFO - [2024-12-25T13:10:58.921+0000] {override.py:1911} INFO - Created Permission View: can read on DAG Run:example_bash_decorator
[2024-12-25T13:10:58.927+0000] {logging_mixin.py:190} INFO - [2024-12-25T13:10:58.927+0000] {override.py:1911} INFO - Created Permission View: can delete on DAG Run:example_bash_decorator
[2024-12-25T13:10:58.928+0000] {logging_mixin.py:190} INFO - [2024-12-25T13:10:58.928+0000] {dag.py:3239} INFO - Sync 1 DAGs
[2024-12-25T13:10:58.940+0000] {logging_mixin.py:190} INFO - [2024-12-25T13:10:58.940+0000] {dag.py:3262} INFO - Creating ORM DAG for example_bash_decorator
[2024-12-25T13:10:58.941+0000] {logging_mixin.py:190} INFO - [2024-12-25T13:10:58.941+0000] {dag.py:4180} INFO - Setting next_dagrun for example_bash_decorator to None, run_after=None
[2024-12-25T13:10:58.955+0000] {processor.py:208} INFO - Processing /home/airflow/.local/lib/python3.12/site-packages/airflow/example_dags/example_bash_decorator.py took 0.235 seconds
[2024-12-25T13:11:29.616+0000] {processor.py:186} INFO - Started process (PID=147) to work on /home/airflow/.local/lib/python3.12/site-packages/airflow/example_dags/example_bash_decorator.py
[2024-12-25T13:11:29.618+0000] {processor.py:914} INFO - Processing file /home/airflow/.local/lib/python3.12/site-packages/airflow/example_dags/example_bash_decorator.py for tasks to queue
[2024-12-25T13:11:29.619+0000] {logging_mixin.py:190} INFO - [2024-12-25T13:11:29.619+0000] {dagbag.py:588} INFO - Filling up the DagBag from /home/airflow/.local/lib/python3.12/site-packages/airflow/example_dags/example_bash_decorator.py
[2024-12-25T13:11:29.632+0000] {processor.py:925} INFO - DAG(s) 'example_bash_decorator' retrieved from /home/airflow/.local/lib/python3.12/site-packages/airflow/example_dags/example_bash_decorator.py
[2024-12-25T13:11:29.650+0000] {logging_mixin.py:190} INFO - [2024-12-25T13:11:29.650+0000] {dag.py:3239} INFO - Sync 1 DAGs
[2024-12-25T13:11:29.662+0000] {logging_mixin.py:190} INFO - [2024-12-25T13:11:29.662+0000] {dag.py:4180} INFO - Setting next_dagrun for example_bash_decorator to None, run_after=None
[2024-12-25T13:11:29.678+0000] {processor.py:208} INFO - Processing /home/airflow/.local/lib/python3.12/site-packages/airflow/example_dags/example_bash_decorator.py took 0.067 seconds
[2024-12-25T13:28:48.304+0000] {processor.py:186} INFO - Started process (PID=82) to work on /home/airflow/.local/lib/python3.12/site-packages/airflow/example_dags/example_bash_decorator.py
[2024-12-25T13:28:48.307+0000] {processor.py:914} INFO - Processing file /home/airflow/.local/lib/python3.12/site-packages/airflow/example_dags/example_bash_decorator.py for tasks to queue
[2024-12-25T13:28:48.308+0000] {logging_mixin.py:190} INFO - [2024-12-25T13:28:48.308+0000] {dagbag.py:588} INFO - Filling up the DagBag from /home/airflow/.local/lib/python3.12/site-packages/airflow/example_dags/example_bash_decorator.py
[2024-12-25T13:28:48.334+0000] {processor.py:925} INFO - DAG(s) 'example_bash_decorator' retrieved from /home/airflow/.local/lib/python3.12/site-packages/airflow/example_dags/example_bash_decorator.py
[2024-12-25T13:28:48.586+0000] {logging_mixin.py:190} INFO - [2024-12-25T13:28:48.586+0000] {dag.py:3239} INFO - Sync 1 DAGs
[2024-12-25T13:28:48.599+0000] {logging_mixin.py:190} INFO - [2024-12-25T13:28:48.599+0000] {dag.py:4180} INFO - Setting next_dagrun for example_bash_decorator to None, run_after=None
[2024-12-25T13:28:48.628+0000] {processor.py:208} INFO - Processing /home/airflow/.local/lib/python3.12/site-packages/airflow/example_dags/example_bash_decorator.py took 0.330 seconds
[2024-12-25T13:29:19.378+0000] {processor.py:186} INFO - Started process (PID=146) to work on /home/airflow/.local/lib/python3.12/site-packages/airflow/example_dags/example_bash_decorator.py
[2024-12-25T13:29:19.380+0000] {processor.py:914} INFO - Processing file /home/airflow/.local/lib/python3.12/site-packages/airflow/example_dags/example_bash_decorator.py for tasks to queue
[2024-12-25T13:29:19.381+0000] {logging_mixin.py:190} INFO - [2024-12-25T13:29:19.381+0000] {dagbag.py:588} INFO - Filling up the DagBag from /home/airflow/.local/lib/python3.12/site-packages/airflow/example_dags/example_bash_decorator.py
[2024-12-25T13:29:19.394+0000] {processor.py:925} INFO - DAG(s) 'example_bash_decorator' retrieved from /home/airflow/.local/lib/python3.12/site-packages/airflow/example_dags/example_bash_decorator.py
[2024-12-25T13:29:19.419+0000] {logging_mixin.py:190} INFO - [2024-12-25T13:29:19.418+0000] {dag.py:3239} INFO - Sync 1 DAGs
[2024-12-25T13:29:19.431+0000] {logging_mixin.py:190} INFO - [2024-12-25T13:29:19.431+0000] {dag.py:4180} INFO - Setting next_dagrun for example_bash_decorator to None, run_after=None
[2024-12-25T13:29:19.459+0000] {processor.py:208} INFO - Processing /home/airflow/.local/lib/python3.12/site-packages/airflow/example_dags/example_bash_decorator.py took 0.086 seconds
[2024-12-25T13:29:50.168+0000] {processor.py:186} INFO - Started process (PID=210) to work on /home/airflow/.local/lib/python3.12/site-packages/airflow/example_dags/example_bash_decorator.py
[2024-12-25T13:29:50.168+0000] {processor.py:914} INFO - Processing file /home/airflow/.local/lib/python3.12/site-packages/airflow/example_dags/example_bash_decorator.py for tasks to queue
[2024-12-25T13:29:50.170+0000] {logging_mixin.py:190} INFO - [2024-12-25T13:29:50.170+0000] {dagbag.py:588} INFO - Filling up the DagBag from /home/airflow/.local/lib/python3.12/site-packages/airflow/example_dags/example_bash_decorator.py
[2024-12-25T13:29:50.182+0000] {processor.py:925} INFO - DAG(s) 'example_bash_decorator' retrieved from /home/airflow/.local/lib/python3.12/site-packages/airflow/example_dags/example_bash_decorator.py
[2024-12-25T13:29:50.204+0000] {logging_mixin.py:190} INFO - [2024-12-25T13:29:50.204+0000] {dag.py:3239} INFO - Sync 1 DAGs
[2024-12-25T13:29:50.217+0000] {logging_mixin.py:190} INFO - [2024-12-25T13:29:50.217+0000] {dag.py:4180} INFO - Setting next_dagrun for example_bash_decorator to None, run_after=None
[2024-12-25T13:29:50.236+0000] {processor.py:208} INFO - Processing /home/airflow/.local/lib/python3.12/site-packages/airflow/example_dags/example_bash_decorator.py took 0.075 seconds
[2024-12-25T13:30:20.404+0000] {processor.py:186} INFO - Started process (PID=273) to work on /home/airflow/.local/lib/python3.12/site-packages/airflow/example_dags/example_bash_decorator.py
[2024-12-25T13:30:20.404+0000] {processor.py:914} INFO - Processing file /home/airflow/.local/lib/python3.12/site-packages/airflow/example_dags/example_bash_decorator.py for tasks to queue
[2024-12-25T13:30:20.406+0000] {logging_mixin.py:190} INFO - [2024-12-25T13:30:20.406+0000] {dagbag.py:588} INFO - Filling up the DagBag from /home/airflow/.local/lib/python3.12/site-packages/airflow/example_dags/example_bash_decorator.py
[2024-12-25T13:30:20.418+0000] {processor.py:925} INFO - DAG(s) 'example_bash_decorator' retrieved from /home/airflow/.local/lib/python3.12/site-packages/airflow/example_dags/example_bash_decorator.py
[2024-12-25T13:30:20.437+0000] {logging_mixin.py:190} INFO - [2024-12-25T13:30:20.437+0000] {dag.py:3239} INFO - Sync 1 DAGs
[2024-12-25T13:30:20.448+0000] {logging_mixin.py:190} INFO - [2024-12-25T13:30:20.448+0000] {dag.py:4180} INFO - Setting next_dagrun for example_bash_decorator to None, run_after=None
[2024-12-25T13:30:20.465+0000] {processor.py:208} INFO - Processing /home/airflow/.local/lib/python3.12/site-packages/airflow/example_dags/example_bash_decorator.py took 0.066 seconds
[2024-12-25T13:33:35.323+0000] {processor.py:186} INFO - Started process (PID=70) to work on /home/airflow/.local/lib/python3.12/site-packages/airflow/example_dags/example_bash_decorator.py
[2024-12-25T13:33:35.325+0000] {processor.py:914} INFO - Processing file /home/airflow/.local/lib/python3.12/site-packages/airflow/example_dags/example_bash_decorator.py for tasks to queue
[2024-12-25T13:33:35.327+0000] {logging_mixin.py:190} INFO - [2024-12-25T13:33:35.326+0000] {dagbag.py:588} INFO - Filling up the DagBag from /home/airflow/.local/lib/python3.12/site-packages/airflow/example_dags/example_bash_decorator.py
[2024-12-25T13:33:35.339+0000] {processor.py:925} INFO - DAG(s) 'example_bash_decorator' retrieved from /home/airflow/.local/lib/python3.12/site-packages/airflow/example_dags/example_bash_decorator.py
[2024-12-25T13:33:35.441+0000] {logging_mixin.py:190} INFO - [2024-12-25T13:33:35.441+0000] {dag.py:3239} INFO - Sync 1 DAGs
[2024-12-25T13:33:35.450+0000] {logging_mixin.py:190} INFO - [2024-12-25T13:33:35.450+0000] {dag.py:4180} INFO - Setting next_dagrun for example_bash_decorator to None, run_after=None
[2024-12-25T13:33:35.468+0000] {processor.py:208} INFO - Processing /home/airflow/.local/lib/python3.12/site-packages/airflow/example_dags/example_bash_decorator.py took 0.150 seconds
[2024-12-25T13:34:06.128+0000] {processor.py:186} INFO - Started process (PID=140) to work on /home/airflow/.local/lib/python3.12/site-packages/airflow/example_dags/example_bash_decorator.py
[2024-12-25T13:34:06.129+0000] {processor.py:914} INFO - Processing file /home/airflow/.local/lib/python3.12/site-packages/airflow/example_dags/example_bash_decorator.py for tasks to queue
[2024-12-25T13:34:06.131+0000] {logging_mixin.py:190} INFO - [2024-12-25T13:34:06.130+0000] {dagbag.py:588} INFO - Filling up the DagBag from /home/airflow/.local/lib/python3.12/site-packages/airflow/example_dags/example_bash_decorator.py
[2024-12-25T13:34:06.142+0000] {processor.py:925} INFO - DAG(s) 'example_bash_decorator' retrieved from /home/airflow/.local/lib/python3.12/site-packages/airflow/example_dags/example_bash_decorator.py
[2024-12-25T13:34:06.161+0000] {logging_mixin.py:190} INFO - [2024-12-25T13:34:06.160+0000] {dag.py:3239} INFO - Sync 1 DAGs
[2024-12-25T13:34:06.172+0000] {logging_mixin.py:190} INFO - [2024-12-25T13:34:06.171+0000] {dag.py:4180} INFO - Setting next_dagrun for example_bash_decorator to None, run_after=None
[2024-12-25T13:34:06.188+0000] {processor.py:208} INFO - Processing /home/airflow/.local/lib/python3.12/site-packages/airflow/example_dags/example_bash_decorator.py took 0.064 seconds
