[2024-12-25T13:11:01.731+0000] {processor.py:186} INFO - Started process (PID=102) to work on /home/airflow/.local/lib/python3.12/site-packages/airflow/example_dags/example_dataset_alias_with_no_taskflow.py
[2024-12-25T13:11:01.731+0000] {processor.py:914} INFO - Processing file /home/airflow/.local/lib/python3.12/site-packages/airflow/example_dags/example_dataset_alias_with_no_taskflow.py for tasks to queue
[2024-12-25T13:11:01.733+0000] {logging_mixin.py:190} INFO - [2024-12-25T13:11:01.733+0000] {dagbag.py:588} INFO - Filling up the DagBag from /home/airflow/.local/lib/python3.12/site-packages/airflow/example_dags/example_dataset_alias_with_no_taskflow.py
[2024-12-25T13:11:02.257+0000] {processor.py:925} INFO - DAG(s) 'dataset_s3_bucket_producer_with_no_taskflow', 'dataset_alias_example_alias_producer_with_no_taskflow', 'dataset_s3_bucket_consumer_with_no_taskflow', 'dataset_alias_example_alias_consumer_with_no_taskflow' retrieved from /home/airflow/.local/lib/python3.12/site-packages/airflow/example_dags/example_dataset_alias_with_no_taskflow.py
[2024-12-25T13:11:02.341+0000] {logging_mixin.py:190} INFO - [2024-12-25T13:11:02.340+0000] {override.py:1911} INFO - Created Permission View: can edit on DAG:dataset_s3_bucket_producer_with_no_taskflow
[2024-12-25T13:11:02.350+0000] {logging_mixin.py:190} INFO - [2024-12-25T13:11:02.350+0000] {override.py:1911} INFO - Created Permission View: can read on DAG:dataset_s3_bucket_producer_with_no_taskflow
[2024-12-25T13:11:02.356+0000] {logging_mixin.py:190} INFO - [2024-12-25T13:11:02.356+0000] {override.py:1911} INFO - Created Permission View: can delete on DAG:dataset_s3_bucket_producer_with_no_taskflow
[2024-12-25T13:11:02.364+0000] {logging_mixin.py:190} INFO - [2024-12-25T13:11:02.364+0000] {override.py:1911} INFO - Created Permission View: can create on DAG Run:dataset_s3_bucket_producer_with_no_taskflow
[2024-12-25T13:11:02.370+0000] {logging_mixin.py:190} INFO - [2024-12-25T13:11:02.370+0000] {override.py:1911} INFO - Created Permission View: menu access on DAG Run:dataset_s3_bucket_producer_with_no_taskflow
[2024-12-25T13:11:02.376+0000] {logging_mixin.py:190} INFO - [2024-12-25T13:11:02.376+0000] {override.py:1911} INFO - Created Permission View: can read on DAG Run:dataset_s3_bucket_producer_with_no_taskflow
[2024-12-25T13:11:02.382+0000] {logging_mixin.py:190} INFO - [2024-12-25T13:11:02.382+0000] {override.py:1911} INFO - Created Permission View: can delete on DAG Run:dataset_s3_bucket_producer_with_no_taskflow
[2024-12-25T13:11:02.396+0000] {logging_mixin.py:190} INFO - [2024-12-25T13:11:02.396+0000] {override.py:1911} INFO - Created Permission View: can edit on DAG:dataset_alias_example_alias_producer_with_no_taskflow
[2024-12-25T13:11:02.402+0000] {logging_mixin.py:190} INFO - [2024-12-25T13:11:02.402+0000] {override.py:1911} INFO - Created Permission View: can read on DAG:dataset_alias_example_alias_producer_with_no_taskflow
[2024-12-25T13:11:02.408+0000] {logging_mixin.py:190} INFO - [2024-12-25T13:11:02.408+0000] {override.py:1911} INFO - Created Permission View: can delete on DAG:dataset_alias_example_alias_producer_with_no_taskflow
[2024-12-25T13:11:02.416+0000] {logging_mixin.py:190} INFO - [2024-12-25T13:11:02.416+0000] {override.py:1911} INFO - Created Permission View: can create on DAG Run:dataset_alias_example_alias_producer_with_no_taskflow
[2024-12-25T13:11:02.422+0000] {logging_mixin.py:190} INFO - [2024-12-25T13:11:02.422+0000] {override.py:1911} INFO - Created Permission View: menu access on DAG Run:dataset_alias_example_alias_producer_with_no_taskflow
[2024-12-25T13:11:02.428+0000] {logging_mixin.py:190} INFO - [2024-12-25T13:11:02.428+0000] {override.py:1911} INFO - Created Permission View: can read on DAG Run:dataset_alias_example_alias_producer_with_no_taskflow
[2024-12-25T13:11:02.434+0000] {logging_mixin.py:190} INFO - [2024-12-25T13:11:02.434+0000] {override.py:1911} INFO - Created Permission View: can delete on DAG Run:dataset_alias_example_alias_producer_with_no_taskflow
[2024-12-25T13:11:02.448+0000] {logging_mixin.py:190} INFO - [2024-12-25T13:11:02.448+0000] {override.py:1911} INFO - Created Permission View: can edit on DAG:dataset_s3_bucket_consumer_with_no_taskflow
[2024-12-25T13:11:02.456+0000] {logging_mixin.py:190} INFO - [2024-12-25T13:11:02.456+0000] {override.py:1911} INFO - Created Permission View: can read on DAG:dataset_s3_bucket_consumer_with_no_taskflow
[2024-12-25T13:11:02.462+0000] {logging_mixin.py:190} INFO - [2024-12-25T13:11:02.462+0000] {override.py:1911} INFO - Created Permission View: can delete on DAG:dataset_s3_bucket_consumer_with_no_taskflow
[2024-12-25T13:11:02.470+0000] {logging_mixin.py:190} INFO - [2024-12-25T13:11:02.470+0000] {override.py:1911} INFO - Created Permission View: can create on DAG Run:dataset_s3_bucket_consumer_with_no_taskflow
[2024-12-25T13:11:02.476+0000] {logging_mixin.py:190} INFO - [2024-12-25T13:11:02.476+0000] {override.py:1911} INFO - Created Permission View: menu access on DAG Run:dataset_s3_bucket_consumer_with_no_taskflow
[2024-12-25T13:11:02.482+0000] {logging_mixin.py:190} INFO - [2024-12-25T13:11:02.482+0000] {override.py:1911} INFO - Created Permission View: can read on DAG Run:dataset_s3_bucket_consumer_with_no_taskflow
[2024-12-25T13:11:02.488+0000] {logging_mixin.py:190} INFO - [2024-12-25T13:11:02.488+0000] {override.py:1911} INFO - Created Permission View: can delete on DAG Run:dataset_s3_bucket_consumer_with_no_taskflow
[2024-12-25T13:11:02.500+0000] {logging_mixin.py:190} INFO - [2024-12-25T13:11:02.500+0000] {override.py:1911} INFO - Created Permission View: can edit on DAG:dataset_alias_example_alias_consumer_with_no_taskflow
[2024-12-25T13:11:02.506+0000] {logging_mixin.py:190} INFO - [2024-12-25T13:11:02.506+0000] {override.py:1911} INFO - Created Permission View: can read on DAG:dataset_alias_example_alias_consumer_with_no_taskflow
[2024-12-25T13:11:02.512+0000] {logging_mixin.py:190} INFO - [2024-12-25T13:11:02.512+0000] {override.py:1911} INFO - Created Permission View: can delete on DAG:dataset_alias_example_alias_consumer_with_no_taskflow
[2024-12-25T13:11:02.520+0000] {logging_mixin.py:190} INFO - [2024-12-25T13:11:02.520+0000] {override.py:1911} INFO - Created Permission View: can create on DAG Run:dataset_alias_example_alias_consumer_with_no_taskflow
[2024-12-25T13:11:02.526+0000] {logging_mixin.py:190} INFO - [2024-12-25T13:11:02.526+0000] {override.py:1911} INFO - Created Permission View: menu access on DAG Run:dataset_alias_example_alias_consumer_with_no_taskflow
[2024-12-25T13:11:02.532+0000] {logging_mixin.py:190} INFO - [2024-12-25T13:11:02.532+0000] {override.py:1911} INFO - Created Permission View: can read on DAG Run:dataset_alias_example_alias_consumer_with_no_taskflow
[2024-12-25T13:11:02.538+0000] {logging_mixin.py:190} INFO - [2024-12-25T13:11:02.538+0000] {override.py:1911} INFO - Created Permission View: can delete on DAG Run:dataset_alias_example_alias_consumer_with_no_taskflow
[2024-12-25T13:11:02.539+0000] {logging_mixin.py:190} INFO - [2024-12-25T13:11:02.538+0000] {dag.py:3239} INFO - Sync 4 DAGs
[2024-12-25T13:11:02.550+0000] {logging_mixin.py:190} INFO - [2024-12-25T13:11:02.549+0000] {dag.py:3262} INFO - Creating ORM DAG for dataset_alias_example_alias_producer_with_no_taskflow
[2024-12-25T13:11:02.550+0000] {logging_mixin.py:190} INFO - [2024-12-25T13:11:02.550+0000] {dag.py:3262} INFO - Creating ORM DAG for dataset_s3_bucket_producer_with_no_taskflow
[2024-12-25T13:11:02.551+0000] {logging_mixin.py:190} INFO - [2024-12-25T13:11:02.551+0000] {dag.py:3262} INFO - Creating ORM DAG for dataset_s3_bucket_consumer_with_no_taskflow
[2024-12-25T13:11:02.551+0000] {logging_mixin.py:190} INFO - [2024-12-25T13:11:02.551+0000] {dag.py:3262} INFO - Creating ORM DAG for dataset_alias_example_alias_consumer_with_no_taskflow
[2024-12-25T13:11:02.559+0000] {logging_mixin.py:190} INFO - [2024-12-25T13:11:02.559+0000] {dag.py:4180} INFO - Setting next_dagrun for dataset_alias_example_alias_consumer_with_no_taskflow to None, run_after=None
[2024-12-25T13:11:02.560+0000] {logging_mixin.py:190} INFO - [2024-12-25T13:11:02.560+0000] {dag.py:4180} INFO - Setting next_dagrun for dataset_alias_example_alias_producer_with_no_taskflow to None, run_after=None
[2024-12-25T13:11:02.560+0000] {logging_mixin.py:190} INFO - [2024-12-25T13:11:02.560+0000] {dag.py:4180} INFO - Setting next_dagrun for dataset_s3_bucket_consumer_with_no_taskflow to None, run_after=None
[2024-12-25T13:11:02.561+0000] {logging_mixin.py:190} INFO - [2024-12-25T13:11:02.561+0000] {dag.py:4180} INFO - Setting next_dagrun for dataset_s3_bucket_producer_with_no_taskflow to None, run_after=None
[2024-12-25T13:11:02.588+0000] {processor.py:208} INFO - Processing /home/airflow/.local/lib/python3.12/site-packages/airflow/example_dags/example_dataset_alias_with_no_taskflow.py took 0.862 seconds
[2024-12-25T13:11:33.237+0000] {processor.py:186} INFO - Started process (PID=167) to work on /home/airflow/.local/lib/python3.12/site-packages/airflow/example_dags/example_dataset_alias_with_no_taskflow.py
[2024-12-25T13:11:33.245+0000] {processor.py:914} INFO - Processing file /home/airflow/.local/lib/python3.12/site-packages/airflow/example_dags/example_dataset_alias_with_no_taskflow.py for tasks to queue
[2024-12-25T13:11:33.246+0000] {logging_mixin.py:190} INFO - [2024-12-25T13:11:33.246+0000] {dagbag.py:588} INFO - Filling up the DagBag from /home/airflow/.local/lib/python3.12/site-packages/airflow/example_dags/example_dataset_alias_with_no_taskflow.py
[2024-12-25T13:11:33.806+0000] {processor.py:925} INFO - DAG(s) 'dataset_s3_bucket_consumer_with_no_taskflow', 'dataset_alias_example_alias_producer_with_no_taskflow', 'dataset_alias_example_alias_consumer_with_no_taskflow', 'dataset_s3_bucket_producer_with_no_taskflow' retrieved from /home/airflow/.local/lib/python3.12/site-packages/airflow/example_dags/example_dataset_alias_with_no_taskflow.py
[2024-12-25T13:11:33.827+0000] {logging_mixin.py:190} INFO - [2024-12-25T13:11:33.827+0000] {dag.py:3239} INFO - Sync 4 DAGs
[2024-12-25T13:11:33.849+0000] {logging_mixin.py:190} INFO - [2024-12-25T13:11:33.848+0000] {dag.py:4180} INFO - Setting next_dagrun for dataset_alias_example_alias_consumer_with_no_taskflow to None, run_after=None
[2024-12-25T13:11:33.851+0000] {logging_mixin.py:190} INFO - [2024-12-25T13:11:33.851+0000] {dag.py:4180} INFO - Setting next_dagrun for dataset_alias_example_alias_producer_with_no_taskflow to None, run_after=None
[2024-12-25T13:11:33.852+0000] {logging_mixin.py:190} INFO - [2024-12-25T13:11:33.852+0000] {dag.py:4180} INFO - Setting next_dagrun for dataset_s3_bucket_consumer_with_no_taskflow to None, run_after=None
[2024-12-25T13:11:33.853+0000] {logging_mixin.py:190} INFO - [2024-12-25T13:11:33.853+0000] {dag.py:4180} INFO - Setting next_dagrun for dataset_s3_bucket_producer_with_no_taskflow to None, run_after=None
[2024-12-25T13:11:33.872+0000] {processor.py:208} INFO - Processing /home/airflow/.local/lib/python3.12/site-packages/airflow/example_dags/example_dataset_alias_with_no_taskflow.py took 0.640 seconds
[2024-12-25T13:28:50.673+0000] {processor.py:186} INFO - Started process (PID=101) to work on /home/airflow/.local/lib/python3.12/site-packages/airflow/example_dags/example_dataset_alias_with_no_taskflow.py
[2024-12-25T13:28:50.674+0000] {processor.py:914} INFO - Processing file /home/airflow/.local/lib/python3.12/site-packages/airflow/example_dags/example_dataset_alias_with_no_taskflow.py for tasks to queue
[2024-12-25T13:28:50.677+0000] {logging_mixin.py:190} INFO - [2024-12-25T13:28:50.676+0000] {dagbag.py:588} INFO - Filling up the DagBag from /home/airflow/.local/lib/python3.12/site-packages/airflow/example_dags/example_dataset_alias_with_no_taskflow.py
[2024-12-25T13:28:51.211+0000] {processor.py:925} INFO - DAG(s) 'dataset_alias_example_alias_consumer_with_no_taskflow', 'dataset_s3_bucket_producer_with_no_taskflow', 'dataset_alias_example_alias_producer_with_no_taskflow', 'dataset_s3_bucket_consumer_with_no_taskflow' retrieved from /home/airflow/.local/lib/python3.12/site-packages/airflow/example_dags/example_dataset_alias_with_no_taskflow.py
[2024-12-25T13:28:51.228+0000] {logging_mixin.py:190} INFO - [2024-12-25T13:28:51.227+0000] {dag.py:3239} INFO - Sync 4 DAGs
[2024-12-25T13:28:51.249+0000] {logging_mixin.py:190} INFO - [2024-12-25T13:28:51.249+0000] {dag.py:4180} INFO - Setting next_dagrun for dataset_alias_example_alias_consumer_with_no_taskflow to None, run_after=None
[2024-12-25T13:28:51.251+0000] {logging_mixin.py:190} INFO - [2024-12-25T13:28:51.251+0000] {dag.py:4180} INFO - Setting next_dagrun for dataset_alias_example_alias_producer_with_no_taskflow to None, run_after=None
[2024-12-25T13:28:51.252+0000] {logging_mixin.py:190} INFO - [2024-12-25T13:28:51.252+0000] {dag.py:4180} INFO - Setting next_dagrun for dataset_s3_bucket_consumer_with_no_taskflow to None, run_after=None
[2024-12-25T13:28:51.253+0000] {logging_mixin.py:190} INFO - [2024-12-25T13:28:51.253+0000] {dag.py:4180} INFO - Setting next_dagrun for dataset_s3_bucket_producer_with_no_taskflow to None, run_after=None
[2024-12-25T13:28:51.272+0000] {processor.py:208} INFO - Processing /home/airflow/.local/lib/python3.12/site-packages/airflow/example_dags/example_dataset_alias_with_no_taskflow.py took 0.605 seconds
[2024-12-25T13:29:21.461+0000] {processor.py:186} INFO - Started process (PID=168) to work on /home/airflow/.local/lib/python3.12/site-packages/airflow/example_dags/example_dataset_alias_with_no_taskflow.py
[2024-12-25T13:29:21.463+0000] {processor.py:914} INFO - Processing file /home/airflow/.local/lib/python3.12/site-packages/airflow/example_dags/example_dataset_alias_with_no_taskflow.py for tasks to queue
[2024-12-25T13:29:21.465+0000] {logging_mixin.py:190} INFO - [2024-12-25T13:29:21.465+0000] {dagbag.py:588} INFO - Filling up the DagBag from /home/airflow/.local/lib/python3.12/site-packages/airflow/example_dags/example_dataset_alias_with_no_taskflow.py
[2024-12-25T13:29:22.003+0000] {processor.py:925} INFO - DAG(s) 'dataset_s3_bucket_consumer_with_no_taskflow', 'dataset_alias_example_alias_producer_with_no_taskflow', 'dataset_alias_example_alias_consumer_with_no_taskflow', 'dataset_s3_bucket_producer_with_no_taskflow' retrieved from /home/airflow/.local/lib/python3.12/site-packages/airflow/example_dags/example_dataset_alias_with_no_taskflow.py
[2024-12-25T13:29:22.025+0000] {logging_mixin.py:190} INFO - [2024-12-25T13:29:22.024+0000] {dag.py:3239} INFO - Sync 4 DAGs
[2024-12-25T13:29:22.054+0000] {logging_mixin.py:190} INFO - [2024-12-25T13:29:22.054+0000] {dag.py:4180} INFO - Setting next_dagrun for dataset_alias_example_alias_consumer_with_no_taskflow to None, run_after=None
[2024-12-25T13:29:22.058+0000] {logging_mixin.py:190} INFO - [2024-12-25T13:29:22.058+0000] {dag.py:4180} INFO - Setting next_dagrun for dataset_alias_example_alias_producer_with_no_taskflow to None, run_after=None
[2024-12-25T13:29:22.059+0000] {logging_mixin.py:190} INFO - [2024-12-25T13:29:22.059+0000] {dag.py:4180} INFO - Setting next_dagrun for dataset_s3_bucket_consumer_with_no_taskflow to None, run_after=None
[2024-12-25T13:29:22.060+0000] {logging_mixin.py:190} INFO - [2024-12-25T13:29:22.060+0000] {dag.py:4180} INFO - Setting next_dagrun for dataset_s3_bucket_producer_with_no_taskflow to None, run_after=None
[2024-12-25T13:29:22.084+0000] {processor.py:208} INFO - Processing /home/airflow/.local/lib/python3.12/site-packages/airflow/example_dags/example_dataset_alias_with_no_taskflow.py took 0.628 seconds
[2024-12-25T13:29:52.192+0000] {processor.py:186} INFO - Started process (PID=238) to work on /home/airflow/.local/lib/python3.12/site-packages/airflow/example_dags/example_dataset_alias_with_no_taskflow.py
[2024-12-25T13:29:52.193+0000] {processor.py:914} INFO - Processing file /home/airflow/.local/lib/python3.12/site-packages/airflow/example_dags/example_dataset_alias_with_no_taskflow.py for tasks to queue
[2024-12-25T13:29:52.195+0000] {logging_mixin.py:190} INFO - [2024-12-25T13:29:52.195+0000] {dagbag.py:588} INFO - Filling up the DagBag from /home/airflow/.local/lib/python3.12/site-packages/airflow/example_dags/example_dataset_alias_with_no_taskflow.py
[2024-12-25T13:29:52.700+0000] {processor.py:925} INFO - DAG(s) 'dataset_alias_example_alias_consumer_with_no_taskflow', 'dataset_alias_example_alias_producer_with_no_taskflow', 'dataset_s3_bucket_consumer_with_no_taskflow', 'dataset_s3_bucket_producer_with_no_taskflow' retrieved from /home/airflow/.local/lib/python3.12/site-packages/airflow/example_dags/example_dataset_alias_with_no_taskflow.py
[2024-12-25T13:29:52.716+0000] {logging_mixin.py:190} INFO - [2024-12-25T13:29:52.715+0000] {dag.py:3239} INFO - Sync 4 DAGs
[2024-12-25T13:29:52.733+0000] {logging_mixin.py:190} INFO - [2024-12-25T13:29:52.733+0000] {dag.py:4180} INFO - Setting next_dagrun for dataset_alias_example_alias_consumer_with_no_taskflow to None, run_after=None
[2024-12-25T13:29:52.735+0000] {logging_mixin.py:190} INFO - [2024-12-25T13:29:52.735+0000] {dag.py:4180} INFO - Setting next_dagrun for dataset_alias_example_alias_producer_with_no_taskflow to None, run_after=None
[2024-12-25T13:29:52.737+0000] {logging_mixin.py:190} INFO - [2024-12-25T13:29:52.736+0000] {dag.py:4180} INFO - Setting next_dagrun for dataset_s3_bucket_consumer_with_no_taskflow to None, run_after=None
[2024-12-25T13:29:52.737+0000] {logging_mixin.py:190} INFO - [2024-12-25T13:29:52.737+0000] {dag.py:4180} INFO - Setting next_dagrun for dataset_s3_bucket_producer_with_no_taskflow to None, run_after=None
[2024-12-25T13:29:52.763+0000] {processor.py:208} INFO - Processing /home/airflow/.local/lib/python3.12/site-packages/airflow/example_dags/example_dataset_alias_with_no_taskflow.py took 0.576 seconds
[2024-12-25T13:30:23.612+0000] {processor.py:186} INFO - Started process (PID=303) to work on /home/airflow/.local/lib/python3.12/site-packages/airflow/example_dags/example_dataset_alias_with_no_taskflow.py
[2024-12-25T13:30:23.614+0000] {processor.py:914} INFO - Processing file /home/airflow/.local/lib/python3.12/site-packages/airflow/example_dags/example_dataset_alias_with_no_taskflow.py for tasks to queue
[2024-12-25T13:30:23.616+0000] {logging_mixin.py:190} INFO - [2024-12-25T13:30:23.616+0000] {dagbag.py:588} INFO - Filling up the DagBag from /home/airflow/.local/lib/python3.12/site-packages/airflow/example_dags/example_dataset_alias_with_no_taskflow.py
[2024-12-25T13:30:24.168+0000] {processor.py:925} INFO - DAG(s) 'dataset_s3_bucket_producer_with_no_taskflow', 'dataset_alias_example_alias_producer_with_no_taskflow', 'dataset_s3_bucket_consumer_with_no_taskflow', 'dataset_alias_example_alias_consumer_with_no_taskflow' retrieved from /home/airflow/.local/lib/python3.12/site-packages/airflow/example_dags/example_dataset_alias_with_no_taskflow.py
[2024-12-25T13:30:24.187+0000] {logging_mixin.py:190} INFO - [2024-12-25T13:30:24.187+0000] {dag.py:3239} INFO - Sync 4 DAGs
[2024-12-25T13:30:24.206+0000] {logging_mixin.py:190} INFO - [2024-12-25T13:30:24.206+0000] {dag.py:4180} INFO - Setting next_dagrun for dataset_alias_example_alias_consumer_with_no_taskflow to None, run_after=None
[2024-12-25T13:30:24.209+0000] {logging_mixin.py:190} INFO - [2024-12-25T13:30:24.208+0000] {dag.py:4180} INFO - Setting next_dagrun for dataset_alias_example_alias_producer_with_no_taskflow to None, run_after=None
[2024-12-25T13:30:24.210+0000] {logging_mixin.py:190} INFO - [2024-12-25T13:30:24.210+0000] {dag.py:4180} INFO - Setting next_dagrun for dataset_s3_bucket_consumer_with_no_taskflow to None, run_after=None
[2024-12-25T13:30:24.211+0000] {logging_mixin.py:190} INFO - [2024-12-25T13:30:24.211+0000] {dag.py:4180} INFO - Setting next_dagrun for dataset_s3_bucket_producer_with_no_taskflow to None, run_after=None
[2024-12-25T13:30:24.236+0000] {processor.py:208} INFO - Processing /home/airflow/.local/lib/python3.12/site-packages/airflow/example_dags/example_dataset_alias_with_no_taskflow.py took 0.628 seconds
[2024-12-25T13:33:36.892+0000] {processor.py:186} INFO - Started process (PID=95) to work on /home/airflow/.local/lib/python3.12/site-packages/airflow/example_dags/example_dataset_alias_with_no_taskflow.py
[2024-12-25T13:33:36.893+0000] {processor.py:914} INFO - Processing file /home/airflow/.local/lib/python3.12/site-packages/airflow/example_dags/example_dataset_alias_with_no_taskflow.py for tasks to queue
[2024-12-25T13:33:36.895+0000] {logging_mixin.py:190} INFO - [2024-12-25T13:33:36.894+0000] {dagbag.py:588} INFO - Filling up the DagBag from /home/airflow/.local/lib/python3.12/site-packages/airflow/example_dags/example_dataset_alias_with_no_taskflow.py
[2024-12-25T13:33:37.399+0000] {processor.py:925} INFO - DAG(s) 'dataset_alias_example_alias_producer_with_no_taskflow', 'dataset_alias_example_alias_consumer_with_no_taskflow', 'dataset_s3_bucket_consumer_with_no_taskflow', 'dataset_s3_bucket_producer_with_no_taskflow' retrieved from /home/airflow/.local/lib/python3.12/site-packages/airflow/example_dags/example_dataset_alias_with_no_taskflow.py
[2024-12-25T13:33:37.415+0000] {logging_mixin.py:190} INFO - [2024-12-25T13:33:37.415+0000] {dag.py:3239} INFO - Sync 4 DAGs
[2024-12-25T13:33:37.435+0000] {logging_mixin.py:190} INFO - [2024-12-25T13:33:37.435+0000] {dag.py:4180} INFO - Setting next_dagrun for dataset_alias_example_alias_consumer_with_no_taskflow to None, run_after=None
[2024-12-25T13:33:37.438+0000] {logging_mixin.py:190} INFO - [2024-12-25T13:33:37.437+0000] {dag.py:4180} INFO - Setting next_dagrun for dataset_alias_example_alias_producer_with_no_taskflow to None, run_after=None
[2024-12-25T13:33:37.439+0000] {logging_mixin.py:190} INFO - [2024-12-25T13:33:37.438+0000] {dag.py:4180} INFO - Setting next_dagrun for dataset_s3_bucket_consumer_with_no_taskflow to None, run_after=None
[2024-12-25T13:33:37.440+0000] {logging_mixin.py:190} INFO - [2024-12-25T13:33:37.439+0000] {dag.py:4180} INFO - Setting next_dagrun for dataset_s3_bucket_producer_with_no_taskflow to None, run_after=None
[2024-12-25T13:33:37.457+0000] {processor.py:208} INFO - Processing /home/airflow/.local/lib/python3.12/site-packages/airflow/example_dags/example_dataset_alias_with_no_taskflow.py took 0.569 seconds
[2024-12-25T13:34:07.714+0000] {processor.py:186} INFO - Started process (PID=164) to work on /home/airflow/.local/lib/python3.12/site-packages/airflow/example_dags/example_dataset_alias_with_no_taskflow.py
[2024-12-25T13:34:07.716+0000] {processor.py:914} INFO - Processing file /home/airflow/.local/lib/python3.12/site-packages/airflow/example_dags/example_dataset_alias_with_no_taskflow.py for tasks to queue
[2024-12-25T13:34:07.718+0000] {logging_mixin.py:190} INFO - [2024-12-25T13:34:07.717+0000] {dagbag.py:588} INFO - Filling up the DagBag from /home/airflow/.local/lib/python3.12/site-packages/airflow/example_dags/example_dataset_alias_with_no_taskflow.py
[2024-12-25T13:34:08.222+0000] {processor.py:925} INFO - DAG(s) 'dataset_s3_bucket_consumer_with_no_taskflow', 'dataset_alias_example_alias_consumer_with_no_taskflow', 'dataset_s3_bucket_producer_with_no_taskflow', 'dataset_alias_example_alias_producer_with_no_taskflow' retrieved from /home/airflow/.local/lib/python3.12/site-packages/airflow/example_dags/example_dataset_alias_with_no_taskflow.py
[2024-12-25T13:34:08.239+0000] {logging_mixin.py:190} INFO - [2024-12-25T13:34:08.239+0000] {dag.py:3239} INFO - Sync 4 DAGs
[2024-12-25T13:34:08.257+0000] {logging_mixin.py:190} INFO - [2024-12-25T13:34:08.257+0000] {dag.py:4180} INFO - Setting next_dagrun for dataset_alias_example_alias_consumer_with_no_taskflow to None, run_after=None
[2024-12-25T13:34:08.259+0000] {logging_mixin.py:190} INFO - [2024-12-25T13:34:08.259+0000] {dag.py:4180} INFO - Setting next_dagrun for dataset_alias_example_alias_producer_with_no_taskflow to None, run_after=None
[2024-12-25T13:34:08.260+0000] {logging_mixin.py:190} INFO - [2024-12-25T13:34:08.260+0000] {dag.py:4180} INFO - Setting next_dagrun for dataset_s3_bucket_consumer_with_no_taskflow to None, run_after=None
[2024-12-25T13:34:08.261+0000] {logging_mixin.py:190} INFO - [2024-12-25T13:34:08.261+0000] {dag.py:4180} INFO - Setting next_dagrun for dataset_s3_bucket_producer_with_no_taskflow to None, run_after=None
[2024-12-25T13:34:08.286+0000] {processor.py:208} INFO - Processing /home/airflow/.local/lib/python3.12/site-packages/airflow/example_dags/example_dataset_alias_with_no_taskflow.py took 0.576 seconds
