[2024-12-25T13:11:00.372+0000] {processor.py:186} INFO - Started process (PID=90) to work on /home/airflow/.local/lib/python3.12/site-packages/airflow/example_dags/example_trigger_target_dag.py
[2024-12-25T13:11:00.372+0000] {processor.py:914} INFO - Processing file /home/airflow/.local/lib/python3.12/site-packages/airflow/example_dags/example_trigger_target_dag.py for tasks to queue
[2024-12-25T13:11:00.374+0000] {logging_mixin.py:190} INFO - [2024-12-25T13:11:00.374+0000] {dagbag.py:588} INFO - Filling up the DagBag from /home/airflow/.local/lib/python3.12/site-packages/airflow/example_dags/example_trigger_target_dag.py
[2024-12-25T13:11:00.381+0000] {processor.py:925} INFO - DAG(s) 'example_trigger_target_dag' retrieved from /home/airflow/.local/lib/python3.12/site-packages/airflow/example_dags/example_trigger_target_dag.py
[2024-12-25T13:11:00.469+0000] {logging_mixin.py:190} INFO - [2024-12-25T13:11:00.468+0000] {override.py:1911} INFO - Created Permission View: can edit on DAG:example_trigger_target_dag
[2024-12-25T13:11:00.478+0000] {logging_mixin.py:190} INFO - [2024-12-25T13:11:00.478+0000] {override.py:1911} INFO - Created Permission View: can read on DAG:example_trigger_target_dag
[2024-12-25T13:11:00.485+0000] {logging_mixin.py:190} INFO - [2024-12-25T13:11:00.484+0000] {override.py:1911} INFO - Created Permission View: can delete on DAG:example_trigger_target_dag
[2024-12-25T13:11:00.494+0000] {logging_mixin.py:190} INFO - [2024-12-25T13:11:00.494+0000] {override.py:1911} INFO - Created Permission View: can create on DAG Run:example_trigger_target_dag
[2024-12-25T13:11:00.500+0000] {logging_mixin.py:190} INFO - [2024-12-25T13:11:00.500+0000] {override.py:1911} INFO - Created Permission View: menu access on DAG Run:example_trigger_target_dag
[2024-12-25T13:11:00.506+0000] {logging_mixin.py:190} INFO - [2024-12-25T13:11:00.506+0000] {override.py:1911} INFO - Created Permission View: can read on DAG Run:example_trigger_target_dag
[2024-12-25T13:11:00.512+0000] {logging_mixin.py:190} INFO - [2024-12-25T13:11:00.512+0000] {override.py:1911} INFO - Created Permission View: can delete on DAG Run:example_trigger_target_dag
[2024-12-25T13:11:00.512+0000] {logging_mixin.py:190} INFO - [2024-12-25T13:11:00.512+0000] {dag.py:3239} INFO - Sync 1 DAGs
[2024-12-25T13:11:00.522+0000] {logging_mixin.py:190} INFO - [2024-12-25T13:11:00.522+0000] {dag.py:3262} INFO - Creating ORM DAG for example_trigger_target_dag
[2024-12-25T13:11:00.523+0000] {logging_mixin.py:190} INFO - [2024-12-25T13:11:00.523+0000] {dag.py:4180} INFO - Setting next_dagrun for example_trigger_target_dag to None, run_after=None
[2024-12-25T13:11:00.535+0000] {processor.py:208} INFO - Processing /home/airflow/.local/lib/python3.12/site-packages/airflow/example_dags/example_trigger_target_dag.py took 0.168 seconds
[2024-12-25T13:11:31.538+0000] {processor.py:186} INFO - Started process (PID=154) to work on /home/airflow/.local/lib/python3.12/site-packages/airflow/example_dags/example_trigger_target_dag.py
[2024-12-25T13:11:31.540+0000] {processor.py:914} INFO - Processing file /home/airflow/.local/lib/python3.12/site-packages/airflow/example_dags/example_trigger_target_dag.py for tasks to queue
[2024-12-25T13:11:31.542+0000] {logging_mixin.py:190} INFO - [2024-12-25T13:11:31.542+0000] {dagbag.py:588} INFO - Filling up the DagBag from /home/airflow/.local/lib/python3.12/site-packages/airflow/example_dags/example_trigger_target_dag.py
[2024-12-25T13:11:31.548+0000] {processor.py:925} INFO - DAG(s) 'example_trigger_target_dag' retrieved from /home/airflow/.local/lib/python3.12/site-packages/airflow/example_dags/example_trigger_target_dag.py
[2024-12-25T13:11:31.564+0000] {logging_mixin.py:190} INFO - [2024-12-25T13:11:31.563+0000] {dag.py:3239} INFO - Sync 1 DAGs
[2024-12-25T13:11:31.575+0000] {logging_mixin.py:190} INFO - [2024-12-25T13:11:31.575+0000] {dag.py:4180} INFO - Setting next_dagrun for example_trigger_target_dag to None, run_after=None
[2024-12-25T13:11:31.590+0000] {processor.py:208} INFO - Processing /home/airflow/.local/lib/python3.12/site-packages/airflow/example_dags/example_trigger_target_dag.py took 0.056 seconds
[2024-12-25T13:28:49.766+0000] {processor.py:186} INFO - Started process (PID=89) to work on /home/airflow/.local/lib/python3.12/site-packages/airflow/example_dags/example_trigger_target_dag.py
[2024-12-25T13:28:49.768+0000] {processor.py:914} INFO - Processing file /home/airflow/.local/lib/python3.12/site-packages/airflow/example_dags/example_trigger_target_dag.py for tasks to queue
[2024-12-25T13:28:49.770+0000] {logging_mixin.py:190} INFO - [2024-12-25T13:28:49.769+0000] {dagbag.py:588} INFO - Filling up the DagBag from /home/airflow/.local/lib/python3.12/site-packages/airflow/example_dags/example_trigger_target_dag.py
[2024-12-25T13:28:49.777+0000] {processor.py:925} INFO - DAG(s) 'example_trigger_target_dag' retrieved from /home/airflow/.local/lib/python3.12/site-packages/airflow/example_dags/example_trigger_target_dag.py
[2024-12-25T13:28:49.793+0000] {logging_mixin.py:190} INFO - [2024-12-25T13:28:49.793+0000] {dag.py:3239} INFO - Sync 1 DAGs
[2024-12-25T13:28:49.805+0000] {logging_mixin.py:190} INFO - [2024-12-25T13:28:49.805+0000] {dag.py:4180} INFO - Setting next_dagrun for example_trigger_target_dag to None, run_after=None
[2024-12-25T13:28:49.822+0000] {processor.py:208} INFO - Processing /home/airflow/.local/lib/python3.12/site-packages/airflow/example_dags/example_trigger_target_dag.py took 0.062 seconds
[2024-12-25T13:29:20.424+0000] {processor.py:186} INFO - Started process (PID=153) to work on /home/airflow/.local/lib/python3.12/site-packages/airflow/example_dags/example_trigger_target_dag.py
[2024-12-25T13:29:20.425+0000] {processor.py:914} INFO - Processing file /home/airflow/.local/lib/python3.12/site-packages/airflow/example_dags/example_trigger_target_dag.py for tasks to queue
[2024-12-25T13:29:20.427+0000] {logging_mixin.py:190} INFO - [2024-12-25T13:29:20.427+0000] {dagbag.py:588} INFO - Filling up the DagBag from /home/airflow/.local/lib/python3.12/site-packages/airflow/example_dags/example_trigger_target_dag.py
[2024-12-25T13:29:20.434+0000] {processor.py:925} INFO - DAG(s) 'example_trigger_target_dag' retrieved from /home/airflow/.local/lib/python3.12/site-packages/airflow/example_dags/example_trigger_target_dag.py
[2024-12-25T13:29:20.450+0000] {logging_mixin.py:190} INFO - [2024-12-25T13:29:20.450+0000] {dag.py:3239} INFO - Sync 1 DAGs
[2024-12-25T13:29:20.462+0000] {logging_mixin.py:190} INFO - [2024-12-25T13:29:20.462+0000] {dag.py:4180} INFO - Setting next_dagrun for example_trigger_target_dag to None, run_after=None
[2024-12-25T13:29:20.479+0000] {processor.py:208} INFO - Processing /home/airflow/.local/lib/python3.12/site-packages/airflow/example_dags/example_trigger_target_dag.py took 0.060 seconds
[2024-12-25T13:29:51.116+0000] {processor.py:186} INFO - Started process (PID=217) to work on /home/airflow/.local/lib/python3.12/site-packages/airflow/example_dags/example_trigger_target_dag.py
[2024-12-25T13:29:51.118+0000] {processor.py:914} INFO - Processing file /home/airflow/.local/lib/python3.12/site-packages/airflow/example_dags/example_trigger_target_dag.py for tasks to queue
[2024-12-25T13:29:51.119+0000] {logging_mixin.py:190} INFO - [2024-12-25T13:29:51.119+0000] {dagbag.py:588} INFO - Filling up the DagBag from /home/airflow/.local/lib/python3.12/site-packages/airflow/example_dags/example_trigger_target_dag.py
[2024-12-25T13:29:51.125+0000] {processor.py:925} INFO - DAG(s) 'example_trigger_target_dag' retrieved from /home/airflow/.local/lib/python3.12/site-packages/airflow/example_dags/example_trigger_target_dag.py
[2024-12-25T13:29:51.142+0000] {logging_mixin.py:190} INFO - [2024-12-25T13:29:51.142+0000] {dag.py:3239} INFO - Sync 1 DAGs
[2024-12-25T13:29:51.154+0000] {logging_mixin.py:190} INFO - [2024-12-25T13:29:51.154+0000] {dag.py:4180} INFO - Setting next_dagrun for example_trigger_target_dag to None, run_after=None
[2024-12-25T13:29:51.169+0000] {processor.py:208} INFO - Processing /home/airflow/.local/lib/python3.12/site-packages/airflow/example_dags/example_trigger_target_dag.py took 0.058 seconds
[2024-12-25T13:30:22.421+0000] {processor.py:186} INFO - Started process (PID=281) to work on /home/airflow/.local/lib/python3.12/site-packages/airflow/example_dags/example_trigger_target_dag.py
[2024-12-25T13:30:22.423+0000] {processor.py:914} INFO - Processing file /home/airflow/.local/lib/python3.12/site-packages/airflow/example_dags/example_trigger_target_dag.py for tasks to queue
[2024-12-25T13:30:22.425+0000] {logging_mixin.py:190} INFO - [2024-12-25T13:30:22.424+0000] {dagbag.py:588} INFO - Filling up the DagBag from /home/airflow/.local/lib/python3.12/site-packages/airflow/example_dags/example_trigger_target_dag.py
[2024-12-25T13:30:22.431+0000] {processor.py:925} INFO - DAG(s) 'example_trigger_target_dag' retrieved from /home/airflow/.local/lib/python3.12/site-packages/airflow/example_dags/example_trigger_target_dag.py
[2024-12-25T13:30:22.448+0000] {logging_mixin.py:190} INFO - [2024-12-25T13:30:22.447+0000] {dag.py:3239} INFO - Sync 1 DAGs
[2024-12-25T13:30:22.460+0000] {logging_mixin.py:190} INFO - [2024-12-25T13:30:22.460+0000] {dag.py:4180} INFO - Setting next_dagrun for example_trigger_target_dag to None, run_after=None
[2024-12-25T13:30:22.477+0000] {processor.py:208} INFO - Processing /home/airflow/.local/lib/python3.12/site-packages/airflow/example_dags/example_trigger_target_dag.py took 0.061 seconds
[2024-12-25T13:33:36.278+0000] {processor.py:186} INFO - Started process (PID=83) to work on /home/airflow/.local/lib/python3.12/site-packages/airflow/example_dags/example_trigger_target_dag.py
[2024-12-25T13:33:36.279+0000] {processor.py:914} INFO - Processing file /home/airflow/.local/lib/python3.12/site-packages/airflow/example_dags/example_trigger_target_dag.py for tasks to queue
[2024-12-25T13:33:36.281+0000] {logging_mixin.py:190} INFO - [2024-12-25T13:33:36.280+0000] {dagbag.py:588} INFO - Filling up the DagBag from /home/airflow/.local/lib/python3.12/site-packages/airflow/example_dags/example_trigger_target_dag.py
[2024-12-25T13:33:36.287+0000] {processor.py:925} INFO - DAG(s) 'example_trigger_target_dag' retrieved from /home/airflow/.local/lib/python3.12/site-packages/airflow/example_dags/example_trigger_target_dag.py
[2024-12-25T13:33:36.305+0000] {logging_mixin.py:190} INFO - [2024-12-25T13:33:36.305+0000] {dag.py:3239} INFO - Sync 1 DAGs
[2024-12-25T13:33:36.318+0000] {logging_mixin.py:190} INFO - [2024-12-25T13:33:36.318+0000] {dag.py:4180} INFO - Setting next_dagrun for example_trigger_target_dag to None, run_after=None
[2024-12-25T13:33:36.334+0000] {processor.py:208} INFO - Processing /home/airflow/.local/lib/python3.12/site-packages/airflow/example_dags/example_trigger_target_dag.py took 0.059 seconds
[2024-12-25T13:34:06.953+0000] {processor.py:186} INFO - Started process (PID=147) to work on /home/airflow/.local/lib/python3.12/site-packages/airflow/example_dags/example_trigger_target_dag.py
[2024-12-25T13:34:06.954+0000] {processor.py:914} INFO - Processing file /home/airflow/.local/lib/python3.12/site-packages/airflow/example_dags/example_trigger_target_dag.py for tasks to queue
[2024-12-25T13:34:06.955+0000] {logging_mixin.py:190} INFO - [2024-12-25T13:34:06.955+0000] {dagbag.py:588} INFO - Filling up the DagBag from /home/airflow/.local/lib/python3.12/site-packages/airflow/example_dags/example_trigger_target_dag.py
[2024-12-25T13:34:06.962+0000] {processor.py:925} INFO - DAG(s) 'example_trigger_target_dag' retrieved from /home/airflow/.local/lib/python3.12/site-packages/airflow/example_dags/example_trigger_target_dag.py
[2024-12-25T13:34:06.977+0000] {logging_mixin.py:190} INFO - [2024-12-25T13:34:06.977+0000] {dag.py:3239} INFO - Sync 1 DAGs
[2024-12-25T13:34:06.988+0000] {logging_mixin.py:190} INFO - [2024-12-25T13:34:06.988+0000] {dag.py:4180} INFO - Setting next_dagrun for example_trigger_target_dag to None, run_after=None
[2024-12-25T13:34:07.003+0000] {processor.py:208} INFO - Processing /home/airflow/.local/lib/python3.12/site-packages/airflow/example_dags/example_trigger_target_dag.py took 0.055 seconds
