[2024-12-25T13:11:00.173+0000] {processor.py:186} INFO - Started process (PID=88) to work on /home/airflow/.local/lib/python3.12/site-packages/airflow/example_dags/example_branch_labels.py
[2024-12-25T13:11:00.173+0000] {processor.py:914} INFO - Processing file /home/airflow/.local/lib/python3.12/site-packages/airflow/example_dags/example_branch_labels.py for tasks to queue
[2024-12-25T13:11:00.176+0000] {logging_mixin.py:190} INFO - [2024-12-25T13:11:00.175+0000] {dagbag.py:588} INFO - Filling up the DagBag from /home/airflow/.local/lib/python3.12/site-packages/airflow/example_dags/example_branch_labels.py
[2024-12-25T13:11:00.185+0000] {processor.py:925} INFO - DAG(s) 'example_branch_labels' retrieved from /home/airflow/.local/lib/python3.12/site-packages/airflow/example_dags/example_branch_labels.py
[2024-12-25T13:11:00.274+0000] {logging_mixin.py:190} INFO - [2024-12-25T13:11:00.274+0000] {override.py:1911} INFO - Created Permission View: can edit on DAG:example_branch_labels
[2024-12-25T13:11:00.282+0000] {logging_mixin.py:190} INFO - [2024-12-25T13:11:00.282+0000] {override.py:1911} INFO - Created Permission View: can read on DAG:example_branch_labels
[2024-12-25T13:11:00.288+0000] {logging_mixin.py:190} INFO - [2024-12-25T13:11:00.288+0000] {override.py:1911} INFO - Created Permission View: can delete on DAG:example_branch_labels
[2024-12-25T13:11:00.296+0000] {logging_mixin.py:190} INFO - [2024-12-25T13:11:00.296+0000] {override.py:1911} INFO - Created Permission View: can create on DAG Run:example_branch_labels
[2024-12-25T13:11:00.302+0000] {logging_mixin.py:190} INFO - [2024-12-25T13:11:00.302+0000] {override.py:1911} INFO - Created Permission View: menu access on DAG Run:example_branch_labels
[2024-12-25T13:11:00.308+0000] {logging_mixin.py:190} INFO - [2024-12-25T13:11:00.308+0000] {override.py:1911} INFO - Created Permission View: can read on DAG Run:example_branch_labels
[2024-12-25T13:11:00.314+0000] {logging_mixin.py:190} INFO - [2024-12-25T13:11:00.314+0000] {override.py:1911} INFO - Created Permission View: can delete on DAG Run:example_branch_labels
[2024-12-25T13:11:00.315+0000] {logging_mixin.py:190} INFO - [2024-12-25T13:11:00.314+0000] {dag.py:3239} INFO - Sync 1 DAGs
[2024-12-25T13:11:00.326+0000] {logging_mixin.py:190} INFO - [2024-12-25T13:11:00.326+0000] {dag.py:3262} INFO - Creating ORM DAG for example_branch_labels
[2024-12-25T13:11:00.334+0000] {logging_mixin.py:190} INFO - [2024-12-25T13:11:00.334+0000] {dag.py:4180} INFO - Setting next_dagrun for example_branch_labels to 2024-12-24 00:00:00+00:00, run_after=2024-12-25 00:00:00+00:00
[2024-12-25T13:11:00.345+0000] {processor.py:208} INFO - Processing /home/airflow/.local/lib/python3.12/site-packages/airflow/example_dags/example_branch_labels.py took 0.177 seconds
[2024-12-25T13:11:31.446+0000] {processor.py:186} INFO - Started process (PID=152) to work on /home/airflow/.local/lib/python3.12/site-packages/airflow/example_dags/example_branch_labels.py
[2024-12-25T13:11:31.448+0000] {processor.py:914} INFO - Processing file /home/airflow/.local/lib/python3.12/site-packages/airflow/example_dags/example_branch_labels.py for tasks to queue
[2024-12-25T13:11:31.450+0000] {logging_mixin.py:190} INFO - [2024-12-25T13:11:31.449+0000] {dagbag.py:588} INFO - Filling up the DagBag from /home/airflow/.local/lib/python3.12/site-packages/airflow/example_dags/example_branch_labels.py
[2024-12-25T13:11:31.458+0000] {processor.py:925} INFO - DAG(s) 'example_branch_labels' retrieved from /home/airflow/.local/lib/python3.12/site-packages/airflow/example_dags/example_branch_labels.py
[2024-12-25T13:11:31.476+0000] {logging_mixin.py:190} INFO - [2024-12-25T13:11:31.476+0000] {dag.py:3239} INFO - Sync 1 DAGs
[2024-12-25T13:11:31.497+0000] {logging_mixin.py:190} INFO - [2024-12-25T13:11:31.497+0000] {dag.py:4180} INFO - Setting next_dagrun for example_branch_labels to 2024-12-24 00:00:00+00:00, run_after=2024-12-25 00:00:00+00:00
[2024-12-25T13:11:31.512+0000] {processor.py:208} INFO - Processing /home/airflow/.local/lib/python3.12/site-packages/airflow/example_dags/example_branch_labels.py took 0.071 seconds
[2024-12-25T13:28:49.575+0000] {processor.py:186} INFO - Started process (PID=87) to work on /home/airflow/.local/lib/python3.12/site-packages/airflow/example_dags/example_branch_labels.py
[2024-12-25T13:28:49.577+0000] {processor.py:914} INFO - Processing file /home/airflow/.local/lib/python3.12/site-packages/airflow/example_dags/example_branch_labels.py for tasks to queue
[2024-12-25T13:28:49.579+0000] {logging_mixin.py:190} INFO - [2024-12-25T13:28:49.579+0000] {dagbag.py:588} INFO - Filling up the DagBag from /home/airflow/.local/lib/python3.12/site-packages/airflow/example_dags/example_branch_labels.py
[2024-12-25T13:28:49.588+0000] {processor.py:925} INFO - DAG(s) 'example_branch_labels' retrieved from /home/airflow/.local/lib/python3.12/site-packages/airflow/example_dags/example_branch_labels.py
[2024-12-25T13:28:49.608+0000] {logging_mixin.py:190} INFO - [2024-12-25T13:28:49.608+0000] {dag.py:3239} INFO - Sync 1 DAGs
[2024-12-25T13:28:49.629+0000] {logging_mixin.py:190} INFO - [2024-12-25T13:28:49.629+0000] {dag.py:4180} INFO - Setting next_dagrun for example_branch_labels to 2024-12-24 00:00:00+00:00, run_after=2024-12-25 00:00:00+00:00
[2024-12-25T13:28:49.644+0000] {processor.py:208} INFO - Processing /home/airflow/.local/lib/python3.12/site-packages/airflow/example_dags/example_branch_labels.py took 0.074 seconds
[2024-12-25T13:29:20.237+0000] {processor.py:186} INFO - Started process (PID=151) to work on /home/airflow/.local/lib/python3.12/site-packages/airflow/example_dags/example_branch_labels.py
[2024-12-25T13:29:20.238+0000] {processor.py:914} INFO - Processing file /home/airflow/.local/lib/python3.12/site-packages/airflow/example_dags/example_branch_labels.py for tasks to queue
[2024-12-25T13:29:20.239+0000] {logging_mixin.py:190} INFO - [2024-12-25T13:29:20.239+0000] {dagbag.py:588} INFO - Filling up the DagBag from /home/airflow/.local/lib/python3.12/site-packages/airflow/example_dags/example_branch_labels.py
[2024-12-25T13:29:20.247+0000] {processor.py:925} INFO - DAG(s) 'example_branch_labels' retrieved from /home/airflow/.local/lib/python3.12/site-packages/airflow/example_dags/example_branch_labels.py
[2024-12-25T13:29:20.265+0000] {logging_mixin.py:190} INFO - [2024-12-25T13:29:20.265+0000] {dag.py:3239} INFO - Sync 1 DAGs
[2024-12-25T13:29:20.285+0000] {logging_mixin.py:190} INFO - [2024-12-25T13:29:20.285+0000] {dag.py:4180} INFO - Setting next_dagrun for example_branch_labels to 2024-12-24 00:00:00+00:00, run_after=2024-12-25 00:00:00+00:00
[2024-12-25T13:29:20.302+0000] {processor.py:208} INFO - Processing /home/airflow/.local/lib/python3.12/site-packages/airflow/example_dags/example_branch_labels.py took 0.070 seconds
[2024-12-25T13:29:50.660+0000] {processor.py:186} INFO - Started process (PID=214) to work on /home/airflow/.local/lib/python3.12/site-packages/airflow/example_dags/example_branch_labels.py
[2024-12-25T13:29:50.662+0000] {processor.py:914} INFO - Processing file /home/airflow/.local/lib/python3.12/site-packages/airflow/example_dags/example_branch_labels.py for tasks to queue
[2024-12-25T13:29:50.664+0000] {logging_mixin.py:190} INFO - [2024-12-25T13:29:50.664+0000] {dagbag.py:588} INFO - Filling up the DagBag from /home/airflow/.local/lib/python3.12/site-packages/airflow/example_dags/example_branch_labels.py
[2024-12-25T13:29:50.672+0000] {processor.py:925} INFO - DAG(s) 'example_branch_labels' retrieved from /home/airflow/.local/lib/python3.12/site-packages/airflow/example_dags/example_branch_labels.py
[2024-12-25T13:29:50.690+0000] {logging_mixin.py:190} INFO - [2024-12-25T13:29:50.690+0000] {dag.py:3239} INFO - Sync 1 DAGs
[2024-12-25T13:29:50.712+0000] {logging_mixin.py:190} INFO - [2024-12-25T13:29:50.711+0000] {dag.py:4180} INFO - Setting next_dagrun for example_branch_labels to 2024-12-24 00:00:00+00:00, run_after=2024-12-25 00:00:00+00:00
[2024-12-25T13:29:50.728+0000] {processor.py:208} INFO - Processing /home/airflow/.local/lib/python3.12/site-packages/airflow/example_dags/example_branch_labels.py took 0.073 seconds
[2024-12-25T13:30:22.241+0000] {processor.py:186} INFO - Started process (PID=279) to work on /home/airflow/.local/lib/python3.12/site-packages/airflow/example_dags/example_branch_labels.py
[2024-12-25T13:30:22.243+0000] {processor.py:914} INFO - Processing file /home/airflow/.local/lib/python3.12/site-packages/airflow/example_dags/example_branch_labels.py for tasks to queue
[2024-12-25T13:30:22.245+0000] {logging_mixin.py:190} INFO - [2024-12-25T13:30:22.245+0000] {dagbag.py:588} INFO - Filling up the DagBag from /home/airflow/.local/lib/python3.12/site-packages/airflow/example_dags/example_branch_labels.py
[2024-12-25T13:30:22.253+0000] {processor.py:925} INFO - DAG(s) 'example_branch_labels' retrieved from /home/airflow/.local/lib/python3.12/site-packages/airflow/example_dags/example_branch_labels.py
[2024-12-25T13:30:22.270+0000] {logging_mixin.py:190} INFO - [2024-12-25T13:30:22.270+0000] {dag.py:3239} INFO - Sync 1 DAGs
[2024-12-25T13:30:22.290+0000] {logging_mixin.py:190} INFO - [2024-12-25T13:30:22.290+0000] {dag.py:4180} INFO - Setting next_dagrun for example_branch_labels to 2024-12-24 00:00:00+00:00, run_after=2024-12-25 00:00:00+00:00
[2024-12-25T13:30:22.304+0000] {processor.py:208} INFO - Processing /home/airflow/.local/lib/python3.12/site-packages/airflow/example_dags/example_branch_labels.py took 0.068 seconds
[2024-12-25T13:33:36.101+0000] {processor.py:186} INFO - Started process (PID=81) to work on /home/airflow/.local/lib/python3.12/site-packages/airflow/example_dags/example_branch_labels.py
[2024-12-25T13:33:36.101+0000] {processor.py:914} INFO - Processing file /home/airflow/.local/lib/python3.12/site-packages/airflow/example_dags/example_branch_labels.py for tasks to queue
[2024-12-25T13:33:36.103+0000] {logging_mixin.py:190} INFO - [2024-12-25T13:33:36.102+0000] {dagbag.py:588} INFO - Filling up the DagBag from /home/airflow/.local/lib/python3.12/site-packages/airflow/example_dags/example_branch_labels.py
[2024-12-25T13:33:36.110+0000] {processor.py:925} INFO - DAG(s) 'example_branch_labels' retrieved from /home/airflow/.local/lib/python3.12/site-packages/airflow/example_dags/example_branch_labels.py
[2024-12-25T13:33:36.128+0000] {logging_mixin.py:190} INFO - [2024-12-25T13:33:36.128+0000] {dag.py:3239} INFO - Sync 1 DAGs
[2024-12-25T13:33:36.147+0000] {logging_mixin.py:190} INFO - [2024-12-25T13:33:36.147+0000] {dag.py:4180} INFO - Setting next_dagrun for example_branch_labels to 2024-12-24 00:00:00+00:00, run_after=2024-12-25 00:00:00+00:00
[2024-12-25T13:33:36.164+0000] {processor.py:208} INFO - Processing /home/airflow/.local/lib/python3.12/site-packages/airflow/example_dags/example_branch_labels.py took 0.067 seconds
[2024-12-25T13:34:06.779+0000] {processor.py:186} INFO - Started process (PID=145) to work on /home/airflow/.local/lib/python3.12/site-packages/airflow/example_dags/example_branch_labels.py
[2024-12-25T13:34:06.779+0000] {processor.py:914} INFO - Processing file /home/airflow/.local/lib/python3.12/site-packages/airflow/example_dags/example_branch_labels.py for tasks to queue
[2024-12-25T13:34:06.781+0000] {logging_mixin.py:190} INFO - [2024-12-25T13:34:06.781+0000] {dagbag.py:588} INFO - Filling up the DagBag from /home/airflow/.local/lib/python3.12/site-packages/airflow/example_dags/example_branch_labels.py
[2024-12-25T13:34:06.789+0000] {processor.py:925} INFO - DAG(s) 'example_branch_labels' retrieved from /home/airflow/.local/lib/python3.12/site-packages/airflow/example_dags/example_branch_labels.py
[2024-12-25T13:34:06.805+0000] {logging_mixin.py:190} INFO - [2024-12-25T13:34:06.805+0000] {dag.py:3239} INFO - Sync 1 DAGs
[2024-12-25T13:34:06.824+0000] {logging_mixin.py:190} INFO - [2024-12-25T13:34:06.824+0000] {dag.py:4180} INFO - Setting next_dagrun for example_branch_labels to 2024-12-24 00:00:00+00:00, run_after=2024-12-25 00:00:00+00:00
[2024-12-25T13:34:06.837+0000] {processor.py:208} INFO - Processing /home/airflow/.local/lib/python3.12/site-packages/airflow/example_dags/example_branch_labels.py took 0.063 seconds
