[2024-12-25T13:10:56.980+0000] {processor.py:186} INFO - Started process (PID=74) to work on /home/airflow/.local/lib/python3.12/site-packages/airflow/example_dags/example_dataset_alias.py
[2024-12-25T13:10:56.981+0000] {processor.py:914} INFO - Processing file /home/airflow/.local/lib/python3.12/site-packages/airflow/example_dags/example_dataset_alias.py for tasks to queue
[2024-12-25T13:10:56.982+0000] {logging_mixin.py:190} INFO - [2024-12-25T13:10:56.982+0000] {dagbag.py:588} INFO - Filling up the DagBag from /home/airflow/.local/lib/python3.12/site-packages/airflow/example_dags/example_dataset_alias.py
[2024-12-25T13:10:58.293+0000] {processor.py:925} INFO - DAG(s) 'dataset_alias_example_alias_consumer', 'dataset_alias_example_alias_producer', 'dataset_s3_bucket_consumer', 'dataset_s3_bucket_producer' retrieved from /home/airflow/.local/lib/python3.12/site-packages/airflow/example_dags/example_dataset_alias.py
[2024-12-25T13:10:58.377+0000] {logging_mixin.py:190} INFO - [2024-12-25T13:10:58.377+0000] {override.py:1911} INFO - Created Permission View: can edit on DAG:dataset_alias_example_alias_consumer
[2024-12-25T13:10:58.387+0000] {logging_mixin.py:190} INFO - [2024-12-25T13:10:58.387+0000] {override.py:1911} INFO - Created Permission View: can read on DAG:dataset_alias_example_alias_consumer
[2024-12-25T13:10:58.393+0000] {logging_mixin.py:190} INFO - [2024-12-25T13:10:58.393+0000] {override.py:1911} INFO - Created Permission View: can delete on DAG:dataset_alias_example_alias_consumer
[2024-12-25T13:10:58.403+0000] {logging_mixin.py:190} INFO - [2024-12-25T13:10:58.403+0000] {override.py:1911} INFO - Created Permission View: can create on DAG Run:dataset_alias_example_alias_consumer
[2024-12-25T13:10:58.409+0000] {logging_mixin.py:190} INFO - [2024-12-25T13:10:58.409+0000] {override.py:1911} INFO - Created Permission View: menu access on DAG Run:dataset_alias_example_alias_consumer
[2024-12-25T13:10:58.415+0000] {logging_mixin.py:190} INFO - [2024-12-25T13:10:58.415+0000] {override.py:1911} INFO - Created Permission View: can read on DAG Run:dataset_alias_example_alias_consumer
[2024-12-25T13:10:58.421+0000] {logging_mixin.py:190} INFO - [2024-12-25T13:10:58.421+0000] {override.py:1911} INFO - Created Permission View: can delete on DAG Run:dataset_alias_example_alias_consumer
[2024-12-25T13:10:58.435+0000] {logging_mixin.py:190} INFO - [2024-12-25T13:10:58.435+0000] {override.py:1911} INFO - Created Permission View: can edit on DAG:dataset_alias_example_alias_producer
[2024-12-25T13:10:58.441+0000] {logging_mixin.py:190} INFO - [2024-12-25T13:10:58.441+0000] {override.py:1911} INFO - Created Permission View: can read on DAG:dataset_alias_example_alias_producer
[2024-12-25T13:10:58.447+0000] {logging_mixin.py:190} INFO - [2024-12-25T13:10:58.447+0000] {override.py:1911} INFO - Created Permission View: can delete on DAG:dataset_alias_example_alias_producer
[2024-12-25T13:10:58.455+0000] {logging_mixin.py:190} INFO - [2024-12-25T13:10:58.455+0000] {override.py:1911} INFO - Created Permission View: can create on DAG Run:dataset_alias_example_alias_producer
[2024-12-25T13:10:58.461+0000] {logging_mixin.py:190} INFO - [2024-12-25T13:10:58.461+0000] {override.py:1911} INFO - Created Permission View: menu access on DAG Run:dataset_alias_example_alias_producer
[2024-12-25T13:10:58.467+0000] {logging_mixin.py:190} INFO - [2024-12-25T13:10:58.467+0000] {override.py:1911} INFO - Created Permission View: can read on DAG Run:dataset_alias_example_alias_producer
[2024-12-25T13:10:58.473+0000] {logging_mixin.py:190} INFO - [2024-12-25T13:10:58.473+0000] {override.py:1911} INFO - Created Permission View: can delete on DAG Run:dataset_alias_example_alias_producer
[2024-12-25T13:10:58.492+0000] {logging_mixin.py:190} INFO - [2024-12-25T13:10:58.491+0000] {override.py:1911} INFO - Created Permission View: can edit on DAG:dataset_s3_bucket_consumer
[2024-12-25T13:10:58.499+0000] {logging_mixin.py:190} INFO - [2024-12-25T13:10:58.499+0000] {override.py:1911} INFO - Created Permission View: can read on DAG:dataset_s3_bucket_consumer
[2024-12-25T13:10:58.507+0000] {logging_mixin.py:190} INFO - [2024-12-25T13:10:58.507+0000] {override.py:1911} INFO - Created Permission View: can delete on DAG:dataset_s3_bucket_consumer
[2024-12-25T13:10:58.517+0000] {logging_mixin.py:190} INFO - [2024-12-25T13:10:58.517+0000] {override.py:1911} INFO - Created Permission View: can create on DAG Run:dataset_s3_bucket_consumer
[2024-12-25T13:10:58.528+0000] {logging_mixin.py:190} INFO - [2024-12-25T13:10:58.527+0000] {override.py:1911} INFO - Created Permission View: menu access on DAG Run:dataset_s3_bucket_consumer
[2024-12-25T13:10:58.535+0000] {logging_mixin.py:190} INFO - [2024-12-25T13:10:58.535+0000] {override.py:1911} INFO - Created Permission View: can read on DAG Run:dataset_s3_bucket_consumer
[2024-12-25T13:10:58.543+0000] {logging_mixin.py:190} INFO - [2024-12-25T13:10:58.543+0000] {override.py:1911} INFO - Created Permission View: can delete on DAG Run:dataset_s3_bucket_consumer
[2024-12-25T13:10:58.560+0000] {logging_mixin.py:190} INFO - [2024-12-25T13:10:58.559+0000] {override.py:1911} INFO - Created Permission View: can edit on DAG:dataset_s3_bucket_producer
[2024-12-25T13:10:58.568+0000] {logging_mixin.py:190} INFO - [2024-12-25T13:10:58.567+0000] {override.py:1911} INFO - Created Permission View: can read on DAG:dataset_s3_bucket_producer
[2024-12-25T13:10:58.577+0000] {logging_mixin.py:190} INFO - [2024-12-25T13:10:58.577+0000] {override.py:1911} INFO - Created Permission View: can delete on DAG:dataset_s3_bucket_producer
[2024-12-25T13:10:58.587+0000] {logging_mixin.py:190} INFO - [2024-12-25T13:10:58.587+0000] {override.py:1911} INFO - Created Permission View: can create on DAG Run:dataset_s3_bucket_producer
[2024-12-25T13:10:58.595+0000] {logging_mixin.py:190} INFO - [2024-12-25T13:10:58.595+0000] {override.py:1911} INFO - Created Permission View: menu access on DAG Run:dataset_s3_bucket_producer
[2024-12-25T13:10:58.604+0000] {logging_mixin.py:190} INFO - [2024-12-25T13:10:58.603+0000] {override.py:1911} INFO - Created Permission View: can read on DAG Run:dataset_s3_bucket_producer
[2024-12-25T13:10:58.611+0000] {logging_mixin.py:190} INFO - [2024-12-25T13:10:58.611+0000] {override.py:1911} INFO - Created Permission View: can delete on DAG Run:dataset_s3_bucket_producer
[2024-12-25T13:10:58.612+0000] {logging_mixin.py:190} INFO - [2024-12-25T13:10:58.612+0000] {dag.py:3239} INFO - Sync 4 DAGs
[2024-12-25T13:10:58.627+0000] {logging_mixin.py:190} INFO - [2024-12-25T13:10:58.626+0000] {dag.py:3262} INFO - Creating ORM DAG for dataset_s3_bucket_producer
[2024-12-25T13:10:58.627+0000] {logging_mixin.py:190} INFO - [2024-12-25T13:10:58.627+0000] {dag.py:3262} INFO - Creating ORM DAG for dataset_alias_example_alias_producer
[2024-12-25T13:10:58.627+0000] {logging_mixin.py:190} INFO - [2024-12-25T13:10:58.627+0000] {dag.py:3262} INFO - Creating ORM DAG for dataset_s3_bucket_consumer
[2024-12-25T13:10:58.628+0000] {logging_mixin.py:190} INFO - [2024-12-25T13:10:58.628+0000] {dag.py:3262} INFO - Creating ORM DAG for dataset_alias_example_alias_consumer
[2024-12-25T13:10:58.640+0000] {logging_mixin.py:190} INFO - [2024-12-25T13:10:58.640+0000] {dag.py:4180} INFO - Setting next_dagrun for dataset_alias_example_alias_consumer to None, run_after=None
[2024-12-25T13:10:58.641+0000] {logging_mixin.py:190} INFO - [2024-12-25T13:10:58.641+0000] {dag.py:4180} INFO - Setting next_dagrun for dataset_alias_example_alias_producer to None, run_after=None
[2024-12-25T13:10:58.641+0000] {logging_mixin.py:190} INFO - [2024-12-25T13:10:58.641+0000] {dag.py:4180} INFO - Setting next_dagrun for dataset_s3_bucket_consumer to None, run_after=None
[2024-12-25T13:10:58.642+0000] {logging_mixin.py:190} INFO - [2024-12-25T13:10:58.642+0000] {dag.py:4180} INFO - Setting next_dagrun for dataset_s3_bucket_producer to None, run_after=None
[2024-12-25T13:10:58.681+0000] {processor.py:208} INFO - Processing /home/airflow/.local/lib/python3.12/site-packages/airflow/example_dags/example_dataset_alias.py took 1.705 seconds
[2024-12-25T13:11:29.397+0000] {processor.py:186} INFO - Started process (PID=144) to work on /home/airflow/.local/lib/python3.12/site-packages/airflow/example_dags/example_dataset_alias.py
[2024-12-25T13:11:29.404+0000] {processor.py:914} INFO - Processing file /home/airflow/.local/lib/python3.12/site-packages/airflow/example_dags/example_dataset_alias.py for tasks to queue
[2024-12-25T13:11:29.406+0000] {logging_mixin.py:190} INFO - [2024-12-25T13:11:29.406+0000] {dagbag.py:588} INFO - Filling up the DagBag from /home/airflow/.local/lib/python3.12/site-packages/airflow/example_dags/example_dataset_alias.py
[2024-12-25T13:11:29.926+0000] {processor.py:925} INFO - DAG(s) 'dataset_s3_bucket_producer', 'dataset_alias_example_alias_producer', 'dataset_s3_bucket_consumer', 'dataset_alias_example_alias_consumer' retrieved from /home/airflow/.local/lib/python3.12/site-packages/airflow/example_dags/example_dataset_alias.py
[2024-12-25T13:11:29.946+0000] {logging_mixin.py:190} INFO - [2024-12-25T13:11:29.944+0000] {dag.py:3239} INFO - Sync 4 DAGs
[2024-12-25T13:11:29.965+0000] {logging_mixin.py:190} INFO - [2024-12-25T13:11:29.965+0000] {dag.py:4180} INFO - Setting next_dagrun for dataset_alias_example_alias_consumer to None, run_after=None
[2024-12-25T13:11:29.967+0000] {logging_mixin.py:190} INFO - [2024-12-25T13:11:29.967+0000] {dag.py:4180} INFO - Setting next_dagrun for dataset_alias_example_alias_producer to None, run_after=None
[2024-12-25T13:11:29.968+0000] {logging_mixin.py:190} INFO - [2024-12-25T13:11:29.968+0000] {dag.py:4180} INFO - Setting next_dagrun for dataset_s3_bucket_consumer to None, run_after=None
[2024-12-25T13:11:29.969+0000] {logging_mixin.py:190} INFO - [2024-12-25T13:11:29.969+0000] {dag.py:4180} INFO - Setting next_dagrun for dataset_s3_bucket_producer to None, run_after=None
[2024-12-25T13:11:29.997+0000] {processor.py:208} INFO - Processing /home/airflow/.local/lib/python3.12/site-packages/airflow/example_dags/example_dataset_alias.py took 0.605 seconds
[2024-12-25T13:28:47.453+0000] {processor.py:186} INFO - Started process (PID=73) to work on /home/airflow/.local/lib/python3.12/site-packages/airflow/example_dags/example_dataset_alias.py
[2024-12-25T13:28:47.454+0000] {processor.py:914} INFO - Processing file /home/airflow/.local/lib/python3.12/site-packages/airflow/example_dags/example_dataset_alias.py for tasks to queue
[2024-12-25T13:28:47.456+0000] {logging_mixin.py:190} INFO - [2024-12-25T13:28:47.456+0000] {dagbag.py:588} INFO - Filling up the DagBag from /home/airflow/.local/lib/python3.12/site-packages/airflow/example_dags/example_dataset_alias.py
[2024-12-25T13:28:48.947+0000] {processor.py:925} INFO - DAG(s) 'dataset_s3_bucket_producer', 'dataset_alias_example_alias_consumer', 'dataset_alias_example_alias_producer', 'dataset_s3_bucket_consumer' retrieved from /home/airflow/.local/lib/python3.12/site-packages/airflow/example_dags/example_dataset_alias.py
[2024-12-25T13:28:48.978+0000] {logging_mixin.py:190} INFO - [2024-12-25T13:28:48.978+0000] {dag.py:3239} INFO - Sync 4 DAGs
[2024-12-25T13:28:49.007+0000] {logging_mixin.py:190} INFO - [2024-12-25T13:28:49.006+0000] {dag.py:4180} INFO - Setting next_dagrun for dataset_alias_example_alias_consumer to None, run_after=None
[2024-12-25T13:28:49.011+0000] {logging_mixin.py:190} INFO - [2024-12-25T13:28:49.011+0000] {dag.py:4180} INFO - Setting next_dagrun for dataset_alias_example_alias_producer to None, run_after=None
[2024-12-25T13:28:49.013+0000] {logging_mixin.py:190} INFO - [2024-12-25T13:28:49.013+0000] {dag.py:4180} INFO - Setting next_dagrun for dataset_s3_bucket_consumer to None, run_after=None
[2024-12-25T13:28:49.014+0000] {logging_mixin.py:190} INFO - [2024-12-25T13:28:49.014+0000] {dag.py:4180} INFO - Setting next_dagrun for dataset_s3_bucket_producer to None, run_after=None
[2024-12-25T13:28:49.040+0000] {processor.py:208} INFO - Processing /home/airflow/.local/lib/python3.12/site-packages/airflow/example_dags/example_dataset_alias.py took 1.591 seconds
[2024-12-25T13:29:19.118+0000] {processor.py:186} INFO - Started process (PID=143) to work on /home/airflow/.local/lib/python3.12/site-packages/airflow/example_dags/example_dataset_alias.py
[2024-12-25T13:29:19.120+0000] {processor.py:914} INFO - Processing file /home/airflow/.local/lib/python3.12/site-packages/airflow/example_dags/example_dataset_alias.py for tasks to queue
[2024-12-25T13:29:19.122+0000] {logging_mixin.py:190} INFO - [2024-12-25T13:29:19.122+0000] {dagbag.py:588} INFO - Filling up the DagBag from /home/airflow/.local/lib/python3.12/site-packages/airflow/example_dags/example_dataset_alias.py
[2024-12-25T13:29:19.674+0000] {processor.py:925} INFO - DAG(s) 'dataset_alias_example_alias_consumer', 'dataset_s3_bucket_producer', 'dataset_s3_bucket_consumer', 'dataset_alias_example_alias_producer' retrieved from /home/airflow/.local/lib/python3.12/site-packages/airflow/example_dags/example_dataset_alias.py
[2024-12-25T13:29:19.694+0000] {logging_mixin.py:190} INFO - [2024-12-25T13:29:19.693+0000] {dag.py:3239} INFO - Sync 4 DAGs
[2024-12-25T13:29:19.714+0000] {logging_mixin.py:190} INFO - [2024-12-25T13:29:19.713+0000] {dag.py:4180} INFO - Setting next_dagrun for dataset_alias_example_alias_consumer to None, run_after=None
[2024-12-25T13:29:19.716+0000] {logging_mixin.py:190} INFO - [2024-12-25T13:29:19.715+0000] {dag.py:4180} INFO - Setting next_dagrun for dataset_alias_example_alias_producer to None, run_after=None
[2024-12-25T13:29:19.717+0000] {logging_mixin.py:190} INFO - [2024-12-25T13:29:19.717+0000] {dag.py:4180} INFO - Setting next_dagrun for dataset_s3_bucket_consumer to None, run_after=None
[2024-12-25T13:29:19.718+0000] {logging_mixin.py:190} INFO - [2024-12-25T13:29:19.718+0000] {dag.py:4180} INFO - Setting next_dagrun for dataset_s3_bucket_producer to None, run_after=None
[2024-12-25T13:29:19.741+0000] {processor.py:208} INFO - Processing /home/airflow/.local/lib/python3.12/site-packages/airflow/example_dags/example_dataset_alias.py took 0.628 seconds
[2024-12-25T13:29:49.933+0000] {processor.py:186} INFO - Started process (PID=207) to work on /home/airflow/.local/lib/python3.12/site-packages/airflow/example_dags/example_dataset_alias.py
[2024-12-25T13:29:49.941+0000] {processor.py:914} INFO - Processing file /home/airflow/.local/lib/python3.12/site-packages/airflow/example_dags/example_dataset_alias.py for tasks to queue
[2024-12-25T13:29:49.942+0000] {logging_mixin.py:190} INFO - [2024-12-25T13:29:49.942+0000] {dagbag.py:588} INFO - Filling up the DagBag from /home/airflow/.local/lib/python3.12/site-packages/airflow/example_dags/example_dataset_alias.py
[2024-12-25T13:29:50.471+0000] {processor.py:925} INFO - DAG(s) 'dataset_alias_example_alias_producer', 'dataset_s3_bucket_producer', 'dataset_s3_bucket_consumer', 'dataset_alias_example_alias_consumer' retrieved from /home/airflow/.local/lib/python3.12/site-packages/airflow/example_dags/example_dataset_alias.py
[2024-12-25T13:29:50.487+0000] {logging_mixin.py:190} INFO - [2024-12-25T13:29:50.487+0000] {dag.py:3239} INFO - Sync 4 DAGs
[2024-12-25T13:29:50.507+0000] {logging_mixin.py:190} INFO - [2024-12-25T13:29:50.507+0000] {dag.py:4180} INFO - Setting next_dagrun for dataset_alias_example_alias_consumer to None, run_after=None
[2024-12-25T13:29:50.509+0000] {logging_mixin.py:190} INFO - [2024-12-25T13:29:50.509+0000] {dag.py:4180} INFO - Setting next_dagrun for dataset_alias_example_alias_producer to None, run_after=None
[2024-12-25T13:29:50.510+0000] {logging_mixin.py:190} INFO - [2024-12-25T13:29:50.510+0000] {dag.py:4180} INFO - Setting next_dagrun for dataset_s3_bucket_consumer to None, run_after=None
[2024-12-25T13:29:50.511+0000] {logging_mixin.py:190} INFO - [2024-12-25T13:29:50.511+0000] {dag.py:4180} INFO - Setting next_dagrun for dataset_s3_bucket_producer to None, run_after=None
[2024-12-25T13:29:50.535+0000] {processor.py:208} INFO - Processing /home/airflow/.local/lib/python3.12/site-packages/airflow/example_dags/example_dataset_alias.py took 0.608 seconds
[2024-12-25T13:30:21.502+0000] {processor.py:186} INFO - Started process (PID=275) to work on /home/airflow/.local/lib/python3.12/site-packages/airflow/example_dags/example_dataset_alias.py
[2024-12-25T13:30:21.509+0000] {processor.py:914} INFO - Processing file /home/airflow/.local/lib/python3.12/site-packages/airflow/example_dags/example_dataset_alias.py for tasks to queue
[2024-12-25T13:30:21.511+0000] {logging_mixin.py:190} INFO - [2024-12-25T13:30:21.511+0000] {dagbag.py:588} INFO - Filling up the DagBag from /home/airflow/.local/lib/python3.12/site-packages/airflow/example_dags/example_dataset_alias.py
[2024-12-25T13:30:22.033+0000] {processor.py:925} INFO - DAG(s) 'dataset_s3_bucket_consumer', 'dataset_alias_example_alias_producer', 'dataset_s3_bucket_producer', 'dataset_alias_example_alias_consumer' retrieved from /home/airflow/.local/lib/python3.12/site-packages/airflow/example_dags/example_dataset_alias.py
[2024-12-25T13:30:22.051+0000] {logging_mixin.py:190} INFO - [2024-12-25T13:30:22.049+0000] {dag.py:3239} INFO - Sync 4 DAGs
[2024-12-25T13:30:22.069+0000] {logging_mixin.py:190} INFO - [2024-12-25T13:30:22.069+0000] {dag.py:4180} INFO - Setting next_dagrun for dataset_alias_example_alias_consumer to None, run_after=None
[2024-12-25T13:30:22.072+0000] {logging_mixin.py:190} INFO - [2024-12-25T13:30:22.071+0000] {dag.py:4180} INFO - Setting next_dagrun for dataset_alias_example_alias_producer to None, run_after=None
[2024-12-25T13:30:22.073+0000] {logging_mixin.py:190} INFO - [2024-12-25T13:30:22.073+0000] {dag.py:4180} INFO - Setting next_dagrun for dataset_s3_bucket_consumer to None, run_after=None
[2024-12-25T13:30:22.074+0000] {logging_mixin.py:190} INFO - [2024-12-25T13:30:22.074+0000] {dag.py:4180} INFO - Setting next_dagrun for dataset_s3_bucket_producer to None, run_after=None
[2024-12-25T13:30:22.099+0000] {processor.py:208} INFO - Processing /home/airflow/.local/lib/python3.12/site-packages/airflow/example_dags/example_dataset_alias.py took 0.602 seconds
[2024-12-25T13:33:34.643+0000] {processor.py:186} INFO - Started process (PID=61) to work on /home/airflow/.local/lib/python3.12/site-packages/airflow/example_dags/example_dataset_alias.py
[2024-12-25T13:33:34.645+0000] {processor.py:914} INFO - Processing file /home/airflow/.local/lib/python3.12/site-packages/airflow/example_dags/example_dataset_alias.py for tasks to queue
[2024-12-25T13:33:34.647+0000] {logging_mixin.py:190} INFO - [2024-12-25T13:33:34.646+0000] {dagbag.py:588} INFO - Filling up the DagBag from /home/airflow/.local/lib/python3.12/site-packages/airflow/example_dags/example_dataset_alias.py
[2024-12-25T13:33:35.176+0000] {processor.py:925} INFO - DAG(s) 'dataset_s3_bucket_consumer', 'dataset_alias_example_alias_producer', 'dataset_s3_bucket_producer', 'dataset_alias_example_alias_consumer' retrieved from /home/airflow/.local/lib/python3.12/site-packages/airflow/example_dags/example_dataset_alias.py
[2024-12-25T13:33:35.198+0000] {logging_mixin.py:190} INFO - [2024-12-25T13:33:35.197+0000] {dag.py:3239} INFO - Sync 4 DAGs
[2024-12-25T13:33:35.217+0000] {logging_mixin.py:190} INFO - [2024-12-25T13:33:35.217+0000] {dag.py:4180} INFO - Setting next_dagrun for dataset_alias_example_alias_consumer to None, run_after=None
[2024-12-25T13:33:35.219+0000] {logging_mixin.py:190} INFO - [2024-12-25T13:33:35.219+0000] {dag.py:4180} INFO - Setting next_dagrun for dataset_alias_example_alias_producer to None, run_after=None
[2024-12-25T13:33:35.220+0000] {logging_mixin.py:190} INFO - [2024-12-25T13:33:35.220+0000] {dag.py:4180} INFO - Setting next_dagrun for dataset_s3_bucket_consumer to None, run_after=None
[2024-12-25T13:33:35.221+0000] {logging_mixin.py:190} INFO - [2024-12-25T13:33:35.221+0000] {dag.py:4180} INFO - Setting next_dagrun for dataset_s3_bucket_producer to None, run_after=None
[2024-12-25T13:33:35.238+0000] {processor.py:208} INFO - Processing /home/airflow/.local/lib/python3.12/site-packages/airflow/example_dags/example_dataset_alias.py took 0.599 seconds
[2024-12-25T13:34:05.446+0000] {processor.py:186} INFO - Started process (PID=131) to work on /home/airflow/.local/lib/python3.12/site-packages/airflow/example_dags/example_dataset_alias.py
[2024-12-25T13:34:05.447+0000] {processor.py:914} INFO - Processing file /home/airflow/.local/lib/python3.12/site-packages/airflow/example_dags/example_dataset_alias.py for tasks to queue
[2024-12-25T13:34:05.449+0000] {logging_mixin.py:190} INFO - [2024-12-25T13:34:05.448+0000] {dagbag.py:588} INFO - Filling up the DagBag from /home/airflow/.local/lib/python3.12/site-packages/airflow/example_dags/example_dataset_alias.py
[2024-12-25T13:34:05.943+0000] {processor.py:925} INFO - DAG(s) 'dataset_s3_bucket_consumer', 'dataset_alias_example_alias_consumer', 'dataset_alias_example_alias_producer', 'dataset_s3_bucket_producer' retrieved from /home/airflow/.local/lib/python3.12/site-packages/airflow/example_dags/example_dataset_alias.py
[2024-12-25T13:34:05.960+0000] {logging_mixin.py:190} INFO - [2024-12-25T13:34:05.958+0000] {dag.py:3239} INFO - Sync 4 DAGs
[2024-12-25T13:34:05.977+0000] {logging_mixin.py:190} INFO - [2024-12-25T13:34:05.977+0000] {dag.py:4180} INFO - Setting next_dagrun for dataset_alias_example_alias_consumer to None, run_after=None
[2024-12-25T13:34:05.979+0000] {logging_mixin.py:190} INFO - [2024-12-25T13:34:05.979+0000] {dag.py:4180} INFO - Setting next_dagrun for dataset_alias_example_alias_producer to None, run_after=None
[2024-12-25T13:34:05.980+0000] {logging_mixin.py:190} INFO - [2024-12-25T13:34:05.980+0000] {dag.py:4180} INFO - Setting next_dagrun for dataset_s3_bucket_consumer to None, run_after=None
[2024-12-25T13:34:05.981+0000] {logging_mixin.py:190} INFO - [2024-12-25T13:34:05.981+0000] {dag.py:4180} INFO - Setting next_dagrun for dataset_s3_bucket_producer to None, run_after=None
[2024-12-25T13:34:05.999+0000] {processor.py:208} INFO - Processing /home/airflow/.local/lib/python3.12/site-packages/airflow/example_dags/example_dataset_alias.py took 0.558 seconds
