[2024-12-25T13:10:58.296+0000] {processor.py:186} INFO - Started process (PID=81) to work on /home/airflow/.local/lib/python3.12/site-packages/airflow/example_dags/example_workday_timetable.py
[2024-12-25T13:10:58.297+0000] {processor.py:914} INFO - Processing file /home/airflow/.local/lib/python3.12/site-packages/airflow/example_dags/example_workday_timetable.py for tasks to queue
[2024-12-25T13:10:58.298+0000] {logging_mixin.py:190} INFO - [2024-12-25T13:10:58.298+0000] {dagbag.py:588} INFO - Filling up the DagBag from /home/airflow/.local/lib/python3.12/site-packages/airflow/example_dags/example_workday_timetable.py
[2024-12-25T13:10:58.304+0000] {processor.py:925} INFO - DAG(s) 'example_workday_timetable' retrieved from /home/airflow/.local/lib/python3.12/site-packages/airflow/example_dags/example_workday_timetable.py
[2024-12-25T13:10:58.398+0000] {logging_mixin.py:190} INFO - [2024-12-25T13:10:58.397+0000] {override.py:1911} INFO - Created Permission View: can edit on DAG:example_workday_timetable
[2024-12-25T13:10:58.407+0000] {logging_mixin.py:190} INFO - [2024-12-25T13:10:58.407+0000] {override.py:1911} INFO - Created Permission View: can read on DAG:example_workday_timetable
[2024-12-25T13:10:58.413+0000] {logging_mixin.py:190} INFO - [2024-12-25T13:10:58.413+0000] {override.py:1911} INFO - Created Permission View: can delete on DAG:example_workday_timetable
[2024-12-25T13:10:58.419+0000] {logging_mixin.py:190} INFO - [2024-12-25T13:10:58.419+0000] {override.py:1911} INFO - Created Permission View: can create on DAG Run:example_workday_timetable
[2024-12-25T13:10:58.425+0000] {logging_mixin.py:190} INFO - [2024-12-25T13:10:58.425+0000] {override.py:1911} INFO - Created Permission View: menu access on DAG Run:example_workday_timetable
[2024-12-25T13:10:58.433+0000] {logging_mixin.py:190} INFO - [2024-12-25T13:10:58.433+0000] {override.py:1911} INFO - Created Permission View: can read on DAG Run:example_workday_timetable
[2024-12-25T13:10:58.439+0000] {logging_mixin.py:190} INFO - [2024-12-25T13:10:58.439+0000] {override.py:1911} INFO - Created Permission View: can delete on DAG Run:example_workday_timetable
[2024-12-25T13:10:58.439+0000] {logging_mixin.py:190} INFO - [2024-12-25T13:10:58.439+0000] {dag.py:3239} INFO - Sync 1 DAGs
[2024-12-25T13:10:58.450+0000] {logging_mixin.py:190} INFO - [2024-12-25T13:10:58.450+0000] {dag.py:3262} INFO - Creating ORM DAG for example_workday_timetable
[2024-12-25T13:10:58.497+0000] {logging_mixin.py:190} INFO - [2024-12-25T13:10:58.497+0000] {dag.py:4180} INFO - Setting next_dagrun for example_workday_timetable to 2021-01-04 00:00:00+00:00, run_after=2021-01-05 00:00:00+00:00
[2024-12-25T13:10:58.517+0000] {processor.py:208} INFO - Processing /home/airflow/.local/lib/python3.12/site-packages/airflow/example_dags/example_workday_timetable.py took 0.226 seconds
[2024-12-25T13:11:29.404+0000] {processor.py:186} INFO - Started process (PID=145) to work on /home/airflow/.local/lib/python3.12/site-packages/airflow/example_dags/example_workday_timetable.py
[2024-12-25T13:11:29.404+0000] {processor.py:914} INFO - Processing file /home/airflow/.local/lib/python3.12/site-packages/airflow/example_dags/example_workday_timetable.py for tasks to queue
[2024-12-25T13:11:29.406+0000] {logging_mixin.py:190} INFO - [2024-12-25T13:11:29.406+0000] {dagbag.py:588} INFO - Filling up the DagBag from /home/airflow/.local/lib/python3.12/site-packages/airflow/example_dags/example_workday_timetable.py
[2024-12-25T13:11:29.411+0000] {processor.py:925} INFO - DAG(s) 'example_workday_timetable' retrieved from /home/airflow/.local/lib/python3.12/site-packages/airflow/example_dags/example_workday_timetable.py
[2024-12-25T13:11:29.426+0000] {logging_mixin.py:190} INFO - [2024-12-25T13:11:29.426+0000] {dag.py:3239} INFO - Sync 1 DAGs
[2024-12-25T13:11:29.478+0000] {logging_mixin.py:190} INFO - [2024-12-25T13:11:29.478+0000] {dag.py:4180} INFO - Setting next_dagrun for example_workday_timetable to 2021-01-04 00:00:00+00:00, run_after=2021-01-05 00:00:00+00:00
[2024-12-25T13:11:29.497+0000] {processor.py:208} INFO - Processing /home/airflow/.local/lib/python3.12/site-packages/airflow/example_dags/example_workday_timetable.py took 0.098 seconds
[2024-12-25T13:28:48.038+0000] {processor.py:186} INFO - Started process (PID=80) to work on /home/airflow/.local/lib/python3.12/site-packages/airflow/example_dags/example_workday_timetable.py
[2024-12-25T13:28:48.040+0000] {processor.py:914} INFO - Processing file /home/airflow/.local/lib/python3.12/site-packages/airflow/example_dags/example_workday_timetable.py for tasks to queue
[2024-12-25T13:28:48.042+0000] {logging_mixin.py:190} INFO - [2024-12-25T13:28:48.042+0000] {dagbag.py:588} INFO - Filling up the DagBag from /home/airflow/.local/lib/python3.12/site-packages/airflow/example_dags/example_workday_timetable.py
[2024-12-25T13:28:48.048+0000] {processor.py:925} INFO - DAG(s) 'example_workday_timetable' retrieved from /home/airflow/.local/lib/python3.12/site-packages/airflow/example_dags/example_workday_timetable.py
[2024-12-25T13:28:48.075+0000] {logging_mixin.py:190} INFO - [2024-12-25T13:28:48.075+0000] {dag.py:3239} INFO - Sync 1 DAGs
[2024-12-25T13:28:48.133+0000] {logging_mixin.py:190} INFO - [2024-12-25T13:28:48.133+0000] {dag.py:4180} INFO - Setting next_dagrun for example_workday_timetable to 2021-01-04 00:00:00+00:00, run_after=2021-01-05 00:00:00+00:00
[2024-12-25T13:28:48.157+0000] {processor.py:208} INFO - Processing /home/airflow/.local/lib/python3.12/site-packages/airflow/example_dags/example_workday_timetable.py took 0.124 seconds
[2024-12-25T13:29:19.128+0000] {processor.py:186} INFO - Started process (PID=144) to work on /home/airflow/.local/lib/python3.12/site-packages/airflow/example_dags/example_workday_timetable.py
[2024-12-25T13:29:19.129+0000] {processor.py:914} INFO - Processing file /home/airflow/.local/lib/python3.12/site-packages/airflow/example_dags/example_workday_timetable.py for tasks to queue
[2024-12-25T13:29:19.131+0000] {logging_mixin.py:190} INFO - [2024-12-25T13:29:19.130+0000] {dagbag.py:588} INFO - Filling up the DagBag from /home/airflow/.local/lib/python3.12/site-packages/airflow/example_dags/example_workday_timetable.py
[2024-12-25T13:29:19.136+0000] {processor.py:925} INFO - DAG(s) 'example_workday_timetable' retrieved from /home/airflow/.local/lib/python3.12/site-packages/airflow/example_dags/example_workday_timetable.py
[2024-12-25T13:29:19.154+0000] {logging_mixin.py:190} INFO - [2024-12-25T13:29:19.154+0000] {dag.py:3239} INFO - Sync 1 DAGs
[2024-12-25T13:29:19.213+0000] {logging_mixin.py:190} INFO - [2024-12-25T13:29:19.213+0000] {dag.py:4180} INFO - Setting next_dagrun for example_workday_timetable to 2021-01-04 00:00:00+00:00, run_after=2021-01-05 00:00:00+00:00
[2024-12-25T13:29:19.236+0000] {processor.py:208} INFO - Processing /home/airflow/.local/lib/python3.12/site-packages/airflow/example_dags/example_workday_timetable.py took 0.114 seconds
[2024-12-25T13:29:49.940+0000] {processor.py:186} INFO - Started process (PID=208) to work on /home/airflow/.local/lib/python3.12/site-packages/airflow/example_dags/example_workday_timetable.py
[2024-12-25T13:29:49.941+0000] {processor.py:914} INFO - Processing file /home/airflow/.local/lib/python3.12/site-packages/airflow/example_dags/example_workday_timetable.py for tasks to queue
[2024-12-25T13:29:49.943+0000] {logging_mixin.py:190} INFO - [2024-12-25T13:29:49.943+0000] {dagbag.py:588} INFO - Filling up the DagBag from /home/airflow/.local/lib/python3.12/site-packages/airflow/example_dags/example_workday_timetable.py
[2024-12-25T13:29:49.948+0000] {processor.py:925} INFO - DAG(s) 'example_workday_timetable' retrieved from /home/airflow/.local/lib/python3.12/site-packages/airflow/example_dags/example_workday_timetable.py
[2024-12-25T13:29:49.965+0000] {logging_mixin.py:190} INFO - [2024-12-25T13:29:49.965+0000] {dag.py:3239} INFO - Sync 1 DAGs
[2024-12-25T13:29:50.020+0000] {logging_mixin.py:190} INFO - [2024-12-25T13:29:50.020+0000] {dag.py:4180} INFO - Setting next_dagrun for example_workday_timetable to 2021-01-04 00:00:00+00:00, run_after=2021-01-05 00:00:00+00:00
[2024-12-25T13:29:50.039+0000] {processor.py:208} INFO - Processing /home/airflow/.local/lib/python3.12/site-packages/airflow/example_dags/example_workday_timetable.py took 0.104 seconds
[2024-12-25T13:30:20.306+0000] {processor.py:186} INFO - Started process (PID=271) to work on /home/airflow/.local/lib/python3.12/site-packages/airflow/example_dags/example_workday_timetable.py
[2024-12-25T13:30:20.314+0000] {processor.py:914} INFO - Processing file /home/airflow/.local/lib/python3.12/site-packages/airflow/example_dags/example_workday_timetable.py for tasks to queue
[2024-12-25T13:30:20.316+0000] {logging_mixin.py:190} INFO - [2024-12-25T13:30:20.315+0000] {dagbag.py:588} INFO - Filling up the DagBag from /home/airflow/.local/lib/python3.12/site-packages/airflow/example_dags/example_workday_timetable.py
[2024-12-25T13:30:20.321+0000] {processor.py:925} INFO - DAG(s) 'example_workday_timetable' retrieved from /home/airflow/.local/lib/python3.12/site-packages/airflow/example_dags/example_workday_timetable.py
[2024-12-25T13:30:20.337+0000] {logging_mixin.py:190} INFO - [2024-12-25T13:30:20.337+0000] {dag.py:3239} INFO - Sync 1 DAGs
[2024-12-25T13:30:20.392+0000] {logging_mixin.py:190} INFO - [2024-12-25T13:30:20.391+0000] {dag.py:4180} INFO - Setting next_dagrun for example_workday_timetable to 2021-01-04 00:00:00+00:00, run_after=2021-01-05 00:00:00+00:00
[2024-12-25T13:30:20.408+0000] {processor.py:208} INFO - Processing /home/airflow/.local/lib/python3.12/site-packages/airflow/example_dags/example_workday_timetable.py took 0.107 seconds
[2024-12-25T13:33:35.189+0000] {processor.py:186} INFO - Started process (PID=68) to work on /home/airflow/.local/lib/python3.12/site-packages/airflow/example_dags/example_workday_timetable.py
[2024-12-25T13:33:35.191+0000] {processor.py:914} INFO - Processing file /home/airflow/.local/lib/python3.12/site-packages/airflow/example_dags/example_workday_timetable.py for tasks to queue
[2024-12-25T13:33:35.193+0000] {logging_mixin.py:190} INFO - [2024-12-25T13:33:35.193+0000] {dagbag.py:588} INFO - Filling up the DagBag from /home/airflow/.local/lib/python3.12/site-packages/airflow/example_dags/example_workday_timetable.py
[2024-12-25T13:33:35.198+0000] {processor.py:925} INFO - DAG(s) 'example_workday_timetable' retrieved from /home/airflow/.local/lib/python3.12/site-packages/airflow/example_dags/example_workday_timetable.py
[2024-12-25T13:33:35.222+0000] {logging_mixin.py:190} INFO - [2024-12-25T13:33:35.222+0000] {dag.py:3239} INFO - Sync 1 DAGs
[2024-12-25T13:33:35.277+0000] {logging_mixin.py:190} INFO - [2024-12-25T13:33:35.277+0000] {dag.py:4180} INFO - Setting next_dagrun for example_workday_timetable to 2021-01-04 00:00:00+00:00, run_after=2021-01-05 00:00:00+00:00
[2024-12-25T13:33:35.294+0000] {processor.py:208} INFO - Processing /home/airflow/.local/lib/python3.12/site-packages/airflow/example_dags/example_workday_timetable.py took 0.109 seconds
[2024-12-25T13:34:06.030+0000] {processor.py:186} INFO - Started process (PID=138) to work on /home/airflow/.local/lib/python3.12/site-packages/airflow/example_dags/example_workday_timetable.py
[2024-12-25T13:34:06.032+0000] {processor.py:914} INFO - Processing file /home/airflow/.local/lib/python3.12/site-packages/airflow/example_dags/example_workday_timetable.py for tasks to queue
[2024-12-25T13:34:06.034+0000] {logging_mixin.py:190} INFO - [2024-12-25T13:34:06.033+0000] {dagbag.py:588} INFO - Filling up the DagBag from /home/airflow/.local/lib/python3.12/site-packages/airflow/example_dags/example_workday_timetable.py
[2024-12-25T13:34:06.038+0000] {processor.py:925} INFO - DAG(s) 'example_workday_timetable' retrieved from /home/airflow/.local/lib/python3.12/site-packages/airflow/example_dags/example_workday_timetable.py
[2024-12-25T13:34:06.055+0000] {logging_mixin.py:190} INFO - [2024-12-25T13:34:06.054+0000] {dag.py:3239} INFO - Sync 1 DAGs
[2024-12-25T13:34:06.105+0000] {logging_mixin.py:190} INFO - [2024-12-25T13:34:06.104+0000] {dag.py:4180} INFO - Setting next_dagrun for example_workday_timetable to 2021-01-04 00:00:00+00:00, run_after=2021-01-05 00:00:00+00:00
[2024-12-25T13:34:06.120+0000] {processor.py:208} INFO - Processing /home/airflow/.local/lib/python3.12/site-packages/airflow/example_dags/example_workday_timetable.py took 0.095 seconds
