[2024-12-25T13:10:59.236+0000] {processor.py:186} INFO - Started process (PID=86) to work on /home/airflow/.local/lib/python3.12/site-packages/airflow/example_dags/example_outlet_event_extra.py
[2024-12-25T13:10:59.236+0000] {processor.py:914} INFO - Processing file /home/airflow/.local/lib/python3.12/site-packages/airflow/example_dags/example_outlet_event_extra.py for tasks to queue
[2024-12-25T13:10:59.238+0000] {logging_mixin.py:190} INFO - [2024-12-25T13:10:59.238+0000] {dagbag.py:588} INFO - Filling up the DagBag from /home/airflow/.local/lib/python3.12/site-packages/airflow/example_dags/example_outlet_event_extra.py
[2024-12-25T13:10:59.768+0000] {processor.py:925} INFO - DAG(s) 'dataset_with_extra_from_classic_operator', 'dataset_with_extra_by_context', 'dataset_with_extra_by_yield' retrieved from /home/airflow/.local/lib/python3.12/site-packages/airflow/example_dags/example_outlet_event_extra.py
[2024-12-25T13:10:59.869+0000] {logging_mixin.py:190} INFO - [2024-12-25T13:10:59.868+0000] {override.py:1911} INFO - Created Permission View: can edit on DAG:dataset_with_extra_from_classic_operator
[2024-12-25T13:10:59.878+0000] {logging_mixin.py:190} INFO - [2024-12-25T13:10:59.878+0000] {override.py:1911} INFO - Created Permission View: can read on DAG:dataset_with_extra_from_classic_operator
[2024-12-25T13:10:59.884+0000] {logging_mixin.py:190} INFO - [2024-12-25T13:10:59.884+0000] {override.py:1911} INFO - Created Permission View: can delete on DAG:dataset_with_extra_from_classic_operator
[2024-12-25T13:10:59.892+0000] {logging_mixin.py:190} INFO - [2024-12-25T13:10:59.892+0000] {override.py:1911} INFO - Created Permission View: can create on DAG Run:dataset_with_extra_from_classic_operator
[2024-12-25T13:10:59.898+0000] {logging_mixin.py:190} INFO - [2024-12-25T13:10:59.898+0000] {override.py:1911} INFO - Created Permission View: menu access on DAG Run:dataset_with_extra_from_classic_operator
[2024-12-25T13:10:59.904+0000] {logging_mixin.py:190} INFO - [2024-12-25T13:10:59.904+0000] {override.py:1911} INFO - Created Permission View: can read on DAG Run:dataset_with_extra_from_classic_operator
[2024-12-25T13:10:59.912+0000] {logging_mixin.py:190} INFO - [2024-12-25T13:10:59.912+0000] {override.py:1911} INFO - Created Permission View: can delete on DAG Run:dataset_with_extra_from_classic_operator
[2024-12-25T13:10:59.926+0000] {logging_mixin.py:190} INFO - [2024-12-25T13:10:59.926+0000] {override.py:1911} INFO - Created Permission View: can edit on DAG:dataset_with_extra_by_context
[2024-12-25T13:10:59.932+0000] {logging_mixin.py:190} INFO - [2024-12-25T13:10:59.932+0000] {override.py:1911} INFO - Created Permission View: can read on DAG:dataset_with_extra_by_context
[2024-12-25T13:10:59.940+0000] {logging_mixin.py:190} INFO - [2024-12-25T13:10:59.940+0000] {override.py:1911} INFO - Created Permission View: can delete on DAG:dataset_with_extra_by_context
[2024-12-25T13:10:59.950+0000] {logging_mixin.py:190} INFO - [2024-12-25T13:10:59.950+0000] {override.py:1911} INFO - Created Permission View: can create on DAG Run:dataset_with_extra_by_context
[2024-12-25T13:10:59.956+0000] {logging_mixin.py:190} INFO - [2024-12-25T13:10:59.956+0000] {override.py:1911} INFO - Created Permission View: menu access on DAG Run:dataset_with_extra_by_context
[2024-12-25T13:10:59.962+0000] {logging_mixin.py:190} INFO - [2024-12-25T13:10:59.962+0000] {override.py:1911} INFO - Created Permission View: can read on DAG Run:dataset_with_extra_by_context
[2024-12-25T13:10:59.968+0000] {logging_mixin.py:190} INFO - [2024-12-25T13:10:59.968+0000] {override.py:1911} INFO - Created Permission View: can delete on DAG Run:dataset_with_extra_by_context
[2024-12-25T13:10:59.982+0000] {logging_mixin.py:190} INFO - [2024-12-25T13:10:59.982+0000] {override.py:1911} INFO - Created Permission View: can edit on DAG:dataset_with_extra_by_yield
[2024-12-25T13:10:59.988+0000] {logging_mixin.py:190} INFO - [2024-12-25T13:10:59.988+0000] {override.py:1911} INFO - Created Permission View: can read on DAG:dataset_with_extra_by_yield
[2024-12-25T13:10:59.996+0000] {logging_mixin.py:190} INFO - [2024-12-25T13:10:59.996+0000] {override.py:1911} INFO - Created Permission View: can delete on DAG:dataset_with_extra_by_yield
[2024-12-25T13:11:00.006+0000] {logging_mixin.py:190} INFO - [2024-12-25T13:11:00.006+0000] {override.py:1911} INFO - Created Permission View: can create on DAG Run:dataset_with_extra_by_yield
[2024-12-25T13:11:00.012+0000] {logging_mixin.py:190} INFO - [2024-12-25T13:11:00.012+0000] {override.py:1911} INFO - Created Permission View: menu access on DAG Run:dataset_with_extra_by_yield
[2024-12-25T13:11:00.018+0000] {logging_mixin.py:190} INFO - [2024-12-25T13:11:00.018+0000] {override.py:1911} INFO - Created Permission View: can read on DAG Run:dataset_with_extra_by_yield
[2024-12-25T13:11:00.024+0000] {logging_mixin.py:190} INFO - [2024-12-25T13:11:00.024+0000] {override.py:1911} INFO - Created Permission View: can delete on DAG Run:dataset_with_extra_by_yield
[2024-12-25T13:11:00.025+0000] {logging_mixin.py:190} INFO - [2024-12-25T13:11:00.024+0000] {dag.py:3239} INFO - Sync 3 DAGs
[2024-12-25T13:11:00.036+0000] {logging_mixin.py:190} INFO - [2024-12-25T13:11:00.035+0000] {dag.py:3262} INFO - Creating ORM DAG for dataset_with_extra_by_yield
[2024-12-25T13:11:00.036+0000] {logging_mixin.py:190} INFO - [2024-12-25T13:11:00.036+0000] {dag.py:3262} INFO - Creating ORM DAG for dataset_with_extra_from_classic_operator
[2024-12-25T13:11:00.037+0000] {logging_mixin.py:190} INFO - [2024-12-25T13:11:00.037+0000] {dag.py:3262} INFO - Creating ORM DAG for dataset_with_extra_by_context
[2024-12-25T13:11:00.045+0000] {logging_mixin.py:190} INFO - [2024-12-25T13:11:00.045+0000] {dag.py:4180} INFO - Setting next_dagrun for dataset_with_extra_by_context to 2024-12-24 00:00:00+00:00, run_after=2024-12-25 00:00:00+00:00
[2024-12-25T13:11:00.047+0000] {logging_mixin.py:190} INFO - [2024-12-25T13:11:00.047+0000] {dag.py:4180} INFO - Setting next_dagrun for dataset_with_extra_by_yield to 2024-12-24 00:00:00+00:00, run_after=2024-12-25 00:00:00+00:00
[2024-12-25T13:11:00.048+0000] {logging_mixin.py:190} INFO - [2024-12-25T13:11:00.048+0000] {dag.py:4180} INFO - Setting next_dagrun for dataset_with_extra_from_classic_operator to 2024-12-24 00:00:00+00:00, run_after=2024-12-25 00:00:00+00:00
[2024-12-25T13:11:00.067+0000] {processor.py:208} INFO - Processing /home/airflow/.local/lib/python3.12/site-packages/airflow/example_dags/example_outlet_event_extra.py took 0.838 seconds
[2024-12-25T13:11:30.820+0000] {processor.py:186} INFO - Started process (PID=150) to work on /home/airflow/.local/lib/python3.12/site-packages/airflow/example_dags/example_outlet_event_extra.py
[2024-12-25T13:11:30.820+0000] {processor.py:914} INFO - Processing file /home/airflow/.local/lib/python3.12/site-packages/airflow/example_dags/example_outlet_event_extra.py for tasks to queue
[2024-12-25T13:11:30.822+0000] {logging_mixin.py:190} INFO - [2024-12-25T13:11:30.822+0000] {dagbag.py:588} INFO - Filling up the DagBag from /home/airflow/.local/lib/python3.12/site-packages/airflow/example_dags/example_outlet_event_extra.py
[2024-12-25T13:11:31.316+0000] {processor.py:925} INFO - DAG(s) 'dataset_with_extra_from_classic_operator', 'dataset_with_extra_by_context', 'dataset_with_extra_by_yield' retrieved from /home/airflow/.local/lib/python3.12/site-packages/airflow/example_dags/example_outlet_event_extra.py
[2024-12-25T13:11:31.336+0000] {logging_mixin.py:190} INFO - [2024-12-25T13:11:31.336+0000] {dag.py:3239} INFO - Sync 3 DAGs
[2024-12-25T13:11:31.356+0000] {logging_mixin.py:190} INFO - [2024-12-25T13:11:31.356+0000] {dag.py:4180} INFO - Setting next_dagrun for dataset_with_extra_by_context to 2024-12-24 00:00:00+00:00, run_after=2024-12-25 00:00:00+00:00
[2024-12-25T13:11:31.360+0000] {logging_mixin.py:190} INFO - [2024-12-25T13:11:31.360+0000] {dag.py:4180} INFO - Setting next_dagrun for dataset_with_extra_by_yield to 2024-12-24 00:00:00+00:00, run_after=2024-12-25 00:00:00+00:00
[2024-12-25T13:11:31.362+0000] {logging_mixin.py:190} INFO - [2024-12-25T13:11:31.362+0000] {dag.py:4180} INFO - Setting next_dagrun for dataset_with_extra_from_classic_operator to 2024-12-24 00:00:00+00:00, run_after=2024-12-25 00:00:00+00:00
[2024-12-25T13:11:31.386+0000] {processor.py:208} INFO - Processing /home/airflow/.local/lib/python3.12/site-packages/airflow/example_dags/example_outlet_event_extra.py took 0.571 seconds
[2024-12-25T13:28:49.218+0000] {processor.py:186} INFO - Started process (PID=85) to work on /home/airflow/.local/lib/python3.12/site-packages/airflow/example_dags/example_outlet_event_extra.py
[2024-12-25T13:28:49.220+0000] {processor.py:914} INFO - Processing file /home/airflow/.local/lib/python3.12/site-packages/airflow/example_dags/example_outlet_event_extra.py for tasks to queue
[2024-12-25T13:28:49.222+0000] {logging_mixin.py:190} INFO - [2024-12-25T13:28:49.222+0000] {dagbag.py:588} INFO - Filling up the DagBag from /home/airflow/.local/lib/python3.12/site-packages/airflow/example_dags/example_outlet_event_extra.py
[2024-12-25T13:28:49.757+0000] {processor.py:925} INFO - DAG(s) 'dataset_with_extra_by_yield', 'dataset_with_extra_from_classic_operator', 'dataset_with_extra_by_context' retrieved from /home/airflow/.local/lib/python3.12/site-packages/airflow/example_dags/example_outlet_event_extra.py
[2024-12-25T13:28:49.783+0000] {logging_mixin.py:190} INFO - [2024-12-25T13:28:49.782+0000] {dag.py:3239} INFO - Sync 3 DAGs
[2024-12-25T13:28:49.805+0000] {logging_mixin.py:190} INFO - [2024-12-25T13:28:49.804+0000] {dag.py:4180} INFO - Setting next_dagrun for dataset_with_extra_by_context to 2024-12-24 00:00:00+00:00, run_after=2024-12-25 00:00:00+00:00
[2024-12-25T13:28:49.809+0000] {logging_mixin.py:190} INFO - [2024-12-25T13:28:49.809+0000] {dag.py:4180} INFO - Setting next_dagrun for dataset_with_extra_by_yield to 2024-12-24 00:00:00+00:00, run_after=2024-12-25 00:00:00+00:00
[2024-12-25T13:28:49.812+0000] {logging_mixin.py:190} INFO - [2024-12-25T13:28:49.812+0000] {dag.py:4180} INFO - Setting next_dagrun for dataset_with_extra_from_classic_operator to 2024-12-24 00:00:00+00:00, run_after=2024-12-25 00:00:00+00:00
[2024-12-25T13:28:49.828+0000] {processor.py:208} INFO - Processing /home/airflow/.local/lib/python3.12/site-packages/airflow/example_dags/example_outlet_event_extra.py took 0.615 seconds
[2024-12-25T13:29:19.890+0000] {processor.py:186} INFO - Started process (PID=149) to work on /home/airflow/.local/lib/python3.12/site-packages/airflow/example_dags/example_outlet_event_extra.py
[2024-12-25T13:29:19.891+0000] {processor.py:914} INFO - Processing file /home/airflow/.local/lib/python3.12/site-packages/airflow/example_dags/example_outlet_event_extra.py for tasks to queue
[2024-12-25T13:29:19.892+0000] {logging_mixin.py:190} INFO - [2024-12-25T13:29:19.892+0000] {dagbag.py:588} INFO - Filling up the DagBag from /home/airflow/.local/lib/python3.12/site-packages/airflow/example_dags/example_outlet_event_extra.py
[2024-12-25T13:29:20.404+0000] {processor.py:925} INFO - DAG(s) 'dataset_with_extra_from_classic_operator', 'dataset_with_extra_by_yield', 'dataset_with_extra_by_context' retrieved from /home/airflow/.local/lib/python3.12/site-packages/airflow/example_dags/example_outlet_event_extra.py
[2024-12-25T13:29:20.426+0000] {logging_mixin.py:190} INFO - [2024-12-25T13:29:20.425+0000] {dag.py:3239} INFO - Sync 3 DAGs
[2024-12-25T13:29:20.450+0000] {logging_mixin.py:190} INFO - [2024-12-25T13:29:20.450+0000] {dag.py:4180} INFO - Setting next_dagrun for dataset_with_extra_by_context to 2024-12-24 00:00:00+00:00, run_after=2024-12-25 00:00:00+00:00
[2024-12-25T13:29:20.454+0000] {logging_mixin.py:190} INFO - [2024-12-25T13:29:20.454+0000] {dag.py:4180} INFO - Setting next_dagrun for dataset_with_extra_by_yield to 2024-12-24 00:00:00+00:00, run_after=2024-12-25 00:00:00+00:00
[2024-12-25T13:29:20.456+0000] {logging_mixin.py:190} INFO - [2024-12-25T13:29:20.456+0000] {dag.py:4180} INFO - Setting next_dagrun for dataset_with_extra_from_classic_operator to 2024-12-24 00:00:00+00:00, run_after=2024-12-25 00:00:00+00:00
[2024-12-25T13:29:20.474+0000] {processor.py:208} INFO - Processing /home/airflow/.local/lib/python3.12/site-packages/airflow/example_dags/example_outlet_event_extra.py took 0.590 seconds
[2024-12-25T13:29:50.755+0000] {processor.py:186} INFO - Started process (PID=215) to work on /home/airflow/.local/lib/python3.12/site-packages/airflow/example_dags/example_outlet_event_extra.py
[2024-12-25T13:29:50.757+0000] {processor.py:914} INFO - Processing file /home/airflow/.local/lib/python3.12/site-packages/airflow/example_dags/example_outlet_event_extra.py for tasks to queue
[2024-12-25T13:29:50.758+0000] {logging_mixin.py:190} INFO - [2024-12-25T13:29:50.758+0000] {dagbag.py:588} INFO - Filling up the DagBag from /home/airflow/.local/lib/python3.12/site-packages/airflow/example_dags/example_outlet_event_extra.py
[2024-12-25T13:29:51.263+0000] {processor.py:925} INFO - DAG(s) 'dataset_with_extra_from_classic_operator', 'dataset_with_extra_by_yield', 'dataset_with_extra_by_context' retrieved from /home/airflow/.local/lib/python3.12/site-packages/airflow/example_dags/example_outlet_event_extra.py
[2024-12-25T13:29:51.283+0000] {logging_mixin.py:190} INFO - [2024-12-25T13:29:51.283+0000] {dag.py:3239} INFO - Sync 3 DAGs
[2024-12-25T13:29:51.304+0000] {logging_mixin.py:190} INFO - [2024-12-25T13:29:51.304+0000] {dag.py:4180} INFO - Setting next_dagrun for dataset_with_extra_by_context to 2024-12-24 00:00:00+00:00, run_after=2024-12-25 00:00:00+00:00
[2024-12-25T13:29:51.308+0000] {logging_mixin.py:190} INFO - [2024-12-25T13:29:51.308+0000] {dag.py:4180} INFO - Setting next_dagrun for dataset_with_extra_by_yield to 2024-12-24 00:00:00+00:00, run_after=2024-12-25 00:00:00+00:00
[2024-12-25T13:29:51.311+0000] {logging_mixin.py:190} INFO - [2024-12-25T13:29:51.311+0000] {dag.py:4180} INFO - Setting next_dagrun for dataset_with_extra_from_classic_operator to 2024-12-24 00:00:00+00:00, run_after=2024-12-25 00:00:00+00:00
[2024-12-25T13:29:51.328+0000] {processor.py:208} INFO - Processing /home/airflow/.local/lib/python3.12/site-packages/airflow/example_dags/example_outlet_event_extra.py took 0.578 seconds
[2024-12-25T13:30:22.133+0000] {processor.py:186} INFO - Started process (PID=277) to work on /home/airflow/.local/lib/python3.12/site-packages/airflow/example_dags/example_outlet_event_extra.py
[2024-12-25T13:30:22.134+0000] {processor.py:914} INFO - Processing file /home/airflow/.local/lib/python3.12/site-packages/airflow/example_dags/example_outlet_event_extra.py for tasks to queue
[2024-12-25T13:30:22.136+0000] {logging_mixin.py:190} INFO - [2024-12-25T13:30:22.135+0000] {dagbag.py:588} INFO - Filling up the DagBag from /home/airflow/.local/lib/python3.12/site-packages/airflow/example_dags/example_outlet_event_extra.py
[2024-12-25T13:30:22.641+0000] {processor.py:925} INFO - DAG(s) 'dataset_with_extra_by_yield', 'dataset_with_extra_by_context', 'dataset_with_extra_from_classic_operator' retrieved from /home/airflow/.local/lib/python3.12/site-packages/airflow/example_dags/example_outlet_event_extra.py
[2024-12-25T13:30:22.663+0000] {logging_mixin.py:190} INFO - [2024-12-25T13:30:22.663+0000] {dag.py:3239} INFO - Sync 3 DAGs
[2024-12-25T13:30:22.685+0000] {logging_mixin.py:190} INFO - [2024-12-25T13:30:22.685+0000] {dag.py:4180} INFO - Setting next_dagrun for dataset_with_extra_by_context to 2024-12-24 00:00:00+00:00, run_after=2024-12-25 00:00:00+00:00
[2024-12-25T13:30:22.690+0000] {logging_mixin.py:190} INFO - [2024-12-25T13:30:22.690+0000] {dag.py:4180} INFO - Setting next_dagrun for dataset_with_extra_by_yield to 2024-12-24 00:00:00+00:00, run_after=2024-12-25 00:00:00+00:00
[2024-12-25T13:30:22.693+0000] {logging_mixin.py:190} INFO - [2024-12-25T13:30:22.693+0000] {dag.py:4180} INFO - Setting next_dagrun for dataset_with_extra_from_classic_operator to 2024-12-24 00:00:00+00:00, run_after=2024-12-25 00:00:00+00:00
[2024-12-25T13:30:22.712+0000] {processor.py:208} INFO - Processing /home/airflow/.local/lib/python3.12/site-packages/airflow/example_dags/example_outlet_event_extra.py took 0.584 seconds
[2024-12-25T13:33:35.593+0000] {processor.py:186} INFO - Started process (PID=73) to work on /home/airflow/.local/lib/python3.12/site-packages/airflow/example_dags/example_outlet_event_extra.py
[2024-12-25T13:33:35.595+0000] {processor.py:914} INFO - Processing file /home/airflow/.local/lib/python3.12/site-packages/airflow/example_dags/example_outlet_event_extra.py for tasks to queue
[2024-12-25T13:33:35.596+0000] {logging_mixin.py:190} INFO - [2024-12-25T13:33:35.596+0000] {dagbag.py:588} INFO - Filling up the DagBag from /home/airflow/.local/lib/python3.12/site-packages/airflow/example_dags/example_outlet_event_extra.py
[2024-12-25T13:33:36.103+0000] {processor.py:925} INFO - DAG(s) 'dataset_with_extra_by_context', 'dataset_with_extra_from_classic_operator', 'dataset_with_extra_by_yield' retrieved from /home/airflow/.local/lib/python3.12/site-packages/airflow/example_dags/example_outlet_event_extra.py
[2024-12-25T13:33:36.127+0000] {logging_mixin.py:190} INFO - [2024-12-25T13:33:36.127+0000] {dag.py:3239} INFO - Sync 3 DAGs
[2024-12-25T13:33:36.147+0000] {logging_mixin.py:190} INFO - [2024-12-25T13:33:36.146+0000] {dag.py:4180} INFO - Setting next_dagrun for dataset_with_extra_by_context to 2024-12-24 00:00:00+00:00, run_after=2024-12-25 00:00:00+00:00
[2024-12-25T13:33:36.151+0000] {logging_mixin.py:190} INFO - [2024-12-25T13:33:36.151+0000] {dag.py:4180} INFO - Setting next_dagrun for dataset_with_extra_by_yield to 2024-12-24 00:00:00+00:00, run_after=2024-12-25 00:00:00+00:00
[2024-12-25T13:33:36.153+0000] {logging_mixin.py:190} INFO - [2024-12-25T13:33:36.153+0000] {dag.py:4180} INFO - Setting next_dagrun for dataset_with_extra_from_classic_operator to 2024-12-24 00:00:00+00:00, run_after=2024-12-25 00:00:00+00:00
[2024-12-25T13:33:36.169+0000] {processor.py:208} INFO - Processing /home/airflow/.local/lib/python3.12/site-packages/airflow/example_dags/example_outlet_event_extra.py took 0.581 seconds
[2024-12-25T13:34:06.396+0000] {processor.py:186} INFO - Started process (PID=144) to work on /home/airflow/.local/lib/python3.12/site-packages/airflow/example_dags/example_outlet_event_extra.py
[2024-12-25T13:34:06.398+0000] {processor.py:914} INFO - Processing file /home/airflow/.local/lib/python3.12/site-packages/airflow/example_dags/example_outlet_event_extra.py for tasks to queue
[2024-12-25T13:34:06.399+0000] {logging_mixin.py:190} INFO - [2024-12-25T13:34:06.399+0000] {dagbag.py:588} INFO - Filling up the DagBag from /home/airflow/.local/lib/python3.12/site-packages/airflow/example_dags/example_outlet_event_extra.py
[2024-12-25T13:34:06.887+0000] {processor.py:925} INFO - DAG(s) 'dataset_with_extra_by_yield', 'dataset_with_extra_by_context', 'dataset_with_extra_from_classic_operator' retrieved from /home/airflow/.local/lib/python3.12/site-packages/airflow/example_dags/example_outlet_event_extra.py
[2024-12-25T13:34:06.907+0000] {logging_mixin.py:190} INFO - [2024-12-25T13:34:06.907+0000] {dag.py:3239} INFO - Sync 3 DAGs
[2024-12-25T13:34:06.928+0000] {logging_mixin.py:190} INFO - [2024-12-25T13:34:06.927+0000] {dag.py:4180} INFO - Setting next_dagrun for dataset_with_extra_by_context to 2024-12-24 00:00:00+00:00, run_after=2024-12-25 00:00:00+00:00
[2024-12-25T13:34:06.932+0000] {logging_mixin.py:190} INFO - [2024-12-25T13:34:06.932+0000] {dag.py:4180} INFO - Setting next_dagrun for dataset_with_extra_by_yield to 2024-12-24 00:00:00+00:00, run_after=2024-12-25 00:00:00+00:00
[2024-12-25T13:34:06.934+0000] {logging_mixin.py:190} INFO - [2024-12-25T13:34:06.934+0000] {dag.py:4180} INFO - Setting next_dagrun for dataset_with_extra_from_classic_operator to 2024-12-24 00:00:00+00:00, run_after=2024-12-25 00:00:00+00:00
[2024-12-25T13:34:06.952+0000] {processor.py:208} INFO - Processing /home/airflow/.local/lib/python3.12/site-packages/airflow/example_dags/example_outlet_event_extra.py took 0.560 seconds
