[2024-12-25T13:11:02.658+0000] {processor.py:186} INFO - Started process (PID=107) to work on /home/airflow/.local/lib/python3.12/site-packages/airflow/example_dags/example_latest_only_with_trigger.py
[2024-12-25T13:11:02.658+0000] {processor.py:914} INFO - Processing file /home/airflow/.local/lib/python3.12/site-packages/airflow/example_dags/example_latest_only_with_trigger.py for tasks to queue
[2024-12-25T13:11:02.660+0000] {logging_mixin.py:190} INFO - [2024-12-25T13:11:02.660+0000] {dagbag.py:588} INFO - Filling up the DagBag from /home/airflow/.local/lib/python3.12/site-packages/airflow/example_dags/example_latest_only_with_trigger.py
[2024-12-25T13:11:02.666+0000] {processor.py:925} INFO - DAG(s) 'latest_only_with_trigger' retrieved from /home/airflow/.local/lib/python3.12/site-packages/airflow/example_dags/example_latest_only_with_trigger.py
[2024-12-25T13:11:02.757+0000] {logging_mixin.py:190} INFO - [2024-12-25T13:11:02.756+0000] {override.py:1911} INFO - Created Permission View: can edit on DAG:latest_only_with_trigger
[2024-12-25T13:11:02.764+0000] {logging_mixin.py:190} INFO - [2024-12-25T13:11:02.764+0000] {override.py:1911} INFO - Created Permission View: can read on DAG:latest_only_with_trigger
[2024-12-25T13:11:02.770+0000] {logging_mixin.py:190} INFO - [2024-12-25T13:11:02.770+0000] {override.py:1911} INFO - Created Permission View: can delete on DAG:latest_only_with_trigger
[2024-12-25T13:11:02.778+0000] {logging_mixin.py:190} INFO - [2024-12-25T13:11:02.778+0000] {override.py:1911} INFO - Created Permission View: can create on DAG Run:latest_only_with_trigger
[2024-12-25T13:11:02.784+0000] {logging_mixin.py:190} INFO - [2024-12-25T13:11:02.784+0000] {override.py:1911} INFO - Created Permission View: menu access on DAG Run:latest_only_with_trigger
[2024-12-25T13:11:02.790+0000] {logging_mixin.py:190} INFO - [2024-12-25T13:11:02.790+0000] {override.py:1911} INFO - Created Permission View: can read on DAG Run:latest_only_with_trigger
[2024-12-25T13:11:02.796+0000] {logging_mixin.py:190} INFO - [2024-12-25T13:11:02.796+0000] {override.py:1911} INFO - Created Permission View: can delete on DAG Run:latest_only_with_trigger
[2024-12-25T13:11:02.796+0000] {logging_mixin.py:190} INFO - [2024-12-25T13:11:02.796+0000] {dag.py:3239} INFO - Sync 1 DAGs
[2024-12-25T13:11:02.807+0000] {logging_mixin.py:190} INFO - [2024-12-25T13:11:02.806+0000] {dag.py:3262} INFO - Creating ORM DAG for latest_only_with_trigger
[2024-12-25T13:11:02.816+0000] {logging_mixin.py:190} INFO - [2024-12-25T13:11:02.816+0000] {dag.py:4180} INFO - Setting next_dagrun for latest_only_with_trigger to 2024-12-25 08:00:00+00:00, run_after=2024-12-25 12:00:00+00:00
[2024-12-25T13:11:02.829+0000] {processor.py:208} INFO - Processing /home/airflow/.local/lib/python3.12/site-packages/airflow/example_dags/example_latest_only_with_trigger.py took 0.176 seconds
[2024-12-25T13:11:33.533+0000] {processor.py:186} INFO - Started process (PID=171) to work on /home/airflow/.local/lib/python3.12/site-packages/airflow/example_dags/example_latest_only_with_trigger.py
[2024-12-25T13:11:33.535+0000] {processor.py:914} INFO - Processing file /home/airflow/.local/lib/python3.12/site-packages/airflow/example_dags/example_latest_only_with_trigger.py for tasks to queue
[2024-12-25T13:11:33.537+0000] {logging_mixin.py:190} INFO - [2024-12-25T13:11:33.537+0000] {dagbag.py:588} INFO - Filling up the DagBag from /home/airflow/.local/lib/python3.12/site-packages/airflow/example_dags/example_latest_only_with_trigger.py
[2024-12-25T13:11:33.544+0000] {processor.py:925} INFO - DAG(s) 'latest_only_with_trigger' retrieved from /home/airflow/.local/lib/python3.12/site-packages/airflow/example_dags/example_latest_only_with_trigger.py
[2024-12-25T13:11:33.561+0000] {logging_mixin.py:190} INFO - [2024-12-25T13:11:33.561+0000] {dag.py:3239} INFO - Sync 1 DAGs
[2024-12-25T13:11:33.580+0000] {logging_mixin.py:190} INFO - [2024-12-25T13:11:33.580+0000] {dag.py:4180} INFO - Setting next_dagrun for latest_only_with_trigger to 2024-12-25 08:00:00+00:00, run_after=2024-12-25 12:00:00+00:00
[2024-12-25T13:11:33.598+0000] {processor.py:208} INFO - Processing /home/airflow/.local/lib/python3.12/site-packages/airflow/example_dags/example_latest_only_with_trigger.py took 0.069 seconds
[2024-12-25T13:28:51.075+0000] {processor.py:186} INFO - Started process (PID=106) to work on /home/airflow/.local/lib/python3.12/site-packages/airflow/example_dags/example_latest_only_with_trigger.py
[2024-12-25T13:28:51.076+0000] {processor.py:914} INFO - Processing file /home/airflow/.local/lib/python3.12/site-packages/airflow/example_dags/example_latest_only_with_trigger.py for tasks to queue
[2024-12-25T13:28:51.077+0000] {logging_mixin.py:190} INFO - [2024-12-25T13:28:51.077+0000] {dagbag.py:588} INFO - Filling up the DagBag from /home/airflow/.local/lib/python3.12/site-packages/airflow/example_dags/example_latest_only_with_trigger.py
[2024-12-25T13:28:51.084+0000] {processor.py:925} INFO - DAG(s) 'latest_only_with_trigger' retrieved from /home/airflow/.local/lib/python3.12/site-packages/airflow/example_dags/example_latest_only_with_trigger.py
[2024-12-25T13:28:51.100+0000] {logging_mixin.py:190} INFO - [2024-12-25T13:28:51.100+0000] {dag.py:3239} INFO - Sync 1 DAGs
[2024-12-25T13:28:51.121+0000] {logging_mixin.py:190} INFO - [2024-12-25T13:28:51.121+0000] {dag.py:4180} INFO - Setting next_dagrun for latest_only_with_trigger to 2024-12-25 08:00:00+00:00, run_after=2024-12-25 12:00:00+00:00
[2024-12-25T13:28:51.138+0000] {processor.py:208} INFO - Processing /home/airflow/.local/lib/python3.12/site-packages/airflow/example_dags/example_latest_only_with_trigger.py took 0.068 seconds
[2024-12-25T13:29:21.555+0000] {processor.py:186} INFO - Started process (PID=170) to work on /home/airflow/.local/lib/python3.12/site-packages/airflow/example_dags/example_latest_only_with_trigger.py
[2024-12-25T13:29:21.556+0000] {processor.py:914} INFO - Processing file /home/airflow/.local/lib/python3.12/site-packages/airflow/example_dags/example_latest_only_with_trigger.py for tasks to queue
[2024-12-25T13:29:21.558+0000] {logging_mixin.py:190} INFO - [2024-12-25T13:29:21.557+0000] {dagbag.py:588} INFO - Filling up the DagBag from /home/airflow/.local/lib/python3.12/site-packages/airflow/example_dags/example_latest_only_with_trigger.py
[2024-12-25T13:29:21.564+0000] {processor.py:925} INFO - DAG(s) 'latest_only_with_trigger' retrieved from /home/airflow/.local/lib/python3.12/site-packages/airflow/example_dags/example_latest_only_with_trigger.py
[2024-12-25T13:29:21.580+0000] {logging_mixin.py:190} INFO - [2024-12-25T13:29:21.580+0000] {dag.py:3239} INFO - Sync 1 DAGs
[2024-12-25T13:29:21.599+0000] {logging_mixin.py:190} INFO - [2024-12-25T13:29:21.599+0000] {dag.py:4180} INFO - Setting next_dagrun for latest_only_with_trigger to 2024-12-25 08:00:00+00:00, run_after=2024-12-25 12:00:00+00:00
[2024-12-25T13:29:21.613+0000] {processor.py:208} INFO - Processing /home/airflow/.local/lib/python3.12/site-packages/airflow/example_dags/example_latest_only_with_trigger.py took 0.063 seconds
[2024-12-25T13:29:51.946+0000] {processor.py:186} INFO - Started process (PID=233) to work on /home/airflow/.local/lib/python3.12/site-packages/airflow/example_dags/example_latest_only_with_trigger.py
[2024-12-25T13:29:51.947+0000] {processor.py:914} INFO - Processing file /home/airflow/.local/lib/python3.12/site-packages/airflow/example_dags/example_latest_only_with_trigger.py for tasks to queue
[2024-12-25T13:29:51.948+0000] {logging_mixin.py:190} INFO - [2024-12-25T13:29:51.948+0000] {dagbag.py:588} INFO - Filling up the DagBag from /home/airflow/.local/lib/python3.12/site-packages/airflow/example_dags/example_latest_only_with_trigger.py
[2024-12-25T13:29:51.955+0000] {processor.py:925} INFO - DAG(s) 'latest_only_with_trigger' retrieved from /home/airflow/.local/lib/python3.12/site-packages/airflow/example_dags/example_latest_only_with_trigger.py
[2024-12-25T13:29:51.974+0000] {logging_mixin.py:190} INFO - [2024-12-25T13:29:51.973+0000] {dag.py:3239} INFO - Sync 1 DAGs
[2024-12-25T13:29:51.994+0000] {logging_mixin.py:190} INFO - [2024-12-25T13:29:51.994+0000] {dag.py:4180} INFO - Setting next_dagrun for latest_only_with_trigger to 2024-12-25 08:00:00+00:00, run_after=2024-12-25 12:00:00+00:00
[2024-12-25T13:29:52.010+0000] {processor.py:208} INFO - Processing /home/airflow/.local/lib/python3.12/site-packages/airflow/example_dags/example_latest_only_with_trigger.py took 0.069 seconds
[2024-12-25T13:30:23.344+0000] {processor.py:186} INFO - Started process (PID=297) to work on /home/airflow/.local/lib/python3.12/site-packages/airflow/example_dags/example_latest_only_with_trigger.py
[2024-12-25T13:30:23.345+0000] {processor.py:914} INFO - Processing file /home/airflow/.local/lib/python3.12/site-packages/airflow/example_dags/example_latest_only_with_trigger.py for tasks to queue
[2024-12-25T13:30:23.348+0000] {logging_mixin.py:190} INFO - [2024-12-25T13:30:23.347+0000] {dagbag.py:588} INFO - Filling up the DagBag from /home/airflow/.local/lib/python3.12/site-packages/airflow/example_dags/example_latest_only_with_trigger.py
[2024-12-25T13:30:23.354+0000] {processor.py:925} INFO - DAG(s) 'latest_only_with_trigger' retrieved from /home/airflow/.local/lib/python3.12/site-packages/airflow/example_dags/example_latest_only_with_trigger.py
[2024-12-25T13:30:23.372+0000] {logging_mixin.py:190} INFO - [2024-12-25T13:30:23.372+0000] {dag.py:3239} INFO - Sync 1 DAGs
[2024-12-25T13:30:23.393+0000] {logging_mixin.py:190} INFO - [2024-12-25T13:30:23.393+0000] {dag.py:4180} INFO - Setting next_dagrun for latest_only_with_trigger to 2024-12-25 08:00:00+00:00, run_after=2024-12-25 12:00:00+00:00
[2024-12-25T13:30:23.410+0000] {processor.py:208} INFO - Processing /home/airflow/.local/lib/python3.12/site-packages/airflow/example_dags/example_latest_only_with_trigger.py took 0.072 seconds
[2024-12-25T13:33:37.328+0000] {processor.py:186} INFO - Started process (PID=100) to work on /home/airflow/.local/lib/python3.12/site-packages/airflow/example_dags/example_latest_only_with_trigger.py
[2024-12-25T13:33:37.330+0000] {processor.py:914} INFO - Processing file /home/airflow/.local/lib/python3.12/site-packages/airflow/example_dags/example_latest_only_with_trigger.py for tasks to queue
[2024-12-25T13:33:37.332+0000] {logging_mixin.py:190} INFO - [2024-12-25T13:33:37.332+0000] {dagbag.py:588} INFO - Filling up the DagBag from /home/airflow/.local/lib/python3.12/site-packages/airflow/example_dags/example_latest_only_with_trigger.py
[2024-12-25T13:33:37.338+0000] {processor.py:925} INFO - DAG(s) 'latest_only_with_trigger' retrieved from /home/airflow/.local/lib/python3.12/site-packages/airflow/example_dags/example_latest_only_with_trigger.py
[2024-12-25T13:33:37.354+0000] {logging_mixin.py:190} INFO - [2024-12-25T13:33:37.354+0000] {dag.py:3239} INFO - Sync 1 DAGs
[2024-12-25T13:33:37.373+0000] {logging_mixin.py:190} INFO - [2024-12-25T13:33:37.372+0000] {dag.py:4180} INFO - Setting next_dagrun for latest_only_with_trigger to 2024-12-25 08:00:00+00:00, run_after=2024-12-25 12:00:00+00:00
[2024-12-25T13:33:37.390+0000] {processor.py:208} INFO - Processing /home/airflow/.local/lib/python3.12/site-packages/airflow/example_dags/example_latest_only_with_trigger.py took 0.066 seconds
[2024-12-25T13:34:07.665+0000] {processor.py:186} INFO - Started process (PID=163) to work on /home/airflow/.local/lib/python3.12/site-packages/airflow/example_dags/example_latest_only_with_trigger.py
[2024-12-25T13:34:07.667+0000] {processor.py:914} INFO - Processing file /home/airflow/.local/lib/python3.12/site-packages/airflow/example_dags/example_latest_only_with_trigger.py for tasks to queue
[2024-12-25T13:34:07.669+0000] {logging_mixin.py:190} INFO - [2024-12-25T13:34:07.668+0000] {dagbag.py:588} INFO - Filling up the DagBag from /home/airflow/.local/lib/python3.12/site-packages/airflow/example_dags/example_latest_only_with_trigger.py
[2024-12-25T13:34:07.675+0000] {processor.py:925} INFO - DAG(s) 'latest_only_with_trigger' retrieved from /home/airflow/.local/lib/python3.12/site-packages/airflow/example_dags/example_latest_only_with_trigger.py
[2024-12-25T13:34:07.692+0000] {logging_mixin.py:190} INFO - [2024-12-25T13:34:07.691+0000] {dag.py:3239} INFO - Sync 1 DAGs
[2024-12-25T13:34:07.712+0000] {logging_mixin.py:190} INFO - [2024-12-25T13:34:07.711+0000] {dag.py:4180} INFO - Setting next_dagrun for latest_only_with_trigger to 2024-12-25 08:00:00+00:00, run_after=2024-12-25 12:00:00+00:00
[2024-12-25T13:34:07.726+0000] {processor.py:208} INFO - Processing /home/airflow/.local/lib/python3.12/site-packages/airflow/example_dags/example_latest_only_with_trigger.py took 0.065 seconds
