[2024-12-25T13:11:04.246+0000] {processor.py:186} INFO - Started process (PID=119) to work on /home/airflow/.local/lib/python3.12/site-packages/airflow/example_dags/example_sensor_decorator.py
[2024-12-25T13:11:04.246+0000] {processor.py:914} INFO - Processing file /home/airflow/.local/lib/python3.12/site-packages/airflow/example_dags/example_sensor_decorator.py for tasks to queue
[2024-12-25T13:11:04.248+0000] {logging_mixin.py:190} INFO - [2024-12-25T13:11:04.248+0000] {dagbag.py:588} INFO - Filling up the DagBag from /home/airflow/.local/lib/python3.12/site-packages/airflow/example_dags/example_sensor_decorator.py
[2024-12-25T13:11:04.255+0000] {processor.py:925} INFO - DAG(s) 'example_sensor_decorator' retrieved from /home/airflow/.local/lib/python3.12/site-packages/airflow/example_dags/example_sensor_decorator.py
[2024-12-25T13:11:04.345+0000] {logging_mixin.py:190} INFO - [2024-12-25T13:11:04.345+0000] {override.py:1911} INFO - Created Permission View: can edit on DAG:example_sensor_decorator
[2024-12-25T13:11:04.353+0000] {logging_mixin.py:190} INFO - [2024-12-25T13:11:04.353+0000] {override.py:1911} INFO - Created Permission View: can read on DAG:example_sensor_decorator
[2024-12-25T13:11:04.359+0000] {logging_mixin.py:190} INFO - [2024-12-25T13:11:04.359+0000] {override.py:1911} INFO - Created Permission View: can delete on DAG:example_sensor_decorator
[2024-12-25T13:11:04.367+0000] {logging_mixin.py:190} INFO - [2024-12-25T13:11:04.367+0000] {override.py:1911} INFO - Created Permission View: can create on DAG Run:example_sensor_decorator
[2024-12-25T13:11:04.373+0000] {logging_mixin.py:190} INFO - [2024-12-25T13:11:04.373+0000] {override.py:1911} INFO - Created Permission View: menu access on DAG Run:example_sensor_decorator
[2024-12-25T13:11:04.379+0000] {logging_mixin.py:190} INFO - [2024-12-25T13:11:04.379+0000] {override.py:1911} INFO - Created Permission View: can read on DAG Run:example_sensor_decorator
[2024-12-25T13:11:04.385+0000] {logging_mixin.py:190} INFO - [2024-12-25T13:11:04.385+0000] {override.py:1911} INFO - Created Permission View: can delete on DAG Run:example_sensor_decorator
[2024-12-25T13:11:04.385+0000] {logging_mixin.py:190} INFO - [2024-12-25T13:11:04.385+0000] {dag.py:3239} INFO - Sync 1 DAGs
[2024-12-25T13:11:04.397+0000] {logging_mixin.py:190} INFO - [2024-12-25T13:11:04.396+0000] {dag.py:3262} INFO - Creating ORM DAG for example_sensor_decorator
[2024-12-25T13:11:04.397+0000] {logging_mixin.py:190} INFO - [2024-12-25T13:11:04.397+0000] {dag.py:4180} INFO - Setting next_dagrun for example_sensor_decorator to None, run_after=None
[2024-12-25T13:11:04.410+0000] {processor.py:208} INFO - Processing /home/airflow/.local/lib/python3.12/site-packages/airflow/example_dags/example_sensor_decorator.py took 0.169 seconds
[2024-12-25T13:11:34.539+0000] {processor.py:186} INFO - Started process (PID=183) to work on /home/airflow/.local/lib/python3.12/site-packages/airflow/example_dags/example_sensor_decorator.py
[2024-12-25T13:11:34.540+0000] {processor.py:914} INFO - Processing file /home/airflow/.local/lib/python3.12/site-packages/airflow/example_dags/example_sensor_decorator.py for tasks to queue
[2024-12-25T13:11:34.541+0000] {logging_mixin.py:190} INFO - [2024-12-25T13:11:34.541+0000] {dagbag.py:588} INFO - Filling up the DagBag from /home/airflow/.local/lib/python3.12/site-packages/airflow/example_dags/example_sensor_decorator.py
[2024-12-25T13:11:34.548+0000] {processor.py:925} INFO - DAG(s) 'example_sensor_decorator' retrieved from /home/airflow/.local/lib/python3.12/site-packages/airflow/example_dags/example_sensor_decorator.py
[2024-12-25T13:11:34.564+0000] {logging_mixin.py:190} INFO - [2024-12-25T13:11:34.564+0000] {dag.py:3239} INFO - Sync 1 DAGs
[2024-12-25T13:11:34.577+0000] {logging_mixin.py:190} INFO - [2024-12-25T13:11:34.576+0000] {dag.py:4180} INFO - Setting next_dagrun for example_sensor_decorator to None, run_after=None
[2024-12-25T13:11:34.592+0000] {processor.py:208} INFO - Processing /home/airflow/.local/lib/python3.12/site-packages/airflow/example_dags/example_sensor_decorator.py took 0.057 seconds
[2024-12-25T13:28:52.106+0000] {processor.py:186} INFO - Started process (PID=118) to work on /home/airflow/.local/lib/python3.12/site-packages/airflow/example_dags/example_sensor_decorator.py
[2024-12-25T13:28:52.108+0000] {processor.py:914} INFO - Processing file /home/airflow/.local/lib/python3.12/site-packages/airflow/example_dags/example_sensor_decorator.py for tasks to queue
[2024-12-25T13:28:52.110+0000] {logging_mixin.py:190} INFO - [2024-12-25T13:28:52.110+0000] {dagbag.py:588} INFO - Filling up the DagBag from /home/airflow/.local/lib/python3.12/site-packages/airflow/example_dags/example_sensor_decorator.py
[2024-12-25T13:28:52.118+0000] {processor.py:925} INFO - DAG(s) 'example_sensor_decorator' retrieved from /home/airflow/.local/lib/python3.12/site-packages/airflow/example_dags/example_sensor_decorator.py
[2024-12-25T13:28:52.134+0000] {logging_mixin.py:190} INFO - [2024-12-25T13:28:52.134+0000] {dag.py:3239} INFO - Sync 1 DAGs
[2024-12-25T13:28:52.147+0000] {logging_mixin.py:190} INFO - [2024-12-25T13:28:52.147+0000] {dag.py:4180} INFO - Setting next_dagrun for example_sensor_decorator to None, run_after=None
[2024-12-25T13:28:52.164+0000] {processor.py:208} INFO - Processing /home/airflow/.local/lib/python3.12/site-packages/airflow/example_dags/example_sensor_decorator.py took 0.062 seconds
[2024-12-25T13:29:22.967+0000] {processor.py:186} INFO - Started process (PID=182) to work on /home/airflow/.local/lib/python3.12/site-packages/airflow/example_dags/example_sensor_decorator.py
[2024-12-25T13:29:22.968+0000] {processor.py:914} INFO - Processing file /home/airflow/.local/lib/python3.12/site-packages/airflow/example_dags/example_sensor_decorator.py for tasks to queue
[2024-12-25T13:29:22.970+0000] {logging_mixin.py:190} INFO - [2024-12-25T13:29:22.969+0000] {dagbag.py:588} INFO - Filling up the DagBag from /home/airflow/.local/lib/python3.12/site-packages/airflow/example_dags/example_sensor_decorator.py
[2024-12-25T13:29:22.976+0000] {processor.py:925} INFO - DAG(s) 'example_sensor_decorator' retrieved from /home/airflow/.local/lib/python3.12/site-packages/airflow/example_dags/example_sensor_decorator.py
[2024-12-25T13:29:22.991+0000] {logging_mixin.py:190} INFO - [2024-12-25T13:29:22.991+0000] {dag.py:3239} INFO - Sync 1 DAGs
[2024-12-25T13:29:23.003+0000] {logging_mixin.py:190} INFO - [2024-12-25T13:29:23.003+0000] {dag.py:4180} INFO - Setting next_dagrun for example_sensor_decorator to None, run_after=None
[2024-12-25T13:29:23.019+0000] {processor.py:208} INFO - Processing /home/airflow/.local/lib/python3.12/site-packages/airflow/example_dags/example_sensor_decorator.py took 0.056 seconds
[2024-12-25T13:29:53.336+0000] {processor.py:186} INFO - Started process (PID=246) to work on /home/airflow/.local/lib/python3.12/site-packages/airflow/example_dags/example_sensor_decorator.py
[2024-12-25T13:29:53.338+0000] {processor.py:914} INFO - Processing file /home/airflow/.local/lib/python3.12/site-packages/airflow/example_dags/example_sensor_decorator.py for tasks to queue
[2024-12-25T13:29:53.340+0000] {logging_mixin.py:190} INFO - [2024-12-25T13:29:53.340+0000] {dagbag.py:588} INFO - Filling up the DagBag from /home/airflow/.local/lib/python3.12/site-packages/airflow/example_dags/example_sensor_decorator.py
[2024-12-25T13:29:53.346+0000] {processor.py:925} INFO - DAG(s) 'example_sensor_decorator' retrieved from /home/airflow/.local/lib/python3.12/site-packages/airflow/example_dags/example_sensor_decorator.py
[2024-12-25T13:29:53.361+0000] {logging_mixin.py:190} INFO - [2024-12-25T13:29:53.361+0000] {dag.py:3239} INFO - Sync 1 DAGs
[2024-12-25T13:29:53.373+0000] {logging_mixin.py:190} INFO - [2024-12-25T13:29:53.373+0000] {dag.py:4180} INFO - Setting next_dagrun for example_sensor_decorator to None, run_after=None
[2024-12-25T13:29:53.390+0000] {processor.py:208} INFO - Processing /home/airflow/.local/lib/python3.12/site-packages/airflow/example_dags/example_sensor_decorator.py took 0.058 seconds
[2024-12-25T13:30:24.520+0000] {processor.py:186} INFO - Started process (PID=310) to work on /home/airflow/.local/lib/python3.12/site-packages/airflow/example_dags/example_sensor_decorator.py
[2024-12-25T13:30:24.522+0000] {processor.py:914} INFO - Processing file /home/airflow/.local/lib/python3.12/site-packages/airflow/example_dags/example_sensor_decorator.py for tasks to queue
[2024-12-25T13:30:24.524+0000] {logging_mixin.py:190} INFO - [2024-12-25T13:30:24.524+0000] {dagbag.py:588} INFO - Filling up the DagBag from /home/airflow/.local/lib/python3.12/site-packages/airflow/example_dags/example_sensor_decorator.py
[2024-12-25T13:30:24.532+0000] {processor.py:925} INFO - DAG(s) 'example_sensor_decorator' retrieved from /home/airflow/.local/lib/python3.12/site-packages/airflow/example_dags/example_sensor_decorator.py
[2024-12-25T13:30:24.548+0000] {logging_mixin.py:190} INFO - [2024-12-25T13:30:24.547+0000] {dag.py:3239} INFO - Sync 1 DAGs
[2024-12-25T13:30:24.559+0000] {logging_mixin.py:190} INFO - [2024-12-25T13:30:24.559+0000] {dag.py:4180} INFO - Setting next_dagrun for example_sensor_decorator to None, run_after=None
[2024-12-25T13:30:24.573+0000] {processor.py:208} INFO - Processing /home/airflow/.local/lib/python3.12/site-packages/airflow/example_dags/example_sensor_decorator.py took 0.059 seconds
[2024-12-25T13:33:38.426+0000] {processor.py:186} INFO - Started process (PID=112) to work on /home/airflow/.local/lib/python3.12/site-packages/airflow/example_dags/example_sensor_decorator.py
[2024-12-25T13:33:38.428+0000] {processor.py:914} INFO - Processing file /home/airflow/.local/lib/python3.12/site-packages/airflow/example_dags/example_sensor_decorator.py for tasks to queue
[2024-12-25T13:33:38.430+0000] {logging_mixin.py:190} INFO - [2024-12-25T13:33:38.430+0000] {dagbag.py:588} INFO - Filling up the DagBag from /home/airflow/.local/lib/python3.12/site-packages/airflow/example_dags/example_sensor_decorator.py
[2024-12-25T13:33:38.437+0000] {processor.py:925} INFO - DAG(s) 'example_sensor_decorator' retrieved from /home/airflow/.local/lib/python3.12/site-packages/airflow/example_dags/example_sensor_decorator.py
[2024-12-25T13:33:38.453+0000] {logging_mixin.py:190} INFO - [2024-12-25T13:33:38.453+0000] {dag.py:3239} INFO - Sync 1 DAGs
[2024-12-25T13:33:38.466+0000] {logging_mixin.py:190} INFO - [2024-12-25T13:33:38.466+0000] {dag.py:4180} INFO - Setting next_dagrun for example_sensor_decorator to None, run_after=None
[2024-12-25T13:33:38.483+0000] {processor.py:208} INFO - Processing /home/airflow/.local/lib/python3.12/site-packages/airflow/example_dags/example_sensor_decorator.py took 0.062 seconds
[2024-12-25T13:34:08.766+0000] {processor.py:186} INFO - Started process (PID=176) to work on /home/airflow/.local/lib/python3.12/site-packages/airflow/example_dags/example_sensor_decorator.py
[2024-12-25T13:34:08.768+0000] {processor.py:914} INFO - Processing file /home/airflow/.local/lib/python3.12/site-packages/airflow/example_dags/example_sensor_decorator.py for tasks to queue
[2024-12-25T13:34:08.769+0000] {logging_mixin.py:190} INFO - [2024-12-25T13:34:08.769+0000] {dagbag.py:588} INFO - Filling up the DagBag from /home/airflow/.local/lib/python3.12/site-packages/airflow/example_dags/example_sensor_decorator.py
[2024-12-25T13:34:08.776+0000] {processor.py:925} INFO - DAG(s) 'example_sensor_decorator' retrieved from /home/airflow/.local/lib/python3.12/site-packages/airflow/example_dags/example_sensor_decorator.py
[2024-12-25T13:34:08.791+0000] {logging_mixin.py:190} INFO - [2024-12-25T13:34:08.791+0000] {dag.py:3239} INFO - Sync 1 DAGs
[2024-12-25T13:34:08.803+0000] {logging_mixin.py:190} INFO - [2024-12-25T13:34:08.802+0000] {dag.py:4180} INFO - Setting next_dagrun for example_sensor_decorator to None, run_after=None
[2024-12-25T13:34:08.820+0000] {processor.py:208} INFO - Processing /home/airflow/.local/lib/python3.12/site-packages/airflow/example_dags/example_sensor_decorator.py took 0.060 seconds
