[2024-12-25T13:11:01.522+0000] {processor.py:186} INFO - Started process (PID=100) to work on /home/airflow/.local/lib/python3.12/site-packages/airflow/example_dags/example_time_delta_sensor_async.py
[2024-12-25T13:11:01.523+0000] {processor.py:914} INFO - Processing file /home/airflow/.local/lib/python3.12/site-packages/airflow/example_dags/example_time_delta_sensor_async.py for tasks to queue
[2024-12-25T13:11:01.525+0000] {logging_mixin.py:190} INFO - [2024-12-25T13:11:01.524+0000] {dagbag.py:588} INFO - Filling up the DagBag from /home/airflow/.local/lib/python3.12/site-packages/airflow/example_dags/example_time_delta_sensor_async.py
[2024-12-25T13:11:01.531+0000] {processor.py:925} INFO - DAG(s) 'example_time_delta_sensor_async' retrieved from /home/airflow/.local/lib/python3.12/site-packages/airflow/example_dags/example_time_delta_sensor_async.py
[2024-12-25T13:11:01.629+0000] {logging_mixin.py:190} INFO - [2024-12-25T13:11:01.628+0000] {override.py:1911} INFO - Created Permission View: can edit on DAG:example_time_delta_sensor_async
[2024-12-25T13:11:01.638+0000] {logging_mixin.py:190} INFO - [2024-12-25T13:11:01.638+0000] {override.py:1911} INFO - Created Permission View: can read on DAG:example_time_delta_sensor_async
[2024-12-25T13:11:01.644+0000] {logging_mixin.py:190} INFO - [2024-12-25T13:11:01.644+0000] {override.py:1911} INFO - Created Permission View: can delete on DAG:example_time_delta_sensor_async
[2024-12-25T13:11:01.652+0000] {logging_mixin.py:190} INFO - [2024-12-25T13:11:01.652+0000] {override.py:1911} INFO - Created Permission View: can create on DAG Run:example_time_delta_sensor_async
[2024-12-25T13:11:01.659+0000] {logging_mixin.py:190} INFO - [2024-12-25T13:11:01.658+0000] {override.py:1911} INFO - Created Permission View: menu access on DAG Run:example_time_delta_sensor_async
[2024-12-25T13:11:01.664+0000] {logging_mixin.py:190} INFO - [2024-12-25T13:11:01.664+0000] {override.py:1911} INFO - Created Permission View: can read on DAG Run:example_time_delta_sensor_async
[2024-12-25T13:11:01.670+0000] {logging_mixin.py:190} INFO - [2024-12-25T13:11:01.670+0000] {override.py:1911} INFO - Created Permission View: can delete on DAG Run:example_time_delta_sensor_async
[2024-12-25T13:11:01.671+0000] {logging_mixin.py:190} INFO - [2024-12-25T13:11:01.671+0000] {dag.py:3239} INFO - Sync 1 DAGs
[2024-12-25T13:11:01.683+0000] {logging_mixin.py:190} INFO - [2024-12-25T13:11:01.683+0000] {dag.py:3262} INFO - Creating ORM DAG for example_time_delta_sensor_async
[2024-12-25T13:11:01.684+0000] {logging_mixin.py:190} INFO - [2024-12-25T13:11:01.684+0000] {dag.py:4180} INFO - Setting next_dagrun for example_time_delta_sensor_async to None, run_after=None
[2024-12-25T13:11:01.701+0000] {processor.py:208} INFO - Processing /home/airflow/.local/lib/python3.12/site-packages/airflow/example_dags/example_time_delta_sensor_async.py took 0.185 seconds
[2024-12-25T13:11:32.058+0000] {processor.py:186} INFO - Started process (PID=164) to work on /home/airflow/.local/lib/python3.12/site-packages/airflow/example_dags/example_time_delta_sensor_async.py
[2024-12-25T13:11:32.059+0000] {processor.py:914} INFO - Processing file /home/airflow/.local/lib/python3.12/site-packages/airflow/example_dags/example_time_delta_sensor_async.py for tasks to queue
[2024-12-25T13:11:32.060+0000] {logging_mixin.py:190} INFO - [2024-12-25T13:11:32.060+0000] {dagbag.py:588} INFO - Filling up the DagBag from /home/airflow/.local/lib/python3.12/site-packages/airflow/example_dags/example_time_delta_sensor_async.py
[2024-12-25T13:11:32.065+0000] {processor.py:925} INFO - DAG(s) 'example_time_delta_sensor_async' retrieved from /home/airflow/.local/lib/python3.12/site-packages/airflow/example_dags/example_time_delta_sensor_async.py
[2024-12-25T13:11:32.080+0000] {logging_mixin.py:190} INFO - [2024-12-25T13:11:32.080+0000] {dag.py:3239} INFO - Sync 1 DAGs
[2024-12-25T13:11:32.092+0000] {logging_mixin.py:190} INFO - [2024-12-25T13:11:32.092+0000] {dag.py:4180} INFO - Setting next_dagrun for example_time_delta_sensor_async to None, run_after=None
[2024-12-25T13:11:32.106+0000] {processor.py:208} INFO - Processing /home/airflow/.local/lib/python3.12/site-packages/airflow/example_dags/example_time_delta_sensor_async.py took 0.053 seconds
[2024-12-25T13:28:50.489+0000] {processor.py:186} INFO - Started process (PID=99) to work on /home/airflow/.local/lib/python3.12/site-packages/airflow/example_dags/example_time_delta_sensor_async.py
[2024-12-25T13:28:50.491+0000] {processor.py:914} INFO - Processing file /home/airflow/.local/lib/python3.12/site-packages/airflow/example_dags/example_time_delta_sensor_async.py for tasks to queue
[2024-12-25T13:28:50.493+0000] {logging_mixin.py:190} INFO - [2024-12-25T13:28:50.492+0000] {dagbag.py:588} INFO - Filling up the DagBag from /home/airflow/.local/lib/python3.12/site-packages/airflow/example_dags/example_time_delta_sensor_async.py
[2024-12-25T13:28:50.500+0000] {processor.py:925} INFO - DAG(s) 'example_time_delta_sensor_async' retrieved from /home/airflow/.local/lib/python3.12/site-packages/airflow/example_dags/example_time_delta_sensor_async.py
[2024-12-25T13:28:50.517+0000] {logging_mixin.py:190} INFO - [2024-12-25T13:28:50.517+0000] {dag.py:3239} INFO - Sync 1 DAGs
[2024-12-25T13:28:50.529+0000] {logging_mixin.py:190} INFO - [2024-12-25T13:28:50.528+0000] {dag.py:4180} INFO - Setting next_dagrun for example_time_delta_sensor_async to None, run_after=None
[2024-12-25T13:28:50.544+0000] {processor.py:208} INFO - Processing /home/airflow/.local/lib/python3.12/site-packages/airflow/example_dags/example_time_delta_sensor_async.py took 0.061 seconds
[2024-12-25T13:29:21.075+0000] {processor.py:186} INFO - Started process (PID=163) to work on /home/airflow/.local/lib/python3.12/site-packages/airflow/example_dags/example_time_delta_sensor_async.py
[2024-12-25T13:29:21.076+0000] {processor.py:914} INFO - Processing file /home/airflow/.local/lib/python3.12/site-packages/airflow/example_dags/example_time_delta_sensor_async.py for tasks to queue
[2024-12-25T13:29:21.077+0000] {logging_mixin.py:190} INFO - [2024-12-25T13:29:21.077+0000] {dagbag.py:588} INFO - Filling up the DagBag from /home/airflow/.local/lib/python3.12/site-packages/airflow/example_dags/example_time_delta_sensor_async.py
[2024-12-25T13:29:21.083+0000] {processor.py:925} INFO - DAG(s) 'example_time_delta_sensor_async' retrieved from /home/airflow/.local/lib/python3.12/site-packages/airflow/example_dags/example_time_delta_sensor_async.py
[2024-12-25T13:29:21.099+0000] {logging_mixin.py:190} INFO - [2024-12-25T13:29:21.099+0000] {dag.py:3239} INFO - Sync 1 DAGs
[2024-12-25T13:29:21.112+0000] {logging_mixin.py:190} INFO - [2024-12-25T13:29:21.112+0000] {dag.py:4180} INFO - Setting next_dagrun for example_time_delta_sensor_async to None, run_after=None
[2024-12-25T13:29:21.128+0000] {processor.py:208} INFO - Processing /home/airflow/.local/lib/python3.12/site-packages/airflow/example_dags/example_time_delta_sensor_async.py took 0.058 seconds
[2024-12-25T13:29:51.678+0000] {processor.py:186} INFO - Started process (PID=227) to work on /home/airflow/.local/lib/python3.12/site-packages/airflow/example_dags/example_time_delta_sensor_async.py
[2024-12-25T13:29:51.678+0000] {processor.py:914} INFO - Processing file /home/airflow/.local/lib/python3.12/site-packages/airflow/example_dags/example_time_delta_sensor_async.py for tasks to queue
[2024-12-25T13:29:51.680+0000] {logging_mixin.py:190} INFO - [2024-12-25T13:29:51.680+0000] {dagbag.py:588} INFO - Filling up the DagBag from /home/airflow/.local/lib/python3.12/site-packages/airflow/example_dags/example_time_delta_sensor_async.py
[2024-12-25T13:29:51.686+0000] {processor.py:925} INFO - DAG(s) 'example_time_delta_sensor_async' retrieved from /home/airflow/.local/lib/python3.12/site-packages/airflow/example_dags/example_time_delta_sensor_async.py
[2024-12-25T13:29:51.701+0000] {logging_mixin.py:190} INFO - [2024-12-25T13:29:51.701+0000] {dag.py:3239} INFO - Sync 1 DAGs
[2024-12-25T13:29:51.713+0000] {logging_mixin.py:190} INFO - [2024-12-25T13:29:51.713+0000] {dag.py:4180} INFO - Setting next_dagrun for example_time_delta_sensor_async to None, run_after=None
[2024-12-25T13:29:51.729+0000] {processor.py:208} INFO - Processing /home/airflow/.local/lib/python3.12/site-packages/airflow/example_dags/example_time_delta_sensor_async.py took 0.056 seconds
[2024-12-25T13:30:23.057+0000] {processor.py:186} INFO - Started process (PID=291) to work on /home/airflow/.local/lib/python3.12/site-packages/airflow/example_dags/example_time_delta_sensor_async.py
[2024-12-25T13:30:23.058+0000] {processor.py:914} INFO - Processing file /home/airflow/.local/lib/python3.12/site-packages/airflow/example_dags/example_time_delta_sensor_async.py for tasks to queue
[2024-12-25T13:30:23.060+0000] {logging_mixin.py:190} INFO - [2024-12-25T13:30:23.059+0000] {dagbag.py:588} INFO - Filling up the DagBag from /home/airflow/.local/lib/python3.12/site-packages/airflow/example_dags/example_time_delta_sensor_async.py
[2024-12-25T13:30:23.065+0000] {processor.py:925} INFO - DAG(s) 'example_time_delta_sensor_async' retrieved from /home/airflow/.local/lib/python3.12/site-packages/airflow/example_dags/example_time_delta_sensor_async.py
[2024-12-25T13:30:23.083+0000] {logging_mixin.py:190} INFO - [2024-12-25T13:30:23.082+0000] {dag.py:3239} INFO - Sync 1 DAGs
[2024-12-25T13:30:23.096+0000] {logging_mixin.py:190} INFO - [2024-12-25T13:30:23.096+0000] {dag.py:4180} INFO - Setting next_dagrun for example_time_delta_sensor_async to None, run_after=None
[2024-12-25T13:30:23.114+0000] {processor.py:208} INFO - Processing /home/airflow/.local/lib/python3.12/site-packages/airflow/example_dags/example_time_delta_sensor_async.py took 0.062 seconds
[2024-12-25T13:33:36.815+0000] {processor.py:186} INFO - Started process (PID=93) to work on /home/airflow/.local/lib/python3.12/site-packages/airflow/example_dags/example_time_delta_sensor_async.py
[2024-12-25T13:33:36.816+0000] {processor.py:914} INFO - Processing file /home/airflow/.local/lib/python3.12/site-packages/airflow/example_dags/example_time_delta_sensor_async.py for tasks to queue
[2024-12-25T13:33:36.817+0000] {logging_mixin.py:190} INFO - [2024-12-25T13:33:36.817+0000] {dagbag.py:588} INFO - Filling up the DagBag from /home/airflow/.local/lib/python3.12/site-packages/airflow/example_dags/example_time_delta_sensor_async.py
[2024-12-25T13:33:36.823+0000] {processor.py:925} INFO - DAG(s) 'example_time_delta_sensor_async' retrieved from /home/airflow/.local/lib/python3.12/site-packages/airflow/example_dags/example_time_delta_sensor_async.py
[2024-12-25T13:33:36.837+0000] {logging_mixin.py:190} INFO - [2024-12-25T13:33:36.837+0000] {dag.py:3239} INFO - Sync 1 DAGs
[2024-12-25T13:33:36.849+0000] {logging_mixin.py:190} INFO - [2024-12-25T13:33:36.848+0000] {dag.py:4180} INFO - Setting next_dagrun for example_time_delta_sensor_async to None, run_after=None
[2024-12-25T13:33:36.867+0000] {processor.py:208} INFO - Processing /home/airflow/.local/lib/python3.12/site-packages/airflow/example_dags/example_time_delta_sensor_async.py took 0.056 seconds
[2024-12-25T13:34:07.402+0000] {processor.py:186} INFO - Started process (PID=157) to work on /home/airflow/.local/lib/python3.12/site-packages/airflow/example_dags/example_time_delta_sensor_async.py
[2024-12-25T13:34:07.403+0000] {processor.py:914} INFO - Processing file /home/airflow/.local/lib/python3.12/site-packages/airflow/example_dags/example_time_delta_sensor_async.py for tasks to queue
[2024-12-25T13:34:07.405+0000] {logging_mixin.py:190} INFO - [2024-12-25T13:34:07.404+0000] {dagbag.py:588} INFO - Filling up the DagBag from /home/airflow/.local/lib/python3.12/site-packages/airflow/example_dags/example_time_delta_sensor_async.py
[2024-12-25T13:34:07.410+0000] {processor.py:925} INFO - DAG(s) 'example_time_delta_sensor_async' retrieved from /home/airflow/.local/lib/python3.12/site-packages/airflow/example_dags/example_time_delta_sensor_async.py
[2024-12-25T13:34:07.425+0000] {logging_mixin.py:190} INFO - [2024-12-25T13:34:07.424+0000] {dag.py:3239} INFO - Sync 1 DAGs
[2024-12-25T13:34:07.436+0000] {logging_mixin.py:190} INFO - [2024-12-25T13:34:07.436+0000] {dag.py:4180} INFO - Setting next_dagrun for example_time_delta_sensor_async to None, run_after=None
[2024-12-25T13:34:07.451+0000] {processor.py:208} INFO - Processing /home/airflow/.local/lib/python3.12/site-packages/airflow/example_dags/example_time_delta_sensor_async.py took 0.054 seconds
