[2024-12-25T13:11:00.945+0000] {processor.py:186} INFO - Started process (PID=95) to work on /home/airflow/.local/lib/python3.12/site-packages/airflow/example_dags/example_complex.py
[2024-12-25T13:11:00.945+0000] {processor.py:914} INFO - Processing file /home/airflow/.local/lib/python3.12/site-packages/airflow/example_dags/example_complex.py for tasks to queue
[2024-12-25T13:11:00.947+0000] {logging_mixin.py:190} INFO - [2024-12-25T13:11:00.947+0000] {dagbag.py:588} INFO - Filling up the DagBag from /home/airflow/.local/lib/python3.12/site-packages/airflow/example_dags/example_complex.py
[2024-12-25T13:11:00.959+0000] {processor.py:925} INFO - DAG(s) 'example_complex' retrieved from /home/airflow/.local/lib/python3.12/site-packages/airflow/example_dags/example_complex.py
[2024-12-25T13:11:01.075+0000] {logging_mixin.py:190} INFO - [2024-12-25T13:11:01.074+0000] {override.py:1911} INFO - Created Permission View: can edit on DAG:example_complex
[2024-12-25T13:11:01.084+0000] {logging_mixin.py:190} INFO - [2024-12-25T13:11:01.084+0000] {override.py:1911} INFO - Created Permission View: can read on DAG:example_complex
[2024-12-25T13:11:01.092+0000] {logging_mixin.py:190} INFO - [2024-12-25T13:11:01.092+0000] {override.py:1911} INFO - Created Permission View: can delete on DAG:example_complex
[2024-12-25T13:11:01.102+0000] {logging_mixin.py:190} INFO - [2024-12-25T13:11:01.102+0000] {override.py:1911} INFO - Created Permission View: can create on DAG Run:example_complex
[2024-12-25T13:11:01.109+0000] {logging_mixin.py:190} INFO - [2024-12-25T13:11:01.108+0000] {override.py:1911} INFO - Created Permission View: menu access on DAG Run:example_complex
[2024-12-25T13:11:01.116+0000] {logging_mixin.py:190} INFO - [2024-12-25T13:11:01.116+0000] {override.py:1911} INFO - Created Permission View: can read on DAG Run:example_complex
[2024-12-25T13:11:01.123+0000] {logging_mixin.py:190} INFO - [2024-12-25T13:11:01.122+0000] {override.py:1911} INFO - Created Permission View: can delete on DAG Run:example_complex
[2024-12-25T13:11:01.123+0000] {logging_mixin.py:190} INFO - [2024-12-25T13:11:01.123+0000] {dag.py:3239} INFO - Sync 1 DAGs
[2024-12-25T13:11:01.137+0000] {logging_mixin.py:190} INFO - [2024-12-25T13:11:01.137+0000] {dag.py:3262} INFO - Creating ORM DAG for example_complex
[2024-12-25T13:11:01.138+0000] {logging_mixin.py:190} INFO - [2024-12-25T13:11:01.138+0000] {dag.py:4180} INFO - Setting next_dagrun for example_complex to None, run_after=None
[2024-12-25T13:11:01.157+0000] {processor.py:208} INFO - Processing /home/airflow/.local/lib/python3.12/site-packages/airflow/example_dags/example_complex.py took 0.217 seconds
[2024-12-25T13:11:31.783+0000] {processor.py:186} INFO - Started process (PID=159) to work on /home/airflow/.local/lib/python3.12/site-packages/airflow/example_dags/example_complex.py
[2024-12-25T13:11:31.784+0000] {processor.py:914} INFO - Processing file /home/airflow/.local/lib/python3.12/site-packages/airflow/example_dags/example_complex.py for tasks to queue
[2024-12-25T13:11:31.786+0000] {logging_mixin.py:190} INFO - [2024-12-25T13:11:31.786+0000] {dagbag.py:588} INFO - Filling up the DagBag from /home/airflow/.local/lib/python3.12/site-packages/airflow/example_dags/example_complex.py
[2024-12-25T13:11:31.796+0000] {processor.py:925} INFO - DAG(s) 'example_complex' retrieved from /home/airflow/.local/lib/python3.12/site-packages/airflow/example_dags/example_complex.py
[2024-12-25T13:11:31.820+0000] {logging_mixin.py:190} INFO - [2024-12-25T13:11:31.820+0000] {dag.py:3239} INFO - Sync 1 DAGs
[2024-12-25T13:11:31.832+0000] {logging_mixin.py:190} INFO - [2024-12-25T13:11:31.832+0000] {dag.py:4180} INFO - Setting next_dagrun for example_complex to None, run_after=None
[2024-12-25T13:11:31.846+0000] {processor.py:208} INFO - Processing /home/airflow/.local/lib/python3.12/site-packages/airflow/example_dags/example_complex.py took 0.067 seconds
[2024-12-25T13:28:50.124+0000] {processor.py:186} INFO - Started process (PID=94) to work on /home/airflow/.local/lib/python3.12/site-packages/airflow/example_dags/example_complex.py
[2024-12-25T13:28:50.125+0000] {processor.py:914} INFO - Processing file /home/airflow/.local/lib/python3.12/site-packages/airflow/example_dags/example_complex.py for tasks to queue
[2024-12-25T13:28:50.127+0000] {logging_mixin.py:190} INFO - [2024-12-25T13:28:50.127+0000] {dagbag.py:588} INFO - Filling up the DagBag from /home/airflow/.local/lib/python3.12/site-packages/airflow/example_dags/example_complex.py
[2024-12-25T13:28:50.138+0000] {processor.py:925} INFO - DAG(s) 'example_complex' retrieved from /home/airflow/.local/lib/python3.12/site-packages/airflow/example_dags/example_complex.py
[2024-12-25T13:28:50.162+0000] {logging_mixin.py:190} INFO - [2024-12-25T13:28:50.162+0000] {dag.py:3239} INFO - Sync 1 DAGs
[2024-12-25T13:28:50.174+0000] {logging_mixin.py:190} INFO - [2024-12-25T13:28:50.174+0000] {dag.py:4180} INFO - Setting next_dagrun for example_complex to None, run_after=None
[2024-12-25T13:28:50.190+0000] {processor.py:208} INFO - Processing /home/airflow/.local/lib/python3.12/site-packages/airflow/example_dags/example_complex.py took 0.070 seconds
[2024-12-25T13:29:20.790+0000] {processor.py:186} INFO - Started process (PID=158) to work on /home/airflow/.local/lib/python3.12/site-packages/airflow/example_dags/example_complex.py
[2024-12-25T13:29:20.792+0000] {processor.py:914} INFO - Processing file /home/airflow/.local/lib/python3.12/site-packages/airflow/example_dags/example_complex.py for tasks to queue
[2024-12-25T13:29:20.795+0000] {logging_mixin.py:190} INFO - [2024-12-25T13:29:20.794+0000] {dagbag.py:588} INFO - Filling up the DagBag from /home/airflow/.local/lib/python3.12/site-packages/airflow/example_dags/example_complex.py
[2024-12-25T13:29:20.804+0000] {processor.py:925} INFO - DAG(s) 'example_complex' retrieved from /home/airflow/.local/lib/python3.12/site-packages/airflow/example_dags/example_complex.py
[2024-12-25T13:29:20.832+0000] {logging_mixin.py:190} INFO - [2024-12-25T13:29:20.832+0000] {dag.py:3239} INFO - Sync 1 DAGs
[2024-12-25T13:29:20.844+0000] {logging_mixin.py:190} INFO - [2024-12-25T13:29:20.844+0000] {dag.py:4180} INFO - Setting next_dagrun for example_complex to None, run_after=None
[2024-12-25T13:29:20.860+0000] {processor.py:208} INFO - Processing /home/airflow/.local/lib/python3.12/site-packages/airflow/example_dags/example_complex.py took 0.074 seconds
[2024-12-25T13:29:51.440+0000] {processor.py:186} INFO - Started process (PID=222) to work on /home/airflow/.local/lib/python3.12/site-packages/airflow/example_dags/example_complex.py
[2024-12-25T13:29:51.442+0000] {processor.py:914} INFO - Processing file /home/airflow/.local/lib/python3.12/site-packages/airflow/example_dags/example_complex.py for tasks to queue
[2024-12-25T13:29:51.445+0000] {logging_mixin.py:190} INFO - [2024-12-25T13:29:51.445+0000] {dagbag.py:588} INFO - Filling up the DagBag from /home/airflow/.local/lib/python3.12/site-packages/airflow/example_dags/example_complex.py
[2024-12-25T13:29:51.455+0000] {processor.py:925} INFO - DAG(s) 'example_complex' retrieved from /home/airflow/.local/lib/python3.12/site-packages/airflow/example_dags/example_complex.py
[2024-12-25T13:29:51.481+0000] {logging_mixin.py:190} INFO - [2024-12-25T13:29:51.481+0000] {dag.py:3239} INFO - Sync 1 DAGs
[2024-12-25T13:29:51.493+0000] {logging_mixin.py:190} INFO - [2024-12-25T13:29:51.493+0000] {dag.py:4180} INFO - Setting next_dagrun for example_complex to None, run_after=None
[2024-12-25T13:29:51.510+0000] {processor.py:208} INFO - Processing /home/airflow/.local/lib/python3.12/site-packages/airflow/example_dags/example_complex.py took 0.075 seconds
[2024-12-25T13:30:22.796+0000] {processor.py:186} INFO - Started process (PID=286) to work on /home/airflow/.local/lib/python3.12/site-packages/airflow/example_dags/example_complex.py
[2024-12-25T13:30:22.798+0000] {processor.py:914} INFO - Processing file /home/airflow/.local/lib/python3.12/site-packages/airflow/example_dags/example_complex.py for tasks to queue
[2024-12-25T13:30:22.800+0000] {logging_mixin.py:190} INFO - [2024-12-25T13:30:22.800+0000] {dagbag.py:588} INFO - Filling up the DagBag from /home/airflow/.local/lib/python3.12/site-packages/airflow/example_dags/example_complex.py
[2024-12-25T13:30:22.810+0000] {processor.py:925} INFO - DAG(s) 'example_complex' retrieved from /home/airflow/.local/lib/python3.12/site-packages/airflow/example_dags/example_complex.py
[2024-12-25T13:30:22.837+0000] {logging_mixin.py:190} INFO - [2024-12-25T13:30:22.836+0000] {dag.py:3239} INFO - Sync 1 DAGs
[2024-12-25T13:30:22.850+0000] {logging_mixin.py:190} INFO - [2024-12-25T13:30:22.849+0000] {dag.py:4180} INFO - Setting next_dagrun for example_complex to None, run_after=None
[2024-12-25T13:30:22.867+0000] {processor.py:208} INFO - Processing /home/airflow/.local/lib/python3.12/site-packages/airflow/example_dags/example_complex.py took 0.075 seconds
[2024-12-25T13:33:36.522+0000] {processor.py:186} INFO - Started process (PID=88) to work on /home/airflow/.local/lib/python3.12/site-packages/airflow/example_dags/example_complex.py
[2024-12-25T13:33:36.523+0000] {processor.py:914} INFO - Processing file /home/airflow/.local/lib/python3.12/site-packages/airflow/example_dags/example_complex.py for tasks to queue
[2024-12-25T13:33:36.525+0000] {logging_mixin.py:190} INFO - [2024-12-25T13:33:36.524+0000] {dagbag.py:588} INFO - Filling up the DagBag from /home/airflow/.local/lib/python3.12/site-packages/airflow/example_dags/example_complex.py
[2024-12-25T13:33:36.534+0000] {processor.py:925} INFO - DAG(s) 'example_complex' retrieved from /home/airflow/.local/lib/python3.12/site-packages/airflow/example_dags/example_complex.py
[2024-12-25T13:33:36.559+0000] {logging_mixin.py:190} INFO - [2024-12-25T13:33:36.559+0000] {dag.py:3239} INFO - Sync 1 DAGs
[2024-12-25T13:33:36.571+0000] {logging_mixin.py:190} INFO - [2024-12-25T13:33:36.571+0000] {dag.py:4180} INFO - Setting next_dagrun for example_complex to None, run_after=None
[2024-12-25T13:33:36.586+0000] {processor.py:208} INFO - Processing /home/airflow/.local/lib/python3.12/site-packages/airflow/example_dags/example_complex.py took 0.068 seconds
[2024-12-25T13:34:07.174+0000] {processor.py:186} INFO - Started process (PID=152) to work on /home/airflow/.local/lib/python3.12/site-packages/airflow/example_dags/example_complex.py
[2024-12-25T13:34:07.175+0000] {processor.py:914} INFO - Processing file /home/airflow/.local/lib/python3.12/site-packages/airflow/example_dags/example_complex.py for tasks to queue
[2024-12-25T13:34:07.176+0000] {logging_mixin.py:190} INFO - [2024-12-25T13:34:07.176+0000] {dagbag.py:588} INFO - Filling up the DagBag from /home/airflow/.local/lib/python3.12/site-packages/airflow/example_dags/example_complex.py
[2024-12-25T13:34:07.186+0000] {processor.py:925} INFO - DAG(s) 'example_complex' retrieved from /home/airflow/.local/lib/python3.12/site-packages/airflow/example_dags/example_complex.py
[2024-12-25T13:34:07.211+0000] {logging_mixin.py:190} INFO - [2024-12-25T13:34:07.211+0000] {dag.py:3239} INFO - Sync 1 DAGs
[2024-12-25T13:34:07.223+0000] {logging_mixin.py:190} INFO - [2024-12-25T13:34:07.223+0000] {dag.py:4180} INFO - Setting next_dagrun for example_complex to None, run_after=None
[2024-12-25T13:34:07.240+0000] {processor.py:208} INFO - Processing /home/airflow/.local/lib/python3.12/site-packages/airflow/example_dags/example_complex.py took 0.071 seconds
