[2024-12-25T13:11:00.819+0000] {processor.py:186} INFO - Started process (PID=94) to work on /home/airflow/.local/lib/python3.12/site-packages/airflow/example_dags/example_task_group_decorator.py
[2024-12-25T13:11:00.819+0000] {processor.py:914} INFO - Processing file /home/airflow/.local/lib/python3.12/site-packages/airflow/example_dags/example_task_group_decorator.py for tasks to queue
[2024-12-25T13:11:00.821+0000] {logging_mixin.py:190} INFO - [2024-12-25T13:11:00.821+0000] {dagbag.py:588} INFO - Filling up the DagBag from /home/airflow/.local/lib/python3.12/site-packages/airflow/example_dags/example_task_group_decorator.py
[2024-12-25T13:11:00.835+0000] {processor.py:925} INFO - DAG(s) 'example_task_group_decorator' retrieved from /home/airflow/.local/lib/python3.12/site-packages/airflow/example_dags/example_task_group_decorator.py
[2024-12-25T13:11:00.933+0000] {logging_mixin.py:190} INFO - [2024-12-25T13:11:00.932+0000] {override.py:1911} INFO - Created Permission View: can edit on DAG:example_task_group_decorator
[2024-12-25T13:11:00.942+0000] {logging_mixin.py:190} INFO - [2024-12-25T13:11:00.942+0000] {override.py:1911} INFO - Created Permission View: can read on DAG:example_task_group_decorator
[2024-12-25T13:11:00.948+0000] {logging_mixin.py:190} INFO - [2024-12-25T13:11:00.948+0000] {override.py:1911} INFO - Created Permission View: can delete on DAG:example_task_group_decorator
[2024-12-25T13:11:00.956+0000] {logging_mixin.py:190} INFO - [2024-12-25T13:11:00.956+0000] {override.py:1911} INFO - Created Permission View: can create on DAG Run:example_task_group_decorator
[2024-12-25T13:11:00.963+0000] {logging_mixin.py:190} INFO - [2024-12-25T13:11:00.962+0000] {override.py:1911} INFO - Created Permission View: menu access on DAG Run:example_task_group_decorator
[2024-12-25T13:11:00.971+0000] {logging_mixin.py:190} INFO - [2024-12-25T13:11:00.970+0000] {override.py:1911} INFO - Created Permission View: can read on DAG Run:example_task_group_decorator
[2024-12-25T13:11:00.976+0000] {logging_mixin.py:190} INFO - [2024-12-25T13:11:00.976+0000] {override.py:1911} INFO - Created Permission View: can delete on DAG Run:example_task_group_decorator
[2024-12-25T13:11:00.977+0000] {logging_mixin.py:190} INFO - [2024-12-25T13:11:00.977+0000] {dag.py:3239} INFO - Sync 1 DAGs
[2024-12-25T13:11:00.988+0000] {logging_mixin.py:190} INFO - [2024-12-25T13:11:00.988+0000] {dag.py:3262} INFO - Creating ORM DAG for example_task_group_decorator
[2024-12-25T13:11:00.989+0000] {logging_mixin.py:190} INFO - [2024-12-25T13:11:00.989+0000] {dag.py:4180} INFO - Setting next_dagrun for example_task_group_decorator to None, run_after=None
[2024-12-25T13:11:01.005+0000] {processor.py:208} INFO - Processing /home/airflow/.local/lib/python3.12/site-packages/airflow/example_dags/example_task_group_decorator.py took 0.192 seconds
[2024-12-25T13:11:31.775+0000] {processor.py:186} INFO - Started process (PID=158) to work on /home/airflow/.local/lib/python3.12/site-packages/airflow/example_dags/example_task_group_decorator.py
[2024-12-25T13:11:31.777+0000] {processor.py:914} INFO - Processing file /home/airflow/.local/lib/python3.12/site-packages/airflow/example_dags/example_task_group_decorator.py for tasks to queue
[2024-12-25T13:11:31.778+0000] {logging_mixin.py:190} INFO - [2024-12-25T13:11:31.778+0000] {dagbag.py:588} INFO - Filling up the DagBag from /home/airflow/.local/lib/python3.12/site-packages/airflow/example_dags/example_task_group_decorator.py
[2024-12-25T13:11:31.794+0000] {processor.py:925} INFO - DAG(s) 'example_task_group_decorator' retrieved from /home/airflow/.local/lib/python3.12/site-packages/airflow/example_dags/example_task_group_decorator.py
[2024-12-25T13:11:31.814+0000] {logging_mixin.py:190} INFO - [2024-12-25T13:11:31.814+0000] {dag.py:3239} INFO - Sync 1 DAGs
[2024-12-25T13:11:31.826+0000] {logging_mixin.py:190} INFO - [2024-12-25T13:11:31.826+0000] {dag.py:4180} INFO - Setting next_dagrun for example_task_group_decorator to None, run_after=None
[2024-12-25T13:11:31.842+0000] {processor.py:208} INFO - Processing /home/airflow/.local/lib/python3.12/site-packages/airflow/example_dags/example_task_group_decorator.py took 0.073 seconds
[2024-12-25T13:28:50.034+0000] {processor.py:186} INFO - Started process (PID=93) to work on /home/airflow/.local/lib/python3.12/site-packages/airflow/example_dags/example_task_group_decorator.py
[2024-12-25T13:28:50.035+0000] {processor.py:914} INFO - Processing file /home/airflow/.local/lib/python3.12/site-packages/airflow/example_dags/example_task_group_decorator.py for tasks to queue
[2024-12-25T13:28:50.037+0000] {logging_mixin.py:190} INFO - [2024-12-25T13:28:50.036+0000] {dagbag.py:588} INFO - Filling up the DagBag from /home/airflow/.local/lib/python3.12/site-packages/airflow/example_dags/example_task_group_decorator.py
[2024-12-25T13:28:50.050+0000] {processor.py:925} INFO - DAG(s) 'example_task_group_decorator' retrieved from /home/airflow/.local/lib/python3.12/site-packages/airflow/example_dags/example_task_group_decorator.py
[2024-12-25T13:28:50.070+0000] {logging_mixin.py:190} INFO - [2024-12-25T13:28:50.070+0000] {dag.py:3239} INFO - Sync 1 DAGs
[2024-12-25T13:28:50.082+0000] {logging_mixin.py:190} INFO - [2024-12-25T13:28:50.082+0000] {dag.py:4180} INFO - Setting next_dagrun for example_task_group_decorator to None, run_after=None
[2024-12-25T13:28:50.099+0000] {processor.py:208} INFO - Processing /home/airflow/.local/lib/python3.12/site-packages/airflow/example_dags/example_task_group_decorator.py took 0.069 seconds
[2024-12-25T13:29:20.696+0000] {processor.py:186} INFO - Started process (PID=157) to work on /home/airflow/.local/lib/python3.12/site-packages/airflow/example_dags/example_task_group_decorator.py
[2024-12-25T13:29:20.697+0000] {processor.py:914} INFO - Processing file /home/airflow/.local/lib/python3.12/site-packages/airflow/example_dags/example_task_group_decorator.py for tasks to queue
[2024-12-25T13:29:20.699+0000] {logging_mixin.py:190} INFO - [2024-12-25T13:29:20.698+0000] {dagbag.py:588} INFO - Filling up the DagBag from /home/airflow/.local/lib/python3.12/site-packages/airflow/example_dags/example_task_group_decorator.py
[2024-12-25T13:29:20.711+0000] {processor.py:925} INFO - DAG(s) 'example_task_group_decorator' retrieved from /home/airflow/.local/lib/python3.12/site-packages/airflow/example_dags/example_task_group_decorator.py
[2024-12-25T13:29:20.732+0000] {logging_mixin.py:190} INFO - [2024-12-25T13:29:20.731+0000] {dag.py:3239} INFO - Sync 1 DAGs
[2024-12-25T13:29:20.744+0000] {logging_mixin.py:190} INFO - [2024-12-25T13:29:20.743+0000] {dag.py:4180} INFO - Setting next_dagrun for example_task_group_decorator to None, run_after=None
[2024-12-25T13:29:20.763+0000] {processor.py:208} INFO - Processing /home/airflow/.local/lib/python3.12/site-packages/airflow/example_dags/example_task_group_decorator.py took 0.072 seconds
[2024-12-25T13:29:51.387+0000] {processor.py:186} INFO - Started process (PID=221) to work on /home/airflow/.local/lib/python3.12/site-packages/airflow/example_dags/example_task_group_decorator.py
[2024-12-25T13:29:51.388+0000] {processor.py:914} INFO - Processing file /home/airflow/.local/lib/python3.12/site-packages/airflow/example_dags/example_task_group_decorator.py for tasks to queue
[2024-12-25T13:29:51.390+0000] {logging_mixin.py:190} INFO - [2024-12-25T13:29:51.389+0000] {dagbag.py:588} INFO - Filling up the DagBag from /home/airflow/.local/lib/python3.12/site-packages/airflow/example_dags/example_task_group_decorator.py
[2024-12-25T13:29:51.405+0000] {processor.py:925} INFO - DAG(s) 'example_task_group_decorator' retrieved from /home/airflow/.local/lib/python3.12/site-packages/airflow/example_dags/example_task_group_decorator.py
[2024-12-25T13:29:51.425+0000] {logging_mixin.py:190} INFO - [2024-12-25T13:29:51.425+0000] {dag.py:3239} INFO - Sync 1 DAGs
[2024-12-25T13:29:51.437+0000] {logging_mixin.py:190} INFO - [2024-12-25T13:29:51.437+0000] {dag.py:4180} INFO - Setting next_dagrun for example_task_group_decorator to None, run_after=None
[2024-12-25T13:29:51.452+0000] {processor.py:208} INFO - Processing /home/airflow/.local/lib/python3.12/site-packages/airflow/example_dags/example_task_group_decorator.py took 0.070 seconds
[2024-12-25T13:30:22.752+0000] {processor.py:186} INFO - Started process (PID=285) to work on /home/airflow/.local/lib/python3.12/site-packages/airflow/example_dags/example_task_group_decorator.py
[2024-12-25T13:30:22.754+0000] {processor.py:914} INFO - Processing file /home/airflow/.local/lib/python3.12/site-packages/airflow/example_dags/example_task_group_decorator.py for tasks to queue
[2024-12-25T13:30:22.756+0000] {logging_mixin.py:190} INFO - [2024-12-25T13:30:22.756+0000] {dagbag.py:588} INFO - Filling up the DagBag from /home/airflow/.local/lib/python3.12/site-packages/airflow/example_dags/example_task_group_decorator.py
[2024-12-25T13:30:22.772+0000] {processor.py:925} INFO - DAG(s) 'example_task_group_decorator' retrieved from /home/airflow/.local/lib/python3.12/site-packages/airflow/example_dags/example_task_group_decorator.py
[2024-12-25T13:30:22.795+0000] {logging_mixin.py:190} INFO - [2024-12-25T13:30:22.794+0000] {dag.py:3239} INFO - Sync 1 DAGs
[2024-12-25T13:30:22.808+0000] {logging_mixin.py:190} INFO - [2024-12-25T13:30:22.808+0000] {dag.py:4180} INFO - Setting next_dagrun for example_task_group_decorator to None, run_after=None
[2024-12-25T13:30:22.825+0000] {processor.py:208} INFO - Processing /home/airflow/.local/lib/python3.12/site-packages/airflow/example_dags/example_task_group_decorator.py took 0.079 seconds
[2024-12-25T13:33:36.471+0000] {processor.py:186} INFO - Started process (PID=87) to work on /home/airflow/.local/lib/python3.12/site-packages/airflow/example_dags/example_task_group_decorator.py
[2024-12-25T13:33:36.472+0000] {processor.py:914} INFO - Processing file /home/airflow/.local/lib/python3.12/site-packages/airflow/example_dags/example_task_group_decorator.py for tasks to queue
[2024-12-25T13:33:36.474+0000] {logging_mixin.py:190} INFO - [2024-12-25T13:33:36.474+0000] {dagbag.py:588} INFO - Filling up the DagBag from /home/airflow/.local/lib/python3.12/site-packages/airflow/example_dags/example_task_group_decorator.py
[2024-12-25T13:33:36.486+0000] {processor.py:925} INFO - DAG(s) 'example_task_group_decorator' retrieved from /home/airflow/.local/lib/python3.12/site-packages/airflow/example_dags/example_task_group_decorator.py
[2024-12-25T13:33:36.506+0000] {logging_mixin.py:190} INFO - [2024-12-25T13:33:36.506+0000] {dag.py:3239} INFO - Sync 1 DAGs
[2024-12-25T13:33:36.518+0000] {logging_mixin.py:190} INFO - [2024-12-25T13:33:36.518+0000] {dag.py:4180} INFO - Setting next_dagrun for example_task_group_decorator to None, run_after=None
[2024-12-25T13:33:36.531+0000] {processor.py:208} INFO - Processing /home/airflow/.local/lib/python3.12/site-packages/airflow/example_dags/example_task_group_decorator.py took 0.064 seconds
[2024-12-25T13:34:07.116+0000] {processor.py:186} INFO - Started process (PID=151) to work on /home/airflow/.local/lib/python3.12/site-packages/airflow/example_dags/example_task_group_decorator.py
[2024-12-25T13:34:07.117+0000] {processor.py:914} INFO - Processing file /home/airflow/.local/lib/python3.12/site-packages/airflow/example_dags/example_task_group_decorator.py for tasks to queue
[2024-12-25T13:34:07.118+0000] {logging_mixin.py:190} INFO - [2024-12-25T13:34:07.118+0000] {dagbag.py:588} INFO - Filling up the DagBag from /home/airflow/.local/lib/python3.12/site-packages/airflow/example_dags/example_task_group_decorator.py
[2024-12-25T13:34:07.132+0000] {processor.py:925} INFO - DAG(s) 'example_task_group_decorator' retrieved from /home/airflow/.local/lib/python3.12/site-packages/airflow/example_dags/example_task_group_decorator.py
[2024-12-25T13:34:07.153+0000] {logging_mixin.py:190} INFO - [2024-12-25T13:34:07.152+0000] {dag.py:3239} INFO - Sync 1 DAGs
[2024-12-25T13:34:07.164+0000] {logging_mixin.py:190} INFO - [2024-12-25T13:34:07.164+0000] {dag.py:4180} INFO - Setting next_dagrun for example_task_group_decorator to None, run_after=None
[2024-12-25T13:34:07.182+0000] {processor.py:208} INFO - Processing /home/airflow/.local/lib/python3.12/site-packages/airflow/example_dags/example_task_group_decorator.py took 0.071 seconds
