[2024-12-25T13:11:03.258+0000] {processor.py:186} INFO - Started process (PID=112) to work on /home/airflow/.local/lib/python3.12/site-packages/airflow/example_dags/example_python_decorator.py
[2024-12-25T13:11:03.258+0000] {processor.py:914} INFO - Processing file /home/airflow/.local/lib/python3.12/site-packages/airflow/example_dags/example_python_decorator.py for tasks to queue
[2024-12-25T13:11:03.260+0000] {logging_mixin.py:190} INFO - [2024-12-25T13:11:03.260+0000] {dagbag.py:588} INFO - Filling up the DagBag from /home/airflow/.local/lib/python3.12/site-packages/airflow/example_dags/example_python_decorator.py
[2024-12-25T13:11:03.273+0000] {processor.py:925} INFO - DAG(s) 'example_python_decorator' retrieved from /home/airflow/.local/lib/python3.12/site-packages/airflow/example_dags/example_python_decorator.py
[2024-12-25T13:11:03.371+0000] {logging_mixin.py:190} INFO - [2024-12-25T13:11:03.371+0000] {override.py:1911} INFO - Created Permission View: can edit on DAG:example_python_decorator
[2024-12-25T13:11:03.381+0000] {logging_mixin.py:190} INFO - [2024-12-25T13:11:03.381+0000] {override.py:1911} INFO - Created Permission View: can read on DAG:example_python_decorator
[2024-12-25T13:11:03.389+0000] {logging_mixin.py:190} INFO - [2024-12-25T13:11:03.389+0000] {override.py:1911} INFO - Created Permission View: can delete on DAG:example_python_decorator
[2024-12-25T13:11:03.399+0000] {logging_mixin.py:190} INFO - [2024-12-25T13:11:03.399+0000] {override.py:1911} INFO - Created Permission View: can create on DAG Run:example_python_decorator
[2024-12-25T13:11:03.405+0000] {logging_mixin.py:190} INFO - [2024-12-25T13:11:03.405+0000] {override.py:1911} INFO - Created Permission View: menu access on DAG Run:example_python_decorator
[2024-12-25T13:11:03.411+0000] {logging_mixin.py:190} INFO - [2024-12-25T13:11:03.411+0000] {override.py:1911} INFO - Created Permission View: can read on DAG Run:example_python_decorator
[2024-12-25T13:11:03.417+0000] {logging_mixin.py:190} INFO - [2024-12-25T13:11:03.417+0000] {override.py:1911} INFO - Created Permission View: can delete on DAG Run:example_python_decorator
[2024-12-25T13:11:03.417+0000] {logging_mixin.py:190} INFO - [2024-12-25T13:11:03.417+0000] {dag.py:3239} INFO - Sync 1 DAGs
[2024-12-25T13:11:03.429+0000] {logging_mixin.py:190} INFO - [2024-12-25T13:11:03.429+0000] {dag.py:3262} INFO - Creating ORM DAG for example_python_decorator
[2024-12-25T13:11:03.429+0000] {logging_mixin.py:190} INFO - [2024-12-25T13:11:03.429+0000] {dag.py:4180} INFO - Setting next_dagrun for example_python_decorator to None, run_after=None
[2024-12-25T13:11:03.444+0000] {processor.py:208} INFO - Processing /home/airflow/.local/lib/python3.12/site-packages/airflow/example_dags/example_python_decorator.py took 0.191 seconds
[2024-12-25T13:11:34.004+0000] {processor.py:186} INFO - Started process (PID=176) to work on /home/airflow/.local/lib/python3.12/site-packages/airflow/example_dags/example_python_decorator.py
[2024-12-25T13:11:34.006+0000] {processor.py:914} INFO - Processing file /home/airflow/.local/lib/python3.12/site-packages/airflow/example_dags/example_python_decorator.py for tasks to queue
[2024-12-25T13:11:34.008+0000] {logging_mixin.py:190} INFO - [2024-12-25T13:11:34.007+0000] {dagbag.py:588} INFO - Filling up the DagBag from /home/airflow/.local/lib/python3.12/site-packages/airflow/example_dags/example_python_decorator.py
[2024-12-25T13:11:34.019+0000] {processor.py:925} INFO - DAG(s) 'example_python_decorator' retrieved from /home/airflow/.local/lib/python3.12/site-packages/airflow/example_dags/example_python_decorator.py
[2024-12-25T13:11:34.037+0000] {logging_mixin.py:190} INFO - [2024-12-25T13:11:34.037+0000] {dag.py:3239} INFO - Sync 1 DAGs
[2024-12-25T13:11:34.048+0000] {logging_mixin.py:190} INFO - [2024-12-25T13:11:34.048+0000] {dag.py:4180} INFO - Setting next_dagrun for example_python_decorator to None, run_after=None
[2024-12-25T13:11:34.064+0000] {processor.py:208} INFO - Processing /home/airflow/.local/lib/python3.12/site-packages/airflow/example_dags/example_python_decorator.py took 0.064 seconds
[2024-12-25T13:28:51.505+0000] {processor.py:186} INFO - Started process (PID=111) to work on /home/airflow/.local/lib/python3.12/site-packages/airflow/example_dags/example_python_decorator.py
[2024-12-25T13:28:51.507+0000] {processor.py:914} INFO - Processing file /home/airflow/.local/lib/python3.12/site-packages/airflow/example_dags/example_python_decorator.py for tasks to queue
[2024-12-25T13:28:51.509+0000] {logging_mixin.py:190} INFO - [2024-12-25T13:28:51.509+0000] {dagbag.py:588} INFO - Filling up the DagBag from /home/airflow/.local/lib/python3.12/site-packages/airflow/example_dags/example_python_decorator.py
[2024-12-25T13:28:51.523+0000] {processor.py:925} INFO - DAG(s) 'example_python_decorator' retrieved from /home/airflow/.local/lib/python3.12/site-packages/airflow/example_dags/example_python_decorator.py
[2024-12-25T13:28:51.619+0000] {logging_mixin.py:190} INFO - [2024-12-25T13:28:51.619+0000] {dag.py:3239} INFO - Sync 1 DAGs
[2024-12-25T13:28:51.633+0000] {logging_mixin.py:190} INFO - [2024-12-25T13:28:51.632+0000] {dag.py:4180} INFO - Setting next_dagrun for example_python_decorator to None, run_after=None
[2024-12-25T13:28:51.660+0000] {processor.py:208} INFO - Processing /home/airflow/.local/lib/python3.12/site-packages/airflow/example_dags/example_python_decorator.py took 0.159 seconds
[2024-12-25T13:29:21.911+0000] {processor.py:186} INFO - Started process (PID=174) to work on /home/airflow/.local/lib/python3.12/site-packages/airflow/example_dags/example_python_decorator.py
[2024-12-25T13:29:21.913+0000] {processor.py:914} INFO - Processing file /home/airflow/.local/lib/python3.12/site-packages/airflow/example_dags/example_python_decorator.py for tasks to queue
[2024-12-25T13:29:21.915+0000] {logging_mixin.py:190} INFO - [2024-12-25T13:29:21.914+0000] {dagbag.py:588} INFO - Filling up the DagBag from /home/airflow/.local/lib/python3.12/site-packages/airflow/example_dags/example_python_decorator.py
[2024-12-25T13:29:21.928+0000] {processor.py:925} INFO - DAG(s) 'example_python_decorator' retrieved from /home/airflow/.local/lib/python3.12/site-packages/airflow/example_dags/example_python_decorator.py
[2024-12-25T13:29:21.948+0000] {logging_mixin.py:190} INFO - [2024-12-25T13:29:21.948+0000] {dag.py:3239} INFO - Sync 1 DAGs
[2024-12-25T13:29:21.963+0000] {logging_mixin.py:190} INFO - [2024-12-25T13:29:21.962+0000] {dag.py:4180} INFO - Setting next_dagrun for example_python_decorator to None, run_after=None
[2024-12-25T13:29:21.981+0000] {processor.py:208} INFO - Processing /home/airflow/.local/lib/python3.12/site-packages/airflow/example_dags/example_python_decorator.py took 0.076 seconds
[2024-12-25T13:29:52.129+0000] {processor.py:186} INFO - Started process (PID=237) to work on /home/airflow/.local/lib/python3.12/site-packages/airflow/example_dags/example_python_decorator.py
[2024-12-25T13:29:52.129+0000] {processor.py:914} INFO - Processing file /home/airflow/.local/lib/python3.12/site-packages/airflow/example_dags/example_python_decorator.py for tasks to queue
[2024-12-25T13:29:52.131+0000] {logging_mixin.py:190} INFO - [2024-12-25T13:29:52.131+0000] {dagbag.py:588} INFO - Filling up the DagBag from /home/airflow/.local/lib/python3.12/site-packages/airflow/example_dags/example_python_decorator.py
[2024-12-25T13:29:52.142+0000] {processor.py:925} INFO - DAG(s) 'example_python_decorator' retrieved from /home/airflow/.local/lib/python3.12/site-packages/airflow/example_dags/example_python_decorator.py
[2024-12-25T13:29:52.162+0000] {logging_mixin.py:190} INFO - [2024-12-25T13:29:52.162+0000] {dag.py:3239} INFO - Sync 1 DAGs
[2024-12-25T13:29:52.176+0000] {logging_mixin.py:190} INFO - [2024-12-25T13:29:52.175+0000] {dag.py:4180} INFO - Setting next_dagrun for example_python_decorator to None, run_after=None
[2024-12-25T13:29:52.192+0000] {processor.py:208} INFO - Processing /home/airflow/.local/lib/python3.12/site-packages/airflow/example_dags/example_python_decorator.py took 0.068 seconds
[2024-12-25T13:30:23.524+0000] {processor.py:186} INFO - Started process (PID=301) to work on /home/airflow/.local/lib/python3.12/site-packages/airflow/example_dags/example_python_decorator.py
[2024-12-25T13:30:23.526+0000] {processor.py:914} INFO - Processing file /home/airflow/.local/lib/python3.12/site-packages/airflow/example_dags/example_python_decorator.py for tasks to queue
[2024-12-25T13:30:23.528+0000] {logging_mixin.py:190} INFO - [2024-12-25T13:30:23.528+0000] {dagbag.py:588} INFO - Filling up the DagBag from /home/airflow/.local/lib/python3.12/site-packages/airflow/example_dags/example_python_decorator.py
[2024-12-25T13:30:23.539+0000] {processor.py:925} INFO - DAG(s) 'example_python_decorator' retrieved from /home/airflow/.local/lib/python3.12/site-packages/airflow/example_dags/example_python_decorator.py
[2024-12-25T13:30:23.557+0000] {logging_mixin.py:190} INFO - [2024-12-25T13:30:23.557+0000] {dag.py:3239} INFO - Sync 1 DAGs
[2024-12-25T13:30:23.568+0000] {logging_mixin.py:190} INFO - [2024-12-25T13:30:23.568+0000] {dag.py:4180} INFO - Setting next_dagrun for example_python_decorator to None, run_after=None
[2024-12-25T13:30:23.585+0000] {processor.py:208} INFO - Processing /home/airflow/.local/lib/python3.12/site-packages/airflow/example_dags/example_python_decorator.py took 0.065 seconds
[2024-12-25T13:33:37.737+0000] {processor.py:186} INFO - Started process (PID=105) to work on /home/airflow/.local/lib/python3.12/site-packages/airflow/example_dags/example_python_decorator.py
[2024-12-25T13:33:37.739+0000] {processor.py:914} INFO - Processing file /home/airflow/.local/lib/python3.12/site-packages/airflow/example_dags/example_python_decorator.py for tasks to queue
[2024-12-25T13:33:37.741+0000] {logging_mixin.py:190} INFO - [2024-12-25T13:33:37.741+0000] {dagbag.py:588} INFO - Filling up the DagBag from /home/airflow/.local/lib/python3.12/site-packages/airflow/example_dags/example_python_decorator.py
[2024-12-25T13:33:37.753+0000] {processor.py:925} INFO - DAG(s) 'example_python_decorator' retrieved from /home/airflow/.local/lib/python3.12/site-packages/airflow/example_dags/example_python_decorator.py
[2024-12-25T13:33:37.850+0000] {logging_mixin.py:190} INFO - [2024-12-25T13:33:37.850+0000] {dag.py:3239} INFO - Sync 1 DAGs
[2024-12-25T13:33:37.861+0000] {logging_mixin.py:190} INFO - [2024-12-25T13:33:37.861+0000] {dag.py:4180} INFO - Setting next_dagrun for example_python_decorator to None, run_after=None
[2024-12-25T13:33:37.878+0000] {processor.py:208} INFO - Processing /home/airflow/.local/lib/python3.12/site-packages/airflow/example_dags/example_python_decorator.py took 0.145 seconds
[2024-12-25T13:34:08.011+0000] {processor.py:186} INFO - Started process (PID=168) to work on /home/airflow/.local/lib/python3.12/site-packages/airflow/example_dags/example_python_decorator.py
[2024-12-25T13:34:08.013+0000] {processor.py:914} INFO - Processing file /home/airflow/.local/lib/python3.12/site-packages/airflow/example_dags/example_python_decorator.py for tasks to queue
[2024-12-25T13:34:08.014+0000] {logging_mixin.py:190} INFO - [2024-12-25T13:34:08.014+0000] {dagbag.py:588} INFO - Filling up the DagBag from /home/airflow/.local/lib/python3.12/site-packages/airflow/example_dags/example_python_decorator.py
[2024-12-25T13:34:08.026+0000] {processor.py:925} INFO - DAG(s) 'example_python_decorator' retrieved from /home/airflow/.local/lib/python3.12/site-packages/airflow/example_dags/example_python_decorator.py
[2024-12-25T13:34:08.044+0000] {logging_mixin.py:190} INFO - [2024-12-25T13:34:08.044+0000] {dag.py:3239} INFO - Sync 1 DAGs
[2024-12-25T13:34:08.056+0000] {logging_mixin.py:190} INFO - [2024-12-25T13:34:08.056+0000] {dag.py:4180} INFO - Setting next_dagrun for example_python_decorator to None, run_after=None
[2024-12-25T13:34:08.071+0000] {processor.py:208} INFO - Processing /home/airflow/.local/lib/python3.12/site-packages/airflow/example_dags/example_python_decorator.py took 0.065 seconds
