[2024-12-25T13:11:02.347+0000] {processor.py:186} INFO - Started process (PID=105) to work on /home/airflow/.local/lib/python3.12/site-packages/airflow/example_dags/example_branch_datetime_operator.py
[2024-12-25T13:11:02.347+0000] {processor.py:914} INFO - Processing file /home/airflow/.local/lib/python3.12/site-packages/airflow/example_dags/example_branch_datetime_operator.py for tasks to queue
[2024-12-25T13:11:02.349+0000] {logging_mixin.py:190} INFO - [2024-12-25T13:11:02.349+0000] {dagbag.py:588} INFO - Filling up the DagBag from /home/airflow/.local/lib/python3.12/site-packages/airflow/example_dags/example_branch_datetime_operator.py
[2024-12-25T13:11:02.359+0000] {processor.py:925} INFO - DAG(s) 'example_branch_datetime_operator_2', 'example_branch_datetime_operator_3', 'example_branch_datetime_operator' retrieved from /home/airflow/.local/lib/python3.12/site-packages/airflow/example_dags/example_branch_datetime_operator.py
[2024-12-25T13:11:02.446+0000] {logging_mixin.py:190} INFO - [2024-12-25T13:11:02.446+0000] {override.py:1911} INFO - Created Permission View: can edit on DAG:example_branch_datetime_operator_2
[2024-12-25T13:11:02.454+0000] {logging_mixin.py:190} INFO - [2024-12-25T13:11:02.454+0000] {override.py:1911} INFO - Created Permission View: can read on DAG:example_branch_datetime_operator_2
[2024-12-25T13:11:02.460+0000] {logging_mixin.py:190} INFO - [2024-12-25T13:11:02.460+0000] {override.py:1911} INFO - Created Permission View: can delete on DAG:example_branch_datetime_operator_2
[2024-12-25T13:11:02.468+0000] {logging_mixin.py:190} INFO - [2024-12-25T13:11:02.468+0000] {override.py:1911} INFO - Created Permission View: can create on DAG Run:example_branch_datetime_operator_2
[2024-12-25T13:11:02.474+0000] {logging_mixin.py:190} INFO - [2024-12-25T13:11:02.474+0000] {override.py:1911} INFO - Created Permission View: menu access on DAG Run:example_branch_datetime_operator_2
[2024-12-25T13:11:02.480+0000] {logging_mixin.py:190} INFO - [2024-12-25T13:11:02.480+0000] {override.py:1911} INFO - Created Permission View: can read on DAG Run:example_branch_datetime_operator_2
[2024-12-25T13:11:02.486+0000] {logging_mixin.py:190} INFO - [2024-12-25T13:11:02.486+0000] {override.py:1911} INFO - Created Permission View: can delete on DAG Run:example_branch_datetime_operator_2
[2024-12-25T13:11:02.498+0000] {logging_mixin.py:190} INFO - [2024-12-25T13:11:02.498+0000] {override.py:1911} INFO - Created Permission View: can edit on DAG:example_branch_datetime_operator_3
[2024-12-25T13:11:02.504+0000] {logging_mixin.py:190} INFO - [2024-12-25T13:11:02.504+0000] {override.py:1911} INFO - Created Permission View: can read on DAG:example_branch_datetime_operator_3
[2024-12-25T13:11:02.510+0000] {logging_mixin.py:190} INFO - [2024-12-25T13:11:02.510+0000] {override.py:1911} INFO - Created Permission View: can delete on DAG:example_branch_datetime_operator_3
[2024-12-25T13:11:02.518+0000] {logging_mixin.py:190} INFO - [2024-12-25T13:11:02.518+0000] {override.py:1911} INFO - Created Permission View: can create on DAG Run:example_branch_datetime_operator_3
[2024-12-25T13:11:02.524+0000] {logging_mixin.py:190} INFO - [2024-12-25T13:11:02.524+0000] {override.py:1911} INFO - Created Permission View: menu access on DAG Run:example_branch_datetime_operator_3
[2024-12-25T13:11:02.530+0000] {logging_mixin.py:190} INFO - [2024-12-25T13:11:02.530+0000] {override.py:1911} INFO - Created Permission View: can read on DAG Run:example_branch_datetime_operator_3
[2024-12-25T13:11:02.536+0000] {logging_mixin.py:190} INFO - [2024-12-25T13:11:02.536+0000] {override.py:1911} INFO - Created Permission View: can delete on DAG Run:example_branch_datetime_operator_3
[2024-12-25T13:11:02.548+0000] {logging_mixin.py:190} INFO - [2024-12-25T13:11:02.548+0000] {override.py:1911} INFO - Created Permission View: can edit on DAG:example_branch_datetime_operator
[2024-12-25T13:11:02.554+0000] {logging_mixin.py:190} INFO - [2024-12-25T13:11:02.554+0000] {override.py:1911} INFO - Created Permission View: can read on DAG:example_branch_datetime_operator
[2024-12-25T13:11:02.560+0000] {logging_mixin.py:190} INFO - [2024-12-25T13:11:02.560+0000] {override.py:1911} INFO - Created Permission View: can delete on DAG:example_branch_datetime_operator
[2024-12-25T13:11:02.568+0000] {logging_mixin.py:190} INFO - [2024-12-25T13:11:02.568+0000] {override.py:1911} INFO - Created Permission View: can create on DAG Run:example_branch_datetime_operator
[2024-12-25T13:11:02.574+0000] {logging_mixin.py:190} INFO - [2024-12-25T13:11:02.574+0000] {override.py:1911} INFO - Created Permission View: menu access on DAG Run:example_branch_datetime_operator
[2024-12-25T13:11:02.580+0000] {logging_mixin.py:190} INFO - [2024-12-25T13:11:02.580+0000] {override.py:1911} INFO - Created Permission View: can read on DAG Run:example_branch_datetime_operator
[2024-12-25T13:11:02.586+0000] {logging_mixin.py:190} INFO - [2024-12-25T13:11:02.586+0000] {override.py:1911} INFO - Created Permission View: can delete on DAG Run:example_branch_datetime_operator
[2024-12-25T13:11:02.586+0000] {logging_mixin.py:190} INFO - [2024-12-25T13:11:02.586+0000] {dag.py:3239} INFO - Sync 3 DAGs
[2024-12-25T13:11:02.598+0000] {logging_mixin.py:190} INFO - [2024-12-25T13:11:02.597+0000] {dag.py:3262} INFO - Creating ORM DAG for example_branch_datetime_operator_2
[2024-12-25T13:11:02.598+0000] {logging_mixin.py:190} INFO - [2024-12-25T13:11:02.598+0000] {dag.py:3262} INFO - Creating ORM DAG for example_branch_datetime_operator
[2024-12-25T13:11:02.599+0000] {logging_mixin.py:190} INFO - [2024-12-25T13:11:02.598+0000] {dag.py:3262} INFO - Creating ORM DAG for example_branch_datetime_operator_3
[2024-12-25T13:11:02.610+0000] {logging_mixin.py:190} INFO - [2024-12-25T13:11:02.610+0000] {dag.py:4180} INFO - Setting next_dagrun for example_branch_datetime_operator to 2024-12-24 00:00:00+00:00, run_after=2024-12-25 00:00:00+00:00
[2024-12-25T13:11:02.612+0000] {logging_mixin.py:190} INFO - [2024-12-25T13:11:02.611+0000] {dag.py:4180} INFO - Setting next_dagrun for example_branch_datetime_operator_2 to 2024-12-24 00:00:00+00:00, run_after=2024-12-25 00:00:00+00:00
[2024-12-25T13:11:02.613+0000] {logging_mixin.py:190} INFO - [2024-12-25T13:11:02.613+0000] {dag.py:4180} INFO - Setting next_dagrun for example_branch_datetime_operator_3 to 2024-12-24 00:00:00+00:00, run_after=2024-12-25 00:00:00+00:00
[2024-12-25T13:11:02.630+0000] {processor.py:208} INFO - Processing /home/airflow/.local/lib/python3.12/site-packages/airflow/example_dags/example_branch_datetime_operator.py took 0.288 seconds
[2024-12-25T13:11:33.349+0000] {processor.py:186} INFO - Started process (PID=169) to work on /home/airflow/.local/lib/python3.12/site-packages/airflow/example_dags/example_branch_datetime_operator.py
[2024-12-25T13:11:33.351+0000] {processor.py:914} INFO - Processing file /home/airflow/.local/lib/python3.12/site-packages/airflow/example_dags/example_branch_datetime_operator.py for tasks to queue
[2024-12-25T13:11:33.353+0000] {logging_mixin.py:190} INFO - [2024-12-25T13:11:33.353+0000] {dagbag.py:588} INFO - Filling up the DagBag from /home/airflow/.local/lib/python3.12/site-packages/airflow/example_dags/example_branch_datetime_operator.py
[2024-12-25T13:11:33.363+0000] {processor.py:925} INFO - DAG(s) 'example_branch_datetime_operator_3', 'example_branch_datetime_operator_2', 'example_branch_datetime_operator' retrieved from /home/airflow/.local/lib/python3.12/site-packages/airflow/example_dags/example_branch_datetime_operator.py
[2024-12-25T13:11:33.384+0000] {logging_mixin.py:190} INFO - [2024-12-25T13:11:33.383+0000] {dag.py:3239} INFO - Sync 3 DAGs
[2024-12-25T13:11:33.404+0000] {logging_mixin.py:190} INFO - [2024-12-25T13:11:33.404+0000] {dag.py:4180} INFO - Setting next_dagrun for example_branch_datetime_operator to 2024-12-24 00:00:00+00:00, run_after=2024-12-25 00:00:00+00:00
[2024-12-25T13:11:33.408+0000] {logging_mixin.py:190} INFO - [2024-12-25T13:11:33.408+0000] {dag.py:4180} INFO - Setting next_dagrun for example_branch_datetime_operator_2 to 2024-12-24 00:00:00+00:00, run_after=2024-12-25 00:00:00+00:00
[2024-12-25T13:11:33.410+0000] {logging_mixin.py:190} INFO - [2024-12-25T13:11:33.410+0000] {dag.py:4180} INFO - Setting next_dagrun for example_branch_datetime_operator_3 to 2024-12-24 00:00:00+00:00, run_after=2024-12-25 00:00:00+00:00
[2024-12-25T13:11:33.426+0000] {processor.py:208} INFO - Processing /home/airflow/.local/lib/python3.12/site-packages/airflow/example_dags/example_branch_datetime_operator.py took 0.081 seconds
[2024-12-25T13:28:50.891+0000] {processor.py:186} INFO - Started process (PID=104) to work on /home/airflow/.local/lib/python3.12/site-packages/airflow/example_dags/example_branch_datetime_operator.py
[2024-12-25T13:28:50.891+0000] {processor.py:914} INFO - Processing file /home/airflow/.local/lib/python3.12/site-packages/airflow/example_dags/example_branch_datetime_operator.py for tasks to queue
[2024-12-25T13:28:50.893+0000] {logging_mixin.py:190} INFO - [2024-12-25T13:28:50.893+0000] {dagbag.py:588} INFO - Filling up the DagBag from /home/airflow/.local/lib/python3.12/site-packages/airflow/example_dags/example_branch_datetime_operator.py
[2024-12-25T13:28:50.904+0000] {processor.py:925} INFO - DAG(s) 'example_branch_datetime_operator_3', 'example_branch_datetime_operator', 'example_branch_datetime_operator_2' retrieved from /home/airflow/.local/lib/python3.12/site-packages/airflow/example_dags/example_branch_datetime_operator.py
[2024-12-25T13:28:50.924+0000] {logging_mixin.py:190} INFO - [2024-12-25T13:28:50.924+0000] {dag.py:3239} INFO - Sync 3 DAGs
[2024-12-25T13:28:50.945+0000] {logging_mixin.py:190} INFO - [2024-12-25T13:28:50.945+0000] {dag.py:4180} INFO - Setting next_dagrun for example_branch_datetime_operator to 2024-12-24 00:00:00+00:00, run_after=2024-12-25 00:00:00+00:00
[2024-12-25T13:28:50.949+0000] {logging_mixin.py:190} INFO - [2024-12-25T13:28:50.949+0000] {dag.py:4180} INFO - Setting next_dagrun for example_branch_datetime_operator_2 to 2024-12-24 00:00:00+00:00, run_after=2024-12-25 00:00:00+00:00
[2024-12-25T13:28:50.952+0000] {logging_mixin.py:190} INFO - [2024-12-25T13:28:50.952+0000] {dag.py:4180} INFO - Setting next_dagrun for example_branch_datetime_operator_3 to 2024-12-24 00:00:00+00:00, run_after=2024-12-25 00:00:00+00:00
[2024-12-25T13:28:50.968+0000] {processor.py:208} INFO - Processing /home/airflow/.local/lib/python3.12/site-packages/airflow/example_dags/example_branch_datetime_operator.py took 0.083 seconds
[2024-12-25T13:29:21.363+0000] {processor.py:186} INFO - Started process (PID=167) to work on /home/airflow/.local/lib/python3.12/site-packages/airflow/example_dags/example_branch_datetime_operator.py
[2024-12-25T13:29:21.364+0000] {processor.py:914} INFO - Processing file /home/airflow/.local/lib/python3.12/site-packages/airflow/example_dags/example_branch_datetime_operator.py for tasks to queue
[2024-12-25T13:29:21.365+0000] {logging_mixin.py:190} INFO - [2024-12-25T13:29:21.365+0000] {dagbag.py:588} INFO - Filling up the DagBag from /home/airflow/.local/lib/python3.12/site-packages/airflow/example_dags/example_branch_datetime_operator.py
[2024-12-25T13:29:21.375+0000] {processor.py:925} INFO - DAG(s) 'example_branch_datetime_operator_2', 'example_branch_datetime_operator', 'example_branch_datetime_operator_3' retrieved from /home/airflow/.local/lib/python3.12/site-packages/airflow/example_dags/example_branch_datetime_operator.py
[2024-12-25T13:29:21.396+0000] {logging_mixin.py:190} INFO - [2024-12-25T13:29:21.396+0000] {dag.py:3239} INFO - Sync 3 DAGs
[2024-12-25T13:29:21.416+0000] {logging_mixin.py:190} INFO - [2024-12-25T13:29:21.416+0000] {dag.py:4180} INFO - Setting next_dagrun for example_branch_datetime_operator to 2024-12-24 00:00:00+00:00, run_after=2024-12-25 00:00:00+00:00
[2024-12-25T13:29:21.420+0000] {logging_mixin.py:190} INFO - [2024-12-25T13:29:21.420+0000] {dag.py:4180} INFO - Setting next_dagrun for example_branch_datetime_operator_2 to 2024-12-24 00:00:00+00:00, run_after=2024-12-25 00:00:00+00:00
[2024-12-25T13:29:21.422+0000] {logging_mixin.py:190} INFO - [2024-12-25T13:29:21.421+0000] {dag.py:4180} INFO - Setting next_dagrun for example_branch_datetime_operator_3 to 2024-12-24 00:00:00+00:00, run_after=2024-12-25 00:00:00+00:00
[2024-12-25T13:29:21.435+0000] {processor.py:208} INFO - Processing /home/airflow/.local/lib/python3.12/site-packages/airflow/example_dags/example_branch_datetime_operator.py took 0.077 seconds
[2024-12-25T13:29:51.844+0000] {processor.py:186} INFO - Started process (PID=231) to work on /home/airflow/.local/lib/python3.12/site-packages/airflow/example_dags/example_branch_datetime_operator.py
[2024-12-25T13:29:51.846+0000] {processor.py:914} INFO - Processing file /home/airflow/.local/lib/python3.12/site-packages/airflow/example_dags/example_branch_datetime_operator.py for tasks to queue
[2024-12-25T13:29:51.848+0000] {logging_mixin.py:190} INFO - [2024-12-25T13:29:51.847+0000] {dagbag.py:588} INFO - Filling up the DagBag from /home/airflow/.local/lib/python3.12/site-packages/airflow/example_dags/example_branch_datetime_operator.py
[2024-12-25T13:29:51.858+0000] {processor.py:925} INFO - DAG(s) 'example_branch_datetime_operator', 'example_branch_datetime_operator_3', 'example_branch_datetime_operator_2' retrieved from /home/airflow/.local/lib/python3.12/site-packages/airflow/example_dags/example_branch_datetime_operator.py
[2024-12-25T13:29:51.879+0000] {logging_mixin.py:190} INFO - [2024-12-25T13:29:51.879+0000] {dag.py:3239} INFO - Sync 3 DAGs
[2024-12-25T13:29:51.899+0000] {logging_mixin.py:190} INFO - [2024-12-25T13:29:51.899+0000] {dag.py:4180} INFO - Setting next_dagrun for example_branch_datetime_operator to 2024-12-24 00:00:00+00:00, run_after=2024-12-25 00:00:00+00:00
[2024-12-25T13:29:51.904+0000] {logging_mixin.py:190} INFO - [2024-12-25T13:29:51.903+0000] {dag.py:4180} INFO - Setting next_dagrun for example_branch_datetime_operator_2 to 2024-12-24 00:00:00+00:00, run_after=2024-12-25 00:00:00+00:00
[2024-12-25T13:29:51.905+0000] {logging_mixin.py:190} INFO - [2024-12-25T13:29:51.905+0000] {dag.py:4180} INFO - Setting next_dagrun for example_branch_datetime_operator_3 to 2024-12-24 00:00:00+00:00, run_after=2024-12-25 00:00:00+00:00
[2024-12-25T13:29:51.918+0000] {processor.py:208} INFO - Processing /home/airflow/.local/lib/python3.12/site-packages/airflow/example_dags/example_branch_datetime_operator.py took 0.079 seconds
[2024-12-25T13:30:23.230+0000] {processor.py:186} INFO - Started process (PID=295) to work on /home/airflow/.local/lib/python3.12/site-packages/airflow/example_dags/example_branch_datetime_operator.py
[2024-12-25T13:30:23.232+0000] {processor.py:914} INFO - Processing file /home/airflow/.local/lib/python3.12/site-packages/airflow/example_dags/example_branch_datetime_operator.py for tasks to queue
[2024-12-25T13:30:23.234+0000] {logging_mixin.py:190} INFO - [2024-12-25T13:30:23.233+0000] {dagbag.py:588} INFO - Filling up the DagBag from /home/airflow/.local/lib/python3.12/site-packages/airflow/example_dags/example_branch_datetime_operator.py
[2024-12-25T13:30:23.245+0000] {processor.py:925} INFO - DAG(s) 'example_branch_datetime_operator_3', 'example_branch_datetime_operator', 'example_branch_datetime_operator_2' retrieved from /home/airflow/.local/lib/python3.12/site-packages/airflow/example_dags/example_branch_datetime_operator.py
[2024-12-25T13:30:23.268+0000] {logging_mixin.py:190} INFO - [2024-12-25T13:30:23.268+0000] {dag.py:3239} INFO - Sync 3 DAGs
[2024-12-25T13:30:23.291+0000] {logging_mixin.py:190} INFO - [2024-12-25T13:30:23.291+0000] {dag.py:4180} INFO - Setting next_dagrun for example_branch_datetime_operator to 2024-12-24 00:00:00+00:00, run_after=2024-12-25 00:00:00+00:00
[2024-12-25T13:30:23.296+0000] {logging_mixin.py:190} INFO - [2024-12-25T13:30:23.295+0000] {dag.py:4180} INFO - Setting next_dagrun for example_branch_datetime_operator_2 to 2024-12-24 00:00:00+00:00, run_after=2024-12-25 00:00:00+00:00
[2024-12-25T13:30:23.298+0000] {logging_mixin.py:190} INFO - [2024-12-25T13:30:23.297+0000] {dag.py:4180} INFO - Setting next_dagrun for example_branch_datetime_operator_3 to 2024-12-24 00:00:00+00:00, run_after=2024-12-25 00:00:00+00:00
[2024-12-25T13:30:23.313+0000] {processor.py:208} INFO - Processing /home/airflow/.local/lib/python3.12/site-packages/airflow/example_dags/example_branch_datetime_operator.py took 0.089 seconds
[2024-12-25T13:33:37.146+0000] {processor.py:186} INFO - Started process (PID=98) to work on /home/airflow/.local/lib/python3.12/site-packages/airflow/example_dags/example_branch_datetime_operator.py
[2024-12-25T13:33:37.147+0000] {processor.py:914} INFO - Processing file /home/airflow/.local/lib/python3.12/site-packages/airflow/example_dags/example_branch_datetime_operator.py for tasks to queue
[2024-12-25T13:33:37.149+0000] {logging_mixin.py:190} INFO - [2024-12-25T13:33:37.148+0000] {dagbag.py:588} INFO - Filling up the DagBag from /home/airflow/.local/lib/python3.12/site-packages/airflow/example_dags/example_branch_datetime_operator.py
[2024-12-25T13:33:37.158+0000] {processor.py:925} INFO - DAG(s) 'example_branch_datetime_operator', 'example_branch_datetime_operator_2', 'example_branch_datetime_operator_3' retrieved from /home/airflow/.local/lib/python3.12/site-packages/airflow/example_dags/example_branch_datetime_operator.py
[2024-12-25T13:33:37.179+0000] {logging_mixin.py:190} INFO - [2024-12-25T13:33:37.179+0000] {dag.py:3239} INFO - Sync 3 DAGs
[2024-12-25T13:33:37.200+0000] {logging_mixin.py:190} INFO - [2024-12-25T13:33:37.200+0000] {dag.py:4180} INFO - Setting next_dagrun for example_branch_datetime_operator to 2024-12-24 00:00:00+00:00, run_after=2024-12-25 00:00:00+00:00
[2024-12-25T13:33:37.204+0000] {logging_mixin.py:190} INFO - [2024-12-25T13:33:37.204+0000] {dag.py:4180} INFO - Setting next_dagrun for example_branch_datetime_operator_2 to 2024-12-24 00:00:00+00:00, run_after=2024-12-25 00:00:00+00:00
[2024-12-25T13:33:37.206+0000] {logging_mixin.py:190} INFO - [2024-12-25T13:33:37.206+0000] {dag.py:4180} INFO - Setting next_dagrun for example_branch_datetime_operator_3 to 2024-12-24 00:00:00+00:00, run_after=2024-12-25 00:00:00+00:00
[2024-12-25T13:33:37.224+0000] {processor.py:208} INFO - Processing /home/airflow/.local/lib/python3.12/site-packages/airflow/example_dags/example_branch_datetime_operator.py took 0.083 seconds
[2024-12-25T13:34:07.562+0000] {processor.py:186} INFO - Started process (PID=161) to work on /home/airflow/.local/lib/python3.12/site-packages/airflow/example_dags/example_branch_datetime_operator.py
[2024-12-25T13:34:07.563+0000] {processor.py:914} INFO - Processing file /home/airflow/.local/lib/python3.12/site-packages/airflow/example_dags/example_branch_datetime_operator.py for tasks to queue
[2024-12-25T13:34:07.564+0000] {logging_mixin.py:190} INFO - [2024-12-25T13:34:07.564+0000] {dagbag.py:588} INFO - Filling up the DagBag from /home/airflow/.local/lib/python3.12/site-packages/airflow/example_dags/example_branch_datetime_operator.py
[2024-12-25T13:34:07.574+0000] {processor.py:925} INFO - DAG(s) 'example_branch_datetime_operator', 'example_branch_datetime_operator_2', 'example_branch_datetime_operator_3' retrieved from /home/airflow/.local/lib/python3.12/site-packages/airflow/example_dags/example_branch_datetime_operator.py
[2024-12-25T13:34:07.597+0000] {logging_mixin.py:190} INFO - [2024-12-25T13:34:07.596+0000] {dag.py:3239} INFO - Sync 3 DAGs
[2024-12-25T13:34:07.617+0000] {logging_mixin.py:190} INFO - [2024-12-25T13:34:07.616+0000] {dag.py:4180} INFO - Setting next_dagrun for example_branch_datetime_operator to 2024-12-24 00:00:00+00:00, run_after=2024-12-25 00:00:00+00:00
[2024-12-25T13:34:07.621+0000] {logging_mixin.py:190} INFO - [2024-12-25T13:34:07.621+0000] {dag.py:4180} INFO - Setting next_dagrun for example_branch_datetime_operator_2 to 2024-12-24 00:00:00+00:00, run_after=2024-12-25 00:00:00+00:00
[2024-12-25T13:34:07.623+0000] {logging_mixin.py:190} INFO - [2024-12-25T13:34:07.623+0000] {dag.py:4180} INFO - Setting next_dagrun for example_branch_datetime_operator_3 to 2024-12-24 00:00:00+00:00, run_after=2024-12-25 00:00:00+00:00
[2024-12-25T13:34:07.638+0000] {processor.py:208} INFO - Processing /home/airflow/.local/lib/python3.12/site-packages/airflow/example_dags/example_branch_datetime_operator.py took 0.080 seconds
