[2024-12-25T13:11:03.792+0000] {processor.py:186} INFO - Started process (PID=115) to work on /home/airflow/.local/lib/python3.12/site-packages/airflow/example_dags/example_dag_decorator.py
[2024-12-25T13:11:03.793+0000] {processor.py:914} INFO - Processing file /home/airflow/.local/lib/python3.12/site-packages/airflow/example_dags/example_dag_decorator.py for tasks to queue
[2024-12-25T13:11:03.794+0000] {logging_mixin.py:190} INFO - [2024-12-25T13:11:03.794+0000] {dagbag.py:588} INFO - Filling up the DagBag from /home/airflow/.local/lib/python3.12/site-packages/airflow/example_dags/example_dag_decorator.py
[2024-12-25T13:11:03.804+0000] {processor.py:925} INFO - DAG(s) 'example_dag_decorator' retrieved from /home/airflow/.local/lib/python3.12/site-packages/airflow/example_dags/example_dag_decorator.py
[2024-12-25T13:11:03.908+0000] {logging_mixin.py:190} INFO - [2024-12-25T13:11:03.907+0000] {override.py:1911} INFO - Created Permission View: can edit on DAG:example_dag_decorator
[2024-12-25T13:11:03.919+0000] {logging_mixin.py:190} INFO - [2024-12-25T13:11:03.919+0000] {override.py:1911} INFO - Created Permission View: can read on DAG:example_dag_decorator
[2024-12-25T13:11:03.927+0000] {logging_mixin.py:190} INFO - [2024-12-25T13:11:03.927+0000] {override.py:1911} INFO - Created Permission View: can delete on DAG:example_dag_decorator
[2024-12-25T13:11:03.937+0000] {logging_mixin.py:190} INFO - [2024-12-25T13:11:03.937+0000] {override.py:1911} INFO - Created Permission View: can create on DAG Run:example_dag_decorator
[2024-12-25T13:11:03.943+0000] {logging_mixin.py:190} INFO - [2024-12-25T13:11:03.943+0000] {override.py:1911} INFO - Created Permission View: menu access on DAG Run:example_dag_decorator
[2024-12-25T13:11:03.949+0000] {logging_mixin.py:190} INFO - [2024-12-25T13:11:03.949+0000] {override.py:1911} INFO - Created Permission View: can read on DAG Run:example_dag_decorator
[2024-12-25T13:11:03.955+0000] {logging_mixin.py:190} INFO - [2024-12-25T13:11:03.955+0000] {override.py:1911} INFO - Created Permission View: can delete on DAG Run:example_dag_decorator
[2024-12-25T13:11:03.956+0000] {logging_mixin.py:190} INFO - [2024-12-25T13:11:03.956+0000] {dag.py:3239} INFO - Sync 1 DAGs
[2024-12-25T13:11:03.970+0000] {logging_mixin.py:190} INFO - [2024-12-25T13:11:03.970+0000] {dag.py:3262} INFO - Creating ORM DAG for example_dag_decorator
[2024-12-25T13:11:03.971+0000] {logging_mixin.py:190} INFO - [2024-12-25T13:11:03.971+0000] {dag.py:4180} INFO - Setting next_dagrun for example_dag_decorator to None, run_after=None
[2024-12-25T13:11:03.988+0000] {processor.py:208} INFO - Processing /home/airflow/.local/lib/python3.12/site-packages/airflow/example_dags/example_dag_decorator.py took 0.201 seconds
[2024-12-25T13:11:34.261+0000] {processor.py:186} INFO - Started process (PID=179) to work on /home/airflow/.local/lib/python3.12/site-packages/airflow/example_dags/example_dag_decorator.py
[2024-12-25T13:11:34.263+0000] {processor.py:914} INFO - Processing file /home/airflow/.local/lib/python3.12/site-packages/airflow/example_dags/example_dag_decorator.py for tasks to queue
[2024-12-25T13:11:34.264+0000] {logging_mixin.py:190} INFO - [2024-12-25T13:11:34.264+0000] {dagbag.py:588} INFO - Filling up the DagBag from /home/airflow/.local/lib/python3.12/site-packages/airflow/example_dags/example_dag_decorator.py
[2024-12-25T13:11:34.274+0000] {processor.py:925} INFO - DAG(s) 'example_dag_decorator' retrieved from /home/airflow/.local/lib/python3.12/site-packages/airflow/example_dags/example_dag_decorator.py
[2024-12-25T13:11:34.367+0000] {logging_mixin.py:190} INFO - [2024-12-25T13:11:34.367+0000] {dag.py:3239} INFO - Sync 1 DAGs
[2024-12-25T13:11:34.378+0000] {logging_mixin.py:190} INFO - [2024-12-25T13:11:34.378+0000] {dag.py:4180} INFO - Setting next_dagrun for example_dag_decorator to None, run_after=None
[2024-12-25T13:11:34.401+0000] {processor.py:208} INFO - Processing /home/airflow/.local/lib/python3.12/site-packages/airflow/example_dags/example_dag_decorator.py took 0.145 seconds
[2024-12-25T13:28:51.869+0000] {processor.py:186} INFO - Started process (PID=114) to work on /home/airflow/.local/lib/python3.12/site-packages/airflow/example_dags/example_dag_decorator.py
[2024-12-25T13:28:51.870+0000] {processor.py:914} INFO - Processing file /home/airflow/.local/lib/python3.12/site-packages/airflow/example_dags/example_dag_decorator.py for tasks to queue
[2024-12-25T13:28:51.872+0000] {logging_mixin.py:190} INFO - [2024-12-25T13:28:51.872+0000] {dagbag.py:588} INFO - Filling up the DagBag from /home/airflow/.local/lib/python3.12/site-packages/airflow/example_dags/example_dag_decorator.py
[2024-12-25T13:28:51.884+0000] {processor.py:925} INFO - DAG(s) 'example_dag_decorator' retrieved from /home/airflow/.local/lib/python3.12/site-packages/airflow/example_dags/example_dag_decorator.py
[2024-12-25T13:28:51.982+0000] {logging_mixin.py:190} INFO - [2024-12-25T13:28:51.982+0000] {dag.py:3239} INFO - Sync 1 DAGs
[2024-12-25T13:28:51.993+0000] {logging_mixin.py:190} INFO - [2024-12-25T13:28:51.993+0000] {dag.py:4180} INFO - Setting next_dagrun for example_dag_decorator to None, run_after=None
[2024-12-25T13:28:52.010+0000] {processor.py:208} INFO - Processing /home/airflow/.local/lib/python3.12/site-packages/airflow/example_dags/example_dag_decorator.py took 0.145 seconds
[2024-12-25T13:29:22.720+0000] {processor.py:186} INFO - Started process (PID=178) to work on /home/airflow/.local/lib/python3.12/site-packages/airflow/example_dags/example_dag_decorator.py
[2024-12-25T13:29:22.721+0000] {processor.py:914} INFO - Processing file /home/airflow/.local/lib/python3.12/site-packages/airflow/example_dags/example_dag_decorator.py for tasks to queue
[2024-12-25T13:29:22.723+0000] {logging_mixin.py:190} INFO - [2024-12-25T13:29:22.723+0000] {dagbag.py:588} INFO - Filling up the DagBag from /home/airflow/.local/lib/python3.12/site-packages/airflow/example_dags/example_dag_decorator.py
[2024-12-25T13:29:22.733+0000] {processor.py:925} INFO - DAG(s) 'example_dag_decorator' retrieved from /home/airflow/.local/lib/python3.12/site-packages/airflow/example_dags/example_dag_decorator.py
[2024-12-25T13:29:22.828+0000] {logging_mixin.py:190} INFO - [2024-12-25T13:29:22.828+0000] {dag.py:3239} INFO - Sync 1 DAGs
[2024-12-25T13:29:22.839+0000] {logging_mixin.py:190} INFO - [2024-12-25T13:29:22.838+0000] {dag.py:4180} INFO - Setting next_dagrun for example_dag_decorator to None, run_after=None
[2024-12-25T13:29:22.854+0000] {processor.py:208} INFO - Processing /home/airflow/.local/lib/python3.12/site-packages/airflow/example_dags/example_dag_decorator.py took 0.138 seconds
[2024-12-25T13:29:52.888+0000] {processor.py:186} INFO - Started process (PID=242) to work on /home/airflow/.local/lib/python3.12/site-packages/airflow/example_dags/example_dag_decorator.py
[2024-12-25T13:29:52.889+0000] {processor.py:914} INFO - Processing file /home/airflow/.local/lib/python3.12/site-packages/airflow/example_dags/example_dag_decorator.py for tasks to queue
[2024-12-25T13:29:52.891+0000] {logging_mixin.py:190} INFO - [2024-12-25T13:29:52.891+0000] {dagbag.py:588} INFO - Filling up the DagBag from /home/airflow/.local/lib/python3.12/site-packages/airflow/example_dags/example_dag_decorator.py
[2024-12-25T13:29:52.901+0000] {processor.py:925} INFO - DAG(s) 'example_dag_decorator' retrieved from /home/airflow/.local/lib/python3.12/site-packages/airflow/example_dags/example_dag_decorator.py
[2024-12-25T13:29:52.995+0000] {logging_mixin.py:190} INFO - [2024-12-25T13:29:52.995+0000] {dag.py:3239} INFO - Sync 1 DAGs
[2024-12-25T13:29:53.006+0000] {logging_mixin.py:190} INFO - [2024-12-25T13:29:53.005+0000] {dag.py:4180} INFO - Setting next_dagrun for example_dag_decorator to None, run_after=None
[2024-12-25T13:29:53.031+0000] {processor.py:208} INFO - Processing /home/airflow/.local/lib/python3.12/site-packages/airflow/example_dags/example_dag_decorator.py took 0.148 seconds
[2024-12-25T13:30:24.301+0000] {processor.py:186} INFO - Started process (PID=306) to work on /home/airflow/.local/lib/python3.12/site-packages/airflow/example_dags/example_dag_decorator.py
[2024-12-25T13:30:24.303+0000] {processor.py:914} INFO - Processing file /home/airflow/.local/lib/python3.12/site-packages/airflow/example_dags/example_dag_decorator.py for tasks to queue
[2024-12-25T13:30:24.305+0000] {logging_mixin.py:190} INFO - [2024-12-25T13:30:24.305+0000] {dagbag.py:588} INFO - Filling up the DagBag from /home/airflow/.local/lib/python3.12/site-packages/airflow/example_dags/example_dag_decorator.py
[2024-12-25T13:30:24.314+0000] {processor.py:925} INFO - DAG(s) 'example_dag_decorator' retrieved from /home/airflow/.local/lib/python3.12/site-packages/airflow/example_dags/example_dag_decorator.py
[2024-12-25T13:30:24.410+0000] {logging_mixin.py:190} INFO - [2024-12-25T13:30:24.410+0000] {dag.py:3239} INFO - Sync 1 DAGs
[2024-12-25T13:30:24.421+0000] {logging_mixin.py:190} INFO - [2024-12-25T13:30:24.420+0000] {dag.py:4180} INFO - Setting next_dagrun for example_dag_decorator to None, run_after=None
[2024-12-25T13:30:24.440+0000] {processor.py:208} INFO - Processing /home/airflow/.local/lib/python3.12/site-packages/airflow/example_dags/example_dag_decorator.py took 0.143 seconds
[2024-12-25T13:33:38.078+0000] {processor.py:186} INFO - Started process (PID=108) to work on /home/airflow/.local/lib/python3.12/site-packages/airflow/example_dags/example_dag_decorator.py
[2024-12-25T13:33:38.079+0000] {processor.py:914} INFO - Processing file /home/airflow/.local/lib/python3.12/site-packages/airflow/example_dags/example_dag_decorator.py for tasks to queue
[2024-12-25T13:33:38.081+0000] {logging_mixin.py:190} INFO - [2024-12-25T13:33:38.081+0000] {dagbag.py:588} INFO - Filling up the DagBag from /home/airflow/.local/lib/python3.12/site-packages/airflow/example_dags/example_dag_decorator.py
[2024-12-25T13:33:38.090+0000] {processor.py:925} INFO - DAG(s) 'example_dag_decorator' retrieved from /home/airflow/.local/lib/python3.12/site-packages/airflow/example_dags/example_dag_decorator.py
[2024-12-25T13:33:38.185+0000] {logging_mixin.py:190} INFO - [2024-12-25T13:33:38.184+0000] {dag.py:3239} INFO - Sync 1 DAGs
[2024-12-25T13:33:38.196+0000] {logging_mixin.py:190} INFO - [2024-12-25T13:33:38.196+0000] {dag.py:4180} INFO - Setting next_dagrun for example_dag_decorator to None, run_after=None
[2024-12-25T13:33:38.220+0000] {processor.py:208} INFO - Processing /home/airflow/.local/lib/python3.12/site-packages/airflow/example_dags/example_dag_decorator.py took 0.146 seconds
[2024-12-25T13:34:08.490+0000] {processor.py:186} INFO - Started process (PID=172) to work on /home/airflow/.local/lib/python3.12/site-packages/airflow/example_dags/example_dag_decorator.py
[2024-12-25T13:34:08.491+0000] {processor.py:914} INFO - Processing file /home/airflow/.local/lib/python3.12/site-packages/airflow/example_dags/example_dag_decorator.py for tasks to queue
[2024-12-25T13:34:08.492+0000] {logging_mixin.py:190} INFO - [2024-12-25T13:34:08.492+0000] {dagbag.py:588} INFO - Filling up the DagBag from /home/airflow/.local/lib/python3.12/site-packages/airflow/example_dags/example_dag_decorator.py
[2024-12-25T13:34:08.501+0000] {processor.py:925} INFO - DAG(s) 'example_dag_decorator' retrieved from /home/airflow/.local/lib/python3.12/site-packages/airflow/example_dags/example_dag_decorator.py
[2024-12-25T13:34:08.595+0000] {logging_mixin.py:190} INFO - [2024-12-25T13:34:08.595+0000] {dag.py:3239} INFO - Sync 1 DAGs
[2024-12-25T13:34:08.605+0000] {logging_mixin.py:190} INFO - [2024-12-25T13:34:08.605+0000] {dag.py:4180} INFO - Setting next_dagrun for example_dag_decorator to None, run_after=None
[2024-12-25T13:34:08.631+0000] {processor.py:208} INFO - Processing /home/airflow/.local/lib/python3.12/site-packages/airflow/example_dags/example_dag_decorator.py took 0.146 seconds
