[2024-12-25T13:11:03.900+0000] {processor.py:186} INFO - Started process (PID=116) to work on /home/airflow/.local/lib/python3.12/site-packages/airflow/example_dags/example_sla_dag.py
[2024-12-25T13:11:03.901+0000] {processor.py:914} INFO - Processing file /home/airflow/.local/lib/python3.12/site-packages/airflow/example_dags/example_sla_dag.py for tasks to queue
[2024-12-25T13:11:03.903+0000] {logging_mixin.py:190} INFO - [2024-12-25T13:11:03.903+0000] {dagbag.py:588} INFO - Filling up the DagBag from /home/airflow/.local/lib/python3.12/site-packages/airflow/example_dags/example_sla_dag.py
[2024-12-25T13:11:03.915+0000] {processor.py:925} INFO - DAG(s) 'example_sla_dag' retrieved from /home/airflow/.local/lib/python3.12/site-packages/airflow/example_dags/example_sla_dag.py
[2024-12-25T13:11:04.027+0000] {logging_mixin.py:190} INFO - [2024-12-25T13:11:04.027+0000] {override.py:1911} INFO - Created Permission View: can edit on DAG:example_sla_dag
[2024-12-25T13:11:04.039+0000] {logging_mixin.py:190} INFO - [2024-12-25T13:11:04.039+0000] {override.py:1911} INFO - Created Permission View: can read on DAG:example_sla_dag
[2024-12-25T13:11:04.045+0000] {logging_mixin.py:190} INFO - [2024-12-25T13:11:04.045+0000] {override.py:1911} INFO - Created Permission View: can delete on DAG:example_sla_dag
[2024-12-25T13:11:04.053+0000] {logging_mixin.py:190} INFO - [2024-12-25T13:11:04.053+0000] {override.py:1911} INFO - Created Permission View: can create on DAG Run:example_sla_dag
[2024-12-25T13:11:04.059+0000] {logging_mixin.py:190} INFO - [2024-12-25T13:11:04.059+0000] {override.py:1911} INFO - Created Permission View: menu access on DAG Run:example_sla_dag
[2024-12-25T13:11:04.067+0000] {logging_mixin.py:190} INFO - [2024-12-25T13:11:04.067+0000] {override.py:1911} INFO - Created Permission View: can read on DAG Run:example_sla_dag
[2024-12-25T13:11:04.073+0000] {logging_mixin.py:190} INFO - [2024-12-25T13:11:04.073+0000] {override.py:1911} INFO - Created Permission View: can delete on DAG Run:example_sla_dag
[2024-12-25T13:11:04.074+0000] {logging_mixin.py:190} INFO - [2024-12-25T13:11:04.074+0000] {dag.py:3239} INFO - Sync 1 DAGs
[2024-12-25T13:11:04.088+0000] {logging_mixin.py:190} INFO - [2024-12-25T13:11:04.087+0000] {dag.py:3262} INFO - Creating ORM DAG for example_sla_dag
[2024-12-25T13:11:04.101+0000] {logging_mixin.py:190} INFO - [2024-12-25T13:11:04.100+0000] {dag.py:4180} INFO - Setting next_dagrun for example_sla_dag to 2024-12-25 13:08:00+00:00, run_after=2024-12-25 13:10:00+00:00
[2024-12-25T13:11:04.116+0000] {processor.py:208} INFO - Processing /home/airflow/.local/lib/python3.12/site-packages/airflow/example_dags/example_sla_dag.py took 0.223 seconds
[2024-12-25T13:11:34.429+0000] {processor.py:186} INFO - Started process (PID=180) to work on /home/airflow/.local/lib/python3.12/site-packages/airflow/example_dags/example_sla_dag.py
[2024-12-25T13:11:34.429+0000] {processor.py:914} INFO - Processing file /home/airflow/.local/lib/python3.12/site-packages/airflow/example_dags/example_sla_dag.py for tasks to queue
[2024-12-25T13:11:34.431+0000] {logging_mixin.py:190} INFO - [2024-12-25T13:11:34.431+0000] {dagbag.py:588} INFO - Filling up the DagBag from /home/airflow/.local/lib/python3.12/site-packages/airflow/example_dags/example_sla_dag.py
[2024-12-25T13:11:34.439+0000] {processor.py:925} INFO - DAG(s) 'example_sla_dag' retrieved from /home/airflow/.local/lib/python3.12/site-packages/airflow/example_dags/example_sla_dag.py
[2024-12-25T13:11:34.454+0000] {logging_mixin.py:190} INFO - [2024-12-25T13:11:34.454+0000] {dag.py:3239} INFO - Sync 1 DAGs
[2024-12-25T13:11:34.475+0000] {logging_mixin.py:190} INFO - [2024-12-25T13:11:34.475+0000] {dag.py:4180} INFO - Setting next_dagrun for example_sla_dag to 2024-12-25 13:08:00+00:00, run_after=2024-12-25 13:10:00+00:00
[2024-12-25T13:11:34.490+0000] {processor.py:208} INFO - Processing /home/airflow/.local/lib/python3.12/site-packages/airflow/example_dags/example_sla_dag.py took 0.066 seconds
[2024-12-25T13:28:51.928+0000] {processor.py:186} INFO - Started process (PID=115) to work on /home/airflow/.local/lib/python3.12/site-packages/airflow/example_dags/example_sla_dag.py
[2024-12-25T13:28:51.929+0000] {processor.py:914} INFO - Processing file /home/airflow/.local/lib/python3.12/site-packages/airflow/example_dags/example_sla_dag.py for tasks to queue
[2024-12-25T13:28:51.930+0000] {logging_mixin.py:190} INFO - [2024-12-25T13:28:51.930+0000] {dagbag.py:588} INFO - Filling up the DagBag from /home/airflow/.local/lib/python3.12/site-packages/airflow/example_dags/example_sla_dag.py
[2024-12-25T13:28:51.939+0000] {processor.py:925} INFO - DAG(s) 'example_sla_dag' retrieved from /home/airflow/.local/lib/python3.12/site-packages/airflow/example_dags/example_sla_dag.py
[2024-12-25T13:28:51.955+0000] {logging_mixin.py:190} INFO - [2024-12-25T13:28:51.955+0000] {dag.py:3239} INFO - Sync 1 DAGs
[2024-12-25T13:28:51.978+0000] {logging_mixin.py:190} INFO - [2024-12-25T13:28:51.978+0000] {dag.py:4180} INFO - Setting next_dagrun for example_sla_dag to 2024-12-25 13:26:00+00:00, run_after=2024-12-25 13:28:00+00:00
[2024-12-25T13:28:51.994+0000] {processor.py:208} INFO - Processing /home/airflow/.local/lib/python3.12/site-packages/airflow/example_dags/example_sla_dag.py took 0.070 seconds
[2024-12-25T13:29:22.798+0000] {processor.py:186} INFO - Started process (PID=179) to work on /home/airflow/.local/lib/python3.12/site-packages/airflow/example_dags/example_sla_dag.py
[2024-12-25T13:29:22.800+0000] {processor.py:914} INFO - Processing file /home/airflow/.local/lib/python3.12/site-packages/airflow/example_dags/example_sla_dag.py for tasks to queue
[2024-12-25T13:29:22.802+0000] {logging_mixin.py:190} INFO - [2024-12-25T13:29:22.802+0000] {dagbag.py:588} INFO - Filling up the DagBag from /home/airflow/.local/lib/python3.12/site-packages/airflow/example_dags/example_sla_dag.py
[2024-12-25T13:29:22.810+0000] {processor.py:925} INFO - DAG(s) 'example_sla_dag' retrieved from /home/airflow/.local/lib/python3.12/site-packages/airflow/example_dags/example_sla_dag.py
[2024-12-25T13:29:22.825+0000] {logging_mixin.py:190} INFO - [2024-12-25T13:29:22.825+0000] {dag.py:3239} INFO - Sync 1 DAGs
[2024-12-25T13:29:22.846+0000] {logging_mixin.py:190} INFO - [2024-12-25T13:29:22.846+0000] {dag.py:4180} INFO - Setting next_dagrun for example_sla_dag to 2024-12-25 13:26:00+00:00, run_after=2024-12-25 13:28:00+00:00
[2024-12-25T13:29:22.860+0000] {processor.py:208} INFO - Processing /home/airflow/.local/lib/python3.12/site-packages/airflow/example_dags/example_sla_dag.py took 0.067 seconds
[2024-12-25T13:29:53.058+0000] {processor.py:186} INFO - Started process (PID=243) to work on /home/airflow/.local/lib/python3.12/site-packages/airflow/example_dags/example_sla_dag.py
[2024-12-25T13:29:53.060+0000] {processor.py:914} INFO - Processing file /home/airflow/.local/lib/python3.12/site-packages/airflow/example_dags/example_sla_dag.py for tasks to queue
[2024-12-25T13:29:53.062+0000] {logging_mixin.py:190} INFO - [2024-12-25T13:29:53.062+0000] {dagbag.py:588} INFO - Filling up the DagBag from /home/airflow/.local/lib/python3.12/site-packages/airflow/example_dags/example_sla_dag.py
[2024-12-25T13:29:53.071+0000] {processor.py:925} INFO - DAG(s) 'example_sla_dag' retrieved from /home/airflow/.local/lib/python3.12/site-packages/airflow/example_dags/example_sla_dag.py
[2024-12-25T13:29:53.087+0000] {logging_mixin.py:190} INFO - [2024-12-25T13:29:53.087+0000] {dag.py:3239} INFO - Sync 1 DAGs
[2024-12-25T13:29:53.110+0000] {logging_mixin.py:190} INFO - [2024-12-25T13:29:53.110+0000] {dag.py:4180} INFO - Setting next_dagrun for example_sla_dag to 2024-12-25 13:26:00+00:00, run_after=2024-12-25 13:28:00+00:00
[2024-12-25T13:29:53.127+0000] {processor.py:208} INFO - Processing /home/airflow/.local/lib/python3.12/site-packages/airflow/example_dags/example_sla_dag.py took 0.074 seconds
[2024-12-25T13:30:24.353+0000] {processor.py:186} INFO - Started process (PID=307) to work on /home/airflow/.local/lib/python3.12/site-packages/airflow/example_dags/example_sla_dag.py
[2024-12-25T13:30:24.354+0000] {processor.py:914} INFO - Processing file /home/airflow/.local/lib/python3.12/site-packages/airflow/example_dags/example_sla_dag.py for tasks to queue
[2024-12-25T13:30:24.355+0000] {logging_mixin.py:190} INFO - [2024-12-25T13:30:24.355+0000] {dagbag.py:588} INFO - Filling up the DagBag from /home/airflow/.local/lib/python3.12/site-packages/airflow/example_dags/example_sla_dag.py
[2024-12-25T13:30:24.364+0000] {processor.py:925} INFO - DAG(s) 'example_sla_dag' retrieved from /home/airflow/.local/lib/python3.12/site-packages/airflow/example_dags/example_sla_dag.py
[2024-12-25T13:30:24.379+0000] {logging_mixin.py:190} INFO - [2024-12-25T13:30:24.379+0000] {dag.py:3239} INFO - Sync 1 DAGs
[2024-12-25T13:30:24.400+0000] {logging_mixin.py:190} INFO - [2024-12-25T13:30:24.400+0000] {dag.py:4180} INFO - Setting next_dagrun for example_sla_dag to 2024-12-25 13:28:00+00:00, run_after=2024-12-25 13:30:00+00:00
[2024-12-25T13:30:24.417+0000] {processor.py:208} INFO - Processing /home/airflow/.local/lib/python3.12/site-packages/airflow/example_dags/example_sla_dag.py took 0.069 seconds
[2024-12-25T13:33:38.245+0000] {processor.py:186} INFO - Started process (PID=109) to work on /home/airflow/.local/lib/python3.12/site-packages/airflow/example_dags/example_sla_dag.py
[2024-12-25T13:33:38.247+0000] {processor.py:914} INFO - Processing file /home/airflow/.local/lib/python3.12/site-packages/airflow/example_dags/example_sla_dag.py for tasks to queue
[2024-12-25T13:33:38.249+0000] {logging_mixin.py:190} INFO - [2024-12-25T13:33:38.249+0000] {dagbag.py:588} INFO - Filling up the DagBag from /home/airflow/.local/lib/python3.12/site-packages/airflow/example_dags/example_sla_dag.py
[2024-12-25T13:33:38.257+0000] {processor.py:925} INFO - DAG(s) 'example_sla_dag' retrieved from /home/airflow/.local/lib/python3.12/site-packages/airflow/example_dags/example_sla_dag.py
[2024-12-25T13:33:38.272+0000] {logging_mixin.py:190} INFO - [2024-12-25T13:33:38.272+0000] {dag.py:3239} INFO - Sync 1 DAGs
[2024-12-25T13:33:38.293+0000] {logging_mixin.py:190} INFO - [2024-12-25T13:33:38.293+0000] {dag.py:4180} INFO - Setting next_dagrun for example_sla_dag to 2024-12-25 13:30:00+00:00, run_after=2024-12-25 13:32:00+00:00
[2024-12-25T13:33:38.308+0000] {processor.py:208} INFO - Processing /home/airflow/.local/lib/python3.12/site-packages/airflow/example_dags/example_sla_dag.py took 0.067 seconds
[2024-12-25T13:34:08.659+0000] {processor.py:186} INFO - Started process (PID=173) to work on /home/airflow/.local/lib/python3.12/site-packages/airflow/example_dags/example_sla_dag.py
[2024-12-25T13:34:08.659+0000] {processor.py:914} INFO - Processing file /home/airflow/.local/lib/python3.12/site-packages/airflow/example_dags/example_sla_dag.py for tasks to queue
[2024-12-25T13:34:08.661+0000] {logging_mixin.py:190} INFO - [2024-12-25T13:34:08.661+0000] {dagbag.py:588} INFO - Filling up the DagBag from /home/airflow/.local/lib/python3.12/site-packages/airflow/example_dags/example_sla_dag.py
[2024-12-25T13:34:08.670+0000] {processor.py:925} INFO - DAG(s) 'example_sla_dag' retrieved from /home/airflow/.local/lib/python3.12/site-packages/airflow/example_dags/example_sla_dag.py
[2024-12-25T13:34:08.686+0000] {logging_mixin.py:190} INFO - [2024-12-25T13:34:08.686+0000] {dag.py:3239} INFO - Sync 1 DAGs
[2024-12-25T13:34:08.707+0000] {logging_mixin.py:190} INFO - [2024-12-25T13:34:08.706+0000] {dag.py:4180} INFO - Setting next_dagrun for example_sla_dag to 2024-12-25 13:32:00+00:00, run_after=2024-12-25 13:34:00+00:00
[2024-12-25T13:34:08.722+0000] {processor.py:208} INFO - Processing /home/airflow/.local/lib/python3.12/site-packages/airflow/example_dags/example_sla_dag.py took 0.067 seconds
