[2024-12-25T13:10:58.090+0000] {processor.py:186} INFO - Started process (PID=80) to work on /home/airflow/.local/lib/python3.12/site-packages/airflow/example_dags/example_short_circuit_operator.py
[2024-12-25T13:10:58.091+0000] {processor.py:914} INFO - Processing file /home/airflow/.local/lib/python3.12/site-packages/airflow/example_dags/example_short_circuit_operator.py for tasks to queue
[2024-12-25T13:10:58.092+0000] {logging_mixin.py:190} INFO - [2024-12-25T13:10:58.092+0000] {dagbag.py:588} INFO - Filling up the DagBag from /home/airflow/.local/lib/python3.12/site-packages/airflow/example_dags/example_short_circuit_operator.py
[2024-12-25T13:10:58.101+0000] {processor.py:925} INFO - DAG(s) 'example_short_circuit_operator' retrieved from /home/airflow/.local/lib/python3.12/site-packages/airflow/example_dags/example_short_circuit_operator.py
[2024-12-25T13:10:58.203+0000] {logging_mixin.py:190} INFO - [2024-12-25T13:10:58.203+0000] {override.py:1911} INFO - Created Permission View: can edit on DAG:example_short_circuit_operator
[2024-12-25T13:10:58.211+0000] {logging_mixin.py:190} INFO - [2024-12-25T13:10:58.211+0000] {override.py:1911} INFO - Created Permission View: can read on DAG:example_short_circuit_operator
[2024-12-25T13:10:58.217+0000] {logging_mixin.py:190} INFO - [2024-12-25T13:10:58.217+0000] {override.py:1911} INFO - Created Permission View: can delete on DAG:example_short_circuit_operator
[2024-12-25T13:10:58.225+0000] {logging_mixin.py:190} INFO - [2024-12-25T13:10:58.225+0000] {override.py:1911} INFO - Created Permission View: can create on DAG Run:example_short_circuit_operator
[2024-12-25T13:10:58.231+0000] {logging_mixin.py:190} INFO - [2024-12-25T13:10:58.231+0000] {override.py:1911} INFO - Created Permission View: menu access on DAG Run:example_short_circuit_operator
[2024-12-25T13:10:58.237+0000] {logging_mixin.py:190} INFO - [2024-12-25T13:10:58.237+0000] {override.py:1911} INFO - Created Permission View: can read on DAG Run:example_short_circuit_operator
[2024-12-25T13:10:58.243+0000] {logging_mixin.py:190} INFO - [2024-12-25T13:10:58.243+0000] {override.py:1911} INFO - Created Permission View: can delete on DAG Run:example_short_circuit_operator
[2024-12-25T13:10:58.243+0000] {logging_mixin.py:190} INFO - [2024-12-25T13:10:58.243+0000] {dag.py:3239} INFO - Sync 1 DAGs
[2024-12-25T13:10:58.255+0000] {logging_mixin.py:190} INFO - [2024-12-25T13:10:58.255+0000] {dag.py:3262} INFO - Creating ORM DAG for example_short_circuit_operator
[2024-12-25T13:10:58.255+0000] {logging_mixin.py:190} INFO - [2024-12-25T13:10:58.255+0000] {dag.py:4180} INFO - Setting next_dagrun for example_short_circuit_operator to None, run_after=None
[2024-12-25T13:10:58.269+0000] {processor.py:208} INFO - Processing /home/airflow/.local/lib/python3.12/site-packages/airflow/example_dags/example_short_circuit_operator.py took 0.183 seconds
[2024-12-25T13:11:28.313+0000] {processor.py:186} INFO - Started process (PID=143) to work on /home/airflow/.local/lib/python3.12/site-packages/airflow/example_dags/example_short_circuit_operator.py
[2024-12-25T13:11:28.313+0000] {processor.py:914} INFO - Processing file /home/airflow/.local/lib/python3.12/site-packages/airflow/example_dags/example_short_circuit_operator.py for tasks to queue
[2024-12-25T13:11:28.315+0000] {logging_mixin.py:190} INFO - [2024-12-25T13:11:28.315+0000] {dagbag.py:588} INFO - Filling up the DagBag from /home/airflow/.local/lib/python3.12/site-packages/airflow/example_dags/example_short_circuit_operator.py
[2024-12-25T13:11:28.323+0000] {processor.py:925} INFO - DAG(s) 'example_short_circuit_operator' retrieved from /home/airflow/.local/lib/python3.12/site-packages/airflow/example_dags/example_short_circuit_operator.py
[2024-12-25T13:11:28.344+0000] {logging_mixin.py:190} INFO - [2024-12-25T13:11:28.344+0000] {dag.py:3239} INFO - Sync 1 DAGs
[2024-12-25T13:11:28.356+0000] {logging_mixin.py:190} INFO - [2024-12-25T13:11:28.356+0000] {dag.py:4180} INFO - Setting next_dagrun for example_short_circuit_operator to None, run_after=None
[2024-12-25T13:11:28.372+0000] {processor.py:208} INFO - Processing /home/airflow/.local/lib/python3.12/site-packages/airflow/example_dags/example_short_circuit_operator.py took 0.064 seconds
[2024-12-25T13:28:47.945+0000] {processor.py:186} INFO - Started process (PID=79) to work on /home/airflow/.local/lib/python3.12/site-packages/airflow/example_dags/example_short_circuit_operator.py
[2024-12-25T13:28:47.947+0000] {processor.py:914} INFO - Processing file /home/airflow/.local/lib/python3.12/site-packages/airflow/example_dags/example_short_circuit_operator.py for tasks to queue
[2024-12-25T13:28:47.949+0000] {logging_mixin.py:190} INFO - [2024-12-25T13:28:47.949+0000] {dagbag.py:588} INFO - Filling up the DagBag from /home/airflow/.local/lib/python3.12/site-packages/airflow/example_dags/example_short_circuit_operator.py
[2024-12-25T13:28:47.957+0000] {processor.py:925} INFO - DAG(s) 'example_short_circuit_operator' retrieved from /home/airflow/.local/lib/python3.12/site-packages/airflow/example_dags/example_short_circuit_operator.py
[2024-12-25T13:28:47.982+0000] {logging_mixin.py:190} INFO - [2024-12-25T13:28:47.982+0000] {dag.py:3239} INFO - Sync 1 DAGs
[2024-12-25T13:28:47.995+0000] {logging_mixin.py:190} INFO - [2024-12-25T13:28:47.995+0000] {dag.py:4180} INFO - Setting next_dagrun for example_short_circuit_operator to None, run_after=None
[2024-12-25T13:28:48.011+0000] {processor.py:208} INFO - Processing /home/airflow/.local/lib/python3.12/site-packages/airflow/example_dags/example_short_circuit_operator.py took 0.071 seconds
[2024-12-25T13:29:18.045+0000] {processor.py:186} INFO - Started process (PID=142) to work on /home/airflow/.local/lib/python3.12/site-packages/airflow/example_dags/example_short_circuit_operator.py
[2024-12-25T13:29:18.045+0000] {processor.py:914} INFO - Processing file /home/airflow/.local/lib/python3.12/site-packages/airflow/example_dags/example_short_circuit_operator.py for tasks to queue
[2024-12-25T13:29:18.047+0000] {logging_mixin.py:190} INFO - [2024-12-25T13:29:18.047+0000] {dagbag.py:588} INFO - Filling up the DagBag from /home/airflow/.local/lib/python3.12/site-packages/airflow/example_dags/example_short_circuit_operator.py
[2024-12-25T13:29:18.056+0000] {processor.py:925} INFO - DAG(s) 'example_short_circuit_operator' retrieved from /home/airflow/.local/lib/python3.12/site-packages/airflow/example_dags/example_short_circuit_operator.py
[2024-12-25T13:29:18.076+0000] {logging_mixin.py:190} INFO - [2024-12-25T13:29:18.076+0000] {dag.py:3239} INFO - Sync 1 DAGs
[2024-12-25T13:29:18.089+0000] {logging_mixin.py:190} INFO - [2024-12-25T13:29:18.089+0000] {dag.py:4180} INFO - Setting next_dagrun for example_short_circuit_operator to None, run_after=None
[2024-12-25T13:29:18.108+0000] {processor.py:208} INFO - Processing /home/airflow/.local/lib/python3.12/site-packages/airflow/example_dags/example_short_circuit_operator.py took 0.069 seconds
[2024-12-25T13:29:48.863+0000] {processor.py:186} INFO - Started process (PID=206) to work on /home/airflow/.local/lib/python3.12/site-packages/airflow/example_dags/example_short_circuit_operator.py
[2024-12-25T13:29:48.864+0000] {processor.py:914} INFO - Processing file /home/airflow/.local/lib/python3.12/site-packages/airflow/example_dags/example_short_circuit_operator.py for tasks to queue
[2024-12-25T13:29:48.866+0000] {logging_mixin.py:190} INFO - [2024-12-25T13:29:48.866+0000] {dagbag.py:588} INFO - Filling up the DagBag from /home/airflow/.local/lib/python3.12/site-packages/airflow/example_dags/example_short_circuit_operator.py
[2024-12-25T13:29:48.873+0000] {processor.py:925} INFO - DAG(s) 'example_short_circuit_operator' retrieved from /home/airflow/.local/lib/python3.12/site-packages/airflow/example_dags/example_short_circuit_operator.py
[2024-12-25T13:29:48.892+0000] {logging_mixin.py:190} INFO - [2024-12-25T13:29:48.892+0000] {dag.py:3239} INFO - Sync 1 DAGs
[2024-12-25T13:29:48.905+0000] {logging_mixin.py:190} INFO - [2024-12-25T13:29:48.905+0000] {dag.py:4180} INFO - Setting next_dagrun for example_short_circuit_operator to None, run_after=None
[2024-12-25T13:29:48.921+0000] {processor.py:208} INFO - Processing /home/airflow/.local/lib/python3.12/site-packages/airflow/example_dags/example_short_circuit_operator.py took 0.063 seconds
[2024-12-25T13:30:19.295+0000] {processor.py:186} INFO - Started process (PID=270) to work on /home/airflow/.local/lib/python3.12/site-packages/airflow/example_dags/example_short_circuit_operator.py
[2024-12-25T13:30:19.296+0000] {processor.py:914} INFO - Processing file /home/airflow/.local/lib/python3.12/site-packages/airflow/example_dags/example_short_circuit_operator.py for tasks to queue
[2024-12-25T13:30:19.297+0000] {logging_mixin.py:190} INFO - [2024-12-25T13:30:19.297+0000] {dagbag.py:588} INFO - Filling up the DagBag from /home/airflow/.local/lib/python3.12/site-packages/airflow/example_dags/example_short_circuit_operator.py
[2024-12-25T13:30:19.304+0000] {processor.py:925} INFO - DAG(s) 'example_short_circuit_operator' retrieved from /home/airflow/.local/lib/python3.12/site-packages/airflow/example_dags/example_short_circuit_operator.py
[2024-12-25T13:30:19.323+0000] {logging_mixin.py:190} INFO - [2024-12-25T13:30:19.323+0000] {dag.py:3239} INFO - Sync 1 DAGs
[2024-12-25T13:30:19.335+0000] {logging_mixin.py:190} INFO - [2024-12-25T13:30:19.334+0000] {dag.py:4180} INFO - Setting next_dagrun for example_short_circuit_operator to None, run_after=None
[2024-12-25T13:30:19.351+0000] {processor.py:208} INFO - Processing /home/airflow/.local/lib/python3.12/site-packages/airflow/example_dags/example_short_circuit_operator.py took 0.061 seconds
[2024-12-25T13:33:35.097+0000] {processor.py:186} INFO - Started process (PID=67) to work on /home/airflow/.local/lib/python3.12/site-packages/airflow/example_dags/example_short_circuit_operator.py
[2024-12-25T13:33:35.099+0000] {processor.py:914} INFO - Processing file /home/airflow/.local/lib/python3.12/site-packages/airflow/example_dags/example_short_circuit_operator.py for tasks to queue
[2024-12-25T13:33:35.101+0000] {logging_mixin.py:190} INFO - [2024-12-25T13:33:35.100+0000] {dagbag.py:588} INFO - Filling up the DagBag from /home/airflow/.local/lib/python3.12/site-packages/airflow/example_dags/example_short_circuit_operator.py
[2024-12-25T13:33:35.107+0000] {processor.py:925} INFO - DAG(s) 'example_short_circuit_operator' retrieved from /home/airflow/.local/lib/python3.12/site-packages/airflow/example_dags/example_short_circuit_operator.py
[2024-12-25T13:33:35.132+0000] {logging_mixin.py:190} INFO - [2024-12-25T13:33:35.132+0000] {dag.py:3239} INFO - Sync 1 DAGs
[2024-12-25T13:33:35.144+0000] {logging_mixin.py:190} INFO - [2024-12-25T13:33:35.143+0000] {dag.py:4180} INFO - Setting next_dagrun for example_short_circuit_operator to None, run_after=None
[2024-12-25T13:33:35.161+0000] {processor.py:208} INFO - Processing /home/airflow/.local/lib/python3.12/site-packages/airflow/example_dags/example_short_circuit_operator.py took 0.069 seconds
[2024-12-25T13:34:05.375+0000] {processor.py:186} INFO - Started process (PID=130) to work on /home/airflow/.local/lib/python3.12/site-packages/airflow/example_dags/example_short_circuit_operator.py
[2024-12-25T13:34:05.375+0000] {processor.py:914} INFO - Processing file /home/airflow/.local/lib/python3.12/site-packages/airflow/example_dags/example_short_circuit_operator.py for tasks to queue
[2024-12-25T13:34:05.377+0000] {logging_mixin.py:190} INFO - [2024-12-25T13:34:05.377+0000] {dagbag.py:588} INFO - Filling up the DagBag from /home/airflow/.local/lib/python3.12/site-packages/airflow/example_dags/example_short_circuit_operator.py
[2024-12-25T13:34:05.384+0000] {processor.py:925} INFO - DAG(s) 'example_short_circuit_operator' retrieved from /home/airflow/.local/lib/python3.12/site-packages/airflow/example_dags/example_short_circuit_operator.py
[2024-12-25T13:34:05.402+0000] {logging_mixin.py:190} INFO - [2024-12-25T13:34:05.401+0000] {dag.py:3239} INFO - Sync 1 DAGs
[2024-12-25T13:34:05.413+0000] {logging_mixin.py:190} INFO - [2024-12-25T13:34:05.413+0000] {dag.py:4180} INFO - Setting next_dagrun for example_short_circuit_operator to None, run_after=None
[2024-12-25T13:34:05.427+0000] {processor.py:208} INFO - Processing /home/airflow/.local/lib/python3.12/site-packages/airflow/example_dags/example_short_circuit_operator.py took 0.056 seconds
