[2024-12-25T13:11:03.683+0000] {processor.py:186} INFO - Started process (PID=114) to work on /home/airflow/.local/lib/python3.12/site-packages/airflow/example_dags/example_setup_teardown.py
[2024-12-25T13:11:03.684+0000] {processor.py:914} INFO - Processing file /home/airflow/.local/lib/python3.12/site-packages/airflow/example_dags/example_setup_teardown.py for tasks to queue
[2024-12-25T13:11:03.686+0000] {logging_mixin.py:190} INFO - [2024-12-25T13:11:03.686+0000] {dagbag.py:588} INFO - Filling up the DagBag from /home/airflow/.local/lib/python3.12/site-packages/airflow/example_dags/example_setup_teardown.py
[2024-12-25T13:11:03.694+0000] {processor.py:925} INFO - DAG(s) 'example_setup_teardown' retrieved from /home/airflow/.local/lib/python3.12/site-packages/airflow/example_dags/example_setup_teardown.py
[2024-12-25T13:11:03.793+0000] {logging_mixin.py:190} INFO - [2024-12-25T13:11:03.793+0000] {override.py:1911} INFO - Created Permission View: can edit on DAG:example_setup_teardown
[2024-12-25T13:11:03.803+0000] {logging_mixin.py:190} INFO - [2024-12-25T13:11:03.803+0000] {override.py:1911} INFO - Created Permission View: can read on DAG:example_setup_teardown
[2024-12-25T13:11:03.809+0000] {logging_mixin.py:190} INFO - [2024-12-25T13:11:03.809+0000] {override.py:1911} INFO - Created Permission View: can delete on DAG:example_setup_teardown
[2024-12-25T13:11:03.819+0000] {logging_mixin.py:190} INFO - [2024-12-25T13:11:03.819+0000] {override.py:1911} INFO - Created Permission View: can create on DAG Run:example_setup_teardown
[2024-12-25T13:11:03.825+0000] {logging_mixin.py:190} INFO - [2024-12-25T13:11:03.825+0000] {override.py:1911} INFO - Created Permission View: menu access on DAG Run:example_setup_teardown
[2024-12-25T13:11:03.831+0000] {logging_mixin.py:190} INFO - [2024-12-25T13:11:03.831+0000] {override.py:1911} INFO - Created Permission View: can read on DAG Run:example_setup_teardown
[2024-12-25T13:11:03.837+0000] {logging_mixin.py:190} INFO - [2024-12-25T13:11:03.837+0000] {override.py:1911} INFO - Created Permission View: can delete on DAG Run:example_setup_teardown
[2024-12-25T13:11:03.837+0000] {logging_mixin.py:190} INFO - [2024-12-25T13:11:03.837+0000] {dag.py:3239} INFO - Sync 1 DAGs
[2024-12-25T13:11:03.851+0000] {logging_mixin.py:190} INFO - [2024-12-25T13:11:03.850+0000] {dag.py:3262} INFO - Creating ORM DAG for example_setup_teardown
[2024-12-25T13:11:03.851+0000] {logging_mixin.py:190} INFO - [2024-12-25T13:11:03.851+0000] {dag.py:4180} INFO - Setting next_dagrun for example_setup_teardown to None, run_after=None
[2024-12-25T13:11:03.866+0000] {processor.py:208} INFO - Processing /home/airflow/.local/lib/python3.12/site-packages/airflow/example_dags/example_setup_teardown.py took 0.188 seconds
[2024-12-25T13:11:34.182+0000] {processor.py:186} INFO - Started process (PID=178) to work on /home/airflow/.local/lib/python3.12/site-packages/airflow/example_dags/example_setup_teardown.py
[2024-12-25T13:11:34.182+0000] {processor.py:914} INFO - Processing file /home/airflow/.local/lib/python3.12/site-packages/airflow/example_dags/example_setup_teardown.py for tasks to queue
[2024-12-25T13:11:34.184+0000] {logging_mixin.py:190} INFO - [2024-12-25T13:11:34.184+0000] {dagbag.py:588} INFO - Filling up the DagBag from /home/airflow/.local/lib/python3.12/site-packages/airflow/example_dags/example_setup_teardown.py
[2024-12-25T13:11:34.191+0000] {processor.py:925} INFO - DAG(s) 'example_setup_teardown' retrieved from /home/airflow/.local/lib/python3.12/site-packages/airflow/example_dags/example_setup_teardown.py
[2024-12-25T13:11:34.207+0000] {logging_mixin.py:190} INFO - [2024-12-25T13:11:34.207+0000] {dag.py:3239} INFO - Sync 1 DAGs
[2024-12-25T13:11:34.220+0000] {logging_mixin.py:190} INFO - [2024-12-25T13:11:34.219+0000] {dag.py:4180} INFO - Setting next_dagrun for example_setup_teardown to None, run_after=None
[2024-12-25T13:11:34.236+0000] {processor.py:208} INFO - Processing /home/airflow/.local/lib/python3.12/site-packages/airflow/example_dags/example_setup_teardown.py took 0.058 seconds
[2024-12-25T13:28:51.786+0000] {processor.py:186} INFO - Started process (PID=113) to work on /home/airflow/.local/lib/python3.12/site-packages/airflow/example_dags/example_setup_teardown.py
[2024-12-25T13:28:51.786+0000] {processor.py:914} INFO - Processing file /home/airflow/.local/lib/python3.12/site-packages/airflow/example_dags/example_setup_teardown.py for tasks to queue
[2024-12-25T13:28:51.788+0000] {logging_mixin.py:190} INFO - [2024-12-25T13:28:51.788+0000] {dagbag.py:588} INFO - Filling up the DagBag from /home/airflow/.local/lib/python3.12/site-packages/airflow/example_dags/example_setup_teardown.py
[2024-12-25T13:28:51.795+0000] {processor.py:925} INFO - DAG(s) 'example_setup_teardown' retrieved from /home/airflow/.local/lib/python3.12/site-packages/airflow/example_dags/example_setup_teardown.py
[2024-12-25T13:28:51.813+0000] {logging_mixin.py:190} INFO - [2024-12-25T13:28:51.812+0000] {dag.py:3239} INFO - Sync 1 DAGs
[2024-12-25T13:28:51.825+0000] {logging_mixin.py:190} INFO - [2024-12-25T13:28:51.824+0000] {dag.py:4180} INFO - Setting next_dagrun for example_setup_teardown to None, run_after=None
[2024-12-25T13:28:51.842+0000] {processor.py:208} INFO - Processing /home/airflow/.local/lib/python3.12/site-packages/airflow/example_dags/example_setup_teardown.py took 0.061 seconds
[2024-12-25T13:29:22.713+0000] {processor.py:186} INFO - Started process (PID=177) to work on /home/airflow/.local/lib/python3.12/site-packages/airflow/example_dags/example_setup_teardown.py
[2024-12-25T13:29:22.715+0000] {processor.py:914} INFO - Processing file /home/airflow/.local/lib/python3.12/site-packages/airflow/example_dags/example_setup_teardown.py for tasks to queue
[2024-12-25T13:29:22.717+0000] {logging_mixin.py:190} INFO - [2024-12-25T13:29:22.716+0000] {dagbag.py:588} INFO - Filling up the DagBag from /home/airflow/.local/lib/python3.12/site-packages/airflow/example_dags/example_setup_teardown.py
[2024-12-25T13:29:22.723+0000] {processor.py:925} INFO - DAG(s) 'example_setup_teardown' retrieved from /home/airflow/.local/lib/python3.12/site-packages/airflow/example_dags/example_setup_teardown.py
[2024-12-25T13:29:22.740+0000] {logging_mixin.py:190} INFO - [2024-12-25T13:29:22.740+0000] {dag.py:3239} INFO - Sync 1 DAGs
[2024-12-25T13:29:22.752+0000] {logging_mixin.py:190} INFO - [2024-12-25T13:29:22.752+0000] {dag.py:4180} INFO - Setting next_dagrun for example_setup_teardown to None, run_after=None
[2024-12-25T13:29:22.772+0000] {processor.py:208} INFO - Processing /home/airflow/.local/lib/python3.12/site-packages/airflow/example_dags/example_setup_teardown.py took 0.064 seconds
[2024-12-25T13:29:52.805+0000] {processor.py:186} INFO - Started process (PID=241) to work on /home/airflow/.local/lib/python3.12/site-packages/airflow/example_dags/example_setup_teardown.py
[2024-12-25T13:29:52.805+0000] {processor.py:914} INFO - Processing file /home/airflow/.local/lib/python3.12/site-packages/airflow/example_dags/example_setup_teardown.py for tasks to queue
[2024-12-25T13:29:52.807+0000] {logging_mixin.py:190} INFO - [2024-12-25T13:29:52.807+0000] {dagbag.py:588} INFO - Filling up the DagBag from /home/airflow/.local/lib/python3.12/site-packages/airflow/example_dags/example_setup_teardown.py
[2024-12-25T13:29:52.813+0000] {processor.py:925} INFO - DAG(s) 'example_setup_teardown' retrieved from /home/airflow/.local/lib/python3.12/site-packages/airflow/example_dags/example_setup_teardown.py
[2024-12-25T13:29:52.830+0000] {logging_mixin.py:190} INFO - [2024-12-25T13:29:52.830+0000] {dag.py:3239} INFO - Sync 1 DAGs
[2024-12-25T13:29:52.842+0000] {logging_mixin.py:190} INFO - [2024-12-25T13:29:52.842+0000] {dag.py:4180} INFO - Setting next_dagrun for example_setup_teardown to None, run_after=None
[2024-12-25T13:29:52.859+0000] {processor.py:208} INFO - Processing /home/airflow/.local/lib/python3.12/site-packages/airflow/example_dags/example_setup_teardown.py took 0.059 seconds
[2024-12-25T13:30:24.271+0000] {processor.py:186} INFO - Started process (PID=305) to work on /home/airflow/.local/lib/python3.12/site-packages/airflow/example_dags/example_setup_teardown.py
[2024-12-25T13:30:24.271+0000] {processor.py:914} INFO - Processing file /home/airflow/.local/lib/python3.12/site-packages/airflow/example_dags/example_setup_teardown.py for tasks to queue
[2024-12-25T13:30:24.273+0000] {logging_mixin.py:190} INFO - [2024-12-25T13:30:24.273+0000] {dagbag.py:588} INFO - Filling up the DagBag from /home/airflow/.local/lib/python3.12/site-packages/airflow/example_dags/example_setup_teardown.py
[2024-12-25T13:30:24.280+0000] {processor.py:925} INFO - DAG(s) 'example_setup_teardown' retrieved from /home/airflow/.local/lib/python3.12/site-packages/airflow/example_dags/example_setup_teardown.py
[2024-12-25T13:30:24.296+0000] {logging_mixin.py:190} INFO - [2024-12-25T13:30:24.296+0000] {dag.py:3239} INFO - Sync 1 DAGs
[2024-12-25T13:30:24.308+0000] {logging_mixin.py:190} INFO - [2024-12-25T13:30:24.308+0000] {dag.py:4180} INFO - Setting next_dagrun for example_setup_teardown to None, run_after=None
[2024-12-25T13:30:24.324+0000] {processor.py:208} INFO - Processing /home/airflow/.local/lib/python3.12/site-packages/airflow/example_dags/example_setup_teardown.py took 0.059 seconds
[2024-12-25T13:33:37.998+0000] {processor.py:186} INFO - Started process (PID=107) to work on /home/airflow/.local/lib/python3.12/site-packages/airflow/example_dags/example_setup_teardown.py
[2024-12-25T13:33:37.998+0000] {processor.py:914} INFO - Processing file /home/airflow/.local/lib/python3.12/site-packages/airflow/example_dags/example_setup_teardown.py for tasks to queue
[2024-12-25T13:33:38.000+0000] {logging_mixin.py:190} INFO - [2024-12-25T13:33:38.000+0000] {dagbag.py:588} INFO - Filling up the DagBag from /home/airflow/.local/lib/python3.12/site-packages/airflow/example_dags/example_setup_teardown.py
[2024-12-25T13:33:38.007+0000] {processor.py:925} INFO - DAG(s) 'example_setup_teardown' retrieved from /home/airflow/.local/lib/python3.12/site-packages/airflow/example_dags/example_setup_teardown.py
[2024-12-25T13:33:38.024+0000] {logging_mixin.py:190} INFO - [2024-12-25T13:33:38.023+0000] {dag.py:3239} INFO - Sync 1 DAGs
[2024-12-25T13:33:38.036+0000] {logging_mixin.py:190} INFO - [2024-12-25T13:33:38.036+0000] {dag.py:4180} INFO - Setting next_dagrun for example_setup_teardown to None, run_after=None
[2024-12-25T13:33:38.052+0000] {processor.py:208} INFO - Processing /home/airflow/.local/lib/python3.12/site-packages/airflow/example_dags/example_setup_teardown.py took 0.058 seconds
[2024-12-25T13:34:08.406+0000] {processor.py:186} INFO - Started process (PID=171) to work on /home/airflow/.local/lib/python3.12/site-packages/airflow/example_dags/example_setup_teardown.py
[2024-12-25T13:34:08.408+0000] {processor.py:914} INFO - Processing file /home/airflow/.local/lib/python3.12/site-packages/airflow/example_dags/example_setup_teardown.py for tasks to queue
[2024-12-25T13:34:08.409+0000] {logging_mixin.py:190} INFO - [2024-12-25T13:34:08.409+0000] {dagbag.py:588} INFO - Filling up the DagBag from /home/airflow/.local/lib/python3.12/site-packages/airflow/example_dags/example_setup_teardown.py
[2024-12-25T13:34:08.416+0000] {processor.py:925} INFO - DAG(s) 'example_setup_teardown' retrieved from /home/airflow/.local/lib/python3.12/site-packages/airflow/example_dags/example_setup_teardown.py
[2024-12-25T13:34:08.433+0000] {logging_mixin.py:190} INFO - [2024-12-25T13:34:08.433+0000] {dag.py:3239} INFO - Sync 1 DAGs
[2024-12-25T13:34:08.445+0000] {logging_mixin.py:190} INFO - [2024-12-25T13:34:08.445+0000] {dag.py:4180} INFO - Setting next_dagrun for example_setup_teardown to None, run_after=None
[2024-12-25T13:34:08.462+0000] {processor.py:208} INFO - Processing /home/airflow/.local/lib/python3.12/site-packages/airflow/example_dags/example_setup_teardown.py took 0.061 seconds
