[2024-12-25T13:10:57.479+0000] {processor.py:186} INFO - Started process (PID=77) to work on /home/airflow/.local/lib/python3.12/site-packages/airflow/example_dags/example_local_kubernetes_executor.py
[2024-12-25T13:10:57.480+0000] {processor.py:914} INFO - Processing file /home/airflow/.local/lib/python3.12/site-packages/airflow/example_dags/example_local_kubernetes_executor.py for tasks to queue
[2024-12-25T13:10:57.481+0000] {logging_mixin.py:190} INFO - [2024-12-25T13:10:57.481+0000] {dagbag.py:588} INFO - Filling up the DagBag from /home/airflow/.local/lib/python3.12/site-packages/airflow/example_dags/example_local_kubernetes_executor.py
[2024-12-25T13:10:57.492+0000] {processor.py:925} INFO - DAG(s) 'example_local_kubernetes_executor' retrieved from /home/airflow/.local/lib/python3.12/site-packages/airflow/example_dags/example_local_kubernetes_executor.py
[2024-12-25T13:10:57.593+0000] {logging_mixin.py:190} INFO - [2024-12-25T13:10:57.593+0000] {override.py:1911} INFO - Created Permission View: can edit on DAG:example_local_kubernetes_executor
[2024-12-25T13:10:57.601+0000] {logging_mixin.py:190} INFO - [2024-12-25T13:10:57.601+0000] {override.py:1911} INFO - Created Permission View: can read on DAG:example_local_kubernetes_executor
[2024-12-25T13:10:57.607+0000] {logging_mixin.py:190} INFO - [2024-12-25T13:10:57.607+0000] {override.py:1911} INFO - Created Permission View: can delete on DAG:example_local_kubernetes_executor
[2024-12-25T13:10:57.615+0000] {logging_mixin.py:190} INFO - [2024-12-25T13:10:57.615+0000] {override.py:1911} INFO - Created Permission View: can create on DAG Run:example_local_kubernetes_executor
[2024-12-25T13:10:57.621+0000] {logging_mixin.py:190} INFO - [2024-12-25T13:10:57.620+0000] {override.py:1911} INFO - Created Permission View: menu access on DAG Run:example_local_kubernetes_executor
[2024-12-25T13:10:57.627+0000] {logging_mixin.py:190} INFO - [2024-12-25T13:10:57.627+0000] {override.py:1911} INFO - Created Permission View: can read on DAG Run:example_local_kubernetes_executor
[2024-12-25T13:10:57.633+0000] {logging_mixin.py:190} INFO - [2024-12-25T13:10:57.632+0000] {override.py:1911} INFO - Created Permission View: can delete on DAG Run:example_local_kubernetes_executor
[2024-12-25T13:10:57.633+0000] {logging_mixin.py:190} INFO - [2024-12-25T13:10:57.633+0000] {dag.py:3239} INFO - Sync 1 DAGs
[2024-12-25T13:10:57.643+0000] {logging_mixin.py:190} INFO - [2024-12-25T13:10:57.643+0000] {dag.py:3262} INFO - Creating ORM DAG for example_local_kubernetes_executor
[2024-12-25T13:10:57.644+0000] {logging_mixin.py:190} INFO - [2024-12-25T13:10:57.643+0000] {dag.py:4180} INFO - Setting next_dagrun for example_local_kubernetes_executor to None, run_after=None
[2024-12-25T13:10:57.657+0000] {processor.py:208} INFO - Processing /home/airflow/.local/lib/python3.12/site-packages/airflow/example_dags/example_local_kubernetes_executor.py took 0.183 seconds
[2024-12-25T13:11:28.130+0000] {processor.py:186} INFO - Started process (PID=140) to work on /home/airflow/.local/lib/python3.12/site-packages/airflow/example_dags/example_local_kubernetes_executor.py
[2024-12-25T13:11:28.132+0000] {processor.py:914} INFO - Processing file /home/airflow/.local/lib/python3.12/site-packages/airflow/example_dags/example_local_kubernetes_executor.py for tasks to queue
[2024-12-25T13:11:28.134+0000] {logging_mixin.py:190} INFO - [2024-12-25T13:11:28.134+0000] {dagbag.py:588} INFO - Filling up the DagBag from /home/airflow/.local/lib/python3.12/site-packages/airflow/example_dags/example_local_kubernetes_executor.py
[2024-12-25T13:11:28.145+0000] {processor.py:925} INFO - DAG(s) 'example_local_kubernetes_executor' retrieved from /home/airflow/.local/lib/python3.12/site-packages/airflow/example_dags/example_local_kubernetes_executor.py
[2024-12-25T13:11:28.162+0000] {logging_mixin.py:190} INFO - [2024-12-25T13:11:28.162+0000] {dag.py:3239} INFO - Sync 1 DAGs
[2024-12-25T13:11:28.175+0000] {logging_mixin.py:190} INFO - [2024-12-25T13:11:28.175+0000] {dag.py:4180} INFO - Setting next_dagrun for example_local_kubernetes_executor to None, run_after=None
[2024-12-25T13:11:28.190+0000] {processor.py:208} INFO - Processing /home/airflow/.local/lib/python3.12/site-packages/airflow/example_dags/example_local_kubernetes_executor.py took 0.065 seconds
[2024-12-25T13:28:47.661+0000] {processor.py:186} INFO - Started process (PID=76) to work on /home/airflow/.local/lib/python3.12/site-packages/airflow/example_dags/example_local_kubernetes_executor.py
[2024-12-25T13:28:47.663+0000] {processor.py:914} INFO - Processing file /home/airflow/.local/lib/python3.12/site-packages/airflow/example_dags/example_local_kubernetes_executor.py for tasks to queue
[2024-12-25T13:28:47.665+0000] {logging_mixin.py:190} INFO - [2024-12-25T13:28:47.665+0000] {dagbag.py:588} INFO - Filling up the DagBag from /home/airflow/.local/lib/python3.12/site-packages/airflow/example_dags/example_local_kubernetes_executor.py
[2024-12-25T13:28:47.676+0000] {processor.py:925} INFO - DAG(s) 'example_local_kubernetes_executor' retrieved from /home/airflow/.local/lib/python3.12/site-packages/airflow/example_dags/example_local_kubernetes_executor.py
[2024-12-25T13:28:47.704+0000] {logging_mixin.py:190} INFO - [2024-12-25T13:28:47.704+0000] {dag.py:3239} INFO - Sync 1 DAGs
[2024-12-25T13:28:47.716+0000] {logging_mixin.py:190} INFO - [2024-12-25T13:28:47.716+0000] {dag.py:4180} INFO - Setting next_dagrun for example_local_kubernetes_executor to None, run_after=None
[2024-12-25T13:28:47.733+0000] {processor.py:208} INFO - Processing /home/airflow/.local/lib/python3.12/site-packages/airflow/example_dags/example_local_kubernetes_executor.py took 0.078 seconds
[2024-12-25T13:29:17.939+0000] {processor.py:186} INFO - Started process (PID=139) to work on /home/airflow/.local/lib/python3.12/site-packages/airflow/example_dags/example_local_kubernetes_executor.py
[2024-12-25T13:29:17.939+0000] {processor.py:914} INFO - Processing file /home/airflow/.local/lib/python3.12/site-packages/airflow/example_dags/example_local_kubernetes_executor.py for tasks to queue
[2024-12-25T13:29:17.941+0000] {logging_mixin.py:190} INFO - [2024-12-25T13:29:17.941+0000] {dagbag.py:588} INFO - Filling up the DagBag from /home/airflow/.local/lib/python3.12/site-packages/airflow/example_dags/example_local_kubernetes_executor.py
[2024-12-25T13:29:17.950+0000] {processor.py:925} INFO - DAG(s) 'example_local_kubernetes_executor' retrieved from /home/airflow/.local/lib/python3.12/site-packages/airflow/example_dags/example_local_kubernetes_executor.py
[2024-12-25T13:29:17.968+0000] {logging_mixin.py:190} INFO - [2024-12-25T13:29:17.968+0000] {dag.py:3239} INFO - Sync 1 DAGs
[2024-12-25T13:29:17.981+0000] {logging_mixin.py:190} INFO - [2024-12-25T13:29:17.980+0000] {dag.py:4180} INFO - Setting next_dagrun for example_local_kubernetes_executor to None, run_after=None
[2024-12-25T13:29:17.998+0000] {processor.py:208} INFO - Processing /home/airflow/.local/lib/python3.12/site-packages/airflow/example_dags/example_local_kubernetes_executor.py took 0.064 seconds
[2024-12-25T13:29:48.761+0000] {processor.py:186} INFO - Started process (PID=203) to work on /home/airflow/.local/lib/python3.12/site-packages/airflow/example_dags/example_local_kubernetes_executor.py
[2024-12-25T13:29:48.762+0000] {processor.py:914} INFO - Processing file /home/airflow/.local/lib/python3.12/site-packages/airflow/example_dags/example_local_kubernetes_executor.py for tasks to queue
[2024-12-25T13:29:48.764+0000] {logging_mixin.py:190} INFO - [2024-12-25T13:29:48.764+0000] {dagbag.py:588} INFO - Filling up the DagBag from /home/airflow/.local/lib/python3.12/site-packages/airflow/example_dags/example_local_kubernetes_executor.py
[2024-12-25T13:29:48.773+0000] {processor.py:925} INFO - DAG(s) 'example_local_kubernetes_executor' retrieved from /home/airflow/.local/lib/python3.12/site-packages/airflow/example_dags/example_local_kubernetes_executor.py
[2024-12-25T13:29:48.789+0000] {logging_mixin.py:190} INFO - [2024-12-25T13:29:48.789+0000] {dag.py:3239} INFO - Sync 1 DAGs
[2024-12-25T13:29:48.802+0000] {logging_mixin.py:190} INFO - [2024-12-25T13:29:48.802+0000] {dag.py:4180} INFO - Setting next_dagrun for example_local_kubernetes_executor to None, run_after=None
[2024-12-25T13:29:48.817+0000] {processor.py:208} INFO - Processing /home/airflow/.local/lib/python3.12/site-packages/airflow/example_dags/example_local_kubernetes_executor.py took 0.060 seconds
[2024-12-25T13:30:19.134+0000] {processor.py:186} INFO - Started process (PID=267) to work on /home/airflow/.local/lib/python3.12/site-packages/airflow/example_dags/example_local_kubernetes_executor.py
[2024-12-25T13:30:19.135+0000] {processor.py:914} INFO - Processing file /home/airflow/.local/lib/python3.12/site-packages/airflow/example_dags/example_local_kubernetes_executor.py for tasks to queue
[2024-12-25T13:30:19.137+0000] {logging_mixin.py:190} INFO - [2024-12-25T13:30:19.136+0000] {dagbag.py:588} INFO - Filling up the DagBag from /home/airflow/.local/lib/python3.12/site-packages/airflow/example_dags/example_local_kubernetes_executor.py
[2024-12-25T13:30:19.145+0000] {processor.py:925} INFO - DAG(s) 'example_local_kubernetes_executor' retrieved from /home/airflow/.local/lib/python3.12/site-packages/airflow/example_dags/example_local_kubernetes_executor.py
[2024-12-25T13:30:19.161+0000] {logging_mixin.py:190} INFO - [2024-12-25T13:30:19.161+0000] {dag.py:3239} INFO - Sync 1 DAGs
[2024-12-25T13:30:19.173+0000] {logging_mixin.py:190} INFO - [2024-12-25T13:30:19.173+0000] {dag.py:4180} INFO - Setting next_dagrun for example_local_kubernetes_executor to None, run_after=None
[2024-12-25T13:30:19.189+0000] {processor.py:208} INFO - Processing /home/airflow/.local/lib/python3.12/site-packages/airflow/example_dags/example_local_kubernetes_executor.py took 0.060 seconds
[2024-12-25T13:33:34.836+0000] {processor.py:186} INFO - Started process (PID=64) to work on /home/airflow/.local/lib/python3.12/site-packages/airflow/example_dags/example_local_kubernetes_executor.py
[2024-12-25T13:33:34.837+0000] {processor.py:914} INFO - Processing file /home/airflow/.local/lib/python3.12/site-packages/airflow/example_dags/example_local_kubernetes_executor.py for tasks to queue
[2024-12-25T13:33:34.839+0000] {logging_mixin.py:190} INFO - [2024-12-25T13:33:34.838+0000] {dagbag.py:588} INFO - Filling up the DagBag from /home/airflow/.local/lib/python3.12/site-packages/airflow/example_dags/example_local_kubernetes_executor.py
[2024-12-25T13:33:34.846+0000] {processor.py:925} INFO - DAG(s) 'example_local_kubernetes_executor' retrieved from /home/airflow/.local/lib/python3.12/site-packages/airflow/example_dags/example_local_kubernetes_executor.py
[2024-12-25T13:33:34.868+0000] {logging_mixin.py:190} INFO - [2024-12-25T13:33:34.867+0000] {dag.py:3239} INFO - Sync 1 DAGs
[2024-12-25T13:33:34.880+0000] {logging_mixin.py:190} INFO - [2024-12-25T13:33:34.880+0000] {dag.py:4180} INFO - Setting next_dagrun for example_local_kubernetes_executor to None, run_after=None
[2024-12-25T13:33:34.897+0000] {processor.py:208} INFO - Processing /home/airflow/.local/lib/python3.12/site-packages/airflow/example_dags/example_local_kubernetes_executor.py took 0.065 seconds
[2024-12-25T13:34:05.218+0000] {processor.py:186} INFO - Started process (PID=127) to work on /home/airflow/.local/lib/python3.12/site-packages/airflow/example_dags/example_local_kubernetes_executor.py
[2024-12-25T13:34:05.218+0000] {processor.py:914} INFO - Processing file /home/airflow/.local/lib/python3.12/site-packages/airflow/example_dags/example_local_kubernetes_executor.py for tasks to queue
[2024-12-25T13:34:05.220+0000] {logging_mixin.py:190} INFO - [2024-12-25T13:34:05.220+0000] {dagbag.py:588} INFO - Filling up the DagBag from /home/airflow/.local/lib/python3.12/site-packages/airflow/example_dags/example_local_kubernetes_executor.py
[2024-12-25T13:34:05.227+0000] {processor.py:925} INFO - DAG(s) 'example_local_kubernetes_executor' retrieved from /home/airflow/.local/lib/python3.12/site-packages/airflow/example_dags/example_local_kubernetes_executor.py
[2024-12-25T13:34:05.244+0000] {logging_mixin.py:190} INFO - [2024-12-25T13:34:05.243+0000] {dag.py:3239} INFO - Sync 1 DAGs
[2024-12-25T13:34:05.255+0000] {logging_mixin.py:190} INFO - [2024-12-25T13:34:05.255+0000] {dag.py:4180} INFO - Setting next_dagrun for example_local_kubernetes_executor to None, run_after=None
[2024-12-25T13:34:05.271+0000] {processor.py:208} INFO - Processing /home/airflow/.local/lib/python3.12/site-packages/airflow/example_dags/example_local_kubernetes_executor.py took 0.058 seconds
