[2024-12-25T13:10:58.843+0000] {processor.py:186} INFO - Started process (PID=84) to work on /home/airflow/.local/lib/python3.12/site-packages/airflow/example_dags/example_datasets.py
[2024-12-25T13:10:58.843+0000] {processor.py:914} INFO - Processing file /home/airflow/.local/lib/python3.12/site-packages/airflow/example_dags/example_datasets.py for tasks to queue
[2024-12-25T13:10:58.847+0000] {logging_mixin.py:190} INFO - [2024-12-25T13:10:58.846+0000] {dagbag.py:588} INFO - Filling up the DagBag from /home/airflow/.local/lib/python3.12/site-packages/airflow/example_dags/example_datasets.py
[2024-12-25T13:10:59.428+0000] {processor.py:925} INFO - DAG(s) 'dataset_produces_2', 'consume_1_or_2_with_dataset_expressions', 'consume_1_or_both_2_and_3_with_dataset_expressions', 'conditional_dataset_and_time_based_timetable', 'dataset_consumes_1_and_2', 'dataset_consumes_unknown_never_scheduled', 'dataset_consumes_1_never_scheduled', 'dataset_consumes_1', 'consume_1_and_2_with_dataset_expressions', 'dataset_produces_1' retrieved from /home/airflow/.local/lib/python3.12/site-packages/airflow/example_dags/example_datasets.py
[2024-12-25T13:10:59.531+0000] {logging_mixin.py:190} INFO - [2024-12-25T13:10:59.530+0000] {override.py:1911} INFO - Created Permission View: can edit on DAG:dataset_produces_2
[2024-12-25T13:10:59.540+0000] {logging_mixin.py:190} INFO - [2024-12-25T13:10:59.540+0000] {override.py:1911} INFO - Created Permission View: can read on DAG:dataset_produces_2
[2024-12-25T13:10:59.546+0000] {logging_mixin.py:190} INFO - [2024-12-25T13:10:59.546+0000] {override.py:1911} INFO - Created Permission View: can delete on DAG:dataset_produces_2
[2024-12-25T13:10:59.556+0000] {logging_mixin.py:190} INFO - [2024-12-25T13:10:59.556+0000] {override.py:1911} INFO - Created Permission View: can create on DAG Run:dataset_produces_2
[2024-12-25T13:10:59.562+0000] {logging_mixin.py:190} INFO - [2024-12-25T13:10:59.562+0000] {override.py:1911} INFO - Created Permission View: menu access on DAG Run:dataset_produces_2
[2024-12-25T13:10:59.568+0000] {logging_mixin.py:190} INFO - [2024-12-25T13:10:59.568+0000] {override.py:1911} INFO - Created Permission View: can read on DAG Run:dataset_produces_2
[2024-12-25T13:10:59.576+0000] {logging_mixin.py:190} INFO - [2024-12-25T13:10:59.576+0000] {override.py:1911} INFO - Created Permission View: can delete on DAG Run:dataset_produces_2
[2024-12-25T13:10:59.590+0000] {logging_mixin.py:190} INFO - [2024-12-25T13:10:59.590+0000] {override.py:1911} INFO - Created Permission View: can edit on DAG:consume_1_or_2_with_dataset_expressions
[2024-12-25T13:10:59.596+0000] {logging_mixin.py:190} INFO - [2024-12-25T13:10:59.596+0000] {override.py:1911} INFO - Created Permission View: can read on DAG:consume_1_or_2_with_dataset_expressions
[2024-12-25T13:10:59.604+0000] {logging_mixin.py:190} INFO - [2024-12-25T13:10:59.604+0000] {override.py:1911} INFO - Created Permission View: can delete on DAG:consume_1_or_2_with_dataset_expressions
[2024-12-25T13:10:59.614+0000] {logging_mixin.py:190} INFO - [2024-12-25T13:10:59.614+0000] {override.py:1911} INFO - Created Permission View: can create on DAG Run:consume_1_or_2_with_dataset_expressions
[2024-12-25T13:10:59.622+0000] {logging_mixin.py:190} INFO - [2024-12-25T13:10:59.622+0000] {override.py:1911} INFO - Created Permission View: menu access on DAG Run:consume_1_or_2_with_dataset_expressions
[2024-12-25T13:10:59.630+0000] {logging_mixin.py:190} INFO - [2024-12-25T13:10:59.630+0000] {override.py:1911} INFO - Created Permission View: can read on DAG Run:consume_1_or_2_with_dataset_expressions
[2024-12-25T13:10:59.636+0000] {logging_mixin.py:190} INFO - [2024-12-25T13:10:59.636+0000] {override.py:1911} INFO - Created Permission View: can delete on DAG Run:consume_1_or_2_with_dataset_expressions
[2024-12-25T13:10:59.648+0000] {logging_mixin.py:190} INFO - [2024-12-25T13:10:59.648+0000] {override.py:1911} INFO - Created Permission View: can edit on DAG:consume_1_or_both_2_and_3_with_dataset_expressions
[2024-12-25T13:10:59.654+0000] {logging_mixin.py:190} INFO - [2024-12-25T13:10:59.654+0000] {override.py:1911} INFO - Created Permission View: can read on DAG:consume_1_or_both_2_and_3_with_dataset_expressions
[2024-12-25T13:10:59.660+0000] {logging_mixin.py:190} INFO - [2024-12-25T13:10:59.660+0000] {override.py:1911} INFO - Created Permission View: can delete on DAG:consume_1_or_both_2_and_3_with_dataset_expressions
[2024-12-25T13:10:59.668+0000] {logging_mixin.py:190} INFO - [2024-12-25T13:10:59.668+0000] {override.py:1911} INFO - Created Permission View: can create on DAG Run:consume_1_or_both_2_and_3_with_dataset_expressions
[2024-12-25T13:10:59.674+0000] {logging_mixin.py:190} INFO - [2024-12-25T13:10:59.674+0000] {override.py:1911} INFO - Created Permission View: menu access on DAG Run:consume_1_or_both_2_and_3_with_dataset_expressions
[2024-12-25T13:10:59.680+0000] {logging_mixin.py:190} INFO - [2024-12-25T13:10:59.680+0000] {override.py:1911} INFO - Created Permission View: can read on DAG Run:consume_1_or_both_2_and_3_with_dataset_expressions
[2024-12-25T13:10:59.686+0000] {logging_mixin.py:190} INFO - [2024-12-25T13:10:59.686+0000] {override.py:1911} INFO - Created Permission View: can delete on DAG Run:consume_1_or_both_2_and_3_with_dataset_expressions
[2024-12-25T13:10:59.698+0000] {logging_mixin.py:190} INFO - [2024-12-25T13:10:59.698+0000] {override.py:1911} INFO - Created Permission View: can edit on DAG:conditional_dataset_and_time_based_timetable
[2024-12-25T13:10:59.704+0000] {logging_mixin.py:190} INFO - [2024-12-25T13:10:59.704+0000] {override.py:1911} INFO - Created Permission View: can read on DAG:conditional_dataset_and_time_based_timetable
[2024-12-25T13:10:59.710+0000] {logging_mixin.py:190} INFO - [2024-12-25T13:10:59.710+0000] {override.py:1911} INFO - Created Permission View: can delete on DAG:conditional_dataset_and_time_based_timetable
[2024-12-25T13:10:59.718+0000] {logging_mixin.py:190} INFO - [2024-12-25T13:10:59.718+0000] {override.py:1911} INFO - Created Permission View: can create on DAG Run:conditional_dataset_and_time_based_timetable
[2024-12-25T13:10:59.724+0000] {logging_mixin.py:190} INFO - [2024-12-25T13:10:59.724+0000] {override.py:1911} INFO - Created Permission View: menu access on DAG Run:conditional_dataset_and_time_based_timetable
[2024-12-25T13:10:59.730+0000] {logging_mixin.py:190} INFO - [2024-12-25T13:10:59.730+0000] {override.py:1911} INFO - Created Permission View: can read on DAG Run:conditional_dataset_and_time_based_timetable
[2024-12-25T13:10:59.736+0000] {logging_mixin.py:190} INFO - [2024-12-25T13:10:59.736+0000] {override.py:1911} INFO - Created Permission View: can delete on DAG Run:conditional_dataset_and_time_based_timetable
[2024-12-25T13:10:59.748+0000] {logging_mixin.py:190} INFO - [2024-12-25T13:10:59.748+0000] {override.py:1911} INFO - Created Permission View: can edit on DAG:dataset_consumes_1_and_2
[2024-12-25T13:10:59.756+0000] {logging_mixin.py:190} INFO - [2024-12-25T13:10:59.756+0000] {override.py:1911} INFO - Created Permission View: can read on DAG:dataset_consumes_1_and_2
[2024-12-25T13:10:59.764+0000] {logging_mixin.py:190} INFO - [2024-12-25T13:10:59.764+0000] {override.py:1911} INFO - Created Permission View: can delete on DAG:dataset_consumes_1_and_2
[2024-12-25T13:10:59.774+0000] {logging_mixin.py:190} INFO - [2024-12-25T13:10:59.774+0000] {override.py:1911} INFO - Created Permission View: can create on DAG Run:dataset_consumes_1_and_2
[2024-12-25T13:10:59.780+0000] {logging_mixin.py:190} INFO - [2024-12-25T13:10:59.780+0000] {override.py:1911} INFO - Created Permission View: menu access on DAG Run:dataset_consumes_1_and_2
[2024-12-25T13:10:59.786+0000] {logging_mixin.py:190} INFO - [2024-12-25T13:10:59.786+0000] {override.py:1911} INFO - Created Permission View: can read on DAG Run:dataset_consumes_1_and_2
[2024-12-25T13:10:59.794+0000] {logging_mixin.py:190} INFO - [2024-12-25T13:10:59.794+0000] {override.py:1911} INFO - Created Permission View: can delete on DAG Run:dataset_consumes_1_and_2
[2024-12-25T13:10:59.808+0000] {logging_mixin.py:190} INFO - [2024-12-25T13:10:59.808+0000] {override.py:1911} INFO - Created Permission View: can edit on DAG:dataset_consumes_unknown_never_scheduled
[2024-12-25T13:10:59.814+0000] {logging_mixin.py:190} INFO - [2024-12-25T13:10:59.814+0000] {override.py:1911} INFO - Created Permission View: can read on DAG:dataset_consumes_unknown_never_scheduled
[2024-12-25T13:10:59.820+0000] {logging_mixin.py:190} INFO - [2024-12-25T13:10:59.820+0000] {override.py:1911} INFO - Created Permission View: can delete on DAG:dataset_consumes_unknown_never_scheduled
[2024-12-25T13:10:59.828+0000] {logging_mixin.py:190} INFO - [2024-12-25T13:10:59.828+0000] {override.py:1911} INFO - Created Permission View: can create on DAG Run:dataset_consumes_unknown_never_scheduled
[2024-12-25T13:10:59.834+0000] {logging_mixin.py:190} INFO - [2024-12-25T13:10:59.834+0000] {override.py:1911} INFO - Created Permission View: menu access on DAG Run:dataset_consumes_unknown_never_scheduled
[2024-12-25T13:10:59.840+0000] {logging_mixin.py:190} INFO - [2024-12-25T13:10:59.840+0000] {override.py:1911} INFO - Created Permission View: can read on DAG Run:dataset_consumes_unknown_never_scheduled
[2024-12-25T13:10:59.846+0000] {logging_mixin.py:190} INFO - [2024-12-25T13:10:59.846+0000] {override.py:1911} INFO - Created Permission View: can delete on DAG Run:dataset_consumes_unknown_never_scheduled
[2024-12-25T13:10:59.858+0000] {logging_mixin.py:190} INFO - [2024-12-25T13:10:59.858+0000] {override.py:1911} INFO - Created Permission View: can edit on DAG:dataset_consumes_1_never_scheduled
[2024-12-25T13:10:59.866+0000] {logging_mixin.py:190} INFO - [2024-12-25T13:10:59.866+0000] {override.py:1911} INFO - Created Permission View: can read on DAG:dataset_consumes_1_never_scheduled
[2024-12-25T13:10:59.872+0000] {logging_mixin.py:190} INFO - [2024-12-25T13:10:59.872+0000] {override.py:1911} INFO - Created Permission View: can delete on DAG:dataset_consumes_1_never_scheduled
[2024-12-25T13:10:59.880+0000] {logging_mixin.py:190} INFO - [2024-12-25T13:10:59.880+0000] {override.py:1911} INFO - Created Permission View: can create on DAG Run:dataset_consumes_1_never_scheduled
[2024-12-25T13:10:59.886+0000] {logging_mixin.py:190} INFO - [2024-12-25T13:10:59.886+0000] {override.py:1911} INFO - Created Permission View: menu access on DAG Run:dataset_consumes_1_never_scheduled
[2024-12-25T13:10:59.894+0000] {logging_mixin.py:190} INFO - [2024-12-25T13:10:59.894+0000] {override.py:1911} INFO - Created Permission View: can read on DAG Run:dataset_consumes_1_never_scheduled
[2024-12-25T13:10:59.900+0000] {logging_mixin.py:190} INFO - [2024-12-25T13:10:59.900+0000] {override.py:1911} INFO - Created Permission View: can delete on DAG Run:dataset_consumes_1_never_scheduled
[2024-12-25T13:10:59.914+0000] {logging_mixin.py:190} INFO - [2024-12-25T13:10:59.914+0000] {override.py:1911} INFO - Created Permission View: can edit on DAG:dataset_consumes_1
[2024-12-25T13:10:59.920+0000] {logging_mixin.py:190} INFO - [2024-12-25T13:10:59.920+0000] {override.py:1911} INFO - Created Permission View: can read on DAG:dataset_consumes_1
[2024-12-25T13:10:59.928+0000] {logging_mixin.py:190} INFO - [2024-12-25T13:10:59.928+0000] {override.py:1911} INFO - Created Permission View: can delete on DAG:dataset_consumes_1
[2024-12-25T13:10:59.938+0000] {logging_mixin.py:190} INFO - [2024-12-25T13:10:59.938+0000] {override.py:1911} INFO - Created Permission View: can create on DAG Run:dataset_consumes_1
[2024-12-25T13:10:59.944+0000] {logging_mixin.py:190} INFO - [2024-12-25T13:10:59.944+0000] {override.py:1911} INFO - Created Permission View: menu access on DAG Run:dataset_consumes_1
[2024-12-25T13:10:59.952+0000] {logging_mixin.py:190} INFO - [2024-12-25T13:10:59.952+0000] {override.py:1911} INFO - Created Permission View: can read on DAG Run:dataset_consumes_1
[2024-12-25T13:10:59.958+0000] {logging_mixin.py:190} INFO - [2024-12-25T13:10:59.958+0000] {override.py:1911} INFO - Created Permission View: can delete on DAG Run:dataset_consumes_1
[2024-12-25T13:10:59.970+0000] {logging_mixin.py:190} INFO - [2024-12-25T13:10:59.970+0000] {override.py:1911} INFO - Created Permission View: can edit on DAG:consume_1_and_2_with_dataset_expressions
[2024-12-25T13:10:59.976+0000] {logging_mixin.py:190} INFO - [2024-12-25T13:10:59.976+0000] {override.py:1911} INFO - Created Permission View: can read on DAG:consume_1_and_2_with_dataset_expressions
[2024-12-25T13:10:59.984+0000] {logging_mixin.py:190} INFO - [2024-12-25T13:10:59.984+0000] {override.py:1911} INFO - Created Permission View: can delete on DAG:consume_1_and_2_with_dataset_expressions
[2024-12-25T13:10:59.994+0000] {logging_mixin.py:190} INFO - [2024-12-25T13:10:59.994+0000] {override.py:1911} INFO - Created Permission View: can create on DAG Run:consume_1_and_2_with_dataset_expressions
[2024-12-25T13:11:00.000+0000] {logging_mixin.py:190} INFO - [2024-12-25T13:11:00.000+0000] {override.py:1911} INFO - Created Permission View: menu access on DAG Run:consume_1_and_2_with_dataset_expressions
[2024-12-25T13:11:00.008+0000] {logging_mixin.py:190} INFO - [2024-12-25T13:11:00.008+0000] {override.py:1911} INFO - Created Permission View: can read on DAG Run:consume_1_and_2_with_dataset_expressions
[2024-12-25T13:11:00.014+0000] {logging_mixin.py:190} INFO - [2024-12-25T13:11:00.014+0000] {override.py:1911} INFO - Created Permission View: can delete on DAG Run:consume_1_and_2_with_dataset_expressions
[2024-12-25T13:11:00.026+0000] {logging_mixin.py:190} INFO - [2024-12-25T13:11:00.026+0000] {override.py:1911} INFO - Created Permission View: can edit on DAG:dataset_produces_1
[2024-12-25T13:11:00.032+0000] {logging_mixin.py:190} INFO - [2024-12-25T13:11:00.032+0000] {override.py:1911} INFO - Created Permission View: can read on DAG:dataset_produces_1
[2024-12-25T13:11:00.038+0000] {logging_mixin.py:190} INFO - [2024-12-25T13:11:00.038+0000] {override.py:1911} INFO - Created Permission View: can delete on DAG:dataset_produces_1
[2024-12-25T13:11:00.046+0000] {logging_mixin.py:190} INFO - [2024-12-25T13:11:00.046+0000] {override.py:1911} INFO - Created Permission View: can create on DAG Run:dataset_produces_1
[2024-12-25T13:11:00.052+0000] {logging_mixin.py:190} INFO - [2024-12-25T13:11:00.052+0000] {override.py:1911} INFO - Created Permission View: menu access on DAG Run:dataset_produces_1
[2024-12-25T13:11:00.058+0000] {logging_mixin.py:190} INFO - [2024-12-25T13:11:00.058+0000] {override.py:1911} INFO - Created Permission View: can read on DAG Run:dataset_produces_1
[2024-12-25T13:11:00.064+0000] {logging_mixin.py:190} INFO - [2024-12-25T13:11:00.064+0000] {override.py:1911} INFO - Created Permission View: can delete on DAG Run:dataset_produces_1
[2024-12-25T13:11:00.064+0000] {logging_mixin.py:190} INFO - [2024-12-25T13:11:00.064+0000] {dag.py:3239} INFO - Sync 10 DAGs
[2024-12-25T13:11:00.076+0000] {logging_mixin.py:190} INFO - [2024-12-25T13:11:00.076+0000] {dag.py:3262} INFO - Creating ORM DAG for consume_1_or_2_with_dataset_expressions
[2024-12-25T13:11:00.077+0000] {logging_mixin.py:190} INFO - [2024-12-25T13:11:00.077+0000] {dag.py:3262} INFO - Creating ORM DAG for consume_1_or_both_2_and_3_with_dataset_expressions
[2024-12-25T13:11:00.077+0000] {logging_mixin.py:190} INFO - [2024-12-25T13:11:00.077+0000] {dag.py:3262} INFO - Creating ORM DAG for dataset_consumes_unknown_never_scheduled
[2024-12-25T13:11:00.078+0000] {logging_mixin.py:190} INFO - [2024-12-25T13:11:00.077+0000] {dag.py:3262} INFO - Creating ORM DAG for consume_1_and_2_with_dataset_expressions
[2024-12-25T13:11:00.078+0000] {logging_mixin.py:190} INFO - [2024-12-25T13:11:00.078+0000] {dag.py:3262} INFO - Creating ORM DAG for dataset_consumes_1
[2024-12-25T13:11:00.078+0000] {logging_mixin.py:190} INFO - [2024-12-25T13:11:00.078+0000] {dag.py:3262} INFO - Creating ORM DAG for dataset_produces_1
[2024-12-25T13:11:00.079+0000] {logging_mixin.py:190} INFO - [2024-12-25T13:11:00.079+0000] {dag.py:3262} INFO - Creating ORM DAG for dataset_produces_2
[2024-12-25T13:11:00.079+0000] {logging_mixin.py:190} INFO - [2024-12-25T13:11:00.079+0000] {dag.py:3262} INFO - Creating ORM DAG for dataset_consumes_1_and_2
[2024-12-25T13:11:00.080+0000] {logging_mixin.py:190} INFO - [2024-12-25T13:11:00.079+0000] {dag.py:3262} INFO - Creating ORM DAG for conditional_dataset_and_time_based_timetable
[2024-12-25T13:11:00.080+0000] {logging_mixin.py:190} INFO - [2024-12-25T13:11:00.080+0000] {dag.py:3262} INFO - Creating ORM DAG for dataset_consumes_1_never_scheduled
[2024-12-25T13:11:00.089+0000] {logging_mixin.py:190} INFO - [2024-12-25T13:11:00.089+0000] {dag.py:4180} INFO - Setting next_dagrun for conditional_dataset_and_time_based_timetable to 2024-12-25 01:00:00+00:00, run_after=2024-12-25 01:00:00+00:00
[2024-12-25T13:11:00.090+0000] {logging_mixin.py:190} INFO - [2024-12-25T13:11:00.089+0000] {dag.py:4180} INFO - Setting next_dagrun for consume_1_and_2_with_dataset_expressions to None, run_after=None
[2024-12-25T13:11:00.090+0000] {logging_mixin.py:190} INFO - [2024-12-25T13:11:00.090+0000] {dag.py:4180} INFO - Setting next_dagrun for consume_1_or_2_with_dataset_expressions to None, run_after=None
[2024-12-25T13:11:00.090+0000] {logging_mixin.py:190} INFO - [2024-12-25T13:11:00.090+0000] {dag.py:4180} INFO - Setting next_dagrun for consume_1_or_both_2_and_3_with_dataset_expressions to None, run_after=None
[2024-12-25T13:11:00.090+0000] {logging_mixin.py:190} INFO - [2024-12-25T13:11:00.090+0000] {dag.py:4180} INFO - Setting next_dagrun for dataset_consumes_1 to None, run_after=None
[2024-12-25T13:11:00.091+0000] {logging_mixin.py:190} INFO - [2024-12-25T13:11:00.091+0000] {dag.py:4180} INFO - Setting next_dagrun for dataset_consumes_1_and_2 to None, run_after=None
[2024-12-25T13:11:00.091+0000] {logging_mixin.py:190} INFO - [2024-12-25T13:11:00.091+0000] {dag.py:4180} INFO - Setting next_dagrun for dataset_consumes_1_never_scheduled to None, run_after=None
[2024-12-25T13:11:00.092+0000] {logging_mixin.py:190} INFO - [2024-12-25T13:11:00.092+0000] {dag.py:4180} INFO - Setting next_dagrun for dataset_consumes_unknown_never_scheduled to None, run_after=None
[2024-12-25T13:11:00.094+0000] {logging_mixin.py:190} INFO - [2024-12-25T13:11:00.093+0000] {dag.py:4180} INFO - Setting next_dagrun for dataset_produces_1 to 2024-12-24 00:00:00+00:00, run_after=2024-12-25 00:00:00+00:00
[2024-12-25T13:11:00.094+0000] {logging_mixin.py:190} INFO - [2024-12-25T13:11:00.094+0000] {dag.py:4180} INFO - Setting next_dagrun for dataset_produces_2 to None, run_after=None
[2024-12-25T13:11:00.135+0000] {processor.py:208} INFO - Processing /home/airflow/.local/lib/python3.12/site-packages/airflow/example_dags/example_datasets.py took 1.298 seconds
[2024-12-25T13:11:30.812+0000] {processor.py:186} INFO - Started process (PID=149) to work on /home/airflow/.local/lib/python3.12/site-packages/airflow/example_dags/example_datasets.py
[2024-12-25T13:11:30.820+0000] {processor.py:914} INFO - Processing file /home/airflow/.local/lib/python3.12/site-packages/airflow/example_dags/example_datasets.py for tasks to queue
[2024-12-25T13:11:30.823+0000] {logging_mixin.py:190} INFO - [2024-12-25T13:11:30.823+0000] {dagbag.py:588} INFO - Filling up the DagBag from /home/airflow/.local/lib/python3.12/site-packages/airflow/example_dags/example_datasets.py
[2024-12-25T13:11:31.317+0000] {processor.py:925} INFO - DAG(s) 'dataset_consumes_1_never_scheduled', 'dataset_consumes_1', 'dataset_consumes_1_and_2', 'consume_1_or_2_with_dataset_expressions', 'consume_1_or_both_2_and_3_with_dataset_expressions', 'dataset_consumes_unknown_never_scheduled', 'dataset_produces_1', 'conditional_dataset_and_time_based_timetable', 'dataset_produces_2', 'consume_1_and_2_with_dataset_expressions' retrieved from /home/airflow/.local/lib/python3.12/site-packages/airflow/example_dags/example_datasets.py
[2024-12-25T13:11:31.351+0000] {logging_mixin.py:190} INFO - [2024-12-25T13:11:31.351+0000] {dag.py:3239} INFO - Sync 10 DAGs
[2024-12-25T13:11:31.371+0000] {logging_mixin.py:190} INFO - [2024-12-25T13:11:31.371+0000] {dag.py:4180} INFO - Setting next_dagrun for conditional_dataset_and_time_based_timetable to 2024-12-25 01:00:00+00:00, run_after=2024-12-25 01:00:00+00:00
[2024-12-25T13:11:31.374+0000] {logging_mixin.py:190} INFO - [2024-12-25T13:11:31.374+0000] {dag.py:4180} INFO - Setting next_dagrun for consume_1_and_2_with_dataset_expressions to None, run_after=None
[2024-12-25T13:11:31.375+0000] {logging_mixin.py:190} INFO - [2024-12-25T13:11:31.375+0000] {dag.py:4180} INFO - Setting next_dagrun for consume_1_or_2_with_dataset_expressions to None, run_after=None
[2024-12-25T13:11:31.376+0000] {logging_mixin.py:190} INFO - [2024-12-25T13:11:31.376+0000] {dag.py:4180} INFO - Setting next_dagrun for consume_1_or_both_2_and_3_with_dataset_expressions to None, run_after=None
[2024-12-25T13:11:31.377+0000] {logging_mixin.py:190} INFO - [2024-12-25T13:11:31.377+0000] {dag.py:4180} INFO - Setting next_dagrun for dataset_consumes_1 to None, run_after=None
[2024-12-25T13:11:31.378+0000] {logging_mixin.py:190} INFO - [2024-12-25T13:11:31.378+0000] {dag.py:4180} INFO - Setting next_dagrun for dataset_consumes_1_and_2 to None, run_after=None
[2024-12-25T13:11:31.379+0000] {logging_mixin.py:190} INFO - [2024-12-25T13:11:31.379+0000] {dag.py:4180} INFO - Setting next_dagrun for dataset_consumes_1_never_scheduled to None, run_after=None
[2024-12-25T13:11:31.380+0000] {logging_mixin.py:190} INFO - [2024-12-25T13:11:31.380+0000] {dag.py:4180} INFO - Setting next_dagrun for dataset_consumes_unknown_never_scheduled to None, run_after=None
[2024-12-25T13:11:31.382+0000] {logging_mixin.py:190} INFO - [2024-12-25T13:11:31.381+0000] {dag.py:4180} INFO - Setting next_dagrun for dataset_produces_1 to 2024-12-24 00:00:00+00:00, run_after=2024-12-25 00:00:00+00:00
[2024-12-25T13:11:31.382+0000] {logging_mixin.py:190} INFO - [2024-12-25T13:11:31.382+0000] {dag.py:4180} INFO - Setting next_dagrun for dataset_produces_2 to None, run_after=None
[2024-12-25T13:11:31.410+0000] {processor.py:208} INFO - Processing /home/airflow/.local/lib/python3.12/site-packages/airflow/example_dags/example_datasets.py took 0.602 seconds
[2024-12-25T13:28:48.665+0000] {processor.py:186} INFO - Started process (PID=83) to work on /home/airflow/.local/lib/python3.12/site-packages/airflow/example_dags/example_datasets.py
[2024-12-25T13:28:48.666+0000] {processor.py:914} INFO - Processing file /home/airflow/.local/lib/python3.12/site-packages/airflow/example_dags/example_datasets.py for tasks to queue
[2024-12-25T13:28:48.669+0000] {logging_mixin.py:190} INFO - [2024-12-25T13:28:48.668+0000] {dagbag.py:588} INFO - Filling up the DagBag from /home/airflow/.local/lib/python3.12/site-packages/airflow/example_dags/example_datasets.py
[2024-12-25T13:28:49.310+0000] {processor.py:925} INFO - DAG(s) 'dataset_consumes_1_and_2', 'consume_1_or_both_2_and_3_with_dataset_expressions', 'consume_1_and_2_with_dataset_expressions', 'dataset_consumes_1_never_scheduled', 'dataset_produces_1', 'dataset_consumes_unknown_never_scheduled', 'dataset_consumes_1', 'conditional_dataset_and_time_based_timetable', 'consume_1_or_2_with_dataset_expressions', 'dataset_produces_2' retrieved from /home/airflow/.local/lib/python3.12/site-packages/airflow/example_dags/example_datasets.py
[2024-12-25T13:28:49.357+0000] {logging_mixin.py:190} INFO - [2024-12-25T13:28:49.357+0000] {dag.py:3239} INFO - Sync 10 DAGs
[2024-12-25T13:28:49.382+0000] {logging_mixin.py:190} INFO - [2024-12-25T13:28:49.381+0000] {dag.py:4180} INFO - Setting next_dagrun for conditional_dataset_and_time_based_timetable to 2024-12-25 01:00:00+00:00, run_after=2024-12-25 01:00:00+00:00
[2024-12-25T13:28:49.386+0000] {logging_mixin.py:190} INFO - [2024-12-25T13:28:49.385+0000] {dag.py:4180} INFO - Setting next_dagrun for consume_1_and_2_with_dataset_expressions to None, run_after=None
[2024-12-25T13:28:49.387+0000] {logging_mixin.py:190} INFO - [2024-12-25T13:28:49.387+0000] {dag.py:4180} INFO - Setting next_dagrun for consume_1_or_2_with_dataset_expressions to None, run_after=None
[2024-12-25T13:28:49.388+0000] {logging_mixin.py:190} INFO - [2024-12-25T13:28:49.388+0000] {dag.py:4180} INFO - Setting next_dagrun for consume_1_or_both_2_and_3_with_dataset_expressions to None, run_after=None
[2024-12-25T13:28:49.389+0000] {logging_mixin.py:190} INFO - [2024-12-25T13:28:49.389+0000] {dag.py:4180} INFO - Setting next_dagrun for dataset_consumes_1 to None, run_after=None
[2024-12-25T13:28:49.390+0000] {logging_mixin.py:190} INFO - [2024-12-25T13:28:49.389+0000] {dag.py:4180} INFO - Setting next_dagrun for dataset_consumes_1_and_2 to None, run_after=None
[2024-12-25T13:28:49.391+0000] {logging_mixin.py:190} INFO - [2024-12-25T13:28:49.391+0000] {dag.py:4180} INFO - Setting next_dagrun for dataset_consumes_1_never_scheduled to None, run_after=None
[2024-12-25T13:28:49.392+0000] {logging_mixin.py:190} INFO - [2024-12-25T13:28:49.392+0000] {dag.py:4180} INFO - Setting next_dagrun for dataset_consumes_unknown_never_scheduled to None, run_after=None
[2024-12-25T13:28:49.394+0000] {logging_mixin.py:190} INFO - [2024-12-25T13:28:49.394+0000] {dag.py:4180} INFO - Setting next_dagrun for dataset_produces_1 to 2024-12-24 00:00:00+00:00, run_after=2024-12-25 00:00:00+00:00
[2024-12-25T13:28:49.395+0000] {logging_mixin.py:190} INFO - [2024-12-25T13:28:49.395+0000] {dag.py:4180} INFO - Setting next_dagrun for dataset_produces_2 to None, run_after=None
[2024-12-25T13:28:49.432+0000] {processor.py:208} INFO - Processing /home/airflow/.local/lib/python3.12/site-packages/airflow/example_dags/example_datasets.py took 0.773 seconds
[2024-12-25T13:29:19.489+0000] {processor.py:186} INFO - Started process (PID=147) to work on /home/airflow/.local/lib/python3.12/site-packages/airflow/example_dags/example_datasets.py
[2024-12-25T13:29:19.490+0000] {processor.py:914} INFO - Processing file /home/airflow/.local/lib/python3.12/site-packages/airflow/example_dags/example_datasets.py for tasks to queue
[2024-12-25T13:29:19.492+0000] {logging_mixin.py:190} INFO - [2024-12-25T13:29:19.492+0000] {dagbag.py:588} INFO - Filling up the DagBag from /home/airflow/.local/lib/python3.12/site-packages/airflow/example_dags/example_datasets.py
[2024-12-25T13:29:20.014+0000] {processor.py:925} INFO - DAG(s) 'dataset_consumes_1', 'dataset_consumes_1_and_2', 'consume_1_or_both_2_and_3_with_dataset_expressions', 'dataset_consumes_1_never_scheduled', 'dataset_produces_2', 'consume_1_and_2_with_dataset_expressions', 'dataset_produces_1', 'conditional_dataset_and_time_based_timetable', 'consume_1_or_2_with_dataset_expressions', 'dataset_consumes_unknown_never_scheduled' retrieved from /home/airflow/.local/lib/python3.12/site-packages/airflow/example_dags/example_datasets.py
[2024-12-25T13:29:20.047+0000] {logging_mixin.py:190} INFO - [2024-12-25T13:29:20.047+0000] {dag.py:3239} INFO - Sync 10 DAGs
[2024-12-25T13:29:20.069+0000] {logging_mixin.py:190} INFO - [2024-12-25T13:29:20.069+0000] {dag.py:4180} INFO - Setting next_dagrun for conditional_dataset_and_time_based_timetable to 2024-12-25 01:00:00+00:00, run_after=2024-12-25 01:00:00+00:00
[2024-12-25T13:29:20.073+0000] {logging_mixin.py:190} INFO - [2024-12-25T13:29:20.072+0000] {dag.py:4180} INFO - Setting next_dagrun for consume_1_and_2_with_dataset_expressions to None, run_after=None
[2024-12-25T13:29:20.074+0000] {logging_mixin.py:190} INFO - [2024-12-25T13:29:20.074+0000] {dag.py:4180} INFO - Setting next_dagrun for consume_1_or_2_with_dataset_expressions to None, run_after=None
[2024-12-25T13:29:20.075+0000] {logging_mixin.py:190} INFO - [2024-12-25T13:29:20.074+0000] {dag.py:4180} INFO - Setting next_dagrun for consume_1_or_both_2_and_3_with_dataset_expressions to None, run_after=None
[2024-12-25T13:29:20.075+0000] {logging_mixin.py:190} INFO - [2024-12-25T13:29:20.075+0000] {dag.py:4180} INFO - Setting next_dagrun for dataset_consumes_1 to None, run_after=None
[2024-12-25T13:29:20.076+0000] {logging_mixin.py:190} INFO - [2024-12-25T13:29:20.076+0000] {dag.py:4180} INFO - Setting next_dagrun for dataset_consumes_1_and_2 to None, run_after=None
[2024-12-25T13:29:20.077+0000] {logging_mixin.py:190} INFO - [2024-12-25T13:29:20.077+0000] {dag.py:4180} INFO - Setting next_dagrun for dataset_consumes_1_never_scheduled to None, run_after=None
[2024-12-25T13:29:20.078+0000] {logging_mixin.py:190} INFO - [2024-12-25T13:29:20.078+0000] {dag.py:4180} INFO - Setting next_dagrun for dataset_consumes_unknown_never_scheduled to None, run_after=None
[2024-12-25T13:29:20.080+0000] {logging_mixin.py:190} INFO - [2024-12-25T13:29:20.080+0000] {dag.py:4180} INFO - Setting next_dagrun for dataset_produces_1 to 2024-12-24 00:00:00+00:00, run_after=2024-12-25 00:00:00+00:00
[2024-12-25T13:29:20.081+0000] {logging_mixin.py:190} INFO - [2024-12-25T13:29:20.081+0000] {dag.py:4180} INFO - Setting next_dagrun for dataset_produces_2 to None, run_after=None
[2024-12-25T13:29:20.114+0000] {processor.py:208} INFO - Processing /home/airflow/.local/lib/python3.12/site-packages/airflow/example_dags/example_datasets.py took 0.630 seconds
[2024-12-25T13:29:50.368+0000] {processor.py:186} INFO - Started process (PID=212) to work on /home/airflow/.local/lib/python3.12/site-packages/airflow/example_dags/example_datasets.py
[2024-12-25T13:29:50.370+0000] {processor.py:914} INFO - Processing file /home/airflow/.local/lib/python3.12/site-packages/airflow/example_dags/example_datasets.py for tasks to queue
[2024-12-25T13:29:50.372+0000] {logging_mixin.py:190} INFO - [2024-12-25T13:29:50.372+0000] {dagbag.py:588} INFO - Filling up the DagBag from /home/airflow/.local/lib/python3.12/site-packages/airflow/example_dags/example_datasets.py
[2024-12-25T13:29:50.879+0000] {processor.py:925} INFO - DAG(s) 'dataset_consumes_1_and_2', 'conditional_dataset_and_time_based_timetable', 'consume_1_or_both_2_and_3_with_dataset_expressions', 'consume_1_or_2_with_dataset_expressions', 'dataset_produces_2', 'consume_1_and_2_with_dataset_expressions', 'dataset_consumes_1_never_scheduled', 'dataset_consumes_unknown_never_scheduled', 'dataset_produces_1', 'dataset_consumes_1' retrieved from /home/airflow/.local/lib/python3.12/site-packages/airflow/example_dags/example_datasets.py
[2024-12-25T13:29:50.916+0000] {logging_mixin.py:190} INFO - [2024-12-25T13:29:50.916+0000] {dag.py:3239} INFO - Sync 10 DAGs
[2024-12-25T13:29:50.939+0000] {logging_mixin.py:190} INFO - [2024-12-25T13:29:50.939+0000] {dag.py:4180} INFO - Setting next_dagrun for conditional_dataset_and_time_based_timetable to 2024-12-25 01:00:00+00:00, run_after=2024-12-25 01:00:00+00:00
[2024-12-25T13:29:50.943+0000] {logging_mixin.py:190} INFO - [2024-12-25T13:29:50.943+0000] {dag.py:4180} INFO - Setting next_dagrun for consume_1_and_2_with_dataset_expressions to None, run_after=None
[2024-12-25T13:29:50.944+0000] {logging_mixin.py:190} INFO - [2024-12-25T13:29:50.944+0000] {dag.py:4180} INFO - Setting next_dagrun for consume_1_or_2_with_dataset_expressions to None, run_after=None
[2024-12-25T13:29:50.945+0000] {logging_mixin.py:190} INFO - [2024-12-25T13:29:50.945+0000] {dag.py:4180} INFO - Setting next_dagrun for consume_1_or_both_2_and_3_with_dataset_expressions to None, run_after=None
[2024-12-25T13:29:50.946+0000] {logging_mixin.py:190} INFO - [2024-12-25T13:29:50.946+0000] {dag.py:4180} INFO - Setting next_dagrun for dataset_consumes_1 to None, run_after=None
[2024-12-25T13:29:50.947+0000] {logging_mixin.py:190} INFO - [2024-12-25T13:29:50.947+0000] {dag.py:4180} INFO - Setting next_dagrun for dataset_consumes_1_and_2 to None, run_after=None
[2024-12-25T13:29:50.948+0000] {logging_mixin.py:190} INFO - [2024-12-25T13:29:50.948+0000] {dag.py:4180} INFO - Setting next_dagrun for dataset_consumes_1_never_scheduled to None, run_after=None
[2024-12-25T13:29:50.949+0000] {logging_mixin.py:190} INFO - [2024-12-25T13:29:50.949+0000] {dag.py:4180} INFO - Setting next_dagrun for dataset_consumes_unknown_never_scheduled to None, run_after=None
[2024-12-25T13:29:50.951+0000] {logging_mixin.py:190} INFO - [2024-12-25T13:29:50.951+0000] {dag.py:4180} INFO - Setting next_dagrun for dataset_produces_1 to 2024-12-24 00:00:00+00:00, run_after=2024-12-25 00:00:00+00:00
[2024-12-25T13:29:50.952+0000] {logging_mixin.py:190} INFO - [2024-12-25T13:29:50.951+0000] {dag.py:4180} INFO - Setting next_dagrun for dataset_produces_2 to None, run_after=None
[2024-12-25T13:29:50.985+0000] {processor.py:208} INFO - Processing /home/airflow/.local/lib/python3.12/site-packages/airflow/example_dags/example_datasets.py took 0.622 seconds
[2024-12-25T13:30:21.510+0000] {processor.py:186} INFO - Started process (PID=276) to work on /home/airflow/.local/lib/python3.12/site-packages/airflow/example_dags/example_datasets.py
[2024-12-25T13:30:21.511+0000] {processor.py:914} INFO - Processing file /home/airflow/.local/lib/python3.12/site-packages/airflow/example_dags/example_datasets.py for tasks to queue
[2024-12-25T13:30:21.512+0000] {logging_mixin.py:190} INFO - [2024-12-25T13:30:21.512+0000] {dagbag.py:588} INFO - Filling up the DagBag from /home/airflow/.local/lib/python3.12/site-packages/airflow/example_dags/example_datasets.py
[2024-12-25T13:30:22.028+0000] {processor.py:925} INFO - DAG(s) 'conditional_dataset_and_time_based_timetable', 'consume_1_and_2_with_dataset_expressions', 'dataset_produces_2', 'dataset_consumes_unknown_never_scheduled', 'dataset_consumes_1', 'dataset_produces_1', 'consume_1_or_both_2_and_3_with_dataset_expressions', 'consume_1_or_2_with_dataset_expressions', 'dataset_consumes_1_and_2', 'dataset_consumes_1_never_scheduled' retrieved from /home/airflow/.local/lib/python3.12/site-packages/airflow/example_dags/example_datasets.py
[2024-12-25T13:30:22.064+0000] {logging_mixin.py:190} INFO - [2024-12-25T13:30:22.063+0000] {dag.py:3239} INFO - Sync 10 DAGs
[2024-12-25T13:30:22.085+0000] {logging_mixin.py:190} INFO - [2024-12-25T13:30:22.085+0000] {dag.py:4180} INFO - Setting next_dagrun for conditional_dataset_and_time_based_timetable to 2024-12-25 01:00:00+00:00, run_after=2024-12-25 01:00:00+00:00
[2024-12-25T13:30:22.088+0000] {logging_mixin.py:190} INFO - [2024-12-25T13:30:22.088+0000] {dag.py:4180} INFO - Setting next_dagrun for consume_1_and_2_with_dataset_expressions to None, run_after=None
[2024-12-25T13:30:22.089+0000] {logging_mixin.py:190} INFO - [2024-12-25T13:30:22.089+0000] {dag.py:4180} INFO - Setting next_dagrun for consume_1_or_2_with_dataset_expressions to None, run_after=None
[2024-12-25T13:30:22.090+0000] {logging_mixin.py:190} INFO - [2024-12-25T13:30:22.090+0000] {dag.py:4180} INFO - Setting next_dagrun for consume_1_or_both_2_and_3_with_dataset_expressions to None, run_after=None
[2024-12-25T13:30:22.091+0000] {logging_mixin.py:190} INFO - [2024-12-25T13:30:22.091+0000] {dag.py:4180} INFO - Setting next_dagrun for dataset_consumes_1 to None, run_after=None
[2024-12-25T13:30:22.092+0000] {logging_mixin.py:190} INFO - [2024-12-25T13:30:22.092+0000] {dag.py:4180} INFO - Setting next_dagrun for dataset_consumes_1_and_2 to None, run_after=None
[2024-12-25T13:30:22.093+0000] {logging_mixin.py:190} INFO - [2024-12-25T13:30:22.093+0000] {dag.py:4180} INFO - Setting next_dagrun for dataset_consumes_1_never_scheduled to None, run_after=None
[2024-12-25T13:30:22.094+0000] {logging_mixin.py:190} INFO - [2024-12-25T13:30:22.094+0000] {dag.py:4180} INFO - Setting next_dagrun for dataset_consumes_unknown_never_scheduled to None, run_after=None
[2024-12-25T13:30:22.096+0000] {logging_mixin.py:190} INFO - [2024-12-25T13:30:22.096+0000] {dag.py:4180} INFO - Setting next_dagrun for dataset_produces_1 to 2024-12-24 00:00:00+00:00, run_after=2024-12-25 00:00:00+00:00
[2024-12-25T13:30:22.097+0000] {logging_mixin.py:190} INFO - [2024-12-25T13:30:22.097+0000] {dag.py:4180} INFO - Setting next_dagrun for dataset_produces_2 to None, run_after=None
[2024-12-25T13:30:22.125+0000] {processor.py:208} INFO - Processing /home/airflow/.local/lib/python3.12/site-packages/airflow/example_dags/example_datasets.py took 0.619 seconds
[2024-12-25T13:33:35.376+0000] {processor.py:186} INFO - Started process (PID=71) to work on /home/airflow/.local/lib/python3.12/site-packages/airflow/example_dags/example_datasets.py
[2024-12-25T13:33:35.378+0000] {processor.py:914} INFO - Processing file /home/airflow/.local/lib/python3.12/site-packages/airflow/example_dags/example_datasets.py for tasks to queue
[2024-12-25T13:33:35.379+0000] {logging_mixin.py:190} INFO - [2024-12-25T13:33:35.379+0000] {dagbag.py:588} INFO - Filling up the DagBag from /home/airflow/.local/lib/python3.12/site-packages/airflow/example_dags/example_datasets.py
[2024-12-25T13:33:35.876+0000] {processor.py:925} INFO - DAG(s) 'dataset_produces_2', 'consume_1_or_2_with_dataset_expressions', 'dataset_produces_1', 'dataset_consumes_1_never_scheduled', 'dataset_consumes_1_and_2', 'consume_1_or_both_2_and_3_with_dataset_expressions', 'dataset_consumes_unknown_never_scheduled', 'dataset_consumes_1', 'conditional_dataset_and_time_based_timetable', 'consume_1_and_2_with_dataset_expressions' retrieved from /home/airflow/.local/lib/python3.12/site-packages/airflow/example_dags/example_datasets.py
[2024-12-25T13:33:35.914+0000] {logging_mixin.py:190} INFO - [2024-12-25T13:33:35.914+0000] {dag.py:3239} INFO - Sync 10 DAGs
[2024-12-25T13:33:35.935+0000] {logging_mixin.py:190} INFO - [2024-12-25T13:33:35.935+0000] {dag.py:4180} INFO - Setting next_dagrun for conditional_dataset_and_time_based_timetable to 2024-12-25 01:00:00+00:00, run_after=2024-12-25 01:00:00+00:00
[2024-12-25T13:33:35.938+0000] {logging_mixin.py:190} INFO - [2024-12-25T13:33:35.938+0000] {dag.py:4180} INFO - Setting next_dagrun for consume_1_and_2_with_dataset_expressions to None, run_after=None
[2024-12-25T13:33:35.940+0000] {logging_mixin.py:190} INFO - [2024-12-25T13:33:35.939+0000] {dag.py:4180} INFO - Setting next_dagrun for consume_1_or_2_with_dataset_expressions to None, run_after=None
[2024-12-25T13:33:35.941+0000] {logging_mixin.py:190} INFO - [2024-12-25T13:33:35.940+0000] {dag.py:4180} INFO - Setting next_dagrun for consume_1_or_both_2_and_3_with_dataset_expressions to None, run_after=None
[2024-12-25T13:33:35.941+0000] {logging_mixin.py:190} INFO - [2024-12-25T13:33:35.941+0000] {dag.py:4180} INFO - Setting next_dagrun for dataset_consumes_1 to None, run_after=None
[2024-12-25T13:33:35.942+0000] {logging_mixin.py:190} INFO - [2024-12-25T13:33:35.942+0000] {dag.py:4180} INFO - Setting next_dagrun for dataset_consumes_1_and_2 to None, run_after=None
[2024-12-25T13:33:35.943+0000] {logging_mixin.py:190} INFO - [2024-12-25T13:33:35.943+0000] {dag.py:4180} INFO - Setting next_dagrun for dataset_consumes_1_never_scheduled to None, run_after=None
[2024-12-25T13:33:35.944+0000] {logging_mixin.py:190} INFO - [2024-12-25T13:33:35.944+0000] {dag.py:4180} INFO - Setting next_dagrun for dataset_consumes_unknown_never_scheduled to None, run_after=None
[2024-12-25T13:33:35.946+0000] {logging_mixin.py:190} INFO - [2024-12-25T13:33:35.946+0000] {dag.py:4180} INFO - Setting next_dagrun for dataset_produces_1 to 2024-12-24 00:00:00+00:00, run_after=2024-12-25 00:00:00+00:00
[2024-12-25T13:33:35.947+0000] {logging_mixin.py:190} INFO - [2024-12-25T13:33:35.947+0000] {dag.py:4180} INFO - Setting next_dagrun for dataset_produces_2 to None, run_after=None
[2024-12-25T13:33:35.982+0000] {processor.py:208} INFO - Processing /home/airflow/.local/lib/python3.12/site-packages/airflow/example_dags/example_datasets.py took 0.610 seconds
[2024-12-25T13:34:06.148+0000] {processor.py:186} INFO - Started process (PID=141) to work on /home/airflow/.local/lib/python3.12/site-packages/airflow/example_dags/example_datasets.py
[2024-12-25T13:34:06.149+0000] {processor.py:914} INFO - Processing file /home/airflow/.local/lib/python3.12/site-packages/airflow/example_dags/example_datasets.py for tasks to queue
[2024-12-25T13:34:06.151+0000] {logging_mixin.py:190} INFO - [2024-12-25T13:34:06.150+0000] {dagbag.py:588} INFO - Filling up the DagBag from /home/airflow/.local/lib/python3.12/site-packages/airflow/example_dags/example_datasets.py
[2024-12-25T13:34:06.644+0000] {processor.py:925} INFO - DAG(s) 'dataset_consumes_unknown_never_scheduled', 'consume_1_and_2_with_dataset_expressions', 'dataset_consumes_1', 'dataset_produces_2', 'dataset_consumes_1_never_scheduled', 'conditional_dataset_and_time_based_timetable', 'consume_1_or_both_2_and_3_with_dataset_expressions', 'dataset_consumes_1_and_2', 'dataset_produces_1', 'consume_1_or_2_with_dataset_expressions' retrieved from /home/airflow/.local/lib/python3.12/site-packages/airflow/example_dags/example_datasets.py
[2024-12-25T13:34:06.678+0000] {logging_mixin.py:190} INFO - [2024-12-25T13:34:06.678+0000] {dag.py:3239} INFO - Sync 10 DAGs
[2024-12-25T13:34:06.700+0000] {logging_mixin.py:190} INFO - [2024-12-25T13:34:06.699+0000] {dag.py:4180} INFO - Setting next_dagrun for conditional_dataset_and_time_based_timetable to 2024-12-25 01:00:00+00:00, run_after=2024-12-25 01:00:00+00:00
[2024-12-25T13:34:06.703+0000] {logging_mixin.py:190} INFO - [2024-12-25T13:34:06.703+0000] {dag.py:4180} INFO - Setting next_dagrun for consume_1_and_2_with_dataset_expressions to None, run_after=None
[2024-12-25T13:34:06.704+0000] {logging_mixin.py:190} INFO - [2024-12-25T13:34:06.704+0000] {dag.py:4180} INFO - Setting next_dagrun for consume_1_or_2_with_dataset_expressions to None, run_after=None
[2024-12-25T13:34:06.705+0000] {logging_mixin.py:190} INFO - [2024-12-25T13:34:06.705+0000] {dag.py:4180} INFO - Setting next_dagrun for consume_1_or_both_2_and_3_with_dataset_expressions to None, run_after=None
[2024-12-25T13:34:06.706+0000] {logging_mixin.py:190} INFO - [2024-12-25T13:34:06.705+0000] {dag.py:4180} INFO - Setting next_dagrun for dataset_consumes_1 to None, run_after=None
[2024-12-25T13:34:06.706+0000] {logging_mixin.py:190} INFO - [2024-12-25T13:34:06.706+0000] {dag.py:4180} INFO - Setting next_dagrun for dataset_consumes_1_and_2 to None, run_after=None
[2024-12-25T13:34:06.707+0000] {logging_mixin.py:190} INFO - [2024-12-25T13:34:06.707+0000] {dag.py:4180} INFO - Setting next_dagrun for dataset_consumes_1_never_scheduled to None, run_after=None
[2024-12-25T13:34:06.708+0000] {logging_mixin.py:190} INFO - [2024-12-25T13:34:06.708+0000] {dag.py:4180} INFO - Setting next_dagrun for dataset_consumes_unknown_never_scheduled to None, run_after=None
[2024-12-25T13:34:06.710+0000] {logging_mixin.py:190} INFO - [2024-12-25T13:34:06.710+0000] {dag.py:4180} INFO - Setting next_dagrun for dataset_produces_1 to 2024-12-24 00:00:00+00:00, run_after=2024-12-25 00:00:00+00:00
[2024-12-25T13:34:06.711+0000] {logging_mixin.py:190} INFO - [2024-12-25T13:34:06.711+0000] {dag.py:4180} INFO - Setting next_dagrun for dataset_produces_2 to None, run_after=None
[2024-12-25T13:34:06.746+0000] {processor.py:208} INFO - Processing /home/airflow/.local/lib/python3.12/site-packages/airflow/example_dags/example_datasets.py took 0.602 seconds
