[2024-12-25T13:10:55.989+0000] {processor.py:186} INFO - Started process (PID=63) to work on /home/airflow/.local/lib/python3.12/site-packages/airflow/example_dags/example_sensors.py
[2024-12-25T13:10:55.989+0000] {processor.py:914} INFO - Processing file /home/airflow/.local/lib/python3.12/site-packages/airflow/example_dags/example_sensors.py for tasks to queue
[2024-12-25T13:10:55.991+0000] {logging_mixin.py:190} INFO - [2024-12-25T13:10:55.991+0000] {dagbag.py:588} INFO - Filling up the DagBag from /home/airflow/.local/lib/python3.12/site-packages/airflow/example_dags/example_sensors.py
[2024-12-25T13:10:56.002+0000] {processor.py:925} INFO - DAG(s) 'example_sensors' retrieved from /home/airflow/.local/lib/python3.12/site-packages/airflow/example_dags/example_sensors.py
[2024-12-25T13:10:56.180+0000] {logging_mixin.py:190} INFO - [2024-12-25T13:10:56.180+0000] {override.py:1911} INFO - Created Permission View: can edit on DAG:example_sensors
[2024-12-25T13:10:56.192+0000] {logging_mixin.py:190} INFO - [2024-12-25T13:10:56.192+0000] {override.py:1911} INFO - Created Permission View: can read on DAG:example_sensors
[2024-12-25T13:10:56.200+0000] {logging_mixin.py:190} INFO - [2024-12-25T13:10:56.200+0000] {override.py:1911} INFO - Created Permission View: can delete on DAG:example_sensors
[2024-12-25T13:10:56.210+0000] {logging_mixin.py:190} INFO - [2024-12-25T13:10:56.210+0000] {override.py:1911} INFO - Created Permission View: can create on DAG Run:example_sensors
[2024-12-25T13:10:56.216+0000] {logging_mixin.py:190} INFO - [2024-12-25T13:10:56.216+0000] {override.py:1911} INFO - Created Permission View: menu access on DAG Run:example_sensors
[2024-12-25T13:10:56.222+0000] {logging_mixin.py:190} INFO - [2024-12-25T13:10:56.222+0000] {override.py:1911} INFO - Created Permission View: can read on DAG Run:example_sensors
[2024-12-25T13:10:56.228+0000] {logging_mixin.py:190} INFO - [2024-12-25T13:10:56.228+0000] {override.py:1911} INFO - Created Permission View: can delete on DAG Run:example_sensors
[2024-12-25T13:10:56.228+0000] {logging_mixin.py:190} INFO - [2024-12-25T13:10:56.228+0000] {dag.py:3239} INFO - Sync 1 DAGs
[2024-12-25T13:10:56.239+0000] {logging_mixin.py:190} INFO - [2024-12-25T13:10:56.238+0000] {dag.py:3262} INFO - Creating ORM DAG for example_sensors
[2024-12-25T13:10:56.239+0000] {logging_mixin.py:190} INFO - [2024-12-25T13:10:56.239+0000] {dag.py:4180} INFO - Setting next_dagrun for example_sensors to None, run_after=None
[2024-12-25T13:10:56.253+0000] {processor.py:208} INFO - Processing /home/airflow/.local/lib/python3.12/site-packages/airflow/example_dags/example_sensors.py took 0.269 seconds
[2024-12-25T13:11:26.716+0000] {processor.py:186} INFO - Started process (PID=127) to work on /home/airflow/.local/lib/python3.12/site-packages/airflow/example_dags/example_sensors.py
[2024-12-25T13:11:26.716+0000] {processor.py:914} INFO - Processing file /home/airflow/.local/lib/python3.12/site-packages/airflow/example_dags/example_sensors.py for tasks to queue
[2024-12-25T13:11:26.718+0000] {logging_mixin.py:190} INFO - [2024-12-25T13:11:26.718+0000] {dagbag.py:588} INFO - Filling up the DagBag from /home/airflow/.local/lib/python3.12/site-packages/airflow/example_dags/example_sensors.py
[2024-12-25T13:11:26.726+0000] {processor.py:925} INFO - DAG(s) 'example_sensors' retrieved from /home/airflow/.local/lib/python3.12/site-packages/airflow/example_dags/example_sensors.py
[2024-12-25T13:11:26.745+0000] {logging_mixin.py:190} INFO - [2024-12-25T13:11:26.745+0000] {dag.py:3239} INFO - Sync 1 DAGs
[2024-12-25T13:11:26.757+0000] {logging_mixin.py:190} INFO - [2024-12-25T13:11:26.757+0000] {dag.py:4180} INFO - Setting next_dagrun for example_sensors to None, run_after=None
[2024-12-25T13:11:26.776+0000] {processor.py:208} INFO - Processing /home/airflow/.local/lib/python3.12/site-packages/airflow/example_dags/example_sensors.py took 0.065 seconds
[2024-12-25T13:28:46.986+0000] {processor.py:186} INFO - Started process (PID=62) to work on /home/airflow/.local/lib/python3.12/site-packages/airflow/example_dags/example_sensors.py
[2024-12-25T13:28:46.987+0000] {processor.py:914} INFO - Processing file /home/airflow/.local/lib/python3.12/site-packages/airflow/example_dags/example_sensors.py for tasks to queue
[2024-12-25T13:28:46.989+0000] {logging_mixin.py:190} INFO - [2024-12-25T13:28:46.988+0000] {dagbag.py:588} INFO - Filling up the DagBag from /home/airflow/.local/lib/python3.12/site-packages/airflow/example_dags/example_sensors.py
[2024-12-25T13:28:47.000+0000] {processor.py:925} INFO - DAG(s) 'example_sensors' retrieved from /home/airflow/.local/lib/python3.12/site-packages/airflow/example_dags/example_sensors.py
[2024-12-25T13:28:47.025+0000] {logging_mixin.py:190} INFO - [2024-12-25T13:28:47.025+0000] {dag.py:3239} INFO - Sync 1 DAGs
[2024-12-25T13:28:47.038+0000] {logging_mixin.py:190} INFO - [2024-12-25T13:28:47.038+0000] {dag.py:4180} INFO - Setting next_dagrun for example_sensors to None, run_after=None
[2024-12-25T13:28:47.056+0000] {processor.py:208} INFO - Processing /home/airflow/.local/lib/python3.12/site-packages/airflow/example_dags/example_sensors.py took 0.074 seconds
[2024-12-25T13:29:17.447+0000] {processor.py:186} INFO - Started process (PID=132) to work on /home/airflow/.local/lib/python3.12/site-packages/airflow/example_dags/example_sensors.py
[2024-12-25T13:29:17.447+0000] {processor.py:914} INFO - Processing file /home/airflow/.local/lib/python3.12/site-packages/airflow/example_dags/example_sensors.py for tasks to queue
[2024-12-25T13:29:17.449+0000] {logging_mixin.py:190} INFO - [2024-12-25T13:29:17.449+0000] {dagbag.py:588} INFO - Filling up the DagBag from /home/airflow/.local/lib/python3.12/site-packages/airflow/example_dags/example_sensors.py
[2024-12-25T13:29:17.458+0000] {processor.py:925} INFO - DAG(s) 'example_sensors' retrieved from /home/airflow/.local/lib/python3.12/site-packages/airflow/example_dags/example_sensors.py
[2024-12-25T13:29:17.481+0000] {logging_mixin.py:190} INFO - [2024-12-25T13:29:17.481+0000] {dag.py:3239} INFO - Sync 1 DAGs
[2024-12-25T13:29:17.493+0000] {logging_mixin.py:190} INFO - [2024-12-25T13:29:17.493+0000] {dag.py:4180} INFO - Setting next_dagrun for example_sensors to None, run_after=None
[2024-12-25T13:29:17.522+0000] {processor.py:208} INFO - Processing /home/airflow/.local/lib/python3.12/site-packages/airflow/example_dags/example_sensors.py took 0.080 seconds
[2024-12-25T13:29:48.316+0000] {processor.py:186} INFO - Started process (PID=196) to work on /home/airflow/.local/lib/python3.12/site-packages/airflow/example_dags/example_sensors.py
[2024-12-25T13:29:48.317+0000] {processor.py:914} INFO - Processing file /home/airflow/.local/lib/python3.12/site-packages/airflow/example_dags/example_sensors.py for tasks to queue
[2024-12-25T13:29:48.318+0000] {logging_mixin.py:190} INFO - [2024-12-25T13:29:48.318+0000] {dagbag.py:588} INFO - Filling up the DagBag from /home/airflow/.local/lib/python3.12/site-packages/airflow/example_dags/example_sensors.py
[2024-12-25T13:29:48.327+0000] {processor.py:925} INFO - DAG(s) 'example_sensors' retrieved from /home/airflow/.local/lib/python3.12/site-packages/airflow/example_dags/example_sensors.py
[2024-12-25T13:29:48.348+0000] {logging_mixin.py:190} INFO - [2024-12-25T13:29:48.348+0000] {dag.py:3239} INFO - Sync 1 DAGs
[2024-12-25T13:29:48.361+0000] {logging_mixin.py:190} INFO - [2024-12-25T13:29:48.361+0000] {dag.py:4180} INFO - Setting next_dagrun for example_sensors to None, run_after=None
[2024-12-25T13:29:48.375+0000] {processor.py:208} INFO - Processing /home/airflow/.local/lib/python3.12/site-packages/airflow/example_dags/example_sensors.py took 0.064 seconds
[2024-12-25T13:30:18.684+0000] {processor.py:186} INFO - Started process (PID=260) to work on /home/airflow/.local/lib/python3.12/site-packages/airflow/example_dags/example_sensors.py
[2024-12-25T13:30:18.685+0000] {processor.py:914} INFO - Processing file /home/airflow/.local/lib/python3.12/site-packages/airflow/example_dags/example_sensors.py for tasks to queue
[2024-12-25T13:30:18.686+0000] {logging_mixin.py:190} INFO - [2024-12-25T13:30:18.686+0000] {dagbag.py:588} INFO - Filling up the DagBag from /home/airflow/.local/lib/python3.12/site-packages/airflow/example_dags/example_sensors.py
[2024-12-25T13:30:18.696+0000] {processor.py:925} INFO - DAG(s) 'example_sensors' retrieved from /home/airflow/.local/lib/python3.12/site-packages/airflow/example_dags/example_sensors.py
[2024-12-25T13:30:18.718+0000] {logging_mixin.py:190} INFO - [2024-12-25T13:30:18.718+0000] {dag.py:3239} INFO - Sync 1 DAGs
[2024-12-25T13:30:18.731+0000] {logging_mixin.py:190} INFO - [2024-12-25T13:30:18.731+0000] {dag.py:4180} INFO - Setting next_dagrun for example_sensors to None, run_after=None
[2024-12-25T13:30:18.747+0000] {processor.py:208} INFO - Processing /home/airflow/.local/lib/python3.12/site-packages/airflow/example_dags/example_sensors.py took 0.068 seconds
[2024-12-25T13:33:34.242+0000] {processor.py:186} INFO - Started process (PID=56) to work on /home/airflow/.local/lib/python3.12/site-packages/airflow/example_dags/example_sensors.py
[2024-12-25T13:33:34.242+0000] {processor.py:914} INFO - Processing file /home/airflow/.local/lib/python3.12/site-packages/airflow/example_dags/example_sensors.py for tasks to queue
[2024-12-25T13:33:34.244+0000] {logging_mixin.py:190} INFO - [2024-12-25T13:33:34.244+0000] {dagbag.py:588} INFO - Filling up the DagBag from /home/airflow/.local/lib/python3.12/site-packages/airflow/example_dags/example_sensors.py
[2024-12-25T13:33:34.253+0000] {processor.py:925} INFO - DAG(s) 'example_sensors' retrieved from /home/airflow/.local/lib/python3.12/site-packages/airflow/example_dags/example_sensors.py
[2024-12-25T13:33:34.279+0000] {logging_mixin.py:190} INFO - [2024-12-25T13:33:34.279+0000] {dag.py:3239} INFO - Sync 1 DAGs
[2024-12-25T13:33:34.291+0000] {logging_mixin.py:190} INFO - [2024-12-25T13:33:34.291+0000] {dag.py:4180} INFO - Setting next_dagrun for example_sensors to None, run_after=None
[2024-12-25T13:33:34.307+0000] {processor.py:208} INFO - Processing /home/airflow/.local/lib/python3.12/site-packages/airflow/example_dags/example_sensors.py took 0.069 seconds
[2024-12-25T13:34:04.793+0000] {processor.py:186} INFO - Started process (PID=120) to work on /home/airflow/.local/lib/python3.12/site-packages/airflow/example_dags/example_sensors.py
[2024-12-25T13:34:04.793+0000] {processor.py:914} INFO - Processing file /home/airflow/.local/lib/python3.12/site-packages/airflow/example_dags/example_sensors.py for tasks to queue
[2024-12-25T13:34:04.795+0000] {logging_mixin.py:190} INFO - [2024-12-25T13:34:04.795+0000] {dagbag.py:588} INFO - Filling up the DagBag from /home/airflow/.local/lib/python3.12/site-packages/airflow/example_dags/example_sensors.py
[2024-12-25T13:34:04.803+0000] {processor.py:925} INFO - DAG(s) 'example_sensors' retrieved from /home/airflow/.local/lib/python3.12/site-packages/airflow/example_dags/example_sensors.py
[2024-12-25T13:34:04.822+0000] {logging_mixin.py:190} INFO - [2024-12-25T13:34:04.821+0000] {dag.py:3239} INFO - Sync 1 DAGs
[2024-12-25T13:34:04.833+0000] {logging_mixin.py:190} INFO - [2024-12-25T13:34:04.833+0000] {dag.py:4180} INFO - Setting next_dagrun for example_sensors to None, run_after=None
[2024-12-25T13:34:04.852+0000] {processor.py:208} INFO - Processing /home/airflow/.local/lib/python3.12/site-packages/airflow/example_dags/example_sensors.py took 0.063 seconds
