[2024-12-25T13:11:04.022+0000] {processor.py:186} INFO - Started process (PID=117) to work on /home/airflow/.local/lib/python3.12/site-packages/airflow/example_dags/tutorial_dag.py
[2024-12-25T13:11:04.023+0000] {processor.py:914} INFO - Processing file /home/airflow/.local/lib/python3.12/site-packages/airflow/example_dags/tutorial_dag.py for tasks to queue
[2024-12-25T13:11:04.025+0000] {logging_mixin.py:190} INFO - [2024-12-25T13:11:04.025+0000] {dagbag.py:588} INFO - Filling up the DagBag from /home/airflow/.local/lib/python3.12/site-packages/airflow/example_dags/tutorial_dag.py
[2024-12-25T13:11:04.034+0000] {processor.py:925} INFO - DAG(s) 'tutorial_dag' retrieved from /home/airflow/.local/lib/python3.12/site-packages/airflow/example_dags/tutorial_dag.py
[2024-12-25T13:11:04.141+0000] {logging_mixin.py:190} INFO - [2024-12-25T13:11:04.141+0000] {override.py:1911} INFO - Created Permission View: can edit on DAG:tutorial_dag
[2024-12-25T13:11:04.153+0000] {logging_mixin.py:190} INFO - [2024-12-25T13:11:04.153+0000] {override.py:1911} INFO - Created Permission View: can read on DAG:tutorial_dag
[2024-12-25T13:11:04.161+0000] {logging_mixin.py:190} INFO - [2024-12-25T13:11:04.161+0000] {override.py:1911} INFO - Created Permission View: can delete on DAG:tutorial_dag
[2024-12-25T13:11:04.171+0000] {logging_mixin.py:190} INFO - [2024-12-25T13:11:04.171+0000] {override.py:1911} INFO - Created Permission View: can create on DAG Run:tutorial_dag
[2024-12-25T13:11:04.177+0000] {logging_mixin.py:190} INFO - [2024-12-25T13:11:04.177+0000] {override.py:1911} INFO - Created Permission View: menu access on DAG Run:tutorial_dag
[2024-12-25T13:11:04.183+0000] {logging_mixin.py:190} INFO - [2024-12-25T13:11:04.183+0000] {override.py:1911} INFO - Created Permission View: can read on DAG Run:tutorial_dag
[2024-12-25T13:11:04.189+0000] {logging_mixin.py:190} INFO - [2024-12-25T13:11:04.189+0000] {override.py:1911} INFO - Created Permission View: can delete on DAG Run:tutorial_dag
[2024-12-25T13:11:04.189+0000] {logging_mixin.py:190} INFO - [2024-12-25T13:11:04.189+0000] {dag.py:3239} INFO - Sync 1 DAGs
[2024-12-25T13:11:04.204+0000] {logging_mixin.py:190} INFO - [2024-12-25T13:11:04.204+0000] {dag.py:3262} INFO - Creating ORM DAG for tutorial_dag
[2024-12-25T13:11:04.205+0000] {logging_mixin.py:190} INFO - [2024-12-25T13:11:04.205+0000] {dag.py:4180} INFO - Setting next_dagrun for tutorial_dag to None, run_after=None
[2024-12-25T13:11:04.218+0000] {processor.py:208} INFO - Processing /home/airflow/.local/lib/python3.12/site-packages/airflow/example_dags/tutorial_dag.py took 0.202 seconds
[2024-12-25T13:11:34.462+0000] {processor.py:186} INFO - Started process (PID=181) to work on /home/airflow/.local/lib/python3.12/site-packages/airflow/example_dags/tutorial_dag.py
[2024-12-25T13:11:34.464+0000] {processor.py:914} INFO - Processing file /home/airflow/.local/lib/python3.12/site-packages/airflow/example_dags/tutorial_dag.py for tasks to queue
[2024-12-25T13:11:34.465+0000] {logging_mixin.py:190} INFO - [2024-12-25T13:11:34.465+0000] {dagbag.py:588} INFO - Filling up the DagBag from /home/airflow/.local/lib/python3.12/site-packages/airflow/example_dags/tutorial_dag.py
[2024-12-25T13:11:34.471+0000] {processor.py:925} INFO - DAG(s) 'tutorial_dag' retrieved from /home/airflow/.local/lib/python3.12/site-packages/airflow/example_dags/tutorial_dag.py
[2024-12-25T13:11:34.487+0000] {logging_mixin.py:190} INFO - [2024-12-25T13:11:34.487+0000] {dag.py:3239} INFO - Sync 1 DAGs
[2024-12-25T13:11:34.498+0000] {logging_mixin.py:190} INFO - [2024-12-25T13:11:34.498+0000] {dag.py:4180} INFO - Setting next_dagrun for tutorial_dag to None, run_after=None
[2024-12-25T13:11:34.513+0000] {processor.py:208} INFO - Processing /home/airflow/.local/lib/python3.12/site-packages/airflow/example_dags/tutorial_dag.py took 0.056 seconds
[2024-12-25T13:28:52.022+0000] {processor.py:186} INFO - Started process (PID=116) to work on /home/airflow/.local/lib/python3.12/site-packages/airflow/example_dags/tutorial_dag.py
[2024-12-25T13:28:52.023+0000] {processor.py:914} INFO - Processing file /home/airflow/.local/lib/python3.12/site-packages/airflow/example_dags/tutorial_dag.py for tasks to queue
[2024-12-25T13:28:52.024+0000] {logging_mixin.py:190} INFO - [2024-12-25T13:28:52.024+0000] {dagbag.py:588} INFO - Filling up the DagBag from /home/airflow/.local/lib/python3.12/site-packages/airflow/example_dags/tutorial_dag.py
[2024-12-25T13:28:52.032+0000] {processor.py:925} INFO - DAG(s) 'tutorial_dag' retrieved from /home/airflow/.local/lib/python3.12/site-packages/airflow/example_dags/tutorial_dag.py
[2024-12-25T13:28:52.049+0000] {logging_mixin.py:190} INFO - [2024-12-25T13:28:52.048+0000] {dag.py:3239} INFO - Sync 1 DAGs
[2024-12-25T13:28:52.061+0000] {logging_mixin.py:190} INFO - [2024-12-25T13:28:52.061+0000] {dag.py:4180} INFO - Setting next_dagrun for tutorial_dag to None, run_after=None
[2024-12-25T13:28:52.080+0000] {processor.py:208} INFO - Processing /home/airflow/.local/lib/python3.12/site-packages/airflow/example_dags/tutorial_dag.py took 0.064 seconds
[2024-12-25T13:29:22.879+0000] {processor.py:186} INFO - Started process (PID=180) to work on /home/airflow/.local/lib/python3.12/site-packages/airflow/example_dags/tutorial_dag.py
[2024-12-25T13:29:22.880+0000] {processor.py:914} INFO - Processing file /home/airflow/.local/lib/python3.12/site-packages/airflow/example_dags/tutorial_dag.py for tasks to queue
[2024-12-25T13:29:22.882+0000] {logging_mixin.py:190} INFO - [2024-12-25T13:29:22.881+0000] {dagbag.py:588} INFO - Filling up the DagBag from /home/airflow/.local/lib/python3.12/site-packages/airflow/example_dags/tutorial_dag.py
[2024-12-25T13:29:22.888+0000] {processor.py:925} INFO - DAG(s) 'tutorial_dag' retrieved from /home/airflow/.local/lib/python3.12/site-packages/airflow/example_dags/tutorial_dag.py
[2024-12-25T13:29:22.904+0000] {logging_mixin.py:190} INFO - [2024-12-25T13:29:22.903+0000] {dag.py:3239} INFO - Sync 1 DAGs
[2024-12-25T13:29:22.916+0000] {logging_mixin.py:190} INFO - [2024-12-25T13:29:22.916+0000] {dag.py:4180} INFO - Setting next_dagrun for tutorial_dag to None, run_after=None
[2024-12-25T13:29:22.933+0000] {processor.py:208} INFO - Processing /home/airflow/.local/lib/python3.12/site-packages/airflow/example_dags/tutorial_dag.py took 0.058 seconds
[2024-12-25T13:29:53.155+0000] {processor.py:186} INFO - Started process (PID=244) to work on /home/airflow/.local/lib/python3.12/site-packages/airflow/example_dags/tutorial_dag.py
[2024-12-25T13:29:53.156+0000] {processor.py:914} INFO - Processing file /home/airflow/.local/lib/python3.12/site-packages/airflow/example_dags/tutorial_dag.py for tasks to queue
[2024-12-25T13:29:53.158+0000] {logging_mixin.py:190} INFO - [2024-12-25T13:29:53.158+0000] {dagbag.py:588} INFO - Filling up the DagBag from /home/airflow/.local/lib/python3.12/site-packages/airflow/example_dags/tutorial_dag.py
[2024-12-25T13:29:53.165+0000] {processor.py:925} INFO - DAG(s) 'tutorial_dag' retrieved from /home/airflow/.local/lib/python3.12/site-packages/airflow/example_dags/tutorial_dag.py
[2024-12-25T13:29:53.181+0000] {logging_mixin.py:190} INFO - [2024-12-25T13:29:53.181+0000] {dag.py:3239} INFO - Sync 1 DAGs
[2024-12-25T13:29:53.193+0000] {logging_mixin.py:190} INFO - [2024-12-25T13:29:53.192+0000] {dag.py:4180} INFO - Setting next_dagrun for tutorial_dag to None, run_after=None
[2024-12-25T13:29:53.210+0000] {processor.py:208} INFO - Processing /home/airflow/.local/lib/python3.12/site-packages/airflow/example_dags/tutorial_dag.py took 0.060 seconds
[2024-12-25T13:30:24.443+0000] {processor.py:186} INFO - Started process (PID=308) to work on /home/airflow/.local/lib/python3.12/site-packages/airflow/example_dags/tutorial_dag.py
[2024-12-25T13:30:24.444+0000] {processor.py:914} INFO - Processing file /home/airflow/.local/lib/python3.12/site-packages/airflow/example_dags/tutorial_dag.py for tasks to queue
[2024-12-25T13:30:24.445+0000] {logging_mixin.py:190} INFO - [2024-12-25T13:30:24.445+0000] {dagbag.py:588} INFO - Filling up the DagBag from /home/airflow/.local/lib/python3.12/site-packages/airflow/example_dags/tutorial_dag.py
[2024-12-25T13:30:24.451+0000] {processor.py:925} INFO - DAG(s) 'tutorial_dag' retrieved from /home/airflow/.local/lib/python3.12/site-packages/airflow/example_dags/tutorial_dag.py
[2024-12-25T13:30:24.467+0000] {logging_mixin.py:190} INFO - [2024-12-25T13:30:24.467+0000] {dag.py:3239} INFO - Sync 1 DAGs
[2024-12-25T13:30:24.479+0000] {logging_mixin.py:190} INFO - [2024-12-25T13:30:24.479+0000] {dag.py:4180} INFO - Setting next_dagrun for tutorial_dag to None, run_after=None
[2024-12-25T13:30:24.493+0000] {processor.py:208} INFO - Processing /home/airflow/.local/lib/python3.12/site-packages/airflow/example_dags/tutorial_dag.py took 0.055 seconds
[2024-12-25T13:33:38.253+0000] {processor.py:186} INFO - Started process (PID=110) to work on /home/airflow/.local/lib/python3.12/site-packages/airflow/example_dags/tutorial_dag.py
[2024-12-25T13:33:38.253+0000] {processor.py:914} INFO - Processing file /home/airflow/.local/lib/python3.12/site-packages/airflow/example_dags/tutorial_dag.py for tasks to queue
[2024-12-25T13:33:38.255+0000] {logging_mixin.py:190} INFO - [2024-12-25T13:33:38.255+0000] {dagbag.py:588} INFO - Filling up the DagBag from /home/airflow/.local/lib/python3.12/site-packages/airflow/example_dags/tutorial_dag.py
[2024-12-25T13:33:38.261+0000] {processor.py:925} INFO - DAG(s) 'tutorial_dag' retrieved from /home/airflow/.local/lib/python3.12/site-packages/airflow/example_dags/tutorial_dag.py
[2024-12-25T13:33:38.277+0000] {logging_mixin.py:190} INFO - [2024-12-25T13:33:38.276+0000] {dag.py:3239} INFO - Sync 1 DAGs
[2024-12-25T13:33:38.290+0000] {logging_mixin.py:190} INFO - [2024-12-25T13:33:38.289+0000] {dag.py:4180} INFO - Setting next_dagrun for tutorial_dag to None, run_after=None
[2024-12-25T13:33:38.307+0000] {processor.py:208} INFO - Processing /home/airflow/.local/lib/python3.12/site-packages/airflow/example_dags/tutorial_dag.py took 0.059 seconds
[2024-12-25T13:34:08.688+0000] {processor.py:186} INFO - Started process (PID=174) to work on /home/airflow/.local/lib/python3.12/site-packages/airflow/example_dags/tutorial_dag.py
[2024-12-25T13:34:08.688+0000] {processor.py:914} INFO - Processing file /home/airflow/.local/lib/python3.12/site-packages/airflow/example_dags/tutorial_dag.py for tasks to queue
[2024-12-25T13:34:08.690+0000] {logging_mixin.py:190} INFO - [2024-12-25T13:34:08.690+0000] {dagbag.py:588} INFO - Filling up the DagBag from /home/airflow/.local/lib/python3.12/site-packages/airflow/example_dags/tutorial_dag.py
[2024-12-25T13:34:08.696+0000] {processor.py:925} INFO - DAG(s) 'tutorial_dag' retrieved from /home/airflow/.local/lib/python3.12/site-packages/airflow/example_dags/tutorial_dag.py
[2024-12-25T13:34:08.711+0000] {logging_mixin.py:190} INFO - [2024-12-25T13:34:08.711+0000] {dag.py:3239} INFO - Sync 1 DAGs
[2024-12-25T13:34:08.723+0000] {logging_mixin.py:190} INFO - [2024-12-25T13:34:08.722+0000] {dag.py:4180} INFO - Setting next_dagrun for tutorial_dag to None, run_after=None
[2024-12-25T13:34:08.737+0000] {processor.py:208} INFO - Processing /home/airflow/.local/lib/python3.12/site-packages/airflow/example_dags/tutorial_dag.py took 0.054 seconds
