[2024-12-25T13:11:01.424+0000] {processor.py:186} INFO - Started process (PID=99) to work on /home/airflow/.local/lib/python3.12/site-packages/airflow/example_dags/tutorial.py
[2024-12-25T13:11:01.425+0000] {processor.py:914} INFO - Processing file /home/airflow/.local/lib/python3.12/site-packages/airflow/example_dags/tutorial.py for tasks to queue
[2024-12-25T13:11:01.426+0000] {logging_mixin.py:190} INFO - [2024-12-25T13:11:01.426+0000] {dagbag.py:588} INFO - Filling up the DagBag from /home/airflow/.local/lib/python3.12/site-packages/airflow/example_dags/tutorial.py
[2024-12-25T13:11:01.436+0000] {processor.py:925} INFO - DAG(s) 'tutorial' retrieved from /home/airflow/.local/lib/python3.12/site-packages/airflow/example_dags/tutorial.py
[2024-12-25T13:11:01.543+0000] {logging_mixin.py:190} INFO - [2024-12-25T13:11:01.542+0000] {override.py:1911} INFO - Created Permission View: can edit on DAG:tutorial
[2024-12-25T13:11:01.555+0000] {logging_mixin.py:190} INFO - [2024-12-25T13:11:01.554+0000] {override.py:1911} INFO - Created Permission View: can read on DAG:tutorial
[2024-12-25T13:11:01.560+0000] {logging_mixin.py:190} INFO - [2024-12-25T13:11:01.560+0000] {override.py:1911} INFO - Created Permission View: can delete on DAG:tutorial
[2024-12-25T13:11:01.568+0000] {logging_mixin.py:190} INFO - [2024-12-25T13:11:01.568+0000] {override.py:1911} INFO - Created Permission View: can create on DAG Run:tutorial
[2024-12-25T13:11:01.576+0000] {logging_mixin.py:190} INFO - [2024-12-25T13:11:01.576+0000] {override.py:1911} INFO - Created Permission View: menu access on DAG Run:tutorial
[2024-12-25T13:11:01.582+0000] {logging_mixin.py:190} INFO - [2024-12-25T13:11:01.582+0000] {override.py:1911} INFO - Created Permission View: can read on DAG Run:tutorial
[2024-12-25T13:11:01.589+0000] {logging_mixin.py:190} INFO - [2024-12-25T13:11:01.588+0000] {override.py:1911} INFO - Created Permission View: can delete on DAG Run:tutorial
[2024-12-25T13:11:01.589+0000] {logging_mixin.py:190} INFO - [2024-12-25T13:11:01.589+0000] {dag.py:3239} INFO - Sync 1 DAGs
[2024-12-25T13:11:01.602+0000] {logging_mixin.py:190} INFO - [2024-12-25T13:11:01.602+0000] {dag.py:3262} INFO - Creating ORM DAG for tutorial
[2024-12-25T13:11:01.614+0000] {logging_mixin.py:190} INFO - [2024-12-25T13:11:01.613+0000] {dag.py:4180} INFO - Setting next_dagrun for tutorial to 2024-12-24 00:00:00+00:00, run_after=2024-12-25 00:00:00+00:00
[2024-12-25T13:11:01.628+0000] {processor.py:208} INFO - Processing /home/airflow/.local/lib/python3.12/site-packages/airflow/example_dags/tutorial.py took 0.210 seconds
[2024-12-25T13:11:32.037+0000] {processor.py:186} INFO - Started process (PID=163) to work on /home/airflow/.local/lib/python3.12/site-packages/airflow/example_dags/tutorial.py
[2024-12-25T13:11:32.037+0000] {processor.py:914} INFO - Processing file /home/airflow/.local/lib/python3.12/site-packages/airflow/example_dags/tutorial.py for tasks to queue
[2024-12-25T13:11:32.039+0000] {logging_mixin.py:190} INFO - [2024-12-25T13:11:32.039+0000] {dagbag.py:588} INFO - Filling up the DagBag from /home/airflow/.local/lib/python3.12/site-packages/airflow/example_dags/tutorial.py
[2024-12-25T13:11:32.045+0000] {processor.py:925} INFO - DAG(s) 'tutorial' retrieved from /home/airflow/.local/lib/python3.12/site-packages/airflow/example_dags/tutorial.py
[2024-12-25T13:11:32.061+0000] {logging_mixin.py:190} INFO - [2024-12-25T13:11:32.060+0000] {dag.py:3239} INFO - Sync 1 DAGs
[2024-12-25T13:11:32.080+0000] {logging_mixin.py:190} INFO - [2024-12-25T13:11:32.079+0000] {dag.py:4180} INFO - Setting next_dagrun for tutorial to 2024-12-24 00:00:00+00:00, run_after=2024-12-25 00:00:00+00:00
[2024-12-25T13:11:32.096+0000] {processor.py:208} INFO - Processing /home/airflow/.local/lib/python3.12/site-packages/airflow/example_dags/tutorial.py took 0.064 seconds
[2024-12-25T13:28:50.390+0000] {processor.py:186} INFO - Started process (PID=98) to work on /home/airflow/.local/lib/python3.12/site-packages/airflow/example_dags/tutorial.py
[2024-12-25T13:28:50.390+0000] {processor.py:914} INFO - Processing file /home/airflow/.local/lib/python3.12/site-packages/airflow/example_dags/tutorial.py for tasks to queue
[2024-12-25T13:28:50.392+0000] {logging_mixin.py:190} INFO - [2024-12-25T13:28:50.392+0000] {dagbag.py:588} INFO - Filling up the DagBag from /home/airflow/.local/lib/python3.12/site-packages/airflow/example_dags/tutorial.py
[2024-12-25T13:28:50.400+0000] {processor.py:925} INFO - DAG(s) 'tutorial' retrieved from /home/airflow/.local/lib/python3.12/site-packages/airflow/example_dags/tutorial.py
[2024-12-25T13:28:50.418+0000] {logging_mixin.py:190} INFO - [2024-12-25T13:28:50.417+0000] {dag.py:3239} INFO - Sync 1 DAGs
[2024-12-25T13:28:50.439+0000] {logging_mixin.py:190} INFO - [2024-12-25T13:28:50.439+0000] {dag.py:4180} INFO - Setting next_dagrun for tutorial to 2024-12-24 00:00:00+00:00, run_after=2024-12-25 00:00:00+00:00
[2024-12-25T13:28:50.460+0000] {processor.py:208} INFO - Processing /home/airflow/.local/lib/python3.12/site-packages/airflow/example_dags/tutorial.py took 0.076 seconds
[2024-12-25T13:29:20.973+0000] {processor.py:186} INFO - Started process (PID=161) to work on /home/airflow/.local/lib/python3.12/site-packages/airflow/example_dags/tutorial.py
[2024-12-25T13:29:20.975+0000] {processor.py:914} INFO - Processing file /home/airflow/.local/lib/python3.12/site-packages/airflow/example_dags/tutorial.py for tasks to queue
[2024-12-25T13:29:20.977+0000] {logging_mixin.py:190} INFO - [2024-12-25T13:29:20.977+0000] {dagbag.py:588} INFO - Filling up the DagBag from /home/airflow/.local/lib/python3.12/site-packages/airflow/example_dags/tutorial.py
[2024-12-25T13:29:20.985+0000] {processor.py:925} INFO - DAG(s) 'tutorial' retrieved from /home/airflow/.local/lib/python3.12/site-packages/airflow/example_dags/tutorial.py
[2024-12-25T13:29:21.002+0000] {logging_mixin.py:190} INFO - [2024-12-25T13:29:21.002+0000] {dag.py:3239} INFO - Sync 1 DAGs
[2024-12-25T13:29:21.023+0000] {logging_mixin.py:190} INFO - [2024-12-25T13:29:21.023+0000] {dag.py:4180} INFO - Setting next_dagrun for tutorial to 2024-12-24 00:00:00+00:00, run_after=2024-12-25 00:00:00+00:00
[2024-12-25T13:29:21.041+0000] {processor.py:208} INFO - Processing /home/airflow/.local/lib/python3.12/site-packages/airflow/example_dags/tutorial.py took 0.074 seconds
[2024-12-25T13:29:51.621+0000] {processor.py:186} INFO - Started process (PID=226) to work on /home/airflow/.local/lib/python3.12/site-packages/airflow/example_dags/tutorial.py
[2024-12-25T13:29:51.623+0000] {processor.py:914} INFO - Processing file /home/airflow/.local/lib/python3.12/site-packages/airflow/example_dags/tutorial.py for tasks to queue
[2024-12-25T13:29:51.625+0000] {logging_mixin.py:190} INFO - [2024-12-25T13:29:51.625+0000] {dagbag.py:588} INFO - Filling up the DagBag from /home/airflow/.local/lib/python3.12/site-packages/airflow/example_dags/tutorial.py
[2024-12-25T13:29:51.632+0000] {processor.py:925} INFO - DAG(s) 'tutorial' retrieved from /home/airflow/.local/lib/python3.12/site-packages/airflow/example_dags/tutorial.py
[2024-12-25T13:29:51.648+0000] {logging_mixin.py:190} INFO - [2024-12-25T13:29:51.648+0000] {dag.py:3239} INFO - Sync 1 DAGs
[2024-12-25T13:29:51.668+0000] {logging_mixin.py:190} INFO - [2024-12-25T13:29:51.667+0000] {dag.py:4180} INFO - Setting next_dagrun for tutorial to 2024-12-24 00:00:00+00:00, run_after=2024-12-25 00:00:00+00:00
[2024-12-25T13:29:51.684+0000] {processor.py:208} INFO - Processing /home/airflow/.local/lib/python3.12/site-packages/airflow/example_dags/tutorial.py took 0.067 seconds
[2024-12-25T13:30:22.987+0000] {processor.py:186} INFO - Started process (PID=290) to work on /home/airflow/.local/lib/python3.12/site-packages/airflow/example_dags/tutorial.py
[2024-12-25T13:30:22.988+0000] {processor.py:914} INFO - Processing file /home/airflow/.local/lib/python3.12/site-packages/airflow/example_dags/tutorial.py for tasks to queue
[2024-12-25T13:30:22.990+0000] {logging_mixin.py:190} INFO - [2024-12-25T13:30:22.990+0000] {dagbag.py:588} INFO - Filling up the DagBag from /home/airflow/.local/lib/python3.12/site-packages/airflow/example_dags/tutorial.py
[2024-12-25T13:30:22.997+0000] {processor.py:925} INFO - DAG(s) 'tutorial' retrieved from /home/airflow/.local/lib/python3.12/site-packages/airflow/example_dags/tutorial.py
[2024-12-25T13:30:23.015+0000] {logging_mixin.py:190} INFO - [2024-12-25T13:30:23.015+0000] {dag.py:3239} INFO - Sync 1 DAGs
[2024-12-25T13:30:23.036+0000] {logging_mixin.py:190} INFO - [2024-12-25T13:30:23.036+0000] {dag.py:4180} INFO - Setting next_dagrun for tutorial to 2024-12-24 00:00:00+00:00, run_after=2024-12-25 00:00:00+00:00
[2024-12-25T13:30:23.056+0000] {processor.py:208} INFO - Processing /home/airflow/.local/lib/python3.12/site-packages/airflow/example_dags/tutorial.py took 0.074 seconds
[2024-12-25T13:33:36.772+0000] {processor.py:186} INFO - Started process (PID=92) to work on /home/airflow/.local/lib/python3.12/site-packages/airflow/example_dags/tutorial.py
[2024-12-25T13:33:36.773+0000] {processor.py:914} INFO - Processing file /home/airflow/.local/lib/python3.12/site-packages/airflow/example_dags/tutorial.py for tasks to queue
[2024-12-25T13:33:36.775+0000] {logging_mixin.py:190} INFO - [2024-12-25T13:33:36.774+0000] {dagbag.py:588} INFO - Filling up the DagBag from /home/airflow/.local/lib/python3.12/site-packages/airflow/example_dags/tutorial.py
[2024-12-25T13:33:36.781+0000] {processor.py:925} INFO - DAG(s) 'tutorial' retrieved from /home/airflow/.local/lib/python3.12/site-packages/airflow/example_dags/tutorial.py
[2024-12-25T13:33:36.797+0000] {logging_mixin.py:190} INFO - [2024-12-25T13:33:36.796+0000] {dag.py:3239} INFO - Sync 1 DAGs
[2024-12-25T13:33:36.816+0000] {logging_mixin.py:190} INFO - [2024-12-25T13:33:36.815+0000] {dag.py:4180} INFO - Setting next_dagrun for tutorial to 2024-12-24 00:00:00+00:00, run_after=2024-12-25 00:00:00+00:00
[2024-12-25T13:33:36.831+0000] {processor.py:208} INFO - Processing /home/airflow/.local/lib/python3.12/site-packages/airflow/example_dags/tutorial.py took 0.064 seconds
[2024-12-25T13:34:07.350+0000] {processor.py:186} INFO - Started process (PID=156) to work on /home/airflow/.local/lib/python3.12/site-packages/airflow/example_dags/tutorial.py
[2024-12-25T13:34:07.352+0000] {processor.py:914} INFO - Processing file /home/airflow/.local/lib/python3.12/site-packages/airflow/example_dags/tutorial.py for tasks to queue
[2024-12-25T13:34:07.353+0000] {logging_mixin.py:190} INFO - [2024-12-25T13:34:07.353+0000] {dagbag.py:588} INFO - Filling up the DagBag from /home/airflow/.local/lib/python3.12/site-packages/airflow/example_dags/tutorial.py
[2024-12-25T13:34:07.360+0000] {processor.py:925} INFO - DAG(s) 'tutorial' retrieved from /home/airflow/.local/lib/python3.12/site-packages/airflow/example_dags/tutorial.py
[2024-12-25T13:34:07.375+0000] {logging_mixin.py:190} INFO - [2024-12-25T13:34:07.375+0000] {dag.py:3239} INFO - Sync 1 DAGs
[2024-12-25T13:34:07.394+0000] {logging_mixin.py:190} INFO - [2024-12-25T13:34:07.394+0000] {dag.py:4180} INFO - Setting next_dagrun for tutorial to 2024-12-24 00:00:00+00:00, run_after=2024-12-25 00:00:00+00:00
[2024-12-25T13:34:07.409+0000] {processor.py:208} INFO - Processing /home/airflow/.local/lib/python3.12/site-packages/airflow/example_dags/tutorial.py took 0.065 seconds
