[2024-12-25T13:11:02.622+0000] {processor.py:186} INFO - Started process (PID=106) to work on /home/airflow/.local/lib/python3.12/site-packages/airflow/example_dags/tutorial_taskflow_api.py
[2024-12-25T13:11:02.622+0000] {processor.py:914} INFO - Processing file /home/airflow/.local/lib/python3.12/site-packages/airflow/example_dags/tutorial_taskflow_api.py for tasks to queue
[2024-12-25T13:11:02.624+0000] {logging_mixin.py:190} INFO - [2024-12-25T13:11:02.624+0000] {dagbag.py:588} INFO - Filling up the DagBag from /home/airflow/.local/lib/python3.12/site-packages/airflow/example_dags/tutorial_taskflow_api.py
[2024-12-25T13:11:02.631+0000] {processor.py:925} INFO - DAG(s) 'tutorial_taskflow_api' retrieved from /home/airflow/.local/lib/python3.12/site-packages/airflow/example_dags/tutorial_taskflow_api.py
[2024-12-25T13:11:02.718+0000] {logging_mixin.py:190} INFO - [2024-12-25T13:11:02.718+0000] {override.py:1911} INFO - Created Permission View: can edit on DAG:tutorial_taskflow_api
[2024-12-25T13:11:02.728+0000] {logging_mixin.py:190} INFO - [2024-12-25T13:11:02.728+0000] {override.py:1911} INFO - Created Permission View: can read on DAG:tutorial_taskflow_api
[2024-12-25T13:11:02.734+0000] {logging_mixin.py:190} INFO - [2024-12-25T13:11:02.734+0000] {override.py:1911} INFO - Created Permission View: can delete on DAG:tutorial_taskflow_api
[2024-12-25T13:11:02.742+0000] {logging_mixin.py:190} INFO - [2024-12-25T13:11:02.742+0000] {override.py:1911} INFO - Created Permission View: can create on DAG Run:tutorial_taskflow_api
[2024-12-25T13:11:02.748+0000] {logging_mixin.py:190} INFO - [2024-12-25T13:11:02.748+0000] {override.py:1911} INFO - Created Permission View: menu access on DAG Run:tutorial_taskflow_api
[2024-12-25T13:11:02.754+0000] {logging_mixin.py:190} INFO - [2024-12-25T13:11:02.754+0000] {override.py:1911} INFO - Created Permission View: can read on DAG Run:tutorial_taskflow_api
[2024-12-25T13:11:02.760+0000] {logging_mixin.py:190} INFO - [2024-12-25T13:11:02.760+0000] {override.py:1911} INFO - Created Permission View: can delete on DAG Run:tutorial_taskflow_api
[2024-12-25T13:11:02.760+0000] {logging_mixin.py:190} INFO - [2024-12-25T13:11:02.760+0000] {dag.py:3239} INFO - Sync 1 DAGs
[2024-12-25T13:11:02.772+0000] {logging_mixin.py:190} INFO - [2024-12-25T13:11:02.772+0000] {dag.py:3262} INFO - Creating ORM DAG for tutorial_taskflow_api
[2024-12-25T13:11:02.773+0000] {logging_mixin.py:190} INFO - [2024-12-25T13:11:02.773+0000] {dag.py:4180} INFO - Setting next_dagrun for tutorial_taskflow_api to None, run_after=None
[2024-12-25T13:11:02.786+0000] {processor.py:208} INFO - Processing /home/airflow/.local/lib/python3.12/site-packages/airflow/example_dags/tutorial_taskflow_api.py took 0.169 seconds
[2024-12-25T13:11:33.452+0000] {processor.py:186} INFO - Started process (PID=170) to work on /home/airflow/.local/lib/python3.12/site-packages/airflow/example_dags/tutorial_taskflow_api.py
[2024-12-25T13:11:33.454+0000] {processor.py:914} INFO - Processing file /home/airflow/.local/lib/python3.12/site-packages/airflow/example_dags/tutorial_taskflow_api.py for tasks to queue
[2024-12-25T13:11:33.455+0000] {logging_mixin.py:190} INFO - [2024-12-25T13:11:33.455+0000] {dagbag.py:588} INFO - Filling up the DagBag from /home/airflow/.local/lib/python3.12/site-packages/airflow/example_dags/tutorial_taskflow_api.py
[2024-12-25T13:11:33.462+0000] {processor.py:925} INFO - DAG(s) 'tutorial_taskflow_api' retrieved from /home/airflow/.local/lib/python3.12/site-packages/airflow/example_dags/tutorial_taskflow_api.py
[2024-12-25T13:11:33.477+0000] {logging_mixin.py:190} INFO - [2024-12-25T13:11:33.477+0000] {dag.py:3239} INFO - Sync 1 DAGs
[2024-12-25T13:11:33.489+0000] {logging_mixin.py:190} INFO - [2024-12-25T13:11:33.489+0000] {dag.py:4180} INFO - Setting next_dagrun for tutorial_taskflow_api to None, run_after=None
[2024-12-25T13:11:33.506+0000] {processor.py:208} INFO - Processing /home/airflow/.local/lib/python3.12/site-packages/airflow/example_dags/tutorial_taskflow_api.py took 0.059 seconds
[2024-12-25T13:28:50.994+0000] {processor.py:186} INFO - Started process (PID=105) to work on /home/airflow/.local/lib/python3.12/site-packages/airflow/example_dags/tutorial_taskflow_api.py
[2024-12-25T13:28:50.996+0000] {processor.py:914} INFO - Processing file /home/airflow/.local/lib/python3.12/site-packages/airflow/example_dags/tutorial_taskflow_api.py for tasks to queue
[2024-12-25T13:28:50.998+0000] {logging_mixin.py:190} INFO - [2024-12-25T13:28:50.998+0000] {dagbag.py:588} INFO - Filling up the DagBag from /home/airflow/.local/lib/python3.12/site-packages/airflow/example_dags/tutorial_taskflow_api.py
[2024-12-25T13:28:51.005+0000] {processor.py:925} INFO - DAG(s) 'tutorial_taskflow_api' retrieved from /home/airflow/.local/lib/python3.12/site-packages/airflow/example_dags/tutorial_taskflow_api.py
[2024-12-25T13:28:51.021+0000] {logging_mixin.py:190} INFO - [2024-12-25T13:28:51.020+0000] {dag.py:3239} INFO - Sync 1 DAGs
[2024-12-25T13:28:51.032+0000] {logging_mixin.py:190} INFO - [2024-12-25T13:28:51.032+0000] {dag.py:4180} INFO - Setting next_dagrun for tutorial_taskflow_api to None, run_after=None
[2024-12-25T13:28:51.049+0000] {processor.py:208} INFO - Processing /home/airflow/.local/lib/python3.12/site-packages/airflow/example_dags/tutorial_taskflow_api.py took 0.059 seconds
[2024-12-25T13:29:21.470+0000] {processor.py:186} INFO - Started process (PID=169) to work on /home/airflow/.local/lib/python3.12/site-packages/airflow/example_dags/tutorial_taskflow_api.py
[2024-12-25T13:29:21.470+0000] {processor.py:914} INFO - Processing file /home/airflow/.local/lib/python3.12/site-packages/airflow/example_dags/tutorial_taskflow_api.py for tasks to queue
[2024-12-25T13:29:21.472+0000] {logging_mixin.py:190} INFO - [2024-12-25T13:29:21.472+0000] {dagbag.py:588} INFO - Filling up the DagBag from /home/airflow/.local/lib/python3.12/site-packages/airflow/example_dags/tutorial_taskflow_api.py
[2024-12-25T13:29:21.480+0000] {processor.py:925} INFO - DAG(s) 'tutorial_taskflow_api' retrieved from /home/airflow/.local/lib/python3.12/site-packages/airflow/example_dags/tutorial_taskflow_api.py
[2024-12-25T13:29:21.495+0000] {logging_mixin.py:190} INFO - [2024-12-25T13:29:21.495+0000] {dag.py:3239} INFO - Sync 1 DAGs
[2024-12-25T13:29:21.506+0000] {logging_mixin.py:190} INFO - [2024-12-25T13:29:21.506+0000] {dag.py:4180} INFO - Setting next_dagrun for tutorial_taskflow_api to None, run_after=None
[2024-12-25T13:29:21.527+0000] {processor.py:208} INFO - Processing /home/airflow/.local/lib/python3.12/site-packages/airflow/example_dags/tutorial_taskflow_api.py took 0.063 seconds
[2024-12-25T13:29:51.926+0000] {processor.py:186} INFO - Started process (PID=232) to work on /home/airflow/.local/lib/python3.12/site-packages/airflow/example_dags/tutorial_taskflow_api.py
[2024-12-25T13:29:51.926+0000] {processor.py:914} INFO - Processing file /home/airflow/.local/lib/python3.12/site-packages/airflow/example_dags/tutorial_taskflow_api.py for tasks to queue
[2024-12-25T13:29:51.928+0000] {logging_mixin.py:190} INFO - [2024-12-25T13:29:51.928+0000] {dagbag.py:588} INFO - Filling up the DagBag from /home/airflow/.local/lib/python3.12/site-packages/airflow/example_dags/tutorial_taskflow_api.py
[2024-12-25T13:29:51.934+0000] {processor.py:925} INFO - DAG(s) 'tutorial_taskflow_api' retrieved from /home/airflow/.local/lib/python3.12/site-packages/airflow/example_dags/tutorial_taskflow_api.py
[2024-12-25T13:29:51.950+0000] {logging_mixin.py:190} INFO - [2024-12-25T13:29:51.950+0000] {dag.py:3239} INFO - Sync 1 DAGs
[2024-12-25T13:29:51.963+0000] {logging_mixin.py:190} INFO - [2024-12-25T13:29:51.963+0000] {dag.py:4180} INFO - Setting next_dagrun for tutorial_taskflow_api to None, run_after=None
[2024-12-25T13:29:51.982+0000] {processor.py:208} INFO - Processing /home/airflow/.local/lib/python3.12/site-packages/airflow/example_dags/tutorial_taskflow_api.py took 0.061 seconds
[2024-12-25T13:30:23.322+0000] {processor.py:186} INFO - Started process (PID=296) to work on /home/airflow/.local/lib/python3.12/site-packages/airflow/example_dags/tutorial_taskflow_api.py
[2024-12-25T13:30:23.322+0000] {processor.py:914} INFO - Processing file /home/airflow/.local/lib/python3.12/site-packages/airflow/example_dags/tutorial_taskflow_api.py for tasks to queue
[2024-12-25T13:30:23.324+0000] {logging_mixin.py:190} INFO - [2024-12-25T13:30:23.324+0000] {dagbag.py:588} INFO - Filling up the DagBag from /home/airflow/.local/lib/python3.12/site-packages/airflow/example_dags/tutorial_taskflow_api.py
[2024-12-25T13:30:23.333+0000] {processor.py:925} INFO - DAG(s) 'tutorial_taskflow_api' retrieved from /home/airflow/.local/lib/python3.12/site-packages/airflow/example_dags/tutorial_taskflow_api.py
[2024-12-25T13:30:23.349+0000] {logging_mixin.py:190} INFO - [2024-12-25T13:30:23.349+0000] {dag.py:3239} INFO - Sync 1 DAGs
[2024-12-25T13:30:23.362+0000] {logging_mixin.py:190} INFO - [2024-12-25T13:30:23.362+0000] {dag.py:4180} INFO - Setting next_dagrun for tutorial_taskflow_api to None, run_after=None
[2024-12-25T13:30:23.379+0000] {processor.py:208} INFO - Processing /home/airflow/.local/lib/python3.12/site-packages/airflow/example_dags/tutorial_taskflow_api.py took 0.064 seconds
[2024-12-25T13:33:37.249+0000] {processor.py:186} INFO - Started process (PID=99) to work on /home/airflow/.local/lib/python3.12/site-packages/airflow/example_dags/tutorial_taskflow_api.py
[2024-12-25T13:33:37.251+0000] {processor.py:914} INFO - Processing file /home/airflow/.local/lib/python3.12/site-packages/airflow/example_dags/tutorial_taskflow_api.py for tasks to queue
[2024-12-25T13:33:37.253+0000] {logging_mixin.py:190} INFO - [2024-12-25T13:33:37.253+0000] {dagbag.py:588} INFO - Filling up the DagBag from /home/airflow/.local/lib/python3.12/site-packages/airflow/example_dags/tutorial_taskflow_api.py
[2024-12-25T13:33:37.260+0000] {processor.py:925} INFO - DAG(s) 'tutorial_taskflow_api' retrieved from /home/airflow/.local/lib/python3.12/site-packages/airflow/example_dags/tutorial_taskflow_api.py
[2024-12-25T13:33:37.274+0000] {logging_mixin.py:190} INFO - [2024-12-25T13:33:37.274+0000] {dag.py:3239} INFO - Sync 1 DAGs
[2024-12-25T13:33:37.286+0000] {logging_mixin.py:190} INFO - [2024-12-25T13:33:37.286+0000] {dag.py:4180} INFO - Setting next_dagrun for tutorial_taskflow_api to None, run_after=None
[2024-12-25T13:33:37.302+0000] {processor.py:208} INFO - Processing /home/airflow/.local/lib/python3.12/site-packages/airflow/example_dags/tutorial_taskflow_api.py took 0.057 seconds
[2024-12-25T13:34:07.638+0000] {processor.py:186} INFO - Started process (PID=162) to work on /home/airflow/.local/lib/python3.12/site-packages/airflow/example_dags/tutorial_taskflow_api.py
[2024-12-25T13:34:07.639+0000] {processor.py:914} INFO - Processing file /home/airflow/.local/lib/python3.12/site-packages/airflow/example_dags/tutorial_taskflow_api.py for tasks to queue
[2024-12-25T13:34:07.641+0000] {logging_mixin.py:190} INFO - [2024-12-25T13:34:07.640+0000] {dagbag.py:588} INFO - Filling up the DagBag from /home/airflow/.local/lib/python3.12/site-packages/airflow/example_dags/tutorial_taskflow_api.py
[2024-12-25T13:34:07.647+0000] {processor.py:925} INFO - DAG(s) 'tutorial_taskflow_api' retrieved from /home/airflow/.local/lib/python3.12/site-packages/airflow/example_dags/tutorial_taskflow_api.py
[2024-12-25T13:34:07.662+0000] {logging_mixin.py:190} INFO - [2024-12-25T13:34:07.662+0000] {dag.py:3239} INFO - Sync 1 DAGs
[2024-12-25T13:34:07.673+0000] {logging_mixin.py:190} INFO - [2024-12-25T13:34:07.673+0000] {dag.py:4180} INFO - Setting next_dagrun for tutorial_taskflow_api to None, run_after=None
[2024-12-25T13:34:07.687+0000] {processor.py:208} INFO - Processing /home/airflow/.local/lib/python3.12/site-packages/airflow/example_dags/tutorial_taskflow_api.py took 0.054 seconds
