[2024-12-25T13:11:00.305+0000] {processor.py:186} INFO - Started process (PID=89) to work on /home/airflow/.local/lib/python3.12/site-packages/airflow/example_dags/tutorial_taskflow_templates.py
[2024-12-25T13:11:00.306+0000] {processor.py:914} INFO - Processing file /home/airflow/.local/lib/python3.12/site-packages/airflow/example_dags/tutorial_taskflow_templates.py for tasks to queue
[2024-12-25T13:11:00.308+0000] {logging_mixin.py:190} INFO - [2024-12-25T13:11:00.307+0000] {dagbag.py:588} INFO - Filling up the DagBag from /home/airflow/.local/lib/python3.12/site-packages/airflow/example_dags/tutorial_taskflow_templates.py
[2024-12-25T13:11:00.319+0000] {processor.py:925} INFO - DAG(s) 'tutorial_taskflow_templates' retrieved from /home/airflow/.local/lib/python3.12/site-packages/airflow/example_dags/tutorial_taskflow_templates.py
[2024-12-25T13:11:00.408+0000] {logging_mixin.py:190} INFO - [2024-12-25T13:11:00.408+0000] {override.py:1911} INFO - Created Permission View: can edit on DAG:tutorial_taskflow_templates
[2024-12-25T13:11:00.416+0000] {logging_mixin.py:190} INFO - [2024-12-25T13:11:00.416+0000] {override.py:1911} INFO - Created Permission View: can read on DAG:tutorial_taskflow_templates
[2024-12-25T13:11:00.422+0000] {logging_mixin.py:190} INFO - [2024-12-25T13:11:00.422+0000] {override.py:1911} INFO - Created Permission View: can delete on DAG:tutorial_taskflow_templates
[2024-12-25T13:11:00.430+0000] {logging_mixin.py:190} INFO - [2024-12-25T13:11:00.430+0000] {override.py:1911} INFO - Created Permission View: can create on DAG Run:tutorial_taskflow_templates
[2024-12-25T13:11:00.436+0000] {logging_mixin.py:190} INFO - [2024-12-25T13:11:00.436+0000] {override.py:1911} INFO - Created Permission View: menu access on DAG Run:tutorial_taskflow_templates
[2024-12-25T13:11:00.442+0000] {logging_mixin.py:190} INFO - [2024-12-25T13:11:00.442+0000] {override.py:1911} INFO - Created Permission View: can read on DAG Run:tutorial_taskflow_templates
[2024-12-25T13:11:00.448+0000] {logging_mixin.py:190} INFO - [2024-12-25T13:11:00.448+0000] {override.py:1911} INFO - Created Permission View: can delete on DAG Run:tutorial_taskflow_templates
[2024-12-25T13:11:00.449+0000] {logging_mixin.py:190} INFO - [2024-12-25T13:11:00.448+0000] {dag.py:3239} INFO - Sync 1 DAGs
[2024-12-25T13:11:00.459+0000] {logging_mixin.py:190} INFO - [2024-12-25T13:11:00.458+0000] {dag.py:3262} INFO - Creating ORM DAG for tutorial_taskflow_templates
[2024-12-25T13:11:00.467+0000] {logging_mixin.py:190} INFO - [2024-12-25T13:11:00.467+0000] {dag.py:4180} INFO - Setting next_dagrun for tutorial_taskflow_templates to 2024-12-24 00:00:00+00:00, run_after=2024-12-25 00:00:00+00:00
[2024-12-25T13:11:00.481+0000] {processor.py:208} INFO - Processing /home/airflow/.local/lib/python3.12/site-packages/airflow/example_dags/tutorial_taskflow_templates.py took 0.181 seconds
[2024-12-25T13:11:31.507+0000] {processor.py:186} INFO - Started process (PID=153) to work on /home/airflow/.local/lib/python3.12/site-packages/airflow/example_dags/tutorial_taskflow_templates.py
[2024-12-25T13:11:31.508+0000] {processor.py:914} INFO - Processing file /home/airflow/.local/lib/python3.12/site-packages/airflow/example_dags/tutorial_taskflow_templates.py for tasks to queue
[2024-12-25T13:11:31.510+0000] {logging_mixin.py:190} INFO - [2024-12-25T13:11:31.510+0000] {dagbag.py:588} INFO - Filling up the DagBag from /home/airflow/.local/lib/python3.12/site-packages/airflow/example_dags/tutorial_taskflow_templates.py
[2024-12-25T13:11:31.521+0000] {processor.py:925} INFO - DAG(s) 'tutorial_taskflow_templates' retrieved from /home/airflow/.local/lib/python3.12/site-packages/airflow/example_dags/tutorial_taskflow_templates.py
[2024-12-25T13:11:31.537+0000] {logging_mixin.py:190} INFO - [2024-12-25T13:11:31.537+0000] {dag.py:3239} INFO - Sync 1 DAGs
[2024-12-25T13:11:31.558+0000] {logging_mixin.py:190} INFO - [2024-12-25T13:11:31.558+0000] {dag.py:4180} INFO - Setting next_dagrun for tutorial_taskflow_templates to 2024-12-24 00:00:00+00:00, run_after=2024-12-25 00:00:00+00:00
[2024-12-25T13:11:31.574+0000] {processor.py:208} INFO - Processing /home/airflow/.local/lib/python3.12/site-packages/airflow/example_dags/tutorial_taskflow_templates.py took 0.072 seconds
[2024-12-25T13:28:49.669+0000] {processor.py:186} INFO - Started process (PID=88) to work on /home/airflow/.local/lib/python3.12/site-packages/airflow/example_dags/tutorial_taskflow_templates.py
[2024-12-25T13:28:49.671+0000] {processor.py:914} INFO - Processing file /home/airflow/.local/lib/python3.12/site-packages/airflow/example_dags/tutorial_taskflow_templates.py for tasks to queue
[2024-12-25T13:28:49.673+0000] {logging_mixin.py:190} INFO - [2024-12-25T13:28:49.673+0000] {dagbag.py:588} INFO - Filling up the DagBag from /home/airflow/.local/lib/python3.12/site-packages/airflow/example_dags/tutorial_taskflow_templates.py
[2024-12-25T13:28:49.685+0000] {processor.py:925} INFO - DAG(s) 'tutorial_taskflow_templates' retrieved from /home/airflow/.local/lib/python3.12/site-packages/airflow/example_dags/tutorial_taskflow_templates.py
[2024-12-25T13:28:49.703+0000] {logging_mixin.py:190} INFO - [2024-12-25T13:28:49.703+0000] {dag.py:3239} INFO - Sync 1 DAGs
[2024-12-25T13:28:49.722+0000] {logging_mixin.py:190} INFO - [2024-12-25T13:28:49.722+0000] {dag.py:4180} INFO - Setting next_dagrun for tutorial_taskflow_templates to 2024-12-24 00:00:00+00:00, run_after=2024-12-25 00:00:00+00:00
[2024-12-25T13:28:49.738+0000] {processor.py:208} INFO - Processing /home/airflow/.local/lib/python3.12/site-packages/airflow/example_dags/tutorial_taskflow_templates.py took 0.073 seconds
[2024-12-25T13:29:20.328+0000] {processor.py:186} INFO - Started process (PID=152) to work on /home/airflow/.local/lib/python3.12/site-packages/airflow/example_dags/tutorial_taskflow_templates.py
[2024-12-25T13:29:20.330+0000] {processor.py:914} INFO - Processing file /home/airflow/.local/lib/python3.12/site-packages/airflow/example_dags/tutorial_taskflow_templates.py for tasks to queue
[2024-12-25T13:29:20.332+0000] {logging_mixin.py:190} INFO - [2024-12-25T13:29:20.332+0000] {dagbag.py:588} INFO - Filling up the DagBag from /home/airflow/.local/lib/python3.12/site-packages/airflow/example_dags/tutorial_taskflow_templates.py
[2024-12-25T13:29:20.342+0000] {processor.py:925} INFO - DAG(s) 'tutorial_taskflow_templates' retrieved from /home/airflow/.local/lib/python3.12/site-packages/airflow/example_dags/tutorial_taskflow_templates.py
[2024-12-25T13:29:20.359+0000] {logging_mixin.py:190} INFO - [2024-12-25T13:29:20.359+0000] {dag.py:3239} INFO - Sync 1 DAGs
[2024-12-25T13:29:20.380+0000] {logging_mixin.py:190} INFO - [2024-12-25T13:29:20.379+0000] {dag.py:4180} INFO - Setting next_dagrun for tutorial_taskflow_templates to 2024-12-24 00:00:00+00:00, run_after=2024-12-25 00:00:00+00:00
[2024-12-25T13:29:20.396+0000] {processor.py:208} INFO - Processing /home/airflow/.local/lib/python3.12/site-packages/airflow/example_dags/tutorial_taskflow_templates.py took 0.072 seconds
[2024-12-25T13:29:51.019+0000] {processor.py:186} INFO - Started process (PID=216) to work on /home/airflow/.local/lib/python3.12/site-packages/airflow/example_dags/tutorial_taskflow_templates.py
[2024-12-25T13:29:51.021+0000] {processor.py:914} INFO - Processing file /home/airflow/.local/lib/python3.12/site-packages/airflow/example_dags/tutorial_taskflow_templates.py for tasks to queue
[2024-12-25T13:29:51.023+0000] {logging_mixin.py:190} INFO - [2024-12-25T13:29:51.023+0000] {dagbag.py:588} INFO - Filling up the DagBag from /home/airflow/.local/lib/python3.12/site-packages/airflow/example_dags/tutorial_taskflow_templates.py
[2024-12-25T13:29:51.033+0000] {processor.py:925} INFO - DAG(s) 'tutorial_taskflow_templates' retrieved from /home/airflow/.local/lib/python3.12/site-packages/airflow/example_dags/tutorial_taskflow_templates.py
[2024-12-25T13:29:51.051+0000] {logging_mixin.py:190} INFO - [2024-12-25T13:29:51.051+0000] {dag.py:3239} INFO - Sync 1 DAGs
[2024-12-25T13:29:51.072+0000] {logging_mixin.py:190} INFO - [2024-12-25T13:29:51.071+0000] {dag.py:4180} INFO - Setting next_dagrun for tutorial_taskflow_templates to 2024-12-24 00:00:00+00:00, run_after=2024-12-25 00:00:00+00:00
[2024-12-25T13:29:51.090+0000] {processor.py:208} INFO - Processing /home/airflow/.local/lib/python3.12/site-packages/airflow/example_dags/tutorial_taskflow_templates.py took 0.075 seconds
[2024-12-25T13:30:22.330+0000] {processor.py:186} INFO - Started process (PID=280) to work on /home/airflow/.local/lib/python3.12/site-packages/airflow/example_dags/tutorial_taskflow_templates.py
[2024-12-25T13:30:22.331+0000] {processor.py:914} INFO - Processing file /home/airflow/.local/lib/python3.12/site-packages/airflow/example_dags/tutorial_taskflow_templates.py for tasks to queue
[2024-12-25T13:30:22.333+0000] {logging_mixin.py:190} INFO - [2024-12-25T13:30:22.333+0000] {dagbag.py:588} INFO - Filling up the DagBag from /home/airflow/.local/lib/python3.12/site-packages/airflow/example_dags/tutorial_taskflow_templates.py
[2024-12-25T13:30:22.344+0000] {processor.py:925} INFO - DAG(s) 'tutorial_taskflow_templates' retrieved from /home/airflow/.local/lib/python3.12/site-packages/airflow/example_dags/tutorial_taskflow_templates.py
[2024-12-25T13:30:22.361+0000] {logging_mixin.py:190} INFO - [2024-12-25T13:30:22.361+0000] {dag.py:3239} INFO - Sync 1 DAGs
[2024-12-25T13:30:22.380+0000] {logging_mixin.py:190} INFO - [2024-12-25T13:30:22.380+0000] {dag.py:4180} INFO - Setting next_dagrun for tutorial_taskflow_templates to 2024-12-24 00:00:00+00:00, run_after=2024-12-25 00:00:00+00:00
[2024-12-25T13:30:22.395+0000] {processor.py:208} INFO - Processing /home/airflow/.local/lib/python3.12/site-packages/airflow/example_dags/tutorial_taskflow_templates.py took 0.071 seconds
[2024-12-25T13:33:36.189+0000] {processor.py:186} INFO - Started process (PID=82) to work on /home/airflow/.local/lib/python3.12/site-packages/airflow/example_dags/tutorial_taskflow_templates.py
[2024-12-25T13:33:36.191+0000] {processor.py:914} INFO - Processing file /home/airflow/.local/lib/python3.12/site-packages/airflow/example_dags/tutorial_taskflow_templates.py for tasks to queue
[2024-12-25T13:33:36.192+0000] {logging_mixin.py:190} INFO - [2024-12-25T13:33:36.192+0000] {dagbag.py:588} INFO - Filling up the DagBag from /home/airflow/.local/lib/python3.12/site-packages/airflow/example_dags/tutorial_taskflow_templates.py
[2024-12-25T13:33:36.202+0000] {processor.py:925} INFO - DAG(s) 'tutorial_taskflow_templates' retrieved from /home/airflow/.local/lib/python3.12/site-packages/airflow/example_dags/tutorial_taskflow_templates.py
[2024-12-25T13:33:36.220+0000] {logging_mixin.py:190} INFO - [2024-12-25T13:33:36.219+0000] {dag.py:3239} INFO - Sync 1 DAGs
[2024-12-25T13:33:36.238+0000] {logging_mixin.py:190} INFO - [2024-12-25T13:33:36.238+0000] {dag.py:4180} INFO - Setting next_dagrun for tutorial_taskflow_templates to 2024-12-24 00:00:00+00:00, run_after=2024-12-25 00:00:00+00:00
[2024-12-25T13:33:36.254+0000] {processor.py:208} INFO - Processing /home/airflow/.local/lib/python3.12/site-packages/airflow/example_dags/tutorial_taskflow_templates.py took 0.069 seconds
[2024-12-25T13:34:06.862+0000] {processor.py:186} INFO - Started process (PID=146) to work on /home/airflow/.local/lib/python3.12/site-packages/airflow/example_dags/tutorial_taskflow_templates.py
[2024-12-25T13:34:06.863+0000] {processor.py:914} INFO - Processing file /home/airflow/.local/lib/python3.12/site-packages/airflow/example_dags/tutorial_taskflow_templates.py for tasks to queue
[2024-12-25T13:34:06.865+0000] {logging_mixin.py:190} INFO - [2024-12-25T13:34:06.864+0000] {dagbag.py:588} INFO - Filling up the DagBag from /home/airflow/.local/lib/python3.12/site-packages/airflow/example_dags/tutorial_taskflow_templates.py
[2024-12-25T13:34:06.875+0000] {processor.py:925} INFO - DAG(s) 'tutorial_taskflow_templates' retrieved from /home/airflow/.local/lib/python3.12/site-packages/airflow/example_dags/tutorial_taskflow_templates.py
[2024-12-25T13:34:06.892+0000] {logging_mixin.py:190} INFO - [2024-12-25T13:34:06.891+0000] {dag.py:3239} INFO - Sync 1 DAGs
[2024-12-25T13:34:06.911+0000] {logging_mixin.py:190} INFO - [2024-12-25T13:34:06.911+0000] {dag.py:4180} INFO - Setting next_dagrun for tutorial_taskflow_templates to 2024-12-24 00:00:00+00:00, run_after=2024-12-25 00:00:00+00:00
[2024-12-25T13:34:06.928+0000] {processor.py:208} INFO - Processing /home/airflow/.local/lib/python3.12/site-packages/airflow/example_dags/tutorial_taskflow_templates.py took 0.070 seconds
